2025-07-30 17:19:29 - INFO - app - π“† date_range λ¨λ“: μ΄ 56μΌ κ°„ λ°μ΄ν„° μ΅°ν μμ • β†’ [datetime.datetime(2025, 4, 1, 0, 0), datetime.datetime(2025, 4, 2, 0, 0), datetime.datetime(2025, 4, 3, 0, 0), datetime.datetime(2025, 4, 4, 0, 0), datetime.datetime(2025, 4, 5, 0, 0), datetime.datetime(2025, 4, 6, 0, 0), datetime.datetime(2025, 4, 7, 0, 0), datetime.datetime(2025, 4, 8, 0, 0), datetime.datetime(2025, 4, 9, 0, 0), datetime.datetime(2025, 4, 10, 0, 0), datetime.datetime(2025, 4, 11, 0, 0), datetime.datetime(2025, 4, 12, 0, 0), datetime.datetime(2025, 4, 13, 0, 0), datetime.datetime(2025, 4, 14, 0, 0), datetime.datetime(2025, 4, 15, 0, 0), datetime.datetime(2025, 4, 16, 0, 0), datetime.datetime(2025, 4, 17, 0, 0), datetime.datetime(2025, 4, 18, 0, 0), datetime.datetime(2025, 4, 19, 0, 0), datetime.datetime(2025, 4, 20, 0, 0), datetime.datetime(2025, 4, 21, 0, 0), datetime.datetime(2025, 4, 22, 0, 0), datetime.datetime(2025, 4, 23, 0, 0), datetime.datetime(2025, 4, 24, 0, 0), datetime.datetime(2025, 4, 25, 0, 0), datetime.datetime(2025, 4, 26, 0, 0), datetime.datetime(2025, 4, 27, 0, 0), datetime.datetime(2025, 4, 28, 0, 0), datetime.datetime(2025, 4, 29, 0, 0), datetime.datetime(2025, 4, 30, 0, 0), datetime.datetime(2025, 5, 1, 0, 0), datetime.datetime(2025, 5, 2, 0, 0), datetime.datetime(2025, 5, 3, 0, 0), datetime.datetime(2025, 5, 4, 0, 0), datetime.datetime(2025, 5, 5, 0, 0), datetime.datetime(2025, 5, 6, 0, 0), datetime.datetime(2025, 5, 7, 0, 0), datetime.datetime(2025, 5, 8, 0, 0), datetime.datetime(2025, 5, 9, 0, 0), datetime.datetime(2025, 5, 10, 0, 0), datetime.datetime(2025, 5, 11, 0, 0), datetime.datetime(2025, 5, 12, 0, 0), datetime.datetime(2025, 5, 13, 0, 0), datetime.datetime(2025, 5, 14, 0, 0), datetime.datetime(2025, 5, 15, 0, 0), datetime.datetime(2025, 5, 16, 0, 0), datetime.datetime(2025, 5, 17, 0, 0), datetime.datetime(2025, 5, 18, 0, 0), datetime.datetime(2025, 5, 19, 0, 0), datetime.datetime(2025, 5, 20, 0, 0), datetime.datetime(2025, 5, 21, 0, 0), datetime.datetime(2025, 5, 22, 0, 0), datetime.datetime(2025, 5, 23, 0, 0), datetime.datetime(2025, 5, 24, 0, 0), datetime.datetime(2025, 5, 25, 0, 0), datetime.datetime(2025, 5, 26, 0, 0)]
2025-07-30 17:19:29 - INFO - app - π“ ν™•μ¥λ λ²”μ„: 2025-03-24 ~ 2025-05-26 (μ΄ 64κ° νμΌ)
2025-07-30 17:19:29 - INFO - app - π” μµλ€ lookback: 8μΌ (10135λ¶„)
2025-07-30 17:19:29 - INFO - app - β… Data load skip: μ΄ 64κ° νμΌ μ €μ¥λ¨
2025-07-30 17:19:29 - INFO - app - π”Ή H5 λ°©λ²•: Raw λ°μ΄ν„°μ—μ„ λ°”λ΅ ν΄λ¬μ¤ν„° ν…μ„ μƒμ„± (λ©”λ¨λ¦¬ ν¨μ¨μ )
2025-07-30 17:19:29 - INFO - app - π― μ „μ²΄ νƒ€μ„μ¤νƒ¬ν”„: 15840κ°
2025-07-30 17:19:29 - INFO - app - π“ λ°μ΄ν„° λ¶„ν• : train=9504, val=3168, test=3168
2025-07-30 17:19:37 - INFO - app - π”Ή 39κ° ν΄λ¬μ¤ν„° μµκ³ μ„±λ¥ H5 μ²λ¦¬ μ¤‘...
2025-07-30 17:19:37 - INFO - app -   π“‹ ν΄λ¬μ¤ν„° 0: 232κ° λ§ν¬
2025-07-30 17:19:37 - INFO - app -   π“‹ ν΄λ¬μ¤ν„° 1: 242κ° λ§ν¬
2025-07-30 17:19:37 - INFO - app -   π“‹ ν΄λ¬μ¤ν„° 2: 193κ° λ§ν¬
2025-07-30 17:19:37 - INFO - app -   π“‹ ν΄λ¬μ¤ν„° 3: 227κ° λ§ν¬
2025-07-30 17:19:37 - INFO - app -   π“‹ ν΄λ¬μ¤ν„° 4: 225κ° λ§ν¬
2025-07-30 17:19:37 - INFO - app -   π“‹ ν΄λ¬μ¤ν„° 5: 234κ° λ§ν¬
2025-07-30 17:19:37 - INFO - app -   π“‹ ν΄λ¬μ¤ν„° 6: 258κ° λ§ν¬
2025-07-30 17:19:37 - INFO - app -   π“‹ ν΄λ¬μ¤ν„° 7: 255κ° λ§ν¬
2025-07-30 17:19:37 - INFO - app -   π“‹ ν΄λ¬μ¤ν„° 8: 218κ° λ§ν¬
2025-07-30 17:19:37 - INFO - app -   π“‹ ν΄λ¬μ¤ν„° 9: 199κ° λ§ν¬
2025-07-30 17:19:37 - INFO - app -   π“‹ ν΄λ¬μ¤ν„° 10: 200κ° λ§ν¬
2025-07-30 17:19:37 - INFO - app -   π“‹ ν΄λ¬μ¤ν„° 11: 226κ° λ§ν¬
2025-07-30 17:19:37 - INFO - app -   π“‹ ν΄λ¬μ¤ν„° 12: 247κ° λ§ν¬
2025-07-30 17:19:37 - INFO - app -   π“‹ ν΄λ¬μ¤ν„° 13: 238κ° λ§ν¬
2025-07-30 17:19:37 - INFO - app -   π“‹ ν΄λ¬μ¤ν„° 14: 226κ° λ§ν¬
2025-07-30 17:19:37 - INFO - app -   π“‹ ν΄λ¬μ¤ν„° 15: 260κ° λ§ν¬
2025-07-30 17:19:37 - INFO - app -   π“‹ ν΄λ¬μ¤ν„° 16: 263κ° λ§ν¬
2025-07-30 17:19:37 - INFO - app -   π“‹ ν΄λ¬μ¤ν„° 17: 221κ° λ§ν¬
2025-07-30 17:19:37 - INFO - app -   π“‹ ν΄λ¬μ¤ν„° 18: 223κ° λ§ν¬
2025-07-30 17:19:37 - INFO - app -   π“‹ ν΄λ¬μ¤ν„° 19: 221κ° λ§ν¬
2025-07-30 17:19:37 - INFO - app -   π“‹ ν΄λ¬μ¤ν„° 20: 263κ° λ§ν¬
2025-07-30 17:19:37 - INFO - app -   π“‹ ν΄λ¬μ¤ν„° 21: 219κ° λ§ν¬
2025-07-30 17:19:37 - INFO - app -   π“‹ ν΄λ¬μ¤ν„° 22: 246κ° λ§ν¬
2025-07-30 17:19:37 - INFO - app -   π“‹ ν΄λ¬μ¤ν„° 23: 227κ° λ§ν¬
2025-07-30 17:19:37 - INFO - app -   π“‹ ν΄λ¬μ¤ν„° 24: 184κ° λ§ν¬
2025-07-30 17:19:37 - INFO - app -   π“‹ ν΄λ¬μ¤ν„° 25: 249κ° λ§ν¬
2025-07-30 17:19:37 - INFO - app -   π“‹ ν΄λ¬μ¤ν„° 26: 230κ° λ§ν¬
2025-07-30 17:19:37 - INFO - app -   π“‹ ν΄λ¬μ¤ν„° 27: 221κ° λ§ν¬
2025-07-30 17:19:37 - INFO - app -   π“‹ ν΄λ¬μ¤ν„° 28: 236κ° λ§ν¬
2025-07-30 17:19:37 - INFO - app -   π“‹ ν΄λ¬μ¤ν„° 29: 214κ° λ§ν¬
2025-07-30 17:19:37 - INFO - app -   π“‹ ν΄λ¬μ¤ν„° 30: 226κ° λ§ν¬
2025-07-30 17:19:37 - INFO - app -   π“‹ ν΄λ¬μ¤ν„° 31: 255κ° λ§ν¬
2025-07-30 17:19:37 - INFO - app -   π“‹ ν΄λ¬μ¤ν„° 32: 237κ° λ§ν¬
2025-07-30 17:19:37 - INFO - app -   π“‹ ν΄λ¬μ¤ν„° 33: 221κ° λ§ν¬
2025-07-30 17:19:37 - INFO - app -   π“‹ ν΄λ¬μ¤ν„° 34: 222κ° λ§ν¬
2025-07-30 17:19:37 - INFO - app -   π“‹ ν΄λ¬μ¤ν„° 35: 266κ° λ§ν¬
2025-07-30 17:19:37 - INFO - app -   π“‹ ν΄λ¬μ¤ν„° 36: 229κ° λ§ν¬
2025-07-30 17:19:37 - INFO - app -   π“‹ ν΄λ¬μ¤ν„° 37: 218κ° λ§ν¬
2025-07-30 17:19:37 - INFO - app -   π“‹ ν΄λ¬μ¤ν„° 38: 235κ° λ§ν¬
2025-07-30 17:19:37 - INFO - app - π”Ή train μ„ΈνΈ μ²λ¦¬: 9504κ° νƒ€μ„μ¤νƒ¬ν”„
2025-07-30 17:19:37 - INFO - app -     π“ ν΄λ¬μ¤ν„° 0 H5: Model/v0/0/train_data.h5
2025-07-30 17:19:37 - INFO - app -       π“ x: (9504, 1, 232, 36)
2025-07-30 17:19:37 - INFO - app -       π“ y: (9504, 1, 232, 12)
2025-07-30 17:19:37 - INFO - app -     π“ ν΄λ¬μ¤ν„° 1 H5: Model/v0/1/train_data.h5
2025-07-30 17:19:37 - INFO - app -       π“ x: (9504, 1, 242, 36)
2025-07-30 17:19:37 - INFO - app -       π“ y: (9504, 1, 242, 12)
2025-07-30 17:19:37 - INFO - app -     π“ ν΄λ¬μ¤ν„° 2 H5: Model/v0/2/train_data.h5
2025-07-30 17:19:37 - INFO - app -       π“ x: (9504, 1, 193, 36)
2025-07-30 17:19:37 - INFO - app -       π“ y: (9504, 1, 193, 12)
2025-07-30 17:19:37 - INFO - app -     π“ ν΄λ¬μ¤ν„° 3 H5: Model/v0/3/train_data.h5
2025-07-30 17:19:37 - INFO - app -       π“ x: (9504, 1, 227, 36)
2025-07-30 17:19:37 - INFO - app -       π“ y: (9504, 1, 227, 12)
2025-07-30 17:19:37 - INFO - app -     π“ ν΄λ¬μ¤ν„° 4 H5: Model/v0/4/train_data.h5
2025-07-30 17:19:37 - INFO - app -       π“ x: (9504, 1, 225, 36)
2025-07-30 17:19:37 - INFO - app -       π“ y: (9504, 1, 225, 12)
2025-07-30 17:19:37 - INFO - app -     π“ ν΄λ¬μ¤ν„° 5 H5: Model/v0/5/train_data.h5
2025-07-30 17:19:37 - INFO - app -       π“ x: (9504, 1, 234, 36)
2025-07-30 17:19:37 - INFO - app -       π“ y: (9504, 1, 234, 12)
2025-07-30 17:19:37 - INFO - app -     π“ ν΄λ¬μ¤ν„° 6 H5: Model/v0/6/train_data.h5
2025-07-30 17:19:37 - INFO - app -       π“ x: (9504, 1, 258, 36)
2025-07-30 17:19:37 - INFO - app -       π“ y: (9504, 1, 258, 12)
2025-07-30 17:19:37 - INFO - app -     π“ ν΄λ¬μ¤ν„° 7 H5: Model/v0/7/train_data.h5
2025-07-30 17:19:37 - INFO - app -       π“ x: (9504, 1, 255, 36)
2025-07-30 17:19:37 - INFO - app -       π“ y: (9504, 1, 255, 12)
2025-07-30 17:19:37 - INFO - app -     π“ ν΄λ¬μ¤ν„° 8 H5: Model/v0/8/train_data.h5
2025-07-30 17:19:37 - INFO - app -       π“ x: (9504, 1, 218, 36)
2025-07-30 17:19:37 - INFO - app -       π“ y: (9504, 1, 218, 12)
2025-07-30 17:19:37 - INFO - app -     π“ ν΄λ¬μ¤ν„° 9 H5: Model/v0/9/train_data.h5
2025-07-30 17:19:37 - INFO - app -       π“ x: (9504, 1, 199, 36)
2025-07-30 17:19:37 - INFO - app -       π“ y: (9504, 1, 199, 12)
2025-07-30 17:19:37 - INFO - app -     π“ ν΄λ¬μ¤ν„° 10 H5: Model/v0/10/train_data.h5
2025-07-30 17:19:37 - INFO - app -       π“ x: (9504, 1, 200, 36)
2025-07-30 17:19:37 - INFO - app -       π“ y: (9504, 1, 200, 12)
2025-07-30 17:19:37 - INFO - app -     π“ ν΄λ¬μ¤ν„° 11 H5: Model/v0/11/train_data.h5
2025-07-30 17:19:37 - INFO - app -       π“ x: (9504, 1, 226, 36)
2025-07-30 17:19:37 - INFO - app -       π“ y: (9504, 1, 226, 12)
2025-07-30 17:19:37 - INFO - app -     π“ ν΄λ¬μ¤ν„° 12 H5: Model/v0/12/train_data.h5
2025-07-30 17:19:37 - INFO - app -       π“ x: (9504, 1, 247, 36)
2025-07-30 17:19:37 - INFO - app -       π“ y: (9504, 1, 247, 12)
2025-07-30 17:19:37 - INFO - app -     π“ ν΄λ¬μ¤ν„° 13 H5: Model/v0/13/train_data.h5
2025-07-30 17:19:37 - INFO - app -       π“ x: (9504, 1, 238, 36)
2025-07-30 17:19:37 - INFO - app -       π“ y: (9504, 1, 238, 12)
2025-07-30 17:19:37 - INFO - app -     π“ ν΄λ¬μ¤ν„° 14 H5: Model/v0/14/train_data.h5
2025-07-30 17:19:37 - INFO - app -       π“ x: (9504, 1, 226, 36)
2025-07-30 17:19:37 - INFO - app -       π“ y: (9504, 1, 226, 12)
2025-07-30 17:19:37 - INFO - app -     π“ ν΄λ¬μ¤ν„° 15 H5: Model/v0/15/train_data.h5
2025-07-30 17:19:37 - INFO - app -       π“ x: (9504, 1, 260, 36)
2025-07-30 17:19:37 - INFO - app -       π“ y: (9504, 1, 260, 12)
2025-07-30 17:19:37 - INFO - app -     π“ ν΄λ¬μ¤ν„° 16 H5: Model/v0/16/train_data.h5
2025-07-30 17:19:37 - INFO - app -       π“ x: (9504, 1, 263, 36)
2025-07-30 17:19:37 - INFO - app -       π“ y: (9504, 1, 263, 12)
2025-07-30 17:19:37 - INFO - app -     π“ ν΄λ¬μ¤ν„° 17 H5: Model/v0/17/train_data.h5
2025-07-30 17:19:37 - INFO - app -       π“ x: (9504, 1, 221, 36)
2025-07-30 17:19:37 - INFO - app -       π“ y: (9504, 1, 221, 12)
2025-07-30 17:19:37 - INFO - app -     π“ ν΄λ¬μ¤ν„° 18 H5: Model/v0/18/train_data.h5
2025-07-30 17:19:37 - INFO - app -       π“ x: (9504, 1, 223, 36)
2025-07-30 17:19:37 - INFO - app -       π“ y: (9504, 1, 223, 12)
2025-07-30 17:19:37 - INFO - app -     π“ ν΄λ¬μ¤ν„° 19 H5: Model/v0/19/train_data.h5
2025-07-30 17:19:37 - INFO - app -       π“ x: (9504, 1, 221, 36)
2025-07-30 17:19:37 - INFO - app -       π“ y: (9504, 1, 221, 12)
2025-07-30 17:19:37 - INFO - app -     π“ ν΄λ¬μ¤ν„° 20 H5: Model/v0/20/train_data.h5
2025-07-30 17:19:37 - INFO - app -       π“ x: (9504, 1, 263, 36)
2025-07-30 17:19:37 - INFO - app -       π“ y: (9504, 1, 263, 12)
2025-07-30 17:19:37 - INFO - app -     π“ ν΄λ¬μ¤ν„° 21 H5: Model/v0/21/train_data.h5
2025-07-30 17:19:37 - INFO - app -       π“ x: (9504, 1, 219, 36)
2025-07-30 17:19:37 - INFO - app -       π“ y: (9504, 1, 219, 12)
2025-07-30 17:19:37 - INFO - app -     π“ ν΄λ¬μ¤ν„° 22 H5: Model/v0/22/train_data.h5
2025-07-30 17:19:37 - INFO - app -       π“ x: (9504, 1, 246, 36)
2025-07-30 17:19:37 - INFO - app -       π“ y: (9504, 1, 246, 12)
2025-07-30 17:19:37 - INFO - app -     π“ ν΄λ¬μ¤ν„° 23 H5: Model/v0/23/train_data.h5
2025-07-30 17:19:37 - INFO - app -       π“ x: (9504, 1, 227, 36)
2025-07-30 17:19:37 - INFO - app -       π“ y: (9504, 1, 227, 12)
2025-07-30 17:19:37 - INFO - app -     π“ ν΄λ¬μ¤ν„° 24 H5: Model/v0/24/train_data.h5
2025-07-30 17:19:37 - INFO - app -       π“ x: (9504, 1, 184, 36)
2025-07-30 17:19:37 - INFO - app -       π“ y: (9504, 1, 184, 12)
2025-07-30 17:19:37 - INFO - app -     π“ ν΄λ¬μ¤ν„° 25 H5: Model/v0/25/train_data.h5
2025-07-30 17:19:37 - INFO - app -       π“ x: (9504, 1, 249, 36)
2025-07-30 17:19:37 - INFO - app -       π“ y: (9504, 1, 249, 12)
2025-07-30 17:19:37 - INFO - app -     π“ ν΄λ¬μ¤ν„° 26 H5: Model/v0/26/train_data.h5
2025-07-30 17:19:37 - INFO - app -       π“ x: (9504, 1, 230, 36)
2025-07-30 17:19:37 - INFO - app -       π“ y: (9504, 1, 230, 12)
2025-07-30 17:19:37 - INFO - app -     π“ ν΄λ¬μ¤ν„° 27 H5: Model/v0/27/train_data.h5
2025-07-30 17:19:37 - INFO - app -       π“ x: (9504, 1, 221, 36)
2025-07-30 17:19:37 - INFO - app -       π“ y: (9504, 1, 221, 12)
2025-07-30 17:19:37 - INFO - app -     π“ ν΄λ¬μ¤ν„° 28 H5: Model/v0/28/train_data.h5
2025-07-30 17:19:37 - INFO - app -       π“ x: (9504, 1, 236, 36)
2025-07-30 17:19:37 - INFO - app -       π“ y: (9504, 1, 236, 12)
2025-07-30 17:19:37 - INFO - app -     π“ ν΄λ¬μ¤ν„° 29 H5: Model/v0/29/train_data.h5
2025-07-30 17:19:37 - INFO - app -       π“ x: (9504, 1, 214, 36)
2025-07-30 17:19:37 - INFO - app -       π“ y: (9504, 1, 214, 12)
2025-07-30 17:19:37 - INFO - app -     π“ ν΄λ¬μ¤ν„° 30 H5: Model/v0/30/train_data.h5
2025-07-30 17:19:37 - INFO - app -       π“ x: (9504, 1, 226, 36)
2025-07-30 17:19:37 - INFO - app -       π“ y: (9504, 1, 226, 12)
2025-07-30 17:19:37 - INFO - app -     π“ ν΄λ¬μ¤ν„° 31 H5: Model/v0/31/train_data.h5
2025-07-30 17:19:37 - INFO - app -       π“ x: (9504, 1, 255, 36)
2025-07-30 17:19:37 - INFO - app -       π“ y: (9504, 1, 255, 12)
2025-07-30 17:19:37 - INFO - app -     π“ ν΄λ¬μ¤ν„° 32 H5: Model/v0/32/train_data.h5
2025-07-30 17:19:37 - INFO - app -       π“ x: (9504, 1, 237, 36)
2025-07-30 17:19:37 - INFO - app -       π“ y: (9504, 1, 237, 12)
2025-07-30 17:19:37 - INFO - app -     π“ ν΄λ¬μ¤ν„° 33 H5: Model/v0/33/train_data.h5
2025-07-30 17:19:37 - INFO - app -       π“ x: (9504, 1, 221, 36)
2025-07-30 17:19:37 - INFO - app -       π“ y: (9504, 1, 221, 12)
2025-07-30 17:19:37 - INFO - app -     π“ ν΄λ¬μ¤ν„° 34 H5: Model/v0/34/train_data.h5
2025-07-30 17:19:37 - INFO - app -       π“ x: (9504, 1, 222, 36)
2025-07-30 17:19:37 - INFO - app -       π“ y: (9504, 1, 222, 12)
2025-07-30 17:19:37 - INFO - app -     π“ ν΄λ¬μ¤ν„° 35 H5: Model/v0/35/train_data.h5
2025-07-30 17:19:37 - INFO - app -       π“ x: (9504, 1, 266, 36)
2025-07-30 17:19:37 - INFO - app -       π“ y: (9504, 1, 266, 12)
2025-07-30 17:19:37 - INFO - app -     π“ ν΄λ¬μ¤ν„° 36 H5: Model/v0/36/train_data.h5
2025-07-30 17:19:37 - INFO - app -       π“ x: (9504, 1, 229, 36)
2025-07-30 17:19:37 - INFO - app -       π“ y: (9504, 1, 229, 12)
2025-07-30 17:19:37 - INFO - app -     π“ ν΄λ¬μ¤ν„° 37 H5: Model/v0/37/train_data.h5
2025-07-30 17:19:37 - INFO - app -       π“ x: (9504, 1, 218, 36)
2025-07-30 17:19:37 - INFO - app -       π“ y: (9504, 1, 218, 12)
2025-07-30 17:19:37 - INFO - app -     π“ ν΄λ¬μ¤ν„° 38 H5: Model/v0/38/train_data.h5
2025-07-30 17:19:37 - INFO - app -       π“ x: (9504, 1, 235, 36)
2025-07-30 17:19:37 - INFO - app -       π“ y: (9504, 1, 235, 12)
2025-07-30 17:19:37 - INFO - app -   π”„ λ°°μΉ 1/33: 0~287 νƒ€μ„μ¤νƒ¬ν”„
2025-07-30 17:20:07 - INFO - app -     π“… 20250401 λ΅λ“ μ™„λ£
2025-07-30 17:20:07 - INFO - app -     π€ multiprocessing μ²λ¦¬ μ‹μ‘... (1κ° ν”„λ΅μ„Έμ¤)
