2025-07-17 13:17:05 - INFO - app - 📆 date_range 모드: 총 81일 간 데이터 조회 예정 → [datetime.datetime(2025, 3, 11, 0, 0), datetime.datetime(2025, 3, 12, 0, 0), datetime.datetime(2025, 3, 13, 0, 0), datetime.datetime(2025, 3, 14, 0, 0), datetime.datetime(2025, 3, 15, 0, 0), datetime.datetime(2025, 3, 16, 0, 0), datetime.datetime(2025, 3, 17, 0, 0), datetime.datetime(2025, 3, 18, 0, 0), datetime.datetime(2025, 3, 19, 0, 0), datetime.datetime(2025, 3, 20, 0, 0), datetime.datetime(2025, 3, 21, 0, 0), datetime.datetime(2025, 3, 22, 0, 0), datetime.datetime(2025, 3, 23, 0, 0), datetime.datetime(2025, 3, 24, 0, 0), datetime.datetime(2025, 3, 25, 0, 0), datetime.datetime(2025, 3, 26, 0, 0), datetime.datetime(2025, 3, 27, 0, 0), datetime.datetime(2025, 3, 28, 0, 0), datetime.datetime(2025, 3, 29, 0, 0), datetime.datetime(2025, 3, 30, 0, 0), datetime.datetime(2025, 3, 31, 0, 0), datetime.datetime(2025, 4, 1, 0, 0), datetime.datetime(2025, 4, 2, 0, 0), datetime.datetime(2025, 4, 3, 0, 0), datetime.datetime(2025, 4, 4, 0, 0), datetime.datetime(2025, 4, 5, 0, 0), datetime.datetime(2025, 4, 6, 0, 0), datetime.datetime(2025, 4, 7, 0, 0), datetime.datetime(2025, 4, 8, 0, 0), datetime.datetime(2025, 4, 9, 0, 0), datetime.datetime(2025, 4, 10, 0, 0), datetime.datetime(2025, 4, 11, 0, 0), datetime.datetime(2025, 4, 12, 0, 0), datetime.datetime(2025, 4, 13, 0, 0), datetime.datetime(2025, 4, 14, 0, 0), datetime.datetime(2025, 4, 15, 0, 0), datetime.datetime(2025, 4, 16, 0, 0), datetime.datetime(2025, 4, 17, 0, 0), datetime.datetime(2025, 4, 18, 0, 0), datetime.datetime(2025, 4, 19, 0, 0), datetime.datetime(2025, 4, 20, 0, 0), datetime.datetime(2025, 4, 21, 0, 0), datetime.datetime(2025, 4, 22, 0, 0), datetime.datetime(2025, 4, 23, 0, 0), datetime.datetime(2025, 4, 24, 0, 0), datetime.datetime(2025, 4, 25, 0, 0), datetime.datetime(2025, 4, 26, 0, 0), datetime.datetime(2025, 4, 27, 0, 0), datetime.datetime(2025, 4, 28, 0, 0), datetime.datetime(2025, 4, 29, 0, 0), datetime.datetime(2025, 4, 30, 0, 0), datetime.datetime(2025, 5, 1, 0, 0), datetime.datetime(2025, 5, 2, 0, 0), datetime.datetime(2025, 5, 3, 0, 0), datetime.datetime(2025, 5, 4, 0, 0), datetime.datetime(2025, 5, 5, 0, 0), datetime.datetime(2025, 5, 6, 0, 0), datetime.datetime(2025, 5, 7, 0, 0), datetime.datetime(2025, 5, 8, 0, 0), datetime.datetime(2025, 5, 9, 0, 0), datetime.datetime(2025, 5, 10, 0, 0), datetime.datetime(2025, 5, 11, 0, 0), datetime.datetime(2025, 5, 12, 0, 0), datetime.datetime(2025, 5, 13, 0, 0), datetime.datetime(2025, 5, 14, 0, 0), datetime.datetime(2025, 5, 15, 0, 0), datetime.datetime(2025, 5, 16, 0, 0), datetime.datetime(2025, 5, 17, 0, 0), datetime.datetime(2025, 5, 18, 0, 0), datetime.datetime(2025, 5, 19, 0, 0), datetime.datetime(2025, 5, 20, 0, 0), datetime.datetime(2025, 5, 21, 0, 0), datetime.datetime(2025, 5, 22, 0, 0), datetime.datetime(2025, 5, 23, 0, 0), datetime.datetime(2025, 5, 24, 0, 0), datetime.datetime(2025, 5, 25, 0, 0), datetime.datetime(2025, 5, 26, 0, 0), datetime.datetime(2025, 5, 27, 0, 0), datetime.datetime(2025, 5, 28, 0, 0), datetime.datetime(2025, 5, 29, 0, 0), datetime.datetime(2025, 5, 30, 0, 0)]
2025-07-17 13:17:05 - INFO - app - ✅ Data load skip: 총 81개 파일 저장됨
2025-07-17 13:17:05 - INFO - app - ✅ 데이터 전처리(x) skip: Model/v2에 저장됨
2025-07-17 13:17:28 - INFO - app - ✅ test y 데이터셋 저장 완료: Model/v2/test_ydata.npz 
2025-07-17 13:17:28 - INFO - app - ✅ 데이터 전처리(y) 완료: Model/v2에 저장됨
2025-07-17 13:17:33 - INFO - app - Saved model for step 0 → Model/v2/lgbm_step_000.pkl
2025-07-17 13:17:37 - INFO - app - Saved model for step 1 → Model/v2/lgbm_step_001.pkl
2025-07-17 13:17:42 - INFO - app - Saved model for step 2 → Model/v2/lgbm_step_002.pkl
2025-07-17 13:17:46 - INFO - app - Saved model for step 3 → Model/v2/lgbm_step_003.pkl
2025-07-17 13:17:51 - INFO - app - Saved model for step 4 → Model/v2/lgbm_step_004.pkl
2025-07-17 13:17:55 - INFO - app - Saved model for step 5 → Model/v2/lgbm_step_005.pkl
2025-07-17 13:18:02 - INFO - app - Saved model for step 6 → Model/v2/lgbm_step_006.pkl
2025-07-17 13:18:06 - INFO - app - Saved model for step 7 → Model/v2/lgbm_step_007.pkl
2025-07-17 13:18:11 - INFO - app - Saved model for step 8 → Model/v2/lgbm_step_008.pkl
2025-07-17 13:18:15 - INFO - app - Saved model for step 9 → Model/v2/lgbm_step_009.pkl
2025-07-17 13:18:20 - INFO - app - Saved model for step 10 → Model/v2/lgbm_step_010.pkl
2025-07-17 13:18:24 - INFO - app - Saved model for step 11 → Model/v2/lgbm_step_011.pkl
2025-07-17 13:18:29 - INFO - app - Saved model for step 12 → Model/v2/lgbm_step_012.pkl
2025-07-17 13:18:35 - INFO - app - Saved model for step 13 → Model/v2/lgbm_step_013.pkl
2025-07-17 13:18:40 - INFO - app - Saved model for step 14 → Model/v2/lgbm_step_014.pkl
2025-07-17 13:18:44 - INFO - app - Saved model for step 15 → Model/v2/lgbm_step_015.pkl
2025-07-17 13:18:49 - INFO - app - Saved model for step 16 → Model/v2/lgbm_step_016.pkl
2025-07-17 13:18:53 - INFO - app - Saved model for step 17 → Model/v2/lgbm_step_017.pkl
2025-07-17 13:18:58 - INFO - app - Saved model for step 18 → Model/v2/lgbm_step_018.pkl
2025-07-17 13:19:02 - INFO - app - Saved model for step 19 → Model/v2/lgbm_step_019.pkl
2025-07-17 13:19:09 - INFO - app - Saved model for step 20 → Model/v2/lgbm_step_020.pkl
2025-07-17 13:19:13 - INFO - app - Saved model for step 21 → Model/v2/lgbm_step_021.pkl
2025-07-17 13:19:18 - INFO - app - Saved model for step 22 → Model/v2/lgbm_step_022.pkl
2025-07-17 13:19:22 - INFO - app - Saved model for step 23 → Model/v2/lgbm_step_023.pkl
2025-07-17 13:19:27 - INFO - app - Saved model for step 24 → Model/v2/lgbm_step_024.pkl
2025-07-17 13:19:31 - INFO - app - Saved model for step 25 → Model/v2/lgbm_step_025.pkl
2025-07-17 13:19:36 - INFO - app - Saved model for step 26 → Model/v2/lgbm_step_026.pkl
2025-07-17 13:19:42 - INFO - app - Saved model for step 27 → Model/v2/lgbm_step_027.pkl
2025-07-17 13:19:46 - INFO - app - Saved model for step 28 → Model/v2/lgbm_step_028.pkl
2025-07-17 13:19:51 - INFO - app - Saved model for step 29 → Model/v2/lgbm_step_029.pkl
2025-07-17 13:19:56 - INFO - app - Saved model for step 30 → Model/v2/lgbm_step_030.pkl
2025-07-17 13:20:00 - INFO - app - Saved model for step 31 → Model/v2/lgbm_step_031.pkl
2025-07-17 13:20:04 - INFO - app - Saved model for step 32 → Model/v2/lgbm_step_032.pkl
2025-07-17 13:20:09 - INFO - app - Saved model for step 33 → Model/v2/lgbm_step_033.pkl
2025-07-17 13:20:15 - INFO - app - Saved model for step 34 → Model/v2/lgbm_step_034.pkl
2025-07-17 13:20:20 - INFO - app - Saved model for step 35 → Model/v2/lgbm_step_035.pkl
2025-07-17 13:20:24 - INFO - app - Saved model for step 36 → Model/v2/lgbm_step_036.pkl
2025-07-17 13:20:29 - INFO - app - Saved model for step 37 → Model/v2/lgbm_step_037.pkl
2025-07-17 13:20:33 - INFO - app - Saved model for step 38 → Model/v2/lgbm_step_038.pkl
2025-07-17 13:20:38 - INFO - app - Saved model for step 39 → Model/v2/lgbm_step_039.pkl
2025-07-17 13:20:42 - INFO - app - Saved model for step 40 → Model/v2/lgbm_step_040.pkl
2025-07-17 13:20:47 - INFO - app - Saved model for step 41 → Model/v2/lgbm_step_041.pkl
2025-07-17 13:20:53 - INFO - app - Saved model for step 42 → Model/v2/lgbm_step_042.pkl
2025-07-17 13:20:57 - INFO - app - Saved model for step 43 → Model/v2/lgbm_step_043.pkl
2025-07-17 13:21:02 - INFO - app - Saved model for step 44 → Model/v2/lgbm_step_044.pkl
2025-07-17 13:21:07 - INFO - app - Saved model for step 45 → Model/v2/lgbm_step_045.pkl
2025-07-17 13:21:11 - INFO - app - Saved model for step 46 → Model/v2/lgbm_step_046.pkl
2025-07-17 13:21:16 - INFO - app - Saved model for step 47 → Model/v2/lgbm_step_047.pkl
2025-07-17 13:21:20 - INFO - app - Saved model for step 48 → Model/v2/lgbm_step_048.pkl
2025-07-17 13:21:27 - INFO - app - Saved model for step 49 → Model/v2/lgbm_step_049.pkl
2025-07-17 13:21:31 - INFO - app - Saved model for step 50 → Model/v2/lgbm_step_050.pkl
2025-07-17 13:21:35 - INFO - app - Saved model for step 51 → Model/v2/lgbm_step_051.pkl
2025-07-17 13:21:40 - INFO - app - Saved model for step 52 → Model/v2/lgbm_step_052.pkl
2025-07-17 13:21:44 - INFO - app - Saved model for step 53 → Model/v2/lgbm_step_053.pkl
2025-07-17 13:21:49 - INFO - app - Saved model for step 54 → Model/v2/lgbm_step_054.pkl
2025-07-17 13:21:53 - INFO - app - Saved model for step 55 → Model/v2/lgbm_step_055.pkl
2025-07-17 13:22:00 - INFO - app - Saved model for step 56 → Model/v2/lgbm_step_056.pkl
2025-07-17 13:22:04 - INFO - app - Saved model for step 57 → Model/v2/lgbm_step_057.pkl
2025-07-17 13:22:09 - INFO - app - Saved model for step 58 → Model/v2/lgbm_step_058.pkl
2025-07-17 13:22:13 - INFO - app - Saved model for step 59 → Model/v2/lgbm_step_059.pkl
2025-07-17 13:22:18 - INFO - app - Saved model for step 60 → Model/v2/lgbm_step_060.pkl
2025-07-17 13:22:22 - INFO - app - Saved model for step 61 → Model/v2/lgbm_step_061.pkl
2025-07-17 13:22:27 - INFO - app - Saved model for step 62 → Model/v2/lgbm_step_062.pkl
2025-07-17 13:22:33 - INFO - app - Saved model for step 63 → Model/v2/lgbm_step_063.pkl
2025-07-17 13:22:38 - INFO - app - Saved model for step 64 → Model/v2/lgbm_step_064.pkl
2025-07-17 13:22:42 - INFO - app - Saved model for step 65 → Model/v2/lgbm_step_065.pkl
2025-07-17 13:22:47 - INFO - app - Saved model for step 66 → Model/v2/lgbm_step_066.pkl
2025-07-17 13:22:51 - INFO - app - Saved model for step 67 → Model/v2/lgbm_step_067.pkl
2025-07-17 13:22:55 - INFO - app - Saved model for step 68 → Model/v2/lgbm_step_068.pkl
2025-07-17 13:23:00 - INFO - app - Saved model for step 69 → Model/v2/lgbm_step_069.pkl
2025-07-17 13:23:06 - INFO - app - Saved model for step 70 → Model/v2/lgbm_step_070.pkl
2025-07-17 13:23:11 - INFO - app - Saved model for step 71 → Model/v2/lgbm_step_071.pkl
2025-07-17 13:23:15 - INFO - app - Saved model for step 72 → Model/v2/lgbm_step_072.pkl
2025-07-17 13:23:20 - INFO - app - Saved model for step 73 → Model/v2/lgbm_step_073.pkl
2025-07-17 13:23:24 - INFO - app - Saved model for step 74 → Model/v2/lgbm_step_074.pkl
2025-07-17 13:23:29 - INFO - app - Saved model for step 75 → Model/v2/lgbm_step_075.pkl
2025-07-17 13:23:33 - INFO - app - Saved model for step 76 → Model/v2/lgbm_step_076.pkl
2025-07-17 13:23:40 - INFO - app - Saved model for step 77 → Model/v2/lgbm_step_077.pkl
2025-07-17 13:23:44 - INFO - app - Saved model for step 78 → Model/v2/lgbm_step_078.pkl
2025-07-17 13:23:49 - INFO - app - Saved model for step 79 → Model/v2/lgbm_step_079.pkl
2025-07-17 13:23:54 - INFO - app - Saved model for step 80 → Model/v2/lgbm_step_080.pkl
2025-07-17 13:23:58 - INFO - app - Saved model for step 81 → Model/v2/lgbm_step_081.pkl
2025-07-17 13:24:02 - INFO - app - Saved model for step 82 → Model/v2/lgbm_step_082.pkl
2025-07-17 13:24:07 - INFO - app - Saved model for step 83 → Model/v2/lgbm_step_083.pkl
2025-07-17 13:24:11 - INFO - app - Saved model for step 84 → Model/v2/lgbm_step_084.pkl
2025-07-17 13:24:18 - INFO - app - Saved model for step 85 → Model/v2/lgbm_step_085.pkl
2025-07-17 13:24:22 - INFO - app - Saved model for step 86 → Model/v2/lgbm_step_086.pkl
2025-07-17 13:24:27 - INFO - app - Saved model for step 87 → Model/v2/lgbm_step_087.pkl
2025-07-17 13:24:31 - INFO - app - Saved model for step 88 → Model/v2/lgbm_step_088.pkl
2025-07-17 13:24:35 - INFO - app - Saved model for step 89 → Model/v2/lgbm_step_089.pkl
2025-07-17 13:24:40 - INFO - app - Saved model for step 90 → Model/v2/lgbm_step_090.pkl
2025-07-17 13:24:45 - INFO - app - Saved model for step 91 → Model/v2/lgbm_step_091.pkl
2025-07-17 13:24:51 - INFO - app - Saved model for step 92 → Model/v2/lgbm_step_092.pkl
2025-07-17 13:24:56 - INFO - app - Saved model for step 93 → Model/v2/lgbm_step_093.pkl
2025-07-17 13:25:00 - INFO - app - Saved model for step 94 → Model/v2/lgbm_step_094.pkl
2025-07-17 13:25:05 - INFO - app - Saved model for step 95 → Model/v2/lgbm_step_095.pkl
2025-07-17 13:25:09 - INFO - app - Saved model for step 96 → Model/v2/lgbm_step_096.pkl
2025-07-17 13:25:13 - INFO - app - Saved model for step 97 → Model/v2/lgbm_step_097.pkl
2025-07-17 13:25:18 - INFO - app - Saved model for step 98 → Model/v2/lgbm_step_098.pkl
2025-07-17 13:25:25 - INFO - app - Saved model for step 99 → Model/v2/lgbm_step_099.pkl
2025-07-17 13:25:29 - INFO - app - Saved model for step 100 → Model/v2/lgbm_step_100.pkl
2025-07-17 13:25:34 - INFO - app - Saved model for step 101 → Model/v2/lgbm_step_101.pkl
2025-07-17 13:25:38 - INFO - app - Saved model for step 102 → Model/v2/lgbm_step_102.pkl
2025-07-17 13:25:43 - INFO - app - Saved model for step 103 → Model/v2/lgbm_step_103.pkl
2025-07-17 13:25:47 - INFO - app - Saved model for step 104 → Model/v2/lgbm_step_104.pkl
2025-07-17 13:25:51 - INFO - app - Saved model for step 105 → Model/v2/lgbm_step_105.pkl
2025-07-17 13:25:58 - INFO - app - Saved model for step 106 → Model/v2/lgbm_step_106.pkl
2025-07-17 13:26:03 - INFO - app - Saved model for step 107 → Model/v2/lgbm_step_107.pkl
2025-07-17 13:26:07 - INFO - app - Saved model for step 108 → Model/v2/lgbm_step_108.pkl
2025-07-17 13:26:11 - INFO - app - Saved model for step 109 → Model/v2/lgbm_step_109.pkl
2025-07-17 13:26:16 - INFO - app - Saved model for step 110 → Model/v2/lgbm_step_110.pkl
2025-07-17 13:26:20 - INFO - app - Saved model for step 111 → Model/v2/lgbm_step_111.pkl
2025-07-17 13:26:24 - INFO - app - Saved model for step 112 → Model/v2/lgbm_step_112.pkl
2025-07-17 13:26:31 - INFO - app - Saved model for step 113 → Model/v2/lgbm_step_113.pkl
2025-07-17 13:26:36 - INFO - app - Saved model for step 114 → Model/v2/lgbm_step_114.pkl
2025-07-17 13:26:40 - INFO - app - Saved model for step 115 → Model/v2/lgbm_step_115.pkl
2025-07-17 13:26:45 - INFO - app - Saved model for step 116 → Model/v2/lgbm_step_116.pkl
2025-07-17 13:26:49 - INFO - app - Saved model for step 117 → Model/v2/lgbm_step_117.pkl
2025-07-17 13:26:53 - INFO - app - Saved model for step 118 → Model/v2/lgbm_step_118.pkl
2025-07-17 13:26:58 - INFO - app - Saved model for step 119 → Model/v2/lgbm_step_119.pkl
2025-07-17 13:27:03 - INFO - app - Saved model for step 120 → Model/v2/lgbm_step_120.pkl
2025-07-17 13:27:09 - INFO - app - Saved model for step 121 → Model/v2/lgbm_step_121.pkl
2025-07-17 13:27:14 - INFO - app - Saved model for step 122 → Model/v2/lgbm_step_122.pkl
2025-07-17 13:27:18 - INFO - app - Saved model for step 123 → Model/v2/lgbm_step_123.pkl
2025-07-17 13:27:22 - INFO - app - Saved model for step 124 → Model/v2/lgbm_step_124.pkl
2025-07-17 13:27:27 - INFO - app - Saved model for step 125 → Model/v2/lgbm_step_125.pkl
2025-07-17 13:27:31 - INFO - app - Saved model for step 126 → Model/v2/lgbm_step_126.pkl
2025-07-17 13:27:36 - INFO - app - Saved model for step 127 → Model/v2/lgbm_step_127.pkl
2025-07-17 13:27:42 - INFO - app - Saved model for step 128 → Model/v2/lgbm_step_128.pkl
2025-07-17 13:27:47 - INFO - app - Saved model for step 129 → Model/v2/lgbm_step_129.pkl
2025-07-17 13:27:51 - INFO - app - Saved model for step 130 → Model/v2/lgbm_step_130.pkl
2025-07-17 13:27:55 - INFO - app - Saved model for step 131 → Model/v2/lgbm_step_131.pkl
2025-07-17 13:28:00 - INFO - app - Saved model for step 132 → Model/v2/lgbm_step_132.pkl
2025-07-17 13:28:04 - INFO - app - Saved model for step 133 → Model/v2/lgbm_step_133.pkl
2025-07-17 13:28:09 - INFO - app - Saved model for step 134 → Model/v2/lgbm_step_134.pkl
2025-07-17 13:28:16 - INFO - app - Saved model for step 135 → Model/v2/lgbm_step_135.pkl
2025-07-17 13:28:20 - INFO - app - Saved model for step 136 → Model/v2/lgbm_step_136.pkl
2025-07-17 13:28:25 - INFO - app - Saved model for step 137 → Model/v2/lgbm_step_137.pkl
2025-07-17 13:28:29 - INFO - app - Saved model for step 138 → Model/v2/lgbm_step_138.pkl
2025-07-17 13:28:34 - INFO - app - Saved model for step 139 → Model/v2/lgbm_step_139.pkl
2025-07-17 13:28:38 - INFO - app - Saved model for step 140 → Model/v2/lgbm_step_140.pkl
2025-07-17 13:28:43 - INFO - app - Saved model for step 141 → Model/v2/lgbm_step_141.pkl
2025-07-17 13:28:49 - INFO - app - Saved model for step 142 → Model/v2/lgbm_step_142.pkl
2025-07-17 13:28:54 - INFO - app - Saved model for step 143 → Model/v2/lgbm_step_143.pkl
2025-07-17 13:28:58 - INFO - app - Saved model for step 144 → Model/v2/lgbm_step_144.pkl
2025-07-17 13:29:02 - INFO - app - Saved model for step 145 → Model/v2/lgbm_step_145.pkl
2025-07-17 13:29:07 - INFO - app - Saved model for step 146 → Model/v2/lgbm_step_146.pkl
2025-07-17 13:29:11 - INFO - app - Saved model for step 147 → Model/v2/lgbm_step_147.pkl
2025-07-17 13:29:16 - INFO - app - Saved model for step 148 → Model/v2/lgbm_step_148.pkl
2025-07-17 13:29:23 - INFO - app - Saved model for step 149 → Model/v2/lgbm_step_149.pkl
2025-07-17 13:29:27 - INFO - app - Saved model for step 150 → Model/v2/lgbm_step_150.pkl
2025-07-17 13:29:32 - INFO - app - Saved model for step 151 → Model/v2/lgbm_step_151.pkl
2025-07-17 13:29:36 - INFO - app - Saved model for step 152 → Model/v2/lgbm_step_152.pkl
2025-07-17 13:29:41 - INFO - app - Saved model for step 153 → Model/v2/lgbm_step_153.pkl
2025-07-17 13:29:45 - INFO - app - Saved model for step 154 → Model/v2/lgbm_step_154.pkl
2025-07-17 13:29:50 - INFO - app - Saved model for step 155 → Model/v2/lgbm_step_155.pkl
2025-07-17 13:29:54 - INFO - app - Saved model for step 156 → Model/v2/lgbm_step_156.pkl
2025-07-17 13:30:00 - INFO - app - Saved model for step 157 → Model/v2/lgbm_step_157.pkl
2025-07-17 13:30:05 - INFO - app - Saved model for step 158 → Model/v2/lgbm_step_158.pkl
2025-07-17 13:30:09 - INFO - app - Saved model for step 159 → Model/v2/lgbm_step_159.pkl
2025-07-17 13:30:14 - INFO - app - Saved model for step 160 → Model/v2/lgbm_step_160.pkl
2025-07-17 13:30:18 - INFO - app - Saved model for step 161 → Model/v2/lgbm_step_161.pkl
2025-07-17 13:30:23 - INFO - app - Saved model for step 162 → Model/v2/lgbm_step_162.pkl
2025-07-17 13:30:27 - INFO - app - Saved model for step 163 → Model/v2/lgbm_step_163.pkl
2025-07-17 13:30:34 - INFO - app - Saved model for step 164 → Model/v2/lgbm_step_164.pkl
2025-07-17 13:30:38 - INFO - app - Saved model for step 165 → Model/v2/lgbm_step_165.pkl
2025-07-17 13:30:43 - INFO - app - Saved model for step 166 → Model/v2/lgbm_step_166.pkl
2025-07-17 13:30:47 - INFO - app - Saved model for step 167 → Model/v2/lgbm_step_167.pkl
2025-07-17 13:30:52 - INFO - app - Saved model for step 168 → Model/v2/lgbm_step_168.pkl
2025-07-17 13:30:56 - INFO - app - Saved model for step 169 → Model/v2/lgbm_step_169.pkl
2025-07-17 13:31:01 - INFO - app - Saved model for step 170 → Model/v2/lgbm_step_170.pkl
2025-07-17 13:31:07 - INFO - app - Saved model for step 171 → Model/v2/lgbm_step_171.pkl
2025-07-17 13:31:12 - INFO - app - Saved model for step 172 → Model/v2/lgbm_step_172.pkl
2025-07-17 13:31:16 - INFO - app - Saved model for step 173 → Model/v2/lgbm_step_173.pkl
2025-07-17 13:31:21 - INFO - app - Saved model for step 174 → Model/v2/lgbm_step_174.pkl
2025-07-17 13:31:25 - INFO - app - Saved model for step 175 → Model/v2/lgbm_step_175.pkl
2025-07-17 13:31:30 - INFO - app - Saved model for step 176 → Model/v2/lgbm_step_176.pkl
2025-07-17 13:31:34 - INFO - app - Saved model for step 177 → Model/v2/lgbm_step_177.pkl
2025-07-17 13:31:40 - INFO - app - Saved model for step 178 → Model/v2/lgbm_step_178.pkl
2025-07-17 13:31:45 - INFO - app - Saved model for step 179 → Model/v2/lgbm_step_179.pkl
2025-07-17 13:31:49 - INFO - app - Saved model for step 180 → Model/v2/lgbm_step_180.pkl
2025-07-17 13:31:54 - INFO - app - Saved model for step 181 → Model/v2/lgbm_step_181.pkl
2025-07-17 13:31:58 - INFO - app - Saved model for step 182 → Model/v2/lgbm_step_182.pkl
2025-07-17 13:32:02 - INFO - app - Saved model for step 183 → Model/v2/lgbm_step_183.pkl
2025-07-17 13:32:07 - INFO - app - Saved model for step 184 → Model/v2/lgbm_step_184.pkl
2025-07-17 13:32:13 - INFO - app - Saved model for step 185 → Model/v2/lgbm_step_185.pkl
2025-07-17 13:32:17 - INFO - app - Saved model for step 186 → Model/v2/lgbm_step_186.pkl
2025-07-17 13:32:22 - INFO - app - Saved model for step 187 → Model/v2/lgbm_step_187.pkl
2025-07-17 13:32:26 - INFO - app - Saved model for step 188 → Model/v2/lgbm_step_188.pkl
2025-07-17 13:32:30 - INFO - app - Saved model for step 189 → Model/v2/lgbm_step_189.pkl
2025-07-17 13:32:35 - INFO - app - Saved model for step 190 → Model/v2/lgbm_step_190.pkl
2025-07-17 13:32:39 - INFO - app - Saved model for step 191 → Model/v2/lgbm_step_191.pkl
2025-07-17 13:32:43 - INFO - app - Saved model for step 192 → Model/v2/lgbm_step_192.pkl
2025-07-17 13:32:50 - INFO - app - Saved model for step 193 → Model/v2/lgbm_step_193.pkl
2025-07-17 13:32:54 - INFO - app - Saved model for step 194 → Model/v2/lgbm_step_194.pkl
2025-07-17 13:32:58 - INFO - app - Saved model for step 195 → Model/v2/lgbm_step_195.pkl
2025-07-17 13:33:03 - INFO - app - Saved model for step 196 → Model/v2/lgbm_step_196.pkl
2025-07-17 13:33:07 - INFO - app - Saved model for step 197 → Model/v2/lgbm_step_197.pkl
2025-07-17 13:33:12 - INFO - app - Saved model for step 198 → Model/v2/lgbm_step_198.pkl
2025-07-17 13:33:16 - INFO - app - Saved model for step 199 → Model/v2/lgbm_step_199.pkl
2025-07-17 13:33:22 - INFO - app - Saved model for step 200 → Model/v2/lgbm_step_200.pkl
2025-07-17 13:33:26 - INFO - app - Saved model for step 201 → Model/v2/lgbm_step_201.pkl
2025-07-17 13:33:31 - INFO - app - Saved model for step 202 → Model/v2/lgbm_step_202.pkl
2025-07-17 13:33:35 - INFO - app - Saved model for step 203 → Model/v2/lgbm_step_203.pkl
2025-07-17 13:33:40 - INFO - app - Saved model for step 204 → Model/v2/lgbm_step_204.pkl
2025-07-17 13:33:44 - INFO - app - Saved model for step 205 → Model/v2/lgbm_step_205.pkl
2025-07-17 13:33:49 - INFO - app - Saved model for step 206 → Model/v2/lgbm_step_206.pkl
2025-07-17 13:33:53 - INFO - app - Saved model for step 207 → Model/v2/lgbm_step_207.pkl
2025-07-17 13:33:59 - INFO - app - Saved model for step 208 → Model/v2/lgbm_step_208.pkl
2025-07-17 13:34:04 - INFO - app - Saved model for step 209 → Model/v2/lgbm_step_209.pkl
2025-07-17 13:34:08 - INFO - app - Saved model for step 210 → Model/v2/lgbm_step_210.pkl
2025-07-17 13:34:12 - INFO - app - Saved model for step 211 → Model/v2/lgbm_step_211.pkl
2025-07-17 13:34:16 - INFO - app - Saved model for step 212 → Model/v2/lgbm_step_212.pkl
2025-07-17 13:34:21 - INFO - app - Saved model for step 213 → Model/v2/lgbm_step_213.pkl
2025-07-17 13:34:25 - INFO - app - Saved model for step 214 → Model/v2/lgbm_step_214.pkl
2025-07-17 13:34:31 - INFO - app - Saved model for step 215 → Model/v2/lgbm_step_215.pkl
2025-07-17 13:34:35 - INFO - app - Saved model for step 216 → Model/v2/lgbm_step_216.pkl
2025-07-17 13:34:40 - INFO - app - Saved model for step 217 → Model/v2/lgbm_step_217.pkl
2025-07-17 13:34:44 - INFO - app - Saved model for step 218 → Model/v2/lgbm_step_218.pkl
2025-07-17 13:34:48 - INFO - app - Saved model for step 219 → Model/v2/lgbm_step_219.pkl
2025-07-17 13:34:53 - INFO - app - Saved model for step 220 → Model/v2/lgbm_step_220.pkl
2025-07-17 13:34:57 - INFO - app - Saved model for step 221 → Model/v2/lgbm_step_221.pkl
2025-07-17 13:35:01 - INFO - app - Saved model for step 222 → Model/v2/lgbm_step_222.pkl
2025-07-17 13:35:08 - INFO - app - Saved model for step 223 → Model/v2/lgbm_step_223.pkl
2025-07-17 13:35:12 - INFO - app - Saved model for step 224 → Model/v2/lgbm_step_224.pkl
2025-07-17 13:35:16 - INFO - app - Saved model for step 225 → Model/v2/lgbm_step_225.pkl
2025-07-17 13:35:20 - INFO - app - Saved model for step 226 → Model/v2/lgbm_step_226.pkl
2025-07-17 13:35:24 - INFO - app - Saved model for step 227 → Model/v2/lgbm_step_227.pkl
2025-07-17 13:35:29 - INFO - app - Saved model for step 228 → Model/v2/lgbm_step_228.pkl
2025-07-17 13:35:33 - INFO - app - Saved model for step 229 → Model/v2/lgbm_step_229.pkl
2025-07-17 13:35:40 - INFO - app - Saved model for step 230 → Model/v2/lgbm_step_230.pkl
2025-07-17 13:35:44 - INFO - app - Saved model for step 231 → Model/v2/lgbm_step_231.pkl
2025-07-17 13:35:48 - INFO - app - Saved model for step 232 → Model/v2/lgbm_step_232.pkl
2025-07-17 13:35:53 - INFO - app - Saved model for step 233 → Model/v2/lgbm_step_233.pkl
2025-07-17 13:35:57 - INFO - app - Saved model for step 234 → Model/v2/lgbm_step_234.pkl
2025-07-17 13:36:01 - INFO - app - Saved model for step 235 → Model/v2/lgbm_step_235.pkl
2025-07-17 13:36:06 - INFO - app - Saved model for step 236 → Model/v2/lgbm_step_236.pkl
2025-07-17 13:36:12 - INFO - app - Saved model for step 237 → Model/v2/lgbm_step_237.pkl
2025-07-17 13:36:16 - INFO - app - Saved model for step 238 → Model/v2/lgbm_step_238.pkl
2025-07-17 13:36:21 - INFO - app - Saved model for step 239 → Model/v2/lgbm_step_239.pkl
2025-07-17 13:36:25 - INFO - app - Saved model for step 240 → Model/v2/lgbm_step_240.pkl
2025-07-17 13:36:29 - INFO - app - Saved model for step 241 → Model/v2/lgbm_step_241.pkl
2025-07-17 13:36:33 - INFO - app - Saved model for step 242 → Model/v2/lgbm_step_242.pkl
2025-07-17 13:36:38 - INFO - app - Saved model for step 243 → Model/v2/lgbm_step_243.pkl
2025-07-17 13:36:42 - INFO - app - Saved model for step 244 → Model/v2/lgbm_step_244.pkl
2025-07-17 13:36:49 - INFO - app - Saved model for step 245 → Model/v2/lgbm_step_245.pkl
2025-07-17 13:36:53 - INFO - app - Saved model for step 246 → Model/v2/lgbm_step_246.pkl
2025-07-17 13:36:57 - INFO - app - Saved model for step 247 → Model/v2/lgbm_step_247.pkl
2025-07-17 13:37:02 - INFO - app - Saved model for step 248 → Model/v2/lgbm_step_248.pkl
2025-07-17 13:37:06 - INFO - app - Saved model for step 249 → Model/v2/lgbm_step_249.pkl
2025-07-17 13:37:11 - INFO - app - Saved model for step 250 → Model/v2/lgbm_step_250.pkl
2025-07-17 13:37:15 - INFO - app - Saved model for step 251 → Model/v2/lgbm_step_251.pkl
2025-07-17 13:37:21 - INFO - app - Saved model for step 252 → Model/v2/lgbm_step_252.pkl
2025-07-17 13:37:26 - INFO - app - Saved model for step 253 → Model/v2/lgbm_step_253.pkl
2025-07-17 13:37:30 - INFO - app - Saved model for step 254 → Model/v2/lgbm_step_254.pkl
2025-07-17 13:37:35 - INFO - app - Saved model for step 255 → Model/v2/lgbm_step_255.pkl
2025-07-17 13:37:39 - INFO - app - Saved model for step 256 → Model/v2/lgbm_step_256.pkl
2025-07-17 13:37:43 - INFO - app - Saved model for step 257 → Model/v2/lgbm_step_257.pkl
2025-07-17 13:37:48 - INFO - app - Saved model for step 258 → Model/v2/lgbm_step_258.pkl
2025-07-17 13:37:52 - INFO - app - Saved model for step 259 → Model/v2/lgbm_step_259.pkl
2025-07-17 13:37:58 - INFO - app - Saved model for step 260 → Model/v2/lgbm_step_260.pkl
2025-07-17 13:38:03 - INFO - app - Saved model for step 261 → Model/v2/lgbm_step_261.pkl
2025-07-17 13:38:07 - INFO - app - Saved model for step 262 → Model/v2/lgbm_step_262.pkl
2025-07-17 13:38:12 - INFO - app - Saved model for step 263 → Model/v2/lgbm_step_263.pkl
2025-07-17 13:38:16 - INFO - app - Saved model for step 264 → Model/v2/lgbm_step_264.pkl
2025-07-17 13:38:20 - INFO - app - Saved model for step 265 → Model/v2/lgbm_step_265.pkl
2025-07-17 13:38:25 - INFO - app - Saved model for step 266 → Model/v2/lgbm_step_266.pkl
2025-07-17 13:38:31 - INFO - app - Saved model for step 267 → Model/v2/lgbm_step_267.pkl
2025-07-17 13:38:35 - INFO - app - Saved model for step 268 → Model/v2/lgbm_step_268.pkl
2025-07-17 13:38:40 - INFO - app - Saved model for step 269 → Model/v2/lgbm_step_269.pkl
2025-07-17 13:38:44 - INFO - app - Saved model for step 270 → Model/v2/lgbm_step_270.pkl
2025-07-17 13:38:48 - INFO - app - Saved model for step 271 → Model/v2/lgbm_step_271.pkl
2025-07-17 13:38:53 - INFO - app - Saved model for step 272 → Model/v2/lgbm_step_272.pkl
2025-07-17 13:38:57 - INFO - app - Saved model for step 273 → Model/v2/lgbm_step_273.pkl
2025-07-17 13:39:03 - INFO - app - Saved model for step 274 → Model/v2/lgbm_step_274.pkl
2025-07-17 13:39:08 - INFO - app - Saved model for step 275 → Model/v2/lgbm_step_275.pkl
2025-07-17 13:39:12 - INFO - app - Saved model for step 276 → Model/v2/lgbm_step_276.pkl
2025-07-17 13:39:16 - INFO - app - Saved model for step 277 → Model/v2/lgbm_step_277.pkl
2025-07-17 13:39:21 - INFO - app - Saved model for step 278 → Model/v2/lgbm_step_278.pkl
2025-07-17 13:39:25 - INFO - app - Saved model for step 279 → Model/v2/lgbm_step_279.pkl
2025-07-17 13:39:29 - INFO - app - Saved model for step 280 → Model/v2/lgbm_step_280.pkl
2025-07-17 13:39:34 - INFO - app - Saved model for step 281 → Model/v2/lgbm_step_281.pkl
2025-07-17 13:39:40 - INFO - app - Saved model for step 282 → Model/v2/lgbm_step_282.pkl
2025-07-17 13:39:45 - INFO - app - Saved model for step 283 → Model/v2/lgbm_step_283.pkl
2025-07-17 13:39:49 - INFO - app - Saved model for step 284 → Model/v2/lgbm_step_284.pkl
2025-07-17 13:39:54 - INFO - app - Saved model for step 285 → Model/v2/lgbm_step_285.pkl
2025-07-17 13:39:58 - INFO - app - Saved model for step 286 → Model/v2/lgbm_step_286.pkl
2025-07-17 13:40:02 - INFO - app - Saved model for step 287 → Model/v2/lgbm_step_287.pkl
2025-07-17 13:40:02 - INFO - app - ✅ LGBM 모델 학습 완료: 288개 모델 저장됨
2025-07-17 13:40:03 - INFO - app - Step 000 → RMSE=3.576, MAE=2.107, MAPE=0.0658, R2=0.970
2025-07-17 13:40:04 - INFO - app - Step 001 → RMSE=3.515, MAE=2.024, MAPE=0.0634, R2=0.970
2025-07-17 13:40:05 - INFO - app - Step 002 → RMSE=3.558, MAE=2.039, MAPE=0.0640, R2=0.969
2025-07-17 13:40:06 - INFO - app - Step 003 → RMSE=3.558, MAE=2.040, MAPE=0.0644, R2=0.969
2025-07-17 13:40:07 - INFO - app - Step 004 → RMSE=3.580, MAE=2.047, MAPE=0.0639, R2=0.969
2025-07-17 13:40:08 - INFO - app - Step 005 → RMSE=3.549, MAE=2.023, MAPE=0.0633, R2=0.969
2025-07-17 13:40:11 - INFO - app - Step 006 → RMSE=3.583, MAE=2.063, MAPE=0.0649, R2=0.969
2025-07-17 13:40:12 - INFO - app - Step 007 → RMSE=3.569, MAE=2.057, MAPE=0.0642, R2=0.969
2025-07-17 13:40:13 - INFO - app - Step 008 → RMSE=3.561, MAE=2.041, MAPE=0.0637, R2=0.969
2025-07-17 13:40:14 - INFO - app - Step 009 → RMSE=3.557, MAE=2.045, MAPE=0.0638, R2=0.969
2025-07-17 13:40:16 - INFO - app - Step 010 → RMSE=3.543, MAE=2.052, MAPE=0.0641, R2=0.969
2025-07-17 13:40:17 - INFO - app - Step 011 → RMSE=3.522, MAE=2.029, MAPE=0.0633, R2=0.970
2025-07-17 13:40:18 - INFO - app - Step 012 → RMSE=3.578, MAE=2.053, MAPE=0.0639, R2=0.969
2025-07-17 13:40:19 - INFO - app - Step 013 → RMSE=3.556, MAE=2.045, MAPE=0.0635, R2=0.969
2025-07-17 13:40:20 - INFO - app - Step 014 → RMSE=3.607, MAE=2.075, MAPE=0.0642, R2=0.968
2025-07-17 13:40:21 - INFO - app - Step 015 → RMSE=3.557, MAE=2.034, MAPE=0.0629, R2=0.969
2025-07-17 13:40:22 - INFO - app - Step 016 → RMSE=3.592, MAE=2.049, MAPE=0.0631, R2=0.968
2025-07-17 13:40:23 - INFO - app - Step 017 → RMSE=3.545, MAE=2.049, MAPE=0.0635, R2=0.969
2025-07-17 13:40:24 - INFO - app - Step 018 → RMSE=3.567, MAE=2.038, MAPE=0.0627, R2=0.968
2025-07-17 13:40:25 - INFO - app - Step 019 → RMSE=3.632, MAE=2.082, MAPE=0.0647, R2=0.967
2025-07-17 13:40:26 - INFO - app - Step 020 → RMSE=3.599, MAE=2.060, MAPE=0.0642, R2=0.968
2025-07-17 13:40:27 - INFO - app - Step 021 → RMSE=3.645, MAE=2.072, MAPE=0.0646, R2=0.967
2025-07-17 13:40:28 - INFO - app - Step 022 → RMSE=3.648, MAE=2.080, MAPE=0.0640, R2=0.967
2025-07-17 13:40:29 - INFO - app - Step 023 → RMSE=3.596, MAE=2.065, MAPE=0.0637, R2=0.968
2025-07-17 13:40:30 - INFO - app - Step 024 → RMSE=3.582, MAE=2.051, MAPE=0.0634, R2=0.968
2025-07-17 13:40:31 - INFO - app - Step 025 → RMSE=3.565, MAE=2.045, MAPE=0.0635, R2=0.968
2025-07-17 13:40:32 - INFO - app - Step 026 → RMSE=3.604, MAE=2.070, MAPE=0.0640, R2=0.967
2025-07-17 13:40:33 - INFO - app - Step 027 → RMSE=3.642, MAE=2.078, MAPE=0.0640, R2=0.967
2025-07-17 13:40:34 - INFO - app - Step 028 → RMSE=3.573, MAE=2.050, MAPE=0.0630, R2=0.968
2025-07-17 13:40:35 - INFO - app - Step 029 → RMSE=3.589, MAE=2.056, MAPE=0.0633, R2=0.968
2025-07-17 13:40:36 - INFO - app - Step 030 → RMSE=3.661, MAE=2.104, MAPE=0.0643, R2=0.966
2025-07-17 13:40:37 - INFO - app - Step 031 → RMSE=3.624, MAE=2.068, MAPE=0.0633, R2=0.967
2025-07-17 13:40:38 - INFO - app - Step 032 → RMSE=3.598, MAE=2.066, MAPE=0.0635, R2=0.967
2025-07-17 13:40:39 - INFO - app - Step 033 → RMSE=3.648, MAE=2.077, MAPE=0.0640, R2=0.967
2025-07-17 13:40:40 - INFO - app - Step 034 → RMSE=3.651, MAE=2.075, MAPE=0.0636, R2=0.966
2025-07-17 13:40:41 - INFO - app - Step 035 → RMSE=3.615, MAE=2.080, MAPE=0.0642, R2=0.967
2025-07-17 13:40:42 - INFO - app - Step 036 → RMSE=3.637, MAE=2.063, MAPE=0.0629, R2=0.967
2025-07-17 13:40:43 - INFO - app - Step 037 → RMSE=3.769, MAE=2.239, MAPE=0.0709, R2=0.964
2025-07-17 13:40:46 - INFO - app - Step 038 → RMSE=3.650, MAE=2.081, MAPE=0.0632, R2=0.966
2025-07-17 13:40:47 - INFO - app - Step 039 → RMSE=3.609, MAE=2.061, MAPE=0.0628, R2=0.967
2025-07-17 13:40:48 - INFO - app - Step 040 → RMSE=3.613, MAE=2.090, MAPE=0.0640, R2=0.967
2025-07-17 13:40:49 - INFO - app - Step 041 → RMSE=3.589, MAE=2.062, MAPE=0.0629, R2=0.967
2025-07-17 13:40:50 - INFO - app - Step 042 → RMSE=3.598, MAE=2.070, MAPE=0.0637, R2=0.967
2025-07-17 13:40:51 - INFO - app - Step 043 → RMSE=3.642, MAE=2.081, MAPE=0.0645, R2=0.966
2025-07-17 13:40:52 - INFO - app - Step 044 → RMSE=3.625, MAE=2.077, MAPE=0.0638, R2=0.967
2025-07-17 13:40:53 - INFO - app - Step 045 → RMSE=3.942, MAE=2.325, MAPE=0.0753, R2=0.961
2025-07-17 13:40:54 - INFO - app - Step 046 → RMSE=3.713, MAE=2.097, MAPE=0.0646, R2=0.965
2025-07-17 13:40:55 - INFO - app - Step 047 → RMSE=3.639, MAE=2.072, MAPE=0.0640, R2=0.967
2025-07-17 13:40:56 - INFO - app - Step 048 → RMSE=3.605, MAE=2.054, MAPE=0.0626, R2=0.967
2025-07-17 13:40:57 - INFO - app - Step 049 → RMSE=3.579, MAE=2.048, MAPE=0.0630, R2=0.968
2025-07-17 13:40:58 - INFO - app - Step 050 → RMSE=3.531, MAE=2.031, MAPE=0.0622, R2=0.968
2025-07-17 13:40:59 - INFO - app - Step 051 → RMSE=3.553, MAE=2.030, MAPE=0.0622, R2=0.968
2025-07-17 13:41:00 - INFO - app - Step 052 → RMSE=3.529, MAE=2.036, MAPE=0.0628, R2=0.968
2025-07-17 13:41:01 - INFO - app - Step 053 → RMSE=3.511, MAE=2.028, MAPE=0.0626, R2=0.969
2025-07-17 13:41:02 - INFO - app - Step 054 → RMSE=3.481, MAE=2.009, MAPE=0.0620, R2=0.969
2025-07-17 13:41:03 - INFO - app - Step 055 → RMSE=3.571, MAE=2.039, MAPE=0.0632, R2=0.968
2025-07-17 13:41:04 - INFO - app - Step 056 → RMSE=3.603, MAE=2.038, MAPE=0.0628, R2=0.967
2025-07-17 13:41:06 - INFO - app - Step 057 → RMSE=3.503, MAE=2.024, MAPE=0.0626, R2=0.969
2025-07-17 13:41:06 - INFO - app - Step 058 → RMSE=3.461, MAE=2.003, MAPE=0.0621, R2=0.970
2025-07-17 13:41:08 - INFO - app - Step 059 → RMSE=3.461, MAE=2.000, MAPE=0.0624, R2=0.970
2025-07-17 13:41:09 - INFO - app - Step 060 → RMSE=3.443, MAE=1.980, MAPE=0.0619, R2=0.970
2025-07-17 13:41:10 - INFO - app - Step 061 → RMSE=3.452, MAE=2.000, MAPE=0.0627, R2=0.970
2025-07-17 13:41:11 - INFO - app - Step 062 → RMSE=3.487, MAE=2.016, MAPE=0.0632, R2=0.969
2025-07-17 13:41:12 - INFO - app - Step 063 → RMSE=3.499, MAE=2.013, MAPE=0.0630, R2=0.969
2025-07-17 13:41:13 - INFO - app - Step 064 → RMSE=3.493, MAE=2.011, MAPE=0.0633, R2=0.969
2025-07-17 13:41:14 - INFO - app - Step 065 → RMSE=3.496, MAE=2.008, MAPE=0.0632, R2=0.969
2025-07-17 13:41:15 - INFO - app - Step 066 → RMSE=3.545, MAE=2.065, MAPE=0.0662, R2=0.968
2025-07-17 13:41:16 - INFO - app - Step 067 → RMSE=3.570, MAE=2.099, MAPE=0.0681, R2=0.967
2025-07-17 13:41:17 - INFO - app - Step 068 → RMSE=3.561, MAE=2.079, MAPE=0.0671, R2=0.968
2025-07-17 13:41:20 - INFO - app - Step 069 → RMSE=3.514, MAE=1.988, MAPE=0.0631, R2=0.968
2025-07-17 13:41:21 - INFO - app - Step 070 → RMSE=3.589, MAE=2.086, MAPE=0.0673, R2=0.967
2025-07-17 13:41:22 - INFO - app - Step 071 → RMSE=3.517, MAE=2.007, MAPE=0.0640, R2=0.968
2025-07-17 13:41:23 - INFO - app - Step 072 → RMSE=3.612, MAE=2.060, MAPE=0.0669, R2=0.966
2025-07-17 13:41:24 - INFO - app - Step 073 → RMSE=3.544, MAE=2.009, MAPE=0.0647, R2=0.967
2025-07-17 13:41:25 - INFO - app - Step 074 → RMSE=3.709, MAE=2.054, MAPE=0.0661, R2=0.964
2025-07-17 13:41:26 - INFO - app - Step 075 → RMSE=3.789, MAE=2.051, MAPE=0.0667, R2=0.962
2025-07-17 13:41:27 - INFO - app - Step 076 → RMSE=3.754, MAE=2.057, MAPE=0.0670, R2=0.963
2025-07-17 13:41:28 - INFO - app - Step 077 → RMSE=3.739, MAE=2.059, MAPE=0.0673, R2=0.963
2025-07-17 13:41:29 - INFO - app - Step 078 → RMSE=3.865, MAE=2.119, MAPE=0.0702, R2=0.961
2025-07-17 13:41:30 - INFO - app - Step 079 → RMSE=3.861, MAE=2.094, MAPE=0.0694, R2=0.961
2025-07-17 13:41:31 - INFO - app - Step 080 → RMSE=3.860, MAE=2.154, MAPE=0.0723, R2=0.961
2025-07-17 13:41:32 - INFO - app - Step 081 → RMSE=3.731, MAE=2.056, MAPE=0.0681, R2=0.963
2025-07-17 13:41:33 - INFO - app - Step 082 → RMSE=3.972, MAE=2.207, MAPE=0.0759, R2=0.959
2025-07-17 13:41:35 - INFO - app - Step 083 → RMSE=3.826, MAE=2.082, MAPE=0.0705, R2=0.962
2025-07-17 13:41:35 - INFO - app - Step 084 → RMSE=3.999, MAE=2.200, MAPE=0.0749, R2=0.958
2025-07-17 13:41:37 - INFO - app - Step 085 → RMSE=3.852, MAE=2.092, MAPE=0.0717, R2=0.961
2025-07-17 13:41:38 - INFO - app - Step 086 → RMSE=3.774, MAE=2.101, MAPE=0.0726, R2=0.962
2025-07-17 13:41:39 - INFO - app - Step 087 → RMSE=3.849, MAE=2.113, MAPE=0.0726, R2=0.961
2025-07-17 13:41:40 - INFO - app - Step 088 → RMSE=3.868, MAE=2.122, MAPE=0.0746, R2=0.960
2025-07-17 13:41:41 - INFO - app - Step 089 → RMSE=3.882, MAE=2.121, MAPE=0.0747, R2=0.960
2025-07-17 13:41:42 - INFO - app - Step 090 → RMSE=4.191, MAE=2.273, MAPE=0.0813, R2=0.953
2025-07-17 13:41:43 - INFO - app - Step 091 → RMSE=3.947, MAE=2.165, MAPE=0.0771, R2=0.958
2025-07-17 13:41:44 - INFO - app - Step 092 → RMSE=4.233, MAE=2.303, MAPE=0.0846, R2=0.952
2025-07-17 13:41:45 - INFO - app - Step 093 → RMSE=3.978, MAE=2.153, MAPE=0.0772, R2=0.958
2025-07-17 13:41:46 - INFO - app - Step 094 → RMSE=4.294, MAE=2.319, MAPE=0.0855, R2=0.951
2025-07-17 13:41:47 - INFO - app - Step 095 → RMSE=3.989, MAE=2.154, MAPE=0.0781, R2=0.958
2025-07-17 13:41:48 - INFO - app - Step 096 → RMSE=4.276, MAE=2.308, MAPE=0.0839, R2=0.951
2025-07-17 13:41:49 - INFO - app - Step 097 → RMSE=3.938, MAE=2.121, MAPE=0.0765, R2=0.959
2025-07-17 13:41:50 - INFO - app - Step 098 → RMSE=4.048, MAE=2.139, MAPE=0.0771, R2=0.957
2025-07-17 13:41:51 - INFO - app - Step 099 → RMSE=3.862, MAE=2.099, MAPE=0.0756, R2=0.960
2025-07-17 13:41:54 - INFO - app - Step 100 → RMSE=3.661, MAE=2.037, MAPE=0.0734, R2=0.964
2025-07-17 13:41:55 - INFO - app - Step 101 → RMSE=3.630, MAE=2.027, MAPE=0.0731, R2=0.965
2025-07-17 13:41:56 - INFO - app - Step 102 → RMSE=3.879, MAE=2.178, MAPE=0.0797, R2=0.960
2025-07-17 13:41:57 - INFO - app - Step 103 → RMSE=3.707, MAE=2.063, MAPE=0.0742, R2=0.963
2025-07-17 13:41:58 - INFO - app - Step 104 → RMSE=3.909, MAE=2.203, MAPE=0.0805, R2=0.959
2025-07-17 13:41:59 - INFO - app - Step 105 → RMSE=3.812, MAE=2.064, MAPE=0.0731, R2=0.961
2025-07-17 13:42:00 - INFO - app - Step 106 → RMSE=3.976, MAE=2.223, MAPE=0.0810, R2=0.958
2025-07-17 13:42:01 - INFO - app - Step 107 → RMSE=3.717, MAE=2.049, MAPE=0.0726, R2=0.963
2025-07-17 13:42:02 - INFO - app - Step 108 → RMSE=3.968, MAE=2.202, MAPE=0.0801, R2=0.958
2025-07-17 13:42:03 - INFO - app - Step 109 → RMSE=3.728, MAE=2.035, MAPE=0.0717, R2=0.963
2025-07-17 13:42:04 - INFO - app - Step 110 → RMSE=3.741, MAE=2.079, MAPE=0.0737, R2=0.963
2025-07-17 13:42:05 - INFO - app - Step 111 → RMSE=3.692, MAE=2.037, MAPE=0.0718, R2=0.964
2025-07-17 13:42:06 - INFO - app - Step 112 → RMSE=3.676, MAE=2.003, MAPE=0.0695, R2=0.964
2025-07-17 13:42:07 - INFO - app - Step 113 → RMSE=3.600, MAE=2.017, MAPE=0.0711, R2=0.965
2025-07-17 13:42:08 - INFO - app - Step 114 → RMSE=3.581, MAE=2.003, MAPE=0.0696, R2=0.965
2025-07-17 13:42:09 - INFO - app - Step 115 → RMSE=3.552, MAE=1.995, MAPE=0.0698, R2=0.966
2025-07-17 13:42:10 - INFO - app - Step 116 → RMSE=3.516, MAE=2.004, MAPE=0.0713, R2=0.966
2025-07-17 13:42:11 - INFO - app - Step 117 → RMSE=3.490, MAE=2.055, MAPE=0.0744, R2=0.967
2025-07-17 13:42:12 - INFO - app - Step 118 → RMSE=3.391, MAE=1.933, MAPE=0.0678, R2=0.969
2025-07-17 13:42:13 - INFO - app - Step 119 → RMSE=3.416, MAE=1.977, MAPE=0.0699, R2=0.968
2025-07-17 13:42:14 - INFO - app - Step 120 → RMSE=3.573, MAE=2.010, MAPE=0.0711, R2=0.965
2025-07-17 13:42:15 - INFO - app - Step 121 → RMSE=3.576, MAE=2.000, MAPE=0.0704, R2=0.965
2025-07-17 13:42:17 - INFO - app - Step 122 → RMSE=3.589, MAE=2.019, MAPE=0.0710, R2=0.965
2025-07-17 13:42:17 - INFO - app - Step 123 → RMSE=3.626, MAE=2.027, MAPE=0.0716, R2=0.964
2025-07-17 13:42:19 - INFO - app - Step 124 → RMSE=3.663, MAE=2.033, MAPE=0.0712, R2=0.963
2025-07-17 13:42:20 - INFO - app - Step 125 → RMSE=3.701, MAE=2.035, MAPE=0.0713, R2=0.962
2025-07-17 13:42:21 - INFO - app - Step 126 → RMSE=3.751, MAE=2.072, MAPE=0.0724, R2=0.961
2025-07-17 13:42:22 - INFO - app - Step 127 → RMSE=3.837, MAE=2.260, MAPE=0.0822, R2=0.959
2025-07-17 13:42:23 - INFO - app - Step 128 → RMSE=4.413, MAE=2.576, MAPE=0.0987, R2=0.946
2025-07-17 13:42:24 - INFO - app - Step 129 → RMSE=4.637, MAE=2.818, MAPE=0.1102, R2=0.940
2025-07-17 13:42:25 - INFO - app - Step 130 → RMSE=4.198, MAE=2.532, MAPE=0.0952, R2=0.951
2025-07-17 13:42:26 - INFO - app - Step 131 → RMSE=4.574, MAE=2.807, MAPE=0.1100, R2=0.942
2025-07-17 13:42:29 - INFO - app - Step 132 → RMSE=4.627, MAE=2.953, MAPE=0.1175, R2=0.941
2025-07-17 13:42:30 - INFO - app - Step 133 → RMSE=3.734, MAE=2.035, MAPE=0.0696, R2=0.961
2025-07-17 13:42:31 - INFO - app - Step 134 → RMSE=3.720, MAE=2.065, MAPE=0.0716, R2=0.962
2025-07-17 13:42:32 - INFO - app - Step 135 → RMSE=3.724, MAE=2.071, MAPE=0.0722, R2=0.962
2025-07-17 13:42:33 - INFO - app - Step 136 → RMSE=3.638, MAE=2.047, MAPE=0.0708, R2=0.964
2025-07-17 13:42:34 - INFO - app - Step 137 → RMSE=3.693, MAE=2.072, MAPE=0.0725, R2=0.962
2025-07-17 13:42:35 - INFO - app - Step 138 → RMSE=3.595, MAE=2.028, MAPE=0.0703, R2=0.965
2025-07-17 13:42:36 - INFO - app - Step 139 → RMSE=3.828, MAE=2.325, MAPE=0.0857, R2=0.960
2025-07-17 13:42:37 - INFO - app - Step 140 → RMSE=5.125, MAE=3.061, MAPE=0.1235, R2=0.929
2025-07-17 13:42:38 - INFO - app - Step 141 → RMSE=4.256, MAE=2.668, MAPE=0.1054, R2=0.951
2025-07-17 13:42:39 - INFO - app - Step 142 → RMSE=4.015, MAE=2.477, MAPE=0.0958, R2=0.956
2025-07-17 13:42:40 - INFO - app - Step 143 → RMSE=3.841, MAE=2.329, MAPE=0.0884, R2=0.960
2025-07-17 13:42:41 - INFO - app - Step 144 → RMSE=3.871, MAE=2.425, MAPE=0.0942, R2=0.960
2025-07-17 13:42:42 - INFO - app - Step 145 → RMSE=3.328, MAE=2.016, MAPE=0.0720, R2=0.970
2025-07-17 13:42:43 - INFO - app - Step 146 → RMSE=3.410, MAE=2.053, MAPE=0.0742, R2=0.969
2025-07-17 13:42:44 - INFO - app - Step 147 → RMSE=3.340, MAE=2.019, MAPE=0.0735, R2=0.970
2025-07-17 13:42:45 - INFO - app - Step 148 → RMSE=3.272, MAE=1.912, MAPE=0.0681, R2=0.972
2025-07-17 13:42:46 - INFO - app - Step 149 → RMSE=3.331, MAE=1.925, MAPE=0.0678, R2=0.971
2025-07-17 13:42:47 - INFO - app - Step 150 → RMSE=3.293, MAE=1.912, MAPE=0.0678, R2=0.971
2025-07-17 13:42:48 - INFO - app - Step 151 → RMSE=4.989, MAE=2.825, MAPE=0.1127, R2=0.935
2025-07-17 13:42:49 - INFO - app - Step 152 → RMSE=3.558, MAE=2.128, MAPE=0.0768, R2=0.967
2025-07-17 13:42:50 - INFO - app - Step 153 → RMSE=3.712, MAE=2.247, MAPE=0.0855, R2=0.964
2025-07-17 13:42:51 - INFO - app - Step 154 → RMSE=3.855, MAE=2.300, MAPE=0.0895, R2=0.961
2025-07-17 13:42:52 - INFO - app - Step 155 → RMSE=3.773, MAE=2.307, MAPE=0.0887, R2=0.963
2025-07-17 13:42:53 - INFO - app - Step 156 → RMSE=3.860, MAE=2.276, MAPE=0.0882, R2=0.961
2025-07-17 13:42:55 - INFO - app - Step 157 → RMSE=3.418, MAE=1.987, MAPE=0.0714, R2=0.970
2025-07-17 13:42:56 - INFO - app - Step 158 → RMSE=3.341, MAE=1.978, MAPE=0.0711, R2=0.971
2025-07-17 13:42:57 - INFO - app - Step 159 → RMSE=3.300, MAE=1.915, MAPE=0.0668, R2=0.972
2025-07-17 13:42:58 - INFO - app - Step 160 → RMSE=3.237, MAE=1.857, MAPE=0.0644, R2=0.973
2025-07-17 13:42:59 - INFO - app - Step 161 → RMSE=3.199, MAE=1.860, MAPE=0.0653, R2=0.973
2025-07-17 13:43:00 - INFO - app - Step 162 → RMSE=3.771, MAE=2.199, MAPE=0.0829, R2=0.963
2025-07-17 13:43:03 - INFO - app - Step 163 → RMSE=4.821, MAE=2.774, MAPE=0.1089, R2=0.939
2025-07-17 13:43:04 - INFO - app - Step 164 → RMSE=5.072, MAE=3.018, MAPE=0.1199, R2=0.932
2025-07-17 13:43:05 - INFO - app - Step 165 → RMSE=4.612, MAE=2.694, MAPE=0.1057, R2=0.944
2025-07-17 13:43:06 - INFO - app - Step 166 → RMSE=5.667, MAE=3.269, MAPE=0.1341, R2=0.915
2025-07-17 13:43:07 - INFO - app - Step 167 → RMSE=6.062, MAE=3.278, MAPE=0.1343, R2=0.902
2025-07-17 13:43:08 - INFO - app - Step 168 → RMSE=5.267, MAE=3.062, MAPE=0.1226, R2=0.926
2025-07-17 13:43:09 - INFO - app - Step 169 → RMSE=4.012, MAE=2.317, MAPE=0.0869, R2=0.957
2025-07-17 13:43:10 - INFO - app - Step 170 → RMSE=3.931, MAE=2.284, MAPE=0.0861, R2=0.959
2025-07-17 13:43:11 - INFO - app - Step 171 → RMSE=4.104, MAE=2.335, MAPE=0.0875, R2=0.955
2025-07-17 13:43:12 - INFO - app - Step 172 → RMSE=4.018, MAE=2.336, MAPE=0.0869, R2=0.957
2025-07-17 13:43:13 - INFO - app - Step 173 → RMSE=4.020, MAE=2.296, MAPE=0.0860, R2=0.956
2025-07-17 13:43:14 - INFO - app - Step 174 → RMSE=4.457, MAE=2.525, MAPE=0.0971, R2=0.947
2025-07-17 13:43:15 - INFO - app - Step 175 → RMSE=4.626, MAE=2.817, MAPE=0.1051, R2=0.942
2025-07-17 13:43:16 - INFO - app - Step 176 → RMSE=6.244, MAE=3.567, MAPE=0.1440, R2=0.893
2025-07-17 13:43:17 - INFO - app - Step 177 → RMSE=4.710, MAE=2.844, MAPE=0.1082, R2=0.940
2025-07-17 13:43:18 - INFO - app - Step 178 → RMSE=4.062, MAE=2.491, MAPE=0.0923, R2=0.955
2025-07-17 13:43:19 - INFO - app - Step 179 → RMSE=4.724, MAE=2.807, MAPE=0.1062, R2=0.939
2025-07-17 13:43:20 - INFO - app - Step 180 → RMSE=4.049, MAE=2.387, MAPE=0.0882, R2=0.955
2025-07-17 13:43:21 - INFO - app - Step 181 → RMSE=4.048, MAE=2.287, MAPE=0.0825, R2=0.955
2025-07-17 13:43:22 - INFO - app - Step 182 → RMSE=3.997, MAE=2.185, MAPE=0.0774, R2=0.956
2025-07-17 13:43:23 - INFO - app - Step 183 → RMSE=4.073, MAE=2.186, MAPE=0.0754, R2=0.955
2025-07-17 13:43:24 - INFO - app - Step 184 → RMSE=3.903, MAE=2.110, MAPE=0.0723, R2=0.958
2025-07-17 13:43:25 - INFO - app - Step 185 → RMSE=4.027, MAE=2.185, MAPE=0.0773, R2=0.955
2025-07-17 13:43:26 - INFO - app - Step 186 → RMSE=3.833, MAE=2.109, MAPE=0.0754, R2=0.959
2025-07-17 13:43:27 - INFO - app - Step 187 → RMSE=4.474, MAE=2.619, MAPE=0.0964, R2=0.945
2025-07-17 13:43:28 - INFO - app - Step 188 → RMSE=6.142, MAE=3.758, MAPE=0.1566, R2=0.894
2025-07-17 13:43:29 - INFO - app - Step 189 → RMSE=6.197, MAE=3.828, MAPE=0.1580, R2=0.893
2025-07-17 13:43:30 - INFO - app - Step 190 → RMSE=5.562, MAE=3.454, MAPE=0.1419, R2=0.913
2025-07-17 13:43:31 - INFO - app - Step 191 → RMSE=5.275, MAE=3.095, MAPE=0.1217, R2=0.924
2025-07-17 13:43:32 - INFO - app - Step 192 → RMSE=5.040, MAE=2.945, MAPE=0.1147, R2=0.930
2025-07-17 13:43:33 - INFO - app - Step 193 → RMSE=4.333, MAE=2.530, MAPE=0.0936, R2=0.948
2025-07-17 13:43:36 - INFO - app - Step 194 → RMSE=4.755, MAE=2.667, MAPE=0.1011, R2=0.938
2025-07-17 13:43:37 - INFO - app - Step 195 → RMSE=4.274, MAE=2.444, MAPE=0.0912, R2=0.950
2025-07-17 13:43:38 - INFO - app - Step 196 → RMSE=4.373, MAE=2.494, MAPE=0.0938, R2=0.948
2025-07-17 13:43:39 - INFO - app - Step 197 → RMSE=4.237, MAE=2.331, MAPE=0.0861, R2=0.951
2025-07-17 13:43:40 - INFO - app - Step 198 → RMSE=4.086, MAE=2.196, MAPE=0.0805, R2=0.954
2025-07-17 13:43:42 - INFO - app - Step 199 → RMSE=5.143, MAE=2.987, MAPE=0.1132, R2=0.928
2025-07-17 13:43:43 - INFO - app - Step 200 → RMSE=4.934, MAE=2.885, MAPE=0.1091, R2=0.933
2025-07-17 13:43:44 - INFO - app - Step 201 → RMSE=5.762, MAE=3.449, MAPE=0.1366, R2=0.908
2025-07-17 13:43:45 - INFO - app - Step 202 → RMSE=5.014, MAE=2.922, MAPE=0.1176, R2=0.929
2025-07-17 13:43:46 - INFO - app - Step 203 → RMSE=4.802, MAE=2.813, MAPE=0.1081, R2=0.936
2025-07-17 13:43:47 - INFO - app - Step 204 → RMSE=4.250, MAE=2.308, MAPE=0.0805, R2=0.950
2025-07-17 13:43:48 - INFO - app - Step 205 → RMSE=3.981, MAE=2.217, MAPE=0.0813, R2=0.956
2025-07-17 13:43:49 - INFO - app - Step 206 → RMSE=4.147, MAE=2.404, MAPE=0.0909, R2=0.953
2025-07-17 13:43:51 - INFO - app - Step 207 → RMSE=4.334, MAE=2.568, MAPE=0.0981, R2=0.949
2025-07-17 13:43:52 - INFO - app - Step 208 → RMSE=3.889, MAE=2.134, MAPE=0.0780, R2=0.958
2025-07-17 13:43:53 - INFO - app - Step 209 → RMSE=4.123, MAE=2.333, MAPE=0.0885, R2=0.954
2025-07-17 13:43:54 - INFO - app - Step 210 → RMSE=3.894, MAE=2.157, MAPE=0.0803, R2=0.958
2025-07-17 13:43:55 - INFO - app - Step 211 → RMSE=5.612, MAE=3.417, MAPE=0.1431, R2=0.913
2025-07-17 13:43:56 - INFO - app - Step 212 → RMSE=4.553, MAE=2.708, MAPE=0.1007, R2=0.943
2025-07-17 13:43:57 - INFO - app - Step 213 → RMSE=6.066, MAE=3.435, MAPE=0.1401, R2=0.899
2025-07-17 13:43:58 - INFO - app - Step 214 → RMSE=5.618, MAE=3.301, MAPE=0.1344, R2=0.914
2025-07-17 13:43:59 - INFO - app - Step 215 → RMSE=4.621, MAE=2.689, MAPE=0.1028, R2=0.941
2025-07-17 13:44:00 - INFO - app - Step 216 → RMSE=5.217, MAE=2.961, MAPE=0.1173, R2=0.926
2025-07-17 13:44:01 - INFO - app - Step 217 → RMSE=5.308, MAE=2.949, MAPE=0.1172, R2=0.924
2025-07-17 13:44:02 - INFO - app - Step 218 → RMSE=6.809, MAE=3.612, MAPE=0.1539, R2=0.875
2025-07-17 13:44:03 - INFO - app - Step 219 → RMSE=5.585, MAE=3.126, MAPE=0.1320, R2=0.916
2025-07-17 13:44:04 - INFO - app - Step 220 → RMSE=5.739, MAE=3.303, MAPE=0.1391, R2=0.912
2025-07-17 13:44:05 - INFO - app - Step 221 → RMSE=5.595, MAE=3.061, MAPE=0.1269, R2=0.916
2025-07-17 13:44:06 - INFO - app - Step 222 → RMSE=5.505, MAE=2.928, MAPE=0.1186, R2=0.919
2025-07-17 13:44:07 - INFO - app - Step 223 → RMSE=5.677, MAE=3.052, MAPE=0.1183, R2=0.915
2025-07-17 13:44:08 - INFO - app - Step 224 → RMSE=4.971, MAE=2.697, MAPE=0.0953, R2=0.936
2025-07-17 13:44:11 - INFO - app - Step 225 → RMSE=5.579, MAE=3.198, MAPE=0.1235, R2=0.919
2025-07-17 13:44:12 - INFO - app - Step 226 → RMSE=5.010, MAE=2.702, MAPE=0.0970, R2=0.935
2025-07-17 13:44:13 - INFO - app - Step 227 → RMSE=4.735, MAE=2.520, MAPE=0.0863, R2=0.942
2025-07-17 13:44:14 - INFO - app - Step 228 → RMSE=4.627, MAE=2.376, MAPE=0.0852, R2=0.945
2025-07-17 13:44:15 - INFO - app - Step 229 → RMSE=4.560, MAE=2.529, MAPE=0.0943, R2=0.947
2025-07-17 13:44:16 - INFO - app - Step 230 → RMSE=4.376, MAE=2.148, MAPE=0.0724, R2=0.952
2025-07-17 13:44:17 - INFO - app - Step 231 → RMSE=4.700, MAE=2.421, MAPE=0.0867, R2=0.944
2025-07-17 13:44:18 - INFO - app - Step 232 → RMSE=4.803, MAE=2.515, MAPE=0.0916, R2=0.942
2025-07-17 13:44:19 - INFO - app - Step 233 → RMSE=5.139, MAE=2.938, MAPE=0.1160, R2=0.934
2025-07-17 13:44:20 - INFO - app - Step 234 → RMSE=4.777, MAE=2.563, MAPE=0.0955, R2=0.944
2025-07-17 13:44:21 - INFO - app - Step 235 → RMSE=4.238, MAE=2.283, MAPE=0.0760, R2=0.956
2025-07-17 13:44:22 - INFO - app - Step 236 → RMSE=4.425, MAE=2.504, MAPE=0.0909, R2=0.952
2025-07-17 13:44:23 - INFO - app - Step 237 → RMSE=4.236, MAE=2.368, MAPE=0.0855, R2=0.956
2025-07-17 13:44:24 - INFO - app - Step 238 → RMSE=4.487, MAE=2.507, MAPE=0.0909, R2=0.951
2025-07-17 13:44:26 - INFO - app - Step 239 → RMSE=4.314, MAE=2.398, MAPE=0.0862, R2=0.954
2025-07-17 13:44:27 - INFO - app - Step 240 → RMSE=4.537, MAE=2.504, MAPE=0.0905, R2=0.949
2025-07-17 13:44:28 - INFO - app - Step 241 → RMSE=4.596, MAE=2.554, MAPE=0.0936, R2=0.948
2025-07-17 13:44:28 - INFO - app - Step 242 → RMSE=4.509, MAE=2.522, MAPE=0.0930, R2=0.949
2025-07-17 13:44:29 - INFO - app - Step 243 → RMSE=4.520, MAE=2.503, MAPE=0.0909, R2=0.949
2025-07-17 13:44:30 - INFO - app - Step 244 → RMSE=4.533, MAE=2.528, MAPE=0.0920, R2=0.949
2025-07-17 13:44:31 - INFO - app - Step 245 → RMSE=3.576, MAE=2.003, MAPE=0.0678, R2=0.968
2025-07-17 13:44:32 - INFO - app - Step 246 → RMSE=3.491, MAE=1.989, MAPE=0.0672, R2=0.970
2025-07-17 13:44:33 - INFO - app - Step 247 → RMSE=3.618, MAE=2.043, MAPE=0.0698, R2=0.967
2025-07-17 13:44:35 - INFO - app - Step 248 → RMSE=3.469, MAE=1.993, MAPE=0.0678, R2=0.970
2025-07-17 13:44:36 - INFO - app - Step 249 → RMSE=3.469, MAE=1.984, MAPE=0.0679, R2=0.970
2025-07-17 13:44:37 - INFO - app - Step 250 → RMSE=3.496, MAE=2.006, MAPE=0.0678, R2=0.970
2025-07-17 13:44:38 - INFO - app - Step 251 → RMSE=3.403, MAE=1.961, MAPE=0.0671, R2=0.971
2025-07-17 13:44:39 - INFO - app - Step 252 → RMSE=3.568, MAE=1.966, MAPE=0.0666, R2=0.968
2025-07-17 13:44:40 - INFO - app - Step 253 → RMSE=3.619, MAE=1.988, MAPE=0.0663, R2=0.968
2025-07-17 13:44:41 - INFO - app - Step 254 → RMSE=3.672, MAE=1.999, MAPE=0.0670, R2=0.967
2025-07-17 13:44:42 - INFO - app - Step 255 → RMSE=3.546, MAE=1.975, MAPE=0.0663, R2=0.969
2025-07-17 13:44:45 - INFO - app - Step 256 → RMSE=3.625, MAE=1.987, MAPE=0.0656, R2=0.968
2025-07-17 13:44:46 - INFO - app - Step 257 → RMSE=3.685, MAE=1.989, MAPE=0.0656, R2=0.967
2025-07-17 13:44:47 - INFO - app - Step 258 → RMSE=3.611, MAE=2.015, MAPE=0.0677, R2=0.968
2025-07-17 13:44:48 - INFO - app - Step 259 → RMSE=3.659, MAE=2.017, MAPE=0.0664, R2=0.968
2025-07-17 13:44:49 - INFO - app - Step 260 → RMSE=3.656, MAE=2.014, MAPE=0.0660, R2=0.968
2025-07-17 13:44:50 - INFO - app - Step 261 → RMSE=3.682, MAE=2.009, MAPE=0.0660, R2=0.967
2025-07-17 13:44:51 - INFO - app - Step 262 → RMSE=3.609, MAE=2.039, MAPE=0.0667, R2=0.969
2025-07-17 13:44:52 - INFO - app - Step 263 → RMSE=3.548, MAE=2.010, MAPE=0.0657, R2=0.970
2025-07-17 13:44:53 - INFO - app - Step 264 → RMSE=3.447, MAE=1.999, MAPE=0.0664, R2=0.971
2025-07-17 13:44:54 - INFO - app - Step 265 → RMSE=3.394, MAE=1.968, MAPE=0.0646, R2=0.972
2025-07-17 13:44:55 - INFO - app - Step 266 → RMSE=3.398, MAE=1.977, MAPE=0.0647, R2=0.972
2025-07-17 13:44:56 - INFO - app - Step 267 → RMSE=3.332, MAE=1.975, MAPE=0.0650, R2=0.973
2025-07-17 13:44:57 - INFO - app - Step 268 → RMSE=3.366, MAE=1.989, MAPE=0.0653, R2=0.973
2025-07-17 13:44:58 - INFO - app - Step 269 → RMSE=3.373, MAE=1.995, MAPE=0.0653, R2=0.973
2025-07-17 13:44:59 - INFO - app - Step 270 → RMSE=3.308, MAE=1.978, MAPE=0.0648, R2=0.974
2025-07-17 13:45:00 - INFO - app - Step 271 → RMSE=3.381, MAE=2.021, MAPE=0.0659, R2=0.973
2025-07-17 13:45:01 - INFO - app - Step 272 → RMSE=3.398, MAE=2.024, MAPE=0.0660, R2=0.973
2025-07-17 13:45:02 - INFO - app - Step 273 → RMSE=3.442, MAE=2.036, MAPE=0.0661, R2=0.972
2025-07-17 13:45:03 - INFO - app - Step 274 → RMSE=3.415, MAE=2.039, MAPE=0.0661, R2=0.972
2025-07-17 13:45:04 - INFO - app - Step 275 → RMSE=3.454, MAE=2.059, MAPE=0.0665, R2=0.972
2025-07-17 13:45:05 - INFO - app - Step 276 → RMSE=3.447, MAE=2.046, MAPE=0.0663, R2=0.972
2025-07-17 13:45:06 - INFO - app - Step 277 → RMSE=3.433, MAE=2.044, MAPE=0.0661, R2=0.972
2025-07-17 13:45:07 - INFO - app - Step 278 → RMSE=3.449, MAE=2.033, MAPE=0.0649, R2=0.972
2025-07-17 13:45:08 - INFO - app - Step 279 → RMSE=3.464, MAE=2.060, MAPE=0.0663, R2=0.971
2025-07-17 13:45:09 - INFO - app - Step 280 → RMSE=3.475, MAE=2.058, MAPE=0.0663, R2=0.971
2025-07-17 13:45:10 - INFO - app - Step 281 → RMSE=3.522, MAE=2.079, MAPE=0.0666, R2=0.970
2025-07-17 13:45:12 - INFO - app - Step 282 → RMSE=3.535, MAE=2.099, MAPE=0.0672, R2=0.970
2025-07-17 13:45:12 - INFO - app - Step 283 → RMSE=3.607, MAE=2.113, MAPE=0.0675, R2=0.969
2025-07-17 13:45:14 - INFO - app - Step 284 → RMSE=3.566, MAE=2.085, MAPE=0.0656, R2=0.970
2025-07-17 13:45:15 - INFO - app - Step 285 → RMSE=3.560, MAE=2.095, MAPE=0.0660, R2=0.970
2025-07-17 13:45:16 - INFO - app - Step 286 → RMSE=3.964, MAE=2.378, MAPE=0.0786, R2=0.963
2025-07-17 13:45:17 - INFO - app - Step 287 → RMSE=3.596, MAE=2.126, MAPE=0.0674, R2=0.969
2025-07-17 13:45:19 - INFO - app - Overall  → RMSE=4.008, MAE=2.255, MAPE=0.0790, R2=0.959
