2025-07-17 11:39:02 - INFO - app - 📆 date_range 모드: 총 22일 간 데이터 조회 예정 → [datetime.datetime(2025, 6, 10, 0, 0), datetime.datetime(2025, 6, 11, 0, 0), datetime.datetime(2025, 6, 12, 0, 0), datetime.datetime(2025, 6, 13, 0, 0), datetime.datetime(2025, 6, 14, 0, 0), datetime.datetime(2025, 6, 17, 0, 0), datetime.datetime(2025, 6, 18, 0, 0), datetime.datetime(2025, 6, 19, 0, 0), datetime.datetime(2025, 6, 20, 0, 0), datetime.datetime(2025, 6, 21, 0, 0), datetime.datetime(2025, 6, 24, 0, 0), datetime.datetime(2025, 6, 25, 0, 0), datetime.datetime(2025, 6, 26, 0, 0), datetime.datetime(2025, 6, 27, 0, 0), datetime.datetime(2025, 6, 28, 0, 0), datetime.datetime(2025, 6, 29, 0, 0), datetime.datetime(2025, 6, 30, 0, 0), datetime.datetime(2025, 7, 1, 0, 0), datetime.datetime(2025, 7, 2, 0, 0), datetime.datetime(2025, 7, 3, 0, 0), datetime.datetime(2025, 7, 4, 0, 0), datetime.datetime(2025, 7, 5, 0, 0)]
2025-07-17 11:39:02 - INFO - app - ✅ Data load skip: 총 22개 파일 저장됨
2025-07-17 11:39:02 - INFO - app - ✅ 데이터 전처리(x) skip: Model/v2에 저장됨
2025-07-17 11:39:02 - INFO - app - ✅ 데이터 전처리(y) skip: Model/v2에 저장됨
2025-07-17 11:39:02 - INFO - app - Step 000 → RMSE=3.899, MAE=2.392, MAPE=0.0725, R2=0.965
2025-07-17 11:39:02 - INFO - app - Step 001 → RMSE=3.989, MAE=2.540, MAPE=0.0844, R2=0.962
2025-07-17 11:39:02 - INFO - app - Step 002 → RMSE=3.857, MAE=2.296, MAPE=0.0705, R2=0.965
2025-07-17 11:39:03 - INFO - app - Step 003 → RMSE=3.870, MAE=2.216, MAPE=0.0678, R2=0.964
2025-07-17 11:39:03 - INFO - app - ⚠️ Step 004 → No valid data for prediction, skipping
2025-07-17 11:39:03 - INFO - app - ⚠️ Step 005 → No valid data for prediction, skipping
2025-07-17 11:39:03 - INFO - app - Step 006 → RMSE=3.812, MAE=2.218, MAPE=0.0665, R2=0.965
2025-07-17 11:39:03 - INFO - app - Step 007 → RMSE=4.029, MAE=2.379, MAPE=0.0776, R2=0.961
2025-07-17 11:39:03 - INFO - app - Step 008 → RMSE=3.943, MAE=2.293, MAPE=0.0687, R2=0.962
2025-07-17 11:39:03 - INFO - app - Step 009 → RMSE=3.831, MAE=2.231, MAPE=0.0689, R2=0.964
2025-07-17 11:39:03 - INFO - app - Step 010 → RMSE=4.067, MAE=2.307, MAPE=0.0715, R2=0.960
2025-07-17 11:39:03 - INFO - app - Step 011 → RMSE=3.842, MAE=2.212, MAPE=0.0659, R2=0.965
2025-07-17 11:39:03 - INFO - app - Step 012 → RMSE=4.295, MAE=2.378, MAPE=0.0733, R2=0.956
2025-07-17 11:39:03 - INFO - app - Step 013 → RMSE=4.180, MAE=2.491, MAPE=0.0744, R2=0.959
2025-07-17 11:39:04 - INFO - app - Step 014 → RMSE=4.404, MAE=2.857, MAPE=0.0983, R2=0.954
2025-07-17 11:39:04 - INFO - app - Step 015 → RMSE=4.348, MAE=2.862, MAPE=0.1063, R2=0.955
2025-07-17 11:39:04 - INFO - app - Step 016 → RMSE=4.781, MAE=3.503, MAPE=0.1399, R2=0.945
2025-07-17 11:39:04 - INFO - app - Step 017 → RMSE=3.743, MAE=2.206, MAPE=0.0677, R2=0.966
2025-07-17 11:39:04 - INFO - app - Step 018 → RMSE=18.036, MAE=14.250, MAPE=0.6052, R2=0.214
2025-07-17 11:39:04 - INFO - app - Step 019 → RMSE=7.581, MAE=6.101, MAPE=0.2458, R2=0.862
2025-07-17 11:39:04 - INFO - app - Step 020 → RMSE=4.849, MAE=3.622, MAPE=0.1446, R2=0.943
2025-07-17 11:39:04 - INFO - app - Step 021 → RMSE=5.972, MAE=4.577, MAPE=0.1874, R2=0.914
2025-07-17 11:39:04 - INFO - app - Step 022 → RMSE=4.647, MAE=3.363, MAPE=0.1370, R2=0.948
2025-07-17 11:39:04 - INFO - app - Step 023 → RMSE=4.043, MAE=2.337, MAPE=0.0705, R2=0.961
2025-07-17 11:39:04 - INFO - app - Step 024 → RMSE=9.235, MAE=6.682, MAPE=0.2923, R2=0.794
2025-07-17 11:39:05 - INFO - app - Step 025 → RMSE=4.914, MAE=3.673, MAPE=0.1459, R2=0.941
2025-07-17 11:39:05 - INFO - app - Step 026 → RMSE=3.683, MAE=2.133, MAPE=0.0654, R2=0.967
2025-07-17 11:39:05 - INFO - app - Step 027 → RMSE=3.844, MAE=2.202, MAPE=0.0663, R2=0.965
2025-07-17 11:39:05 - INFO - app - Step 028 → RMSE=3.862, MAE=2.236, MAPE=0.0680, R2=0.964
2025-07-17 11:39:05 - INFO - app - Step 029 → RMSE=3.983, MAE=2.231, MAPE=0.0684, R2=0.962
2025-07-17 11:39:05 - INFO - app - Step 030 → RMSE=3.924, MAE=2.265, MAPE=0.0697, R2=0.963
2025-07-17 11:39:05 - INFO - app - Step 031 → RMSE=4.505, MAE=2.444, MAPE=0.0750, R2=0.951
2025-07-17 11:39:05 - INFO - app - Step 032 → RMSE=3.910, MAE=2.259, MAPE=0.0683, R2=0.964
2025-07-17 11:39:05 - INFO - app - Step 033 → RMSE=3.928, MAE=2.268, MAPE=0.0685, R2=0.963
2025-07-17 11:39:05 - INFO - app - Step 034 → RMSE=3.806, MAE=2.236, MAPE=0.0669, R2=0.965
2025-07-17 11:39:05 - INFO - app - Step 035 → RMSE=3.990, MAE=2.333, MAPE=0.0705, R2=0.961
2025-07-17 11:39:06 - INFO - app - Step 036 → RMSE=3.878, MAE=2.222, MAPE=0.0676, R2=0.963
2025-07-17 11:39:06 - INFO - app - Step 037 → RMSE=3.949, MAE=2.289, MAPE=0.0675, R2=0.963
2025-07-17 11:39:06 - INFO - app - Step 038 → RMSE=3.860, MAE=2.269, MAPE=0.0685, R2=0.964
2025-07-17 11:39:06 - INFO - app - Step 039 → RMSE=3.938, MAE=2.236, MAPE=0.0670, R2=0.962
2025-07-17 11:39:06 - INFO - app - Step 040 → RMSE=3.968, MAE=2.292, MAPE=0.0680, R2=0.962
2025-07-17 11:39:06 - INFO - app - Step 041 → RMSE=3.912, MAE=2.241, MAPE=0.0667, R2=0.963
2025-07-17 11:39:06 - INFO - app - Step 042 → RMSE=3.917, MAE=2.258, MAPE=0.0671, R2=0.963
2025-07-17 11:39:06 - INFO - app - Step 043 → RMSE=3.924, MAE=2.258, MAPE=0.0676, R2=0.962
2025-07-17 11:39:06 - INFO - app - Step 044 → RMSE=3.739, MAE=2.151, MAPE=0.0660, R2=0.965
2025-07-17 11:39:06 - INFO - app - Step 045 → RMSE=3.922, MAE=2.450, MAPE=0.0709, R2=0.962
2025-07-17 11:39:06 - INFO - app - Step 046 → RMSE=3.996, MAE=2.460, MAPE=0.0707, R2=0.961
2025-07-17 11:39:07 - INFO - app - Step 047 → RMSE=3.835, MAE=2.220, MAPE=0.0644, R2=0.964
2025-07-17 11:39:07 - INFO - app - Step 048 → RMSE=4.031, MAE=2.413, MAPE=0.0697, R2=0.960
2025-07-17 11:39:07 - INFO - app - Step 049 → RMSE=3.986, MAE=2.377, MAPE=0.0690, R2=0.961
2025-07-17 11:39:07 - INFO - app - Step 050 → RMSE=4.020, MAE=2.382, MAPE=0.0698, R2=0.960
2025-07-17 11:39:07 - INFO - app - Step 051 → RMSE=4.011, MAE=2.300, MAPE=0.0677, R2=0.960
2025-07-17 11:39:07 - INFO - app - Step 052 → RMSE=5.307, MAE=3.556, MAPE=0.1405, R2=0.931
2025-07-17 11:39:07 - INFO - app - Step 053 → RMSE=11.362, MAE=8.149, MAPE=0.3637, R2=0.684
2025-07-17 11:39:07 - INFO - app - Step 054 → RMSE=8.774, MAE=6.372, MAPE=0.2824, R2=0.814
2025-07-17 11:39:07 - INFO - app - Step 055 → RMSE=11.273, MAE=8.205, MAPE=0.3572, R2=0.684
2025-07-17 11:39:07 - INFO - app - Step 056 → RMSE=12.032, MAE=8.692, MAPE=0.3907, R2=0.642
2025-07-17 11:39:07 - INFO - app - Step 057 → RMSE=10.104, MAE=7.113, MAPE=0.3174, R2=0.750
2025-07-17 11:39:08 - INFO - app - Step 058 → RMSE=13.337, MAE=10.003, MAPE=0.4423, R2=0.565
2025-07-17 11:39:08 - INFO - app - Step 059 → RMSE=9.070, MAE=6.569, MAPE=0.2721, R2=0.799
2025-07-17 11:39:08 - INFO - app - Step 060 → RMSE=14.894, MAE=11.344, MAPE=0.4987, R2=0.458
2025-07-17 11:39:08 - INFO - app - Step 061 → RMSE=13.805, MAE=10.319, MAPE=0.4467, R2=0.539
2025-07-17 11:39:08 - INFO - app - Step 062 → RMSE=12.084, MAE=8.594, MAPE=0.3732, R2=0.652
2025-07-17 11:39:08 - INFO - app - Step 063 → RMSE=16.078, MAE=12.556, MAPE=0.5409, R2=0.382
2025-07-17 11:39:08 - INFO - app - Step 064 → RMSE=4.316, MAE=2.859, MAPE=0.1024, R2=0.955
2025-07-17 11:39:08 - INFO - app - Step 065 → RMSE=3.938, MAE=2.273, MAPE=0.0703, R2=0.962
2025-07-17 11:39:08 - INFO - app - Step 066 → RMSE=4.054, MAE=2.358, MAPE=0.0739, R2=0.960
2025-07-17 11:39:08 - INFO - app - ⚠️ Step 067 → No valid data for prediction, skipping
2025-07-17 11:39:08 - INFO - app - Step 068 → RMSE=3.717, MAE=2.139, MAPE=0.0657, R2=0.966
2025-07-17 11:39:09 - INFO - app - Step 069 → RMSE=3.846, MAE=2.176, MAPE=0.0676, R2=0.964
2025-07-17 11:39:09 - INFO - app - Step 070 → RMSE=3.732, MAE=2.133, MAPE=0.0664, R2=0.966
2025-07-17 11:39:09 - INFO - app - Step 071 → RMSE=3.681, MAE=2.103, MAPE=0.0656, R2=0.967
2025-07-17 11:39:09 - INFO - app - Step 072 → RMSE=3.740, MAE=2.132, MAPE=0.0649, R2=0.966
2025-07-17 11:39:09 - INFO - app - Step 073 → RMSE=3.747, MAE=2.138, MAPE=0.0658, R2=0.966
2025-07-17 11:39:09 - INFO - app - Step 074 → RMSE=4.095, MAE=2.729, MAPE=0.0972, R2=0.959
2025-07-17 11:39:09 - INFO - app - Step 075 → RMSE=4.747, MAE=3.398, MAPE=0.1208, R2=0.945
2025-07-17 11:39:09 - INFO - app - Step 076 → RMSE=4.440, MAE=3.117, MAPE=0.1148, R2=0.952
2025-07-17 11:39:09 - INFO - app - Step 077 → RMSE=4.257, MAE=2.798, MAPE=0.0982, R2=0.956
2025-07-17 11:39:09 - INFO - app - Step 078 → RMSE=4.009, MAE=2.368, MAPE=0.0734, R2=0.961
2025-07-17 11:39:09 - INFO - app - Step 079 → RMSE=4.039, MAE=2.316, MAPE=0.0721, R2=0.961
2025-07-17 11:39:09 - INFO - app - Step 080 → RMSE=4.012, MAE=2.363, MAPE=0.0767, R2=0.961
2025-07-17 11:39:10 - INFO - app - Step 081 → RMSE=3.987, MAE=2.352, MAPE=0.0763, R2=0.962
2025-07-17 11:39:10 - INFO - app - Step 082 → RMSE=3.876, MAE=2.269, MAPE=0.0724, R2=0.963
2025-07-17 11:39:10 - INFO - app - Step 083 → RMSE=3.916, MAE=2.229, MAPE=0.0713, R2=0.963
2025-07-17 11:39:10 - INFO - app - Step 084 → RMSE=4.069, MAE=2.393, MAPE=0.0728, R2=0.960
2025-07-17 11:39:10 - INFO - app - Step 085 → RMSE=5.303, MAE=3.166, MAPE=0.0929, R2=0.932
2025-07-17 11:39:10 - INFO - app - Step 086 → RMSE=4.167, MAE=2.315, MAPE=0.0706, R2=0.958
2025-07-17 11:39:10 - INFO - app - Step 087 → RMSE=4.507, MAE=2.719, MAPE=0.0847, R2=0.950
2025-07-17 11:39:10 - INFO - app - Step 088 → RMSE=4.265, MAE=2.471, MAPE=0.0753, R2=0.956
2025-07-17 11:39:10 - INFO - app - Step 089 → RMSE=4.004, MAE=2.413, MAPE=0.0746, R2=0.961
2025-07-17 11:39:10 - INFO - app - Step 090 → RMSE=4.084, MAE=2.419, MAPE=0.0719, R2=0.959
2025-07-17 11:39:10 - INFO - app - Step 091 → RMSE=4.063, MAE=2.334, MAPE=0.0704, R2=0.960
2025-07-17 11:39:11 - INFO - app - Step 092 → RMSE=4.087, MAE=2.383, MAPE=0.0725, R2=0.959
2025-07-17 11:39:11 - INFO - app - Step 093 → RMSE=4.385, MAE=2.572, MAPE=0.0776, R2=0.953
2025-07-17 11:39:11 - INFO - app - Step 094 → RMSE=4.029, MAE=2.356, MAPE=0.0695, R2=0.960
2025-07-17 11:39:11 - INFO - app - Step 095 → RMSE=3.890, MAE=2.388, MAPE=0.0821, R2=0.963
2025-07-17 11:39:11 - INFO - app - Step 096 → RMSE=4.084, MAE=2.473, MAPE=0.0764, R2=0.960
2025-07-17 11:39:11 - INFO - app - Step 097 → RMSE=4.384, MAE=2.653, MAPE=0.0780, R2=0.953
2025-07-17 11:39:11 - INFO - app - Step 098 → RMSE=3.969, MAE=2.383, MAPE=0.0746, R2=0.961
2025-07-17 11:39:11 - INFO - app - Step 099 → RMSE=5.016, MAE=2.733, MAPE=0.0769, R2=0.938
2025-07-17 11:39:11 - INFO - app - Step 100 → RMSE=4.265, MAE=2.508, MAPE=0.0747, R2=0.955
2025-07-17 11:39:11 - INFO - app - Step 101 → RMSE=4.243, MAE=2.636, MAPE=0.0794, R2=0.955
2025-07-17 11:39:11 - INFO - app - Step 102 → RMSE=5.440, MAE=3.626, MAPE=0.1363, R2=0.926
2025-07-17 11:39:12 - INFO - app - Step 103 → RMSE=4.585, MAE=2.881, MAPE=0.0995, R2=0.948
2025-07-17 11:39:12 - INFO - app - Step 104 → RMSE=3.997, MAE=2.448, MAPE=0.0828, R2=0.960
2025-07-17 11:39:12 - INFO - app - Step 105 → RMSE=3.914, MAE=2.385, MAPE=0.0746, R2=0.962
2025-07-17 11:39:12 - INFO - app - Step 106 → RMSE=4.297, MAE=2.804, MAPE=0.1026, R2=0.954
2025-07-17 11:39:12 - INFO - app - Step 107 → RMSE=3.935, MAE=2.359, MAPE=0.0778, R2=0.962
2025-07-17 11:39:12 - INFO - app - Step 108 → RMSE=4.116, MAE=2.548, MAPE=0.0804, R2=0.958
2025-07-17 11:39:12 - INFO - app - Step 109 → RMSE=3.730, MAE=2.166, MAPE=0.0689, R2=0.965
2025-07-17 11:39:12 - INFO - app - Step 110 → RMSE=5.511, MAE=4.019, MAPE=0.1676, R2=0.925
2025-07-17 11:39:12 - INFO - app - Step 111 → RMSE=5.236, MAE=3.388, MAPE=0.0995, R2=0.932
2025-07-17 11:39:12 - INFO - app - Step 112 → RMSE=4.399, MAE=2.564, MAPE=0.0760, R2=0.952
2025-07-17 11:39:12 - INFO - app - Step 113 → RMSE=5.078, MAE=2.725, MAPE=0.0770, R2=0.937
2025-07-17 11:39:13 - INFO - app - Step 114 → RMSE=4.738, MAE=2.902, MAPE=0.0832, R2=0.944
2025-07-17 11:39:13 - INFO - app - Step 115 → RMSE=4.114, MAE=2.448, MAPE=0.0733, R2=0.958
2025-07-17 11:39:13 - INFO - app - Step 116 → RMSE=4.274, MAE=2.476, MAPE=0.0742, R2=0.955
2025-07-17 11:39:13 - INFO - app - Step 117 → RMSE=15.083, MAE=11.587, MAPE=0.5306, R2=0.435
2025-07-17 11:39:13 - INFO - app - Step 118 → RMSE=4.894, MAE=3.085, MAPE=0.1053, R2=0.940
2025-07-17 11:39:13 - INFO - app - Step 119 → RMSE=6.427, MAE=4.515, MAPE=0.1920, R2=0.896
2025-07-17 11:39:13 - INFO - app - Step 120 → RMSE=11.134, MAE=8.289, MAPE=0.3537, R2=0.686
2025-07-17 11:39:13 - INFO - app - Step 121 → RMSE=4.405, MAE=2.475, MAPE=0.0783, R2=0.950
2025-07-17 11:39:13 - INFO - app - Step 122 → RMSE=9.063, MAE=6.070, MAPE=0.2790, R2=0.790
2025-07-17 11:39:13 - INFO - app - Step 123 → RMSE=13.059, MAE=9.671, MAPE=0.4448, R2=0.558
2025-07-17 11:39:13 - INFO - app - Step 124 → RMSE=4.879, MAE=2.265, MAPE=0.0804, R2=0.938
2025-07-17 11:39:14 - INFO - app - Step 125 → RMSE=5.053, MAE=2.452, MAPE=0.0824, R2=0.934
2025-07-17 11:39:14 - INFO - app - Step 126 → RMSE=4.562, MAE=2.246, MAPE=0.0752, R2=0.946
2025-07-17 11:39:14 - INFO - app - Step 127 → RMSE=4.551, MAE=2.280, MAPE=0.0748, R2=0.947
2025-07-17 11:39:14 - INFO - app - Step 128 → RMSE=4.220, MAE=2.211, MAPE=0.0736, R2=0.954
2025-07-17 11:39:14 - INFO - app - Step 129 → RMSE=9.919, MAE=6.576, MAPE=0.2993, R2=0.741
2025-07-17 11:39:14 - INFO - app - Step 130 → RMSE=4.712, MAE=2.432, MAPE=0.0815, R2=0.941
2025-07-17 11:39:14 - INFO - app - Step 131 → RMSE=4.586, MAE=2.576, MAPE=0.0834, R2=0.945
2025-07-17 11:39:14 - INFO - app - Step 132 → RMSE=16.199, MAE=12.298, MAPE=0.5664, R2=0.311
2025-07-17 11:39:14 - INFO - app - Step 133 → RMSE=4.943, MAE=3.118, MAPE=0.1075, R2=0.935
2025-07-17 11:39:14 - INFO - app - Step 134 → RMSE=14.184, MAE=10.434, MAPE=0.4756, R2=0.469
2025-07-17 11:39:14 - INFO - app - Step 135 → RMSE=7.802, MAE=5.359, MAPE=0.2095, R2=0.841
2025-07-17 11:39:14 - INFO - app - Step 136 → RMSE=9.629, MAE=7.369, MAPE=0.3319, R2=0.756
2025-07-17 11:39:15 - INFO - app - Step 137 → RMSE=7.995, MAE=4.858, MAPE=0.2116, R2=0.832
2025-07-17 11:39:15 - INFO - app - Step 138 → RMSE=4.614, MAE=2.571, MAPE=0.0894, R2=0.945
2025-07-17 11:39:15 - INFO - app - Step 139 → RMSE=4.671, MAE=3.211, MAPE=0.1382, R2=0.943
2025-07-17 11:39:15 - INFO - app - Step 140 → RMSE=16.143, MAE=12.265, MAPE=0.5560, R2=0.318
2025-07-17 11:39:15 - INFO - app - Step 141 → RMSE=17.333, MAE=13.430, MAPE=0.6104, R2=0.219
2025-07-17 11:39:15 - INFO - app - Step 142 → RMSE=4.236, MAE=2.469, MAPE=0.0794, R2=0.953
2025-07-17 11:39:15 - INFO - app - Step 143 → RMSE=17.814, MAE=13.973, MAPE=0.6435, R2=0.186
2025-07-17 11:39:15 - INFO - app - Step 144 → RMSE=3.816, MAE=2.121, MAPE=0.0716, R2=0.963
2025-07-17 11:39:15 - INFO - app - Step 145 → RMSE=11.373, MAE=8.022, MAPE=0.3581, R2=0.667
2025-07-17 11:39:15 - INFO - app - Step 146 → RMSE=4.549, MAE=2.569, MAPE=0.0837, R2=0.947
2025-07-17 11:39:16 - INFO - app - Step 147 → RMSE=4.406, MAE=2.540, MAPE=0.0839, R2=0.951
2025-07-17 11:39:16 - INFO - app - Step 148 → RMSE=12.901, MAE=9.510, MAPE=0.4444, R2=0.580
2025-07-17 11:39:16 - INFO - app - Step 149 → RMSE=12.312, MAE=8.937, MAPE=0.4119, R2=0.618
2025-07-17 11:39:16 - INFO - app - Step 150 → RMSE=17.515, MAE=13.878, MAPE=0.6220, R2=0.239
2025-07-17 11:39:16 - INFO - app - Step 151 → RMSE=4.069, MAE=2.334, MAPE=0.0754, R2=0.959
2025-07-17 11:39:16 - INFO - app - Step 152 → RMSE=4.060, MAE=2.361, MAPE=0.0763, R2=0.959
2025-07-17 11:39:16 - INFO - app - Step 153 → RMSE=14.298, MAE=10.596, MAPE=0.4908, R2=0.494
2025-07-17 11:39:16 - INFO - app - Step 154 → RMSE=9.363, MAE=6.849, MAPE=0.3166, R2=0.785
2025-07-17 11:39:16 - INFO - app - Step 155 → RMSE=4.071, MAE=2.433, MAPE=0.0780, R2=0.960
2025-07-17 11:39:16 - INFO - app - Step 156 → RMSE=4.123, MAE=2.291, MAPE=0.0706, R2=0.958
2025-07-17 11:39:16 - INFO - app - Step 157 → RMSE=4.099, MAE=2.360, MAPE=0.0759, R2=0.958
2025-07-17 11:39:17 - INFO - app - Step 158 → RMSE=3.838, MAE=2.213, MAPE=0.0736, R2=0.964
2025-07-17 11:39:17 - INFO - app - Step 159 → RMSE=4.343, MAE=2.461, MAPE=0.0815, R2=0.953
2025-07-17 11:39:17 - INFO - app - Step 160 → RMSE=4.639, MAE=2.437, MAPE=0.0734, R2=0.947
2025-07-17 11:39:17 - INFO - app - Step 161 → RMSE=10.776, MAE=7.578, MAPE=0.3536, R2=0.714
2025-07-17 11:39:17 - INFO - app - Step 162 → RMSE=5.997, MAE=3.178, MAPE=0.0926, R2=0.912
2025-07-17 11:39:17 - INFO - app - Step 163 → RMSE=15.481, MAE=11.756, MAPE=0.5370, R2=0.404
2025-07-17 11:39:17 - INFO - app - Step 164 → RMSE=15.106, MAE=11.609, MAPE=0.5396, R2=0.431
2025-07-17 11:39:17 - INFO - app - Step 165 → RMSE=4.363, MAE=2.414, MAPE=0.0750, R2=0.952
2025-07-17 11:39:17 - INFO - app - Step 166 → RMSE=5.075, MAE=2.597, MAPE=0.0776, R2=0.936
2025-07-17 11:39:17 - INFO - app - Step 167 → RMSE=5.179, MAE=3.127, MAPE=0.1124, R2=0.934
2025-07-17 11:39:17 - INFO - app - Step 168 → RMSE=13.734, MAE=9.968, MAPE=0.4604, R2=0.532
2025-07-17 11:39:18 - INFO - app - Step 169 → RMSE=12.665, MAE=8.982, MAPE=0.4018, R2=0.610
2025-07-17 11:39:18 - INFO - app - Step 170 → RMSE=4.277, MAE=2.415, MAPE=0.0743, R2=0.955
2025-07-17 11:39:18 - INFO - app - Step 171 → RMSE=9.720, MAE=6.749, MAPE=0.3172, R2=0.769
2025-07-17 11:39:18 - INFO - app - Step 172 → RMSE=11.633, MAE=8.976, MAPE=0.4212, R2=0.669
2025-07-17 11:39:18 - INFO - app - Step 173 → RMSE=9.891, MAE=7.340, MAPE=0.3389, R2=0.761
2025-07-17 11:39:18 - INFO - app - Step 174 → RMSE=9.407, MAE=6.699, MAPE=0.2959, R2=0.786
2025-07-17 11:39:18 - INFO - app - Step 175 → RMSE=6.793, MAE=5.182, MAPE=0.2187, R2=0.886
2025-07-17 11:39:18 - INFO - app - Step 176 → RMSE=8.826, MAE=6.394, MAPE=0.2792, R2=0.807
2025-07-17 11:39:18 - INFO - app - Step 177 → RMSE=14.099, MAE=10.615, MAPE=0.4860, R2=0.510
2025-07-17 11:39:18 - INFO - app - Step 178 → RMSE=12.219, MAE=8.899, MAPE=0.3984, R2=0.632
2025-07-17 11:39:19 - INFO - app - Step 179 → RMSE=11.413, MAE=8.455, MAPE=0.3795, R2=0.673
2025-07-17 11:39:19 - INFO - app - Step 180 → RMSE=14.542, MAE=10.870, MAPE=0.4875, R2=0.466
2025-07-17 11:39:19 - INFO - app - Step 181 → RMSE=5.822, MAE=4.318, MAPE=0.1710, R2=0.913
2025-07-17 11:39:19 - INFO - app - Step 182 → RMSE=16.619, MAE=12.780, MAPE=0.5760, R2=0.295
2025-07-17 11:39:19 - INFO - app - Step 183 → RMSE=4.826, MAE=2.855, MAPE=0.0886, R2=0.941
2025-07-17 11:39:19 - INFO - app - Step 184 → RMSE=6.539, MAE=4.338, MAPE=0.1811, R2=0.891
2025-07-17 11:39:19 - INFO - app - Step 185 → RMSE=4.851, MAE=2.817, MAPE=0.0829, R2=0.940
2025-07-17 11:39:19 - INFO - app - Step 186 → RMSE=4.794, MAE=2.677, MAPE=0.0817, R2=0.940
2025-07-17 11:39:19 - INFO - app - Step 187 → RMSE=14.651, MAE=11.090, MAPE=0.4999, R2=0.435
2025-07-17 11:39:19 - INFO - app - Step 188 → RMSE=18.822, MAE=15.004, MAPE=0.6784, R2=0.048
2025-07-17 11:39:19 - INFO - app - Step 189 → RMSE=20.452, MAE=16.618, MAPE=0.7430, R2=-0.119
2025-07-17 11:39:20 - INFO - app - Step 190 → RMSE=4.734, MAE=2.706, MAPE=0.0832, R2=0.941
2025-07-17 11:39:20 - INFO - app - Step 191 → RMSE=12.853, MAE=10.029, MAPE=0.4315, R2=0.568
2025-07-17 11:39:20 - INFO - app - Step 192 → RMSE=14.615, MAE=11.245, MAPE=0.5068, R2=0.431
2025-07-17 11:39:20 - INFO - app - Step 193 → RMSE=11.694, MAE=6.945, MAPE=0.3058, R2=0.638
2025-07-17 11:39:20 - INFO - app - Step 194 → RMSE=4.759, MAE=2.965, MAPE=0.1102, R2=0.940
2025-07-17 11:39:20 - INFO - app - Step 195 → RMSE=4.820, MAE=3.147, MAPE=0.1341, R2=0.939
2025-07-17 11:39:20 - INFO - app - Step 196 → RMSE=16.682, MAE=13.166, MAPE=0.6060, R2=0.279
2025-07-17 11:39:20 - INFO - app - Step 197 → RMSE=19.629, MAE=16.010, MAPE=0.7325, R2=0.006
2025-07-17 11:39:20 - INFO - app - Step 198 → RMSE=22.427, MAE=17.918, MAPE=0.8189, R2=-0.297
2025-07-17 11:39:20 - INFO - app - Step 199 → RMSE=20.514, MAE=16.512, MAPE=0.7477, R2=-0.084
2025-07-17 11:39:20 - INFO - app - Step 200 → RMSE=9.263, MAE=7.073, MAPE=0.3498, R2=0.777
2025-07-17 11:39:21 - INFO - app - Step 201 → RMSE=19.906, MAE=16.118, MAPE=0.7314, R2=-0.039
2025-07-17 11:39:21 - INFO - app - Step 202 → RMSE=12.007, MAE=9.222, MAPE=0.4205, R2=0.624
2025-07-17 11:39:21 - INFO - app - Step 203 → RMSE=20.652, MAE=16.826, MAPE=0.7568, R2=-0.112
2025-07-17 11:39:21 - INFO - app - Step 204 → RMSE=17.692, MAE=13.948, MAPE=0.6334, R2=0.190
2025-07-17 11:39:21 - INFO - app - Step 205 → RMSE=22.074, MAE=17.844, MAPE=0.8079, R2=-0.287
2025-07-17 11:39:21 - INFO - app - Step 206 → RMSE=18.316, MAE=14.668, MAPE=0.6530, R2=0.101
2025-07-17 11:39:21 - INFO - app - Step 207 → RMSE=10.798, MAE=8.143, MAPE=0.3708, R2=0.689
2025-07-17 11:39:21 - INFO - app - Step 208 → RMSE=21.224, MAE=17.237, MAPE=0.7739, R2=-0.208
2025-07-17 11:39:21 - INFO - app - Step 209 → RMSE=19.959, MAE=15.915, MAPE=0.7208, R2=-0.062
2025-07-17 11:39:21 - INFO - app - Step 210 → RMSE=18.496, MAE=14.464, MAPE=0.6536, R2=0.097
2025-07-17 11:39:22 - INFO - app - Step 211 → RMSE=18.653, MAE=14.846, MAPE=0.6699, R2=0.083
2025-07-17 11:39:22 - INFO - app - Step 212 → RMSE=13.077, MAE=9.824, MAPE=0.4617, R2=0.552
2025-07-17 11:39:22 - INFO - app - Step 213 → RMSE=11.271, MAE=8.339, MAPE=0.3800, R2=0.663
2025-07-17 11:39:22 - INFO - app - Step 214 → RMSE=10.910, MAE=8.089, MAPE=0.3702, R2=0.687
2025-07-17 11:39:22 - INFO - app - Step 215 → RMSE=6.539, MAE=3.694, MAPE=0.1146, R2=0.888
2025-07-17 11:39:22 - INFO - app - Step 216 → RMSE=5.406, MAE=2.783, MAPE=0.0840, R2=0.924
2025-07-17 11:39:22 - INFO - app - Step 217 → RMSE=11.066, MAE=8.357, MAPE=0.3878, R2=0.681
2025-07-17 11:39:22 - INFO - app - Step 218 → RMSE=15.438, MAE=11.934, MAPE=0.5444, R2=0.380
2025-07-17 11:39:22 - INFO - app - Step 219 → RMSE=19.157, MAE=15.031, MAPE=0.6815, R2=0.048
2025-07-17 11:39:22 - INFO - app - Step 220 → RMSE=17.556, MAE=13.525, MAPE=0.6121, R2=0.198
2025-07-17 11:39:22 - INFO - app - Step 221 → RMSE=11.029, MAE=7.582, MAPE=0.3327, R2=0.685
2025-07-17 11:39:23 - INFO - app - Step 222 → RMSE=13.063, MAE=9.023, MAPE=0.3917, R2=0.556
2025-07-17 11:39:23 - INFO - app - Step 223 → RMSE=5.659, MAE=3.486, MAPE=0.1200, R2=0.918
2025-07-17 11:39:23 - INFO - app - Step 224 → RMSE=17.786, MAE=13.499, MAPE=0.5948, R2=0.201
2025-07-17 11:39:23 - INFO - app - Step 225 → RMSE=20.282, MAE=16.148, MAPE=0.7229, R2=-0.047
2025-07-17 11:39:23 - INFO - app - Step 226 → RMSE=15.303, MAE=11.961, MAPE=0.5418, R2=0.412
2025-07-17 11:39:23 - INFO - app - Step 227 → RMSE=13.860, MAE=10.393, MAPE=0.4925, R2=0.525
2025-07-17 11:39:23 - INFO - app - ⚠️ Step 228 → No valid data for prediction, skipping
2025-07-17 11:39:23 - INFO - app - Step 229 → RMSE=13.131, MAE=9.764, MAPE=0.4465, R2=0.578
2025-07-17 11:39:23 - INFO - app - Step 230 → RMSE=14.296, MAE=11.191, MAPE=0.5202, R2=0.505
2025-07-17 11:39:23 - INFO - app - Step 231 → RMSE=14.801, MAE=11.764, MAPE=0.5416, R2=0.475
2025-07-17 11:39:23 - INFO - app - Step 232 → RMSE=14.723, MAE=11.594, MAPE=0.5384, R2=0.490
2025-07-17 11:39:24 - INFO - app - Step 233 → RMSE=14.275, MAE=11.231, MAPE=0.5250, R2=0.529
2025-07-17 11:39:24 - INFO - app - Step 234 → RMSE=14.442, MAE=10.940, MAPE=0.4927, R2=0.524
2025-07-17 11:39:26 - INFO - app - Step 235 → RMSE=9.533, MAE=7.534, MAPE=0.3424, R2=0.794
2025-07-17 11:39:26 - INFO - app - Step 236 → RMSE=4.087, MAE=2.374, MAPE=0.0733, R2=0.962
2025-07-17 11:39:26 - INFO - app - Step 237 → RMSE=11.586, MAE=8.991, MAPE=0.4120, R2=0.695
2025-07-17 11:39:26 - INFO - app - Step 238 → RMSE=5.827, MAE=4.107, MAPE=0.1806, R2=0.923
2025-07-17 11:39:26 - INFO - app - Step 239 → RMSE=5.917, MAE=3.931, MAPE=0.1605, R2=0.920
2025-07-17 11:39:26 - INFO - app - Step 240 → RMSE=6.703, MAE=4.540, MAPE=0.1865, R2=0.896
2025-07-17 11:39:26 - INFO - app - Step 241 → RMSE=12.906, MAE=9.757, MAPE=0.4622, R2=0.609
2025-07-17 11:39:26 - INFO - app - Step 242 → RMSE=4.845, MAE=3.413, MAPE=0.1367, R2=0.945
2025-07-17 11:39:26 - INFO - app - Step 243 → RMSE=5.970, MAE=4.351, MAPE=0.1837, R2=0.917
2025-07-17 11:39:26 - INFO - app - Step 244 → RMSE=3.927, MAE=2.427, MAPE=0.0815, R2=0.964
2025-07-17 11:39:27 - INFO - app - Step 245 → RMSE=6.472, MAE=4.686, MAPE=0.2160, R2=0.900
2025-07-17 11:39:27 - INFO - app - Step 246 → RMSE=9.584, MAE=7.069, MAPE=0.3225, R2=0.782
2025-07-17 11:39:27 - INFO - app - Step 247 → RMSE=3.800, MAE=2.374, MAPE=0.0799, R2=0.966
2025-07-17 11:39:27 - INFO - app - Step 248 → RMSE=3.587, MAE=2.108, MAPE=0.0710, R2=0.970
2025-07-17 11:39:27 - INFO - app - Step 249 → RMSE=8.448, MAE=6.442, MAPE=0.2859, R2=0.832
2025-07-17 11:39:27 - INFO - app - Step 250 → RMSE=7.943, MAE=6.002, MAPE=0.2688, R2=0.850
2025-07-17 11:39:27 - INFO - app - Step 251 → RMSE=3.998, MAE=2.490, MAPE=0.0822, R2=0.962
2025-07-17 11:39:27 - INFO - app - Step 252 → RMSE=11.226, MAE=8.217, MAPE=0.3551, R2=0.695
2025-07-17 11:39:27 - INFO - app - Step 253 → RMSE=11.334, MAE=8.243, MAPE=0.3564, R2=0.692
2025-07-17 11:39:27 - INFO - app - ⚠️ Step 254 → No valid data for prediction, skipping
2025-07-17 11:39:27 - INFO - app - Step 255 → RMSE=3.515, MAE=2.183, MAPE=0.0691, R2=0.970
2025-07-17 11:39:28 - INFO - app - Step 256 → RMSE=3.696, MAE=2.229, MAPE=0.0721, R2=0.967
2025-07-17 11:39:28 - INFO - app - Step 257 → RMSE=3.601, MAE=2.063, MAPE=0.0675, R2=0.969
2025-07-17 11:39:28 - INFO - app - Step 258 → RMSE=3.913, MAE=2.373, MAPE=0.0740, R2=0.964
2025-07-17 11:39:28 - INFO - app - Step 259 → RMSE=4.810, MAE=3.365, MAPE=0.1332, R2=0.945
2025-07-17 11:39:28 - INFO - app - Step 260 → RMSE=4.011, MAE=2.465, MAPE=0.0835, R2=0.962
2025-07-17 11:39:28 - INFO - app - Step 261 → RMSE=3.738, MAE=2.386, MAPE=0.0820, R2=0.967
2025-07-17 11:39:28 - INFO - app - Step 262 → RMSE=4.107, MAE=2.586, MAPE=0.0870, R2=0.960
2025-07-17 11:39:28 - INFO - app - Step 263 → RMSE=3.742, MAE=2.339, MAPE=0.0776, R2=0.967
2025-07-17 11:39:28 - INFO - app - Step 264 → RMSE=3.755, MAE=2.260, MAPE=0.0733, R2=0.967
2025-07-17 11:39:28 - INFO - app - Step 265 → RMSE=3.533, MAE=2.091, MAPE=0.0671, R2=0.971
2025-07-17 11:39:28 - INFO - app - Step 266 → RMSE=3.540, MAE=2.104, MAPE=0.0676, R2=0.970
2025-07-17 11:39:29 - INFO - app - Step 267 → RMSE=3.374, MAE=2.054, MAPE=0.0679, R2=0.973
2025-07-17 11:39:29 - INFO - app - Step 268 → RMSE=3.635, MAE=2.288, MAPE=0.0732, R2=0.969
2025-07-17 11:39:29 - INFO - app - Step 269 → RMSE=3.555, MAE=2.196, MAPE=0.0707, R2=0.971
2025-07-17 11:39:29 - INFO - app - Step 270 → RMSE=3.618, MAE=2.201, MAPE=0.0696, R2=0.970
2025-07-17 11:39:29 - INFO - app - Step 271 → RMSE=3.863, MAE=2.471, MAPE=0.0822, R2=0.965
2025-07-17 11:39:29 - INFO - app - Step 272 → RMSE=4.764, MAE=3.650, MAPE=0.1548, R2=0.947
2025-07-17 11:39:29 - INFO - app - Step 273 → RMSE=3.729, MAE=2.442, MAPE=0.0850, R2=0.967
2025-07-17 11:39:29 - INFO - app - Step 274 → RMSE=3.804, MAE=2.482, MAPE=0.0831, R2=0.966
2025-07-17 11:39:29 - INFO - app - Step 275 → RMSE=3.638, MAE=2.349, MAPE=0.0792, R2=0.969
2025-07-17 11:39:29 - INFO - app - Step 276 → RMSE=4.431, MAE=2.988, MAPE=0.1049, R2=0.954
2025-07-17 11:39:30 - INFO - app - Step 277 → RMSE=4.427, MAE=3.040, MAPE=0.1095, R2=0.955
2025-07-17 11:39:30 - INFO - app - Step 278 → RMSE=4.148, MAE=2.490, MAPE=0.0792, R2=0.960
2025-07-17 11:39:30 - INFO - app - Step 279 → RMSE=4.167, MAE=2.445, MAPE=0.0762, R2=0.960
2025-07-17 11:39:30 - INFO - app - Step 280 → RMSE=4.083, MAE=2.427, MAPE=0.0745, R2=0.961
2025-07-17 11:39:30 - INFO - app - Step 281 → RMSE=4.151, MAE=2.520, MAPE=0.0771, R2=0.960
2025-07-17 11:39:30 - INFO - app - Step 282 → RMSE=4.038, MAE=2.470, MAPE=0.0753, R2=0.962
2025-07-17 11:39:30 - INFO - app - Step 283 → RMSE=4.669, MAE=2.870, MAPE=0.0897, R2=0.950
2025-07-17 11:39:30 - INFO - app - Step 284 → RMSE=4.283, MAE=2.581, MAPE=0.0830, R2=0.958
2025-07-17 11:39:30 - INFO - app - Step 285 → RMSE=4.132, MAE=2.522, MAPE=0.0804, R2=0.961
2025-07-17 11:39:30 - INFO - app - Step 286 → RMSE=4.340, MAE=2.736, MAPE=0.0861, R2=0.957
2025-07-17 11:39:30 - INFO - app - Step 287 → RMSE=4.425, MAE=2.716, MAPE=0.0840, R2=0.955
2025-07-17 11:39:30 - INFO - app - Overall  → RMSE=9.082, MAE=5.325, MAPE=0.2200, R2=0.798
