2025-07-21 14:26:59 - INFO - app - 📆 date_range 모드: 총 81일 간 데이터 조회 예정 → [datetime.datetime(2025, 3, 11, 0, 0), datetime.datetime(2025, 3, 12, 0, 0), datetime.datetime(2025, 3, 13, 0, 0), datetime.datetime(2025, 3, 14, 0, 0), datetime.datetime(2025, 3, 15, 0, 0), datetime.datetime(2025, 3, 16, 0, 0), datetime.datetime(2025, 3, 17, 0, 0), datetime.datetime(2025, 3, 18, 0, 0), datetime.datetime(2025, 3, 19, 0, 0), datetime.datetime(2025, 3, 20, 0, 0), datetime.datetime(2025, 3, 21, 0, 0), datetime.datetime(2025, 3, 22, 0, 0), datetime.datetime(2025, 3, 23, 0, 0), datetime.datetime(2025, 3, 24, 0, 0), datetime.datetime(2025, 3, 25, 0, 0), datetime.datetime(2025, 3, 26, 0, 0), datetime.datetime(2025, 3, 27, 0, 0), datetime.datetime(2025, 3, 28, 0, 0), datetime.datetime(2025, 3, 29, 0, 0), datetime.datetime(2025, 3, 30, 0, 0), datetime.datetime(2025, 3, 31, 0, 0), datetime.datetime(2025, 4, 1, 0, 0), datetime.datetime(2025, 4, 2, 0, 0), datetime.datetime(2025, 4, 3, 0, 0), datetime.datetime(2025, 4, 4, 0, 0), datetime.datetime(2025, 4, 5, 0, 0), datetime.datetime(2025, 4, 6, 0, 0), datetime.datetime(2025, 4, 7, 0, 0), datetime.datetime(2025, 4, 8, 0, 0), datetime.datetime(2025, 4, 9, 0, 0), datetime.datetime(2025, 4, 10, 0, 0), datetime.datetime(2025, 4, 11, 0, 0), datetime.datetime(2025, 4, 12, 0, 0), datetime.datetime(2025, 4, 13, 0, 0), datetime.datetime(2025, 4, 14, 0, 0), datetime.datetime(2025, 4, 15, 0, 0), datetime.datetime(2025, 4, 16, 0, 0), datetime.datetime(2025, 4, 17, 0, 0), datetime.datetime(2025, 4, 18, 0, 0), datetime.datetime(2025, 4, 19, 0, 0), datetime.datetime(2025, 4, 20, 0, 0), datetime.datetime(2025, 4, 21, 0, 0), datetime.datetime(2025, 4, 22, 0, 0), datetime.datetime(2025, 4, 23, 0, 0), datetime.datetime(2025, 4, 24, 0, 0), datetime.datetime(2025, 4, 25, 0, 0), datetime.datetime(2025, 4, 26, 0, 0), datetime.datetime(2025, 4, 27, 0, 0), datetime.datetime(2025, 4, 28, 0, 0), datetime.datetime(2025, 4, 29, 0, 0), datetime.datetime(2025, 4, 30, 0, 0), datetime.datetime(2025, 5, 1, 0, 0), datetime.datetime(2025, 5, 2, 0, 0), datetime.datetime(2025, 5, 3, 0, 0), datetime.datetime(2025, 5, 4, 0, 0), datetime.datetime(2025, 5, 5, 0, 0), datetime.datetime(2025, 5, 6, 0, 0), datetime.datetime(2025, 5, 7, 0, 0), datetime.datetime(2025, 5, 8, 0, 0), datetime.datetime(2025, 5, 9, 0, 0), datetime.datetime(2025, 5, 10, 0, 0), datetime.datetime(2025, 5, 11, 0, 0), datetime.datetime(2025, 5, 12, 0, 0), datetime.datetime(2025, 5, 13, 0, 0), datetime.datetime(2025, 5, 14, 0, 0), datetime.datetime(2025, 5, 15, 0, 0), datetime.datetime(2025, 5, 16, 0, 0), datetime.datetime(2025, 5, 17, 0, 0), datetime.datetime(2025, 5, 18, 0, 0), datetime.datetime(2025, 5, 19, 0, 0), datetime.datetime(2025, 5, 20, 0, 0), datetime.datetime(2025, 5, 21, 0, 0), datetime.datetime(2025, 5, 22, 0, 0), datetime.datetime(2025, 5, 23, 0, 0), datetime.datetime(2025, 5, 24, 0, 0), datetime.datetime(2025, 5, 25, 0, 0), datetime.datetime(2025, 5, 26, 0, 0), datetime.datetime(2025, 5, 27, 0, 0), datetime.datetime(2025, 5, 28, 0, 0), datetime.datetime(2025, 5, 29, 0, 0), datetime.datetime(2025, 5, 30, 0, 0)]
2025-07-21 14:26:59 - INFO - app - 🚀 시작 – MongoDB → Parquet 스트리밍
2025-07-21 14:26:59 - INFO - app - 📡 [2025-03-11 00:00:00] 컬렉션 연결
2025-07-21 14:27:00 - INFO - app - ℹ️ [2025-03-11 00:00:00 00:00-23:59] 문서 없음
2025-07-21 14:27:00 - WARNING - app - ⚠️ [2025-03-11 00:00:00] 전체 데이터 없음, 다음 날짜로
2025-07-21 14:27:00 - INFO - app - 📡 [2025-03-12 00:00:00] 컬렉션 연결
2025-07-21 14:27:00 - INFO - app - ℹ️ [2025-03-12 00:00:00 00:00-23:59] 문서 없음
2025-07-21 14:27:00 - WARNING - app - ⚠️ [2025-03-12 00:00:00] 전체 데이터 없음, 다음 날짜로
2025-07-21 14:27:00 - INFO - app - 📡 [2025-03-13 00:00:00] 컬렉션 연결
2025-07-21 14:27:00 - INFO - app - ℹ️ [2025-03-13 00:00:00 00:00-23:59] 문서 없음
2025-07-21 14:27:00 - WARNING - app - ⚠️ [2025-03-13 00:00:00] 전체 데이터 없음, 다음 날짜로
2025-07-21 14:27:00 - INFO - app - 📡 [2025-03-14 00:00:00] 컬렉션 연결
2025-07-21 14:27:00 - INFO - app - ℹ️ [2025-03-14 00:00:00 00:00-23:59] 문서 없음
2025-07-21 14:27:00 - WARNING - app - ⚠️ [2025-03-14 00:00:00] 전체 데이터 없음, 다음 날짜로
2025-07-21 14:27:00 - INFO - app - 📡 [2025-03-15 00:00:00] 컬렉션 연결
2025-07-21 14:27:00 - INFO - app - ℹ️ [2025-03-15 00:00:00 00:00-23:59] 문서 없음
2025-07-21 14:27:00 - WARNING - app - ⚠️ [2025-03-15 00:00:00] 전체 데이터 없음, 다음 날짜로
2025-07-21 14:27:00 - INFO - app - 📡 [2025-03-16 00:00:00] 컬렉션 연결
2025-07-21 14:27:00 - INFO - app - ℹ️ [2025-03-16 00:00:00 00:00-23:59] 문서 없음
2025-07-21 14:27:00 - WARNING - app - ⚠️ [2025-03-16 00:00:00] 전체 데이터 없음, 다음 날짜로
2025-07-21 14:27:00 - INFO - app - 📡 [2025-03-17 00:00:00] 컬렉션 연결
2025-07-21 14:27:00 - INFO - app - ℹ️ [2025-03-17 00:00:00 00:00-23:59] 문서 없음
2025-07-21 14:27:00 - WARNING - app - ⚠️ [2025-03-17 00:00:00] 전체 데이터 없음, 다음 날짜로
2025-07-21 14:27:00 - INFO - app - 📡 [2025-03-18 00:00:00] 컬렉션 연결
2025-07-21 14:27:00 - INFO - app - ℹ️ [2025-03-18 00:00:00 00:00-23:59] 문서 없음
2025-07-21 14:27:00 - WARNING - app - ⚠️ [2025-03-18 00:00:00] 전체 데이터 없음, 다음 날짜로
2025-07-21 14:27:00 - INFO - app - 📡 [2025-03-19 00:00:00] 컬렉션 연결
2025-07-21 14:27:00 - INFO - app - ℹ️ [2025-03-19 00:00:00 00:00-23:59] 문서 없음
2025-07-21 14:27:00 - WARNING - app - ⚠️ [2025-03-19 00:00:00] 전체 데이터 없음, 다음 날짜로
2025-07-21 14:27:00 - INFO - app - 📡 [2025-03-20 00:00:00] 컬렉션 연결
2025-07-21 14:27:00 - INFO - app - ℹ️ [2025-03-20 00:00:00 00:00-23:59] 문서 없음
2025-07-21 14:27:00 - WARNING - app - ⚠️ [2025-03-20 00:00:00] 전체 데이터 없음, 다음 날짜로
2025-07-21 14:27:00 - INFO - app - 📡 [2025-03-21 00:00:00] 컬렉션 연결
2025-07-21 14:27:00 - INFO - app - ℹ️ [2025-03-21 00:00:00 00:00-23:59] 문서 없음
2025-07-21 14:27:00 - WARNING - app - ⚠️ [2025-03-21 00:00:00] 전체 데이터 없음, 다음 날짜로
2025-07-21 14:27:00 - INFO - app - 📡 [2025-03-22 00:00:00] 컬렉션 연결
2025-07-21 14:27:00 - INFO - app - ℹ️ [2025-03-22 00:00:00 00:00-23:59] 문서 없음
2025-07-21 14:27:00 - WARNING - app - ⚠️ [2025-03-22 00:00:00] 전체 데이터 없음, 다음 날짜로
2025-07-21 14:27:00 - INFO - app - 📡 [2025-03-23 00:00:00] 컬렉션 연결
2025-07-21 14:27:00 - INFO - app - ℹ️ [2025-03-23 00:00:00 00:00-23:59] 문서 없음
2025-07-21 14:27:00 - WARNING - app - ⚠️ [2025-03-23 00:00:00] 전체 데이터 없음, 다음 날짜로
2025-07-21 14:27:00 - INFO - app - 📡 [2025-03-24 00:00:00] 컬렉션 연결
2025-07-21 14:27:00 - INFO - app - ℹ️ [2025-03-24 00:00:00 00:00-23:59] 문서 없음
2025-07-21 14:27:00 - WARNING - app - ⚠️ [2025-03-24 00:00:00] 전체 데이터 없음, 다음 날짜로
2025-07-21 14:27:00 - INFO - app - 📡 [2025-03-25 00:00:00] 컬렉션 연결
2025-07-21 14:27:00 - INFO - app - ℹ️ [2025-03-25 00:00:00 00:00-23:59] 문서 없음
2025-07-21 14:27:00 - WARNING - app - ⚠️ [2025-03-25 00:00:00] 전체 데이터 없음, 다음 날짜로
2025-07-21 14:27:00 - INFO - app - 📡 [2025-03-26 00:00:00] 컬렉션 연결
2025-07-21 14:27:00 - INFO - app - ℹ️ [2025-03-26 00:00:00 00:00-23:59] 문서 없음
2025-07-21 14:27:00 - WARNING - app - ⚠️ [2025-03-26 00:00:00] 전체 데이터 없음, 다음 날짜로
2025-07-21 14:27:00 - INFO - app - 📡 [2025-03-27 00:00:00] 컬렉션 연결
2025-07-21 14:27:00 - INFO - app - ℹ️ [2025-03-27 00:00:00 00:00-23:59] 문서 없음
2025-07-21 14:27:00 - WARNING - app - ⚠️ [2025-03-27 00:00:00] 전체 데이터 없음, 다음 날짜로
2025-07-21 14:27:00 - INFO - app - 📡 [2025-03-28 00:00:00] 컬렉션 연결
2025-07-21 14:27:00 - INFO - app - ℹ️ [2025-03-28 00:00:00 00:00-23:59] 문서 없음
2025-07-21 14:27:00 - WARNING - app - ⚠️ [2025-03-28 00:00:00] 전체 데이터 없음, 다음 날짜로
2025-07-21 14:27:00 - INFO - app - 📡 [2025-03-29 00:00:00] 컬렉션 연결
2025-07-21 14:27:00 - INFO - app - ℹ️ [2025-03-29 00:00:00 00:00-23:59] 문서 없음
2025-07-21 14:27:00 - WARNING - app - ⚠️ [2025-03-29 00:00:00] 전체 데이터 없음, 다음 날짜로
2025-07-21 14:27:00 - INFO - app - 📡 [2025-03-30 00:00:00] 컬렉션 연결
2025-07-21 14:27:00 - INFO - app - ℹ️ [2025-03-30 00:00:00 00:00-23:59] 문서 없음
2025-07-21 14:27:00 - WARNING - app - ⚠️ [2025-03-30 00:00:00] 전체 데이터 없음, 다음 날짜로
2025-07-21 14:27:00 - INFO - app - 📡 [2025-03-31 00:00:00] 컬렉션 연결
2025-07-21 14:27:00 - INFO - app - ℹ️ [2025-03-31 00:00:00 00:00-23:59] 문서 없음
2025-07-21 14:27:00 - WARNING - app - ⚠️ [2025-03-31 00:00:00] 전체 데이터 없음, 다음 날짜로
2025-07-21 14:27:00 - INFO - app - 📡 [2025-04-01 00:00:00] 컬렉션 연결
2025-07-21 14:27:01 - INFO - app - ℹ️ [2025-04-01 00:00:00 00:00-23:59] 문서 없음
2025-07-21 14:27:01 - WARNING - app - ⚠️ [2025-04-01 00:00:00] 전체 데이터 없음, 다음 날짜로
2025-07-21 14:27:01 - INFO - app - 📡 [2025-04-02 00:00:00] 컬렉션 연결
2025-07-21 14:27:01 - INFO - app - ℹ️ [2025-04-02 00:00:00 00:00-23:59] 문서 없음
2025-07-21 14:27:01 - WARNING - app - ⚠️ [2025-04-02 00:00:00] 전체 데이터 없음, 다음 날짜로
2025-07-21 14:27:01 - INFO - app - 📡 [2025-04-03 00:00:00] 컬렉션 연결
2025-07-21 14:27:01 - INFO - app - ℹ️ [2025-04-03 00:00:00 00:00-23:59] 문서 없음
2025-07-21 14:27:01 - WARNING - app - ⚠️ [2025-04-03 00:00:00] 전체 데이터 없음, 다음 날짜로
2025-07-21 14:27:01 - INFO - app - 📡 [2025-04-04 00:00:00] 컬렉션 연결
2025-07-21 14:27:01 - INFO - app - ℹ️ [2025-04-04 00:00:00 00:00-23:59] 문서 없음
2025-07-21 14:27:01 - WARNING - app - ⚠️ [2025-04-04 00:00:00] 전체 데이터 없음, 다음 날짜로
2025-07-21 14:27:01 - INFO - app - 📡 [2025-04-05 00:00:00] 컬렉션 연결
2025-07-21 14:27:01 - INFO - app - ℹ️ [2025-04-05 00:00:00 00:00-23:59] 문서 없음
2025-07-21 14:27:01 - WARNING - app - ⚠️ [2025-04-05 00:00:00] 전체 데이터 없음, 다음 날짜로
2025-07-21 14:27:01 - INFO - app - 📡 [2025-04-06 00:00:00] 컬렉션 연결
2025-07-21 14:27:01 - INFO - app - ℹ️ [2025-04-06 00:00:00 00:00-23:59] 문서 없음
2025-07-21 14:27:01 - WARNING - app - ⚠️ [2025-04-06 00:00:00] 전체 데이터 없음, 다음 날짜로
2025-07-21 14:27:01 - INFO - app - 📡 [2025-04-07 00:00:00] 컬렉션 연결
2025-07-21 14:27:01 - INFO - app - ℹ️ [2025-04-07 00:00:00 00:00-23:59] 문서 없음
2025-07-21 14:27:01 - WARNING - app - ⚠️ [2025-04-07 00:00:00] 전체 데이터 없음, 다음 날짜로
2025-07-21 14:27:01 - INFO - app - 📡 [2025-04-08 00:00:00] 컬렉션 연결
2025-07-21 14:27:01 - INFO - app - ℹ️ [2025-04-08 00:00:00 00:00-23:59] 문서 없음
2025-07-21 14:27:01 - WARNING - app - ⚠️ [2025-04-08 00:00:00] 전체 데이터 없음, 다음 날짜로
2025-07-21 14:27:01 - INFO - app - 📡 [2025-04-09 00:00:00] 컬렉션 연결
2025-07-21 14:27:01 - INFO - app - ℹ️ [2025-04-09 00:00:00 00:00-23:59] 문서 없음
2025-07-21 14:27:01 - WARNING - app - ⚠️ [2025-04-09 00:00:00] 전체 데이터 없음, 다음 날짜로
2025-07-21 14:27:01 - INFO - app - 📡 [2025-04-10 00:00:00] 컬렉션 연결
2025-07-21 14:27:01 - INFO - app - ℹ️ [2025-04-10 00:00:00 00:00-23:59] 문서 없음
2025-07-21 14:27:01 - WARNING - app - ⚠️ [2025-04-10 00:00:00] 전체 데이터 없음, 다음 날짜로
2025-07-21 14:27:01 - INFO - app - 📡 [2025-04-11 00:00:00] 컬렉션 연결
2025-07-21 14:27:01 - INFO - app - ℹ️ [2025-04-11 00:00:00 00:00-23:59] 문서 없음
2025-07-21 14:27:01 - WARNING - app - ⚠️ [2025-04-11 00:00:00] 전체 데이터 없음, 다음 날짜로
2025-07-21 14:27:01 - INFO - app - 📡 [2025-04-12 00:00:00] 컬렉션 연결
2025-07-21 14:27:01 - INFO - app - ℹ️ [2025-04-12 00:00:00 00:00-23:59] 문서 없음
2025-07-21 14:27:01 - WARNING - app - ⚠️ [2025-04-12 00:00:00] 전체 데이터 없음, 다음 날짜로
2025-07-21 14:27:01 - INFO - app - 📡 [2025-04-13 00:00:00] 컬렉션 연결
2025-07-21 14:27:01 - INFO - app - ℹ️ [2025-04-13 00:00:00 00:00-23:59] 문서 없음
2025-07-21 14:27:01 - WARNING - app - ⚠️ [2025-04-13 00:00:00] 전체 데이터 없음, 다음 날짜로
2025-07-21 14:27:01 - INFO - app - 📡 [2025-04-14 00:00:00] 컬렉션 연결
2025-07-21 14:27:01 - INFO - app - ℹ️ [2025-04-14 00:00:00 00:00-23:59] 문서 없음
2025-07-21 14:27:01 - WARNING - app - ⚠️ [2025-04-14 00:00:00] 전체 데이터 없음, 다음 날짜로
2025-07-21 14:27:01 - INFO - app - 📡 [2025-04-15 00:00:00] 컬렉션 연결
2025-07-21 14:27:01 - INFO - app - ℹ️ [2025-04-15 00:00:00 00:00-23:59] 문서 없음
2025-07-21 14:27:01 - WARNING - app - ⚠️ [2025-04-15 00:00:00] 전체 데이터 없음, 다음 날짜로
2025-07-21 14:27:01 - INFO - app - 📡 [2025-04-16 00:00:00] 컬렉션 연결
2025-07-21 14:27:01 - INFO - app - ℹ️ [2025-04-16 00:00:00 00:00-23:59] 문서 없음
2025-07-21 14:27:01 - WARNING - app - ⚠️ [2025-04-16 00:00:00] 전체 데이터 없음, 다음 날짜로
2025-07-21 14:27:01 - INFO - app - 📡 [2025-04-17 00:00:00] 컬렉션 연결
2025-07-21 14:27:01 - INFO - app - ℹ️ [2025-04-17 00:00:00 00:00-23:59] 문서 없음
2025-07-21 14:27:01 - WARNING - app - ⚠️ [2025-04-17 00:00:00] 전체 데이터 없음, 다음 날짜로
2025-07-21 14:27:01 - INFO - app - 📡 [2025-04-18 00:00:00] 컬렉션 연결
2025-07-21 14:27:01 - INFO - app - ℹ️ [2025-04-18 00:00:00 00:00-23:59] 문서 없음
2025-07-21 14:27:01 - WARNING - app - ⚠️ [2025-04-18 00:00:00] 전체 데이터 없음, 다음 날짜로
2025-07-21 14:27:01 - INFO - app - 📡 [2025-04-19 00:00:00] 컬렉션 연결
2025-07-21 14:27:01 - INFO - app - ℹ️ [2025-04-19 00:00:00 00:00-23:59] 문서 없음
2025-07-21 14:27:01 - WARNING - app - ⚠️ [2025-04-19 00:00:00] 전체 데이터 없음, 다음 날짜로
2025-07-21 14:27:01 - INFO - app - 📡 [2025-04-20 00:00:00] 컬렉션 연결
2025-07-21 14:27:02 - INFO - app - ℹ️ [2025-04-20 00:00:00 00:00-23:59] 문서 없음
2025-07-21 14:27:02 - WARNING - app - ⚠️ [2025-04-20 00:00:00] 전체 데이터 없음, 다음 날짜로
2025-07-21 14:27:02 - INFO - app - 📡 [2025-04-21 00:00:00] 컬렉션 연결
2025-07-21 14:27:02 - INFO - app - ℹ️ [2025-04-21 00:00:00 00:00-23:59] 문서 없음
2025-07-21 14:27:02 - WARNING - app - ⚠️ [2025-04-21 00:00:00] 전체 데이터 없음, 다음 날짜로
2025-07-21 14:27:02 - INFO - app - 📡 [2025-04-22 00:00:00] 컬렉션 연결
2025-07-21 14:27:02 - INFO - app - ℹ️ [2025-04-22 00:00:00 00:00-23:59] 문서 없음
2025-07-21 14:27:02 - WARNING - app - ⚠️ [2025-04-22 00:00:00] 전체 데이터 없음, 다음 날짜로
2025-07-21 14:27:02 - INFO - app - 📡 [2025-04-23 00:00:00] 컬렉션 연결
2025-07-21 14:27:02 - INFO - app - ℹ️ [2025-04-23 00:00:00 00:00-23:59] 문서 없음
2025-07-21 14:27:02 - WARNING - app - ⚠️ [2025-04-23 00:00:00] 전체 데이터 없음, 다음 날짜로
2025-07-21 14:27:02 - INFO - app - 📡 [2025-04-24 00:00:00] 컬렉션 연결
2025-07-21 14:27:02 - INFO - app - ℹ️ [2025-04-24 00:00:00 00:00-23:59] 문서 없음
2025-07-21 14:27:02 - WARNING - app - ⚠️ [2025-04-24 00:00:00] 전체 데이터 없음, 다음 날짜로
2025-07-21 14:27:02 - INFO - app - 📡 [2025-04-25 00:00:00] 컬렉션 연결
2025-07-21 14:27:02 - INFO - app - ℹ️ [2025-04-25 00:00:00 00:00-23:59] 문서 없음
2025-07-21 14:27:02 - WARNING - app - ⚠️ [2025-04-25 00:00:00] 전체 데이터 없음, 다음 날짜로
2025-07-21 14:27:02 - INFO - app - 📡 [2025-04-26 00:00:00] 컬렉션 연결
2025-07-21 14:27:02 - INFO - app - ℹ️ [2025-04-26 00:00:00 00:00-23:59] 문서 없음
2025-07-21 14:27:02 - WARNING - app - ⚠️ [2025-04-26 00:00:00] 전체 데이터 없음, 다음 날짜로
2025-07-21 14:27:02 - INFO - app - 📡 [2025-04-27 00:00:00] 컬렉션 연결
2025-07-21 14:27:02 - INFO - app - ℹ️ [2025-04-27 00:00:00 00:00-23:59] 문서 없음
2025-07-21 14:27:02 - WARNING - app - ⚠️ [2025-04-27 00:00:00] 전체 데이터 없음, 다음 날짜로
2025-07-21 14:27:02 - INFO - app - 📡 [2025-04-28 00:00:00] 컬렉션 연결
2025-07-21 14:27:02 - INFO - app - ℹ️ [2025-04-28 00:00:00 00:00-23:59] 문서 없음
2025-07-21 14:27:02 - WARNING - app - ⚠️ [2025-04-28 00:00:00] 전체 데이터 없음, 다음 날짜로
2025-07-21 14:27:02 - INFO - app - 📡 [2025-04-29 00:00:00] 컬렉션 연결
2025-07-21 14:27:02 - INFO - app - ℹ️ [2025-04-29 00:00:00 00:00-23:59] 문서 없음
2025-07-21 14:27:02 - WARNING - app - ⚠️ [2025-04-29 00:00:00] 전체 데이터 없음, 다음 날짜로
2025-07-21 14:27:02 - INFO - app - 📡 [2025-04-30 00:00:00] 컬렉션 연결
2025-07-21 14:27:02 - INFO - app - ℹ️ [2025-04-30 00:00:00 00:00-23:59] 문서 없음
2025-07-21 14:27:02 - WARNING - app - ⚠️ [2025-04-30 00:00:00] 전체 데이터 없음, 다음 날짜로
2025-07-21 14:27:02 - INFO - app - 📡 [2025-05-01 00:00:00] 컬렉션 연결
2025-07-21 14:27:02 - INFO - app - ℹ️ [2025-05-01 00:00:00 00:00-23:59] 문서 없음
2025-07-21 14:27:02 - WARNING - app - ⚠️ [2025-05-01 00:00:00] 전체 데이터 없음, 다음 날짜로
2025-07-21 14:27:02 - INFO - app - 📡 [2025-05-02 00:00:00] 컬렉션 연결
2025-07-21 14:27:02 - INFO - app - ℹ️ [2025-05-02 00:00:00 00:00-23:59] 문서 없음
2025-07-21 14:27:02 - WARNING - app - ⚠️ [2025-05-02 00:00:00] 전체 데이터 없음, 다음 날짜로
2025-07-21 14:27:02 - INFO - app - 📡 [2025-05-03 00:00:00] 컬렉션 연결
2025-07-21 14:27:02 - INFO - app - ℹ️ [2025-05-03 00:00:00 00:00-23:59] 문서 없음
2025-07-21 14:27:02 - WARNING - app - ⚠️ [2025-05-03 00:00:00] 전체 데이터 없음, 다음 날짜로
2025-07-21 14:27:02 - INFO - app - 📡 [2025-05-04 00:00:00] 컬렉션 연결
2025-07-21 14:27:02 - INFO - app - ℹ️ [2025-05-04 00:00:00 00:00-23:59] 문서 없음
2025-07-21 14:27:02 - WARNING - app - ⚠️ [2025-05-04 00:00:00] 전체 데이터 없음, 다음 날짜로
2025-07-21 14:27:02 - INFO - app - 📡 [2025-05-05 00:00:00] 컬렉션 연결
2025-07-21 14:27:02 - INFO - app - ℹ️ [2025-05-05 00:00:00 00:00-23:59] 문서 없음
2025-07-21 14:27:02 - WARNING - app - ⚠️ [2025-05-05 00:00:00] 전체 데이터 없음, 다음 날짜로
2025-07-21 14:27:02 - INFO - app - 📡 [2025-05-06 00:00:00] 컬렉션 연결
2025-07-21 14:27:02 - INFO - app - ℹ️ [2025-05-06 00:00:00 00:00-23:59] 문서 없음
2025-07-21 14:27:02 - WARNING - app - ⚠️ [2025-05-06 00:00:00] 전체 데이터 없음, 다음 날짜로
2025-07-21 14:27:02 - INFO - app - 📡 [2025-05-07 00:00:00] 컬렉션 연결
2025-07-21 14:27:02 - INFO - app - ℹ️ [2025-05-07 00:00:00 00:00-23:59] 문서 없음
2025-07-21 14:27:02 - WARNING - app - ⚠️ [2025-05-07 00:00:00] 전체 데이터 없음, 다음 날짜로
2025-07-21 14:27:02 - INFO - app - 📡 [2025-05-08 00:00:00] 컬렉션 연결
2025-07-21 14:27:02 - INFO - app - ℹ️ [2025-05-08 00:00:00 00:00-23:59] 문서 없음
2025-07-21 14:27:02 - WARNING - app - ⚠️ [2025-05-08 00:00:00] 전체 데이터 없음, 다음 날짜로
2025-07-21 14:27:02 - INFO - app - 📡 [2025-05-09 00:00:00] 컬렉션 연결
2025-07-21 14:27:03 - INFO - app - ℹ️ [2025-05-09 00:00:00 00:00-23:59] 문서 없음
2025-07-21 14:27:03 - WARNING - app - ⚠️ [2025-05-09 00:00:00] 전체 데이터 없음, 다음 날짜로
2025-07-21 14:27:03 - INFO - app - 📡 [2025-05-10 00:00:00] 컬렉션 연결
2025-07-21 14:27:03 - INFO - app - ℹ️ [2025-05-10 00:00:00 00:00-23:59] 문서 없음
2025-07-21 14:27:03 - WARNING - app - ⚠️ [2025-05-10 00:00:00] 전체 데이터 없음, 다음 날짜로
2025-07-21 14:27:03 - INFO - app - 📡 [2025-05-11 00:00:00] 컬렉션 연결
2025-07-21 14:27:03 - INFO - app - ℹ️ [2025-05-11 00:00:00 00:00-23:59] 문서 없음
2025-07-21 14:27:03 - WARNING - app - ⚠️ [2025-05-11 00:00:00] 전체 데이터 없음, 다음 날짜로
2025-07-21 14:27:03 - INFO - app - 📡 [2025-05-12 00:00:00] 컬렉션 연결
2025-07-21 14:27:03 - INFO - app - ℹ️ [2025-05-12 00:00:00 00:00-23:59] 문서 없음
2025-07-21 14:27:03 - WARNING - app - ⚠️ [2025-05-12 00:00:00] 전체 데이터 없음, 다음 날짜로
2025-07-21 14:27:03 - INFO - app - 📡 [2025-05-13 00:00:00] 컬렉션 연결
2025-07-21 14:27:03 - INFO - app - ℹ️ [2025-05-13 00:00:00 00:00-23:59] 문서 없음
2025-07-21 14:27:03 - WARNING - app - ⚠️ [2025-05-13 00:00:00] 전체 데이터 없음, 다음 날짜로
2025-07-21 14:27:03 - INFO - app - 📡 [2025-05-14 00:00:00] 컬렉션 연결
2025-07-21 14:27:03 - INFO - app - ℹ️ [2025-05-14 00:00:00 00:00-23:59] 문서 없음
2025-07-21 14:27:03 - WARNING - app - ⚠️ [2025-05-14 00:00:00] 전체 데이터 없음, 다음 날짜로
2025-07-21 14:27:03 - INFO - app - 📡 [2025-05-15 00:00:00] 컬렉션 연결
2025-07-21 14:27:03 - INFO - app - ℹ️ [2025-05-15 00:00:00 00:00-23:59] 문서 없음
2025-07-21 14:27:03 - WARNING - app - ⚠️ [2025-05-15 00:00:00] 전체 데이터 없음, 다음 날짜로
2025-07-21 14:27:03 - INFO - app - 📡 [2025-05-16 00:00:00] 컬렉션 연결
2025-07-21 14:27:03 - INFO - app - ℹ️ [2025-05-16 00:00:00 00:00-23:59] 문서 없음
2025-07-21 14:27:03 - WARNING - app - ⚠️ [2025-05-16 00:00:00] 전체 데이터 없음, 다음 날짜로
2025-07-21 14:27:03 - INFO - app - 📡 [2025-05-17 00:00:00] 컬렉션 연결
2025-07-21 14:27:03 - INFO - app - ℹ️ [2025-05-17 00:00:00 00:00-23:59] 문서 없음
2025-07-21 14:27:03 - WARNING - app - ⚠️ [2025-05-17 00:00:00] 전체 데이터 없음, 다음 날짜로
2025-07-21 14:27:03 - INFO - app - 📡 [2025-05-18 00:00:00] 컬렉션 연결
2025-07-21 14:27:03 - INFO - app - ℹ️ [2025-05-18 00:00:00 00:00-23:59] 문서 없음
2025-07-21 14:27:03 - WARNING - app - ⚠️ [2025-05-18 00:00:00] 전체 데이터 없음, 다음 날짜로
2025-07-21 14:27:03 - INFO - app - 📡 [2025-05-19 00:00:00] 컬렉션 연결
2025-07-21 14:27:03 - INFO - app - ℹ️ [2025-05-19 00:00:00 00:00-23:59] 문서 없음
2025-07-21 14:27:03 - WARNING - app - ⚠️ [2025-05-19 00:00:00] 전체 데이터 없음, 다음 날짜로
2025-07-21 14:27:03 - INFO - app - 📡 [2025-05-20 00:00:00] 컬렉션 연결
2025-07-21 14:27:03 - INFO - app - ℹ️ [2025-05-20 00:00:00 00:00-23:59] 문서 없음
2025-07-21 14:27:03 - WARNING - app - ⚠️ [2025-05-20 00:00:00] 전체 데이터 없음, 다음 날짜로
2025-07-21 14:27:03 - INFO - app - 📡 [2025-05-21 00:00:00] 컬렉션 연결
2025-07-21 14:27:03 - INFO - app - ℹ️ [2025-05-21 00:00:00 00:00-23:59] 문서 없음
2025-07-21 14:27:03 - WARNING - app - ⚠️ [2025-05-21 00:00:00] 전체 데이터 없음, 다음 날짜로
2025-07-21 14:27:03 - INFO - app - 📡 [2025-05-22 00:00:00] 컬렉션 연결
2025-07-21 14:27:03 - INFO - app - ℹ️ [2025-05-22 00:00:00 00:00-23:59] 문서 없음
2025-07-21 14:27:03 - WARNING - app - ⚠️ [2025-05-22 00:00:00] 전체 데이터 없음, 다음 날짜로
2025-07-21 14:27:03 - INFO - app - 📡 [2025-05-23 00:00:00] 컬렉션 연결
2025-07-21 14:27:03 - INFO - app - ℹ️ [2025-05-23 00:00:00 00:00-23:59] 문서 없음
2025-07-21 14:27:03 - WARNING - app - ⚠️ [2025-05-23 00:00:00] 전체 데이터 없음, 다음 날짜로
2025-07-21 14:27:03 - INFO - app - 📡 [2025-05-24 00:00:00] 컬렉션 연결
2025-07-21 14:27:03 - INFO - app - ℹ️ [2025-05-24 00:00:00 00:00-23:59] 문서 없음
2025-07-21 14:27:03 - WARNING - app - ⚠️ [2025-05-24 00:00:00] 전체 데이터 없음, 다음 날짜로
2025-07-21 14:27:03 - INFO - app - 📡 [2025-05-25 00:00:00] 컬렉션 연결
2025-07-21 14:27:03 - INFO - app - ℹ️ [2025-05-25 00:00:00 00:00-23:59] 문서 없음
2025-07-21 14:27:03 - WARNING - app - ⚠️ [2025-05-25 00:00:00] 전체 데이터 없음, 다음 날짜로
2025-07-21 14:27:03 - INFO - app - 📡 [2025-05-26 00:00:00] 컬렉션 연결
