2025-07-30 14:18:27 - INFO - app - 📌 기준 시점: 2024-05-08 22:55:00
2025-07-30 14:18:27 - INFO - app - 📆 총 3개 날짜, 36개 시점 생성 완료
2025-07-30 14:18:27 - INFO - app - ✅ Data load skip: 총 3개 파일 저장됨
2025-07-30 14:18:27 - INFO - app - 🔹 최적화된 방법: Raw 데이터에서 바로 클러스터 텐서 생성
2025-07-30 14:18:35 - INFO - app - 🔹 Raw 파일 3개 처리 시작
2025-07-30 14:18:35 - INFO - app - 🔹 클러스터 0 처리 중... (링크 수: 232)
2025-07-30 14:18:39 - INFO - app - ✅ 클러스터 0 완료: 232개 링크
2025-07-30 14:18:39 - INFO - app - 🔹 클러스터 1 처리 중... (링크 수: 242)
2025-07-30 14:18:44 - INFO - app - ✅ 클러스터 1 완료: 242개 링크
2025-07-30 14:18:44 - INFO - app - 🔹 클러스터 2 처리 중... (링크 수: 193)
2025-07-30 14:18:47 - INFO - app - ✅ 클러스터 2 완료: 193개 링크
2025-07-30 14:18:47 - INFO - app - 🔹 클러스터 3 처리 중... (링크 수: 227)
2025-07-30 14:18:51 - INFO - app - ✅ 클러스터 3 완료: 227개 링크
2025-07-30 14:18:51 - INFO - app - 🔹 클러스터 4 처리 중... (링크 수: 225)
2025-07-30 14:18:54 - INFO - app - ✅ 클러스터 4 완료: 224개 링크
2025-07-30 14:18:54 - INFO - app - 🔹 클러스터 5 처리 중... (링크 수: 234)
2025-07-30 14:18:58 - INFO - app - ✅ 클러스터 5 완료: 233개 링크
2025-07-30 14:18:58 - INFO - app - 🔹 클러스터 6 처리 중... (링크 수: 258)
2025-07-30 14:19:02 - INFO - app - ✅ 클러스터 6 완료: 255개 링크
2025-07-30 14:19:02 - INFO - app - 🔹 클러스터 7 처리 중... (링크 수: 255)
2025-07-30 14:19:06 - INFO - app - ✅ 클러스터 7 완료: 255개 링크
2025-07-30 14:19:06 - INFO - app - 🔹 클러스터 8 처리 중... (링크 수: 218)
2025-07-30 14:19:10 - INFO - app - ✅ 클러스터 8 완료: 218개 링크
2025-07-30 14:19:10 - INFO - app - 🔹 클러스터 9 처리 중... (링크 수: 199)
2025-07-30 14:19:13 - INFO - app - ✅ 클러스터 9 완료: 199개 링크
2025-07-30 14:19:13 - INFO - app - 🔹 클러스터 10 처리 중... (링크 수: 200)
2025-07-30 14:19:18 - INFO - app - ✅ 클러스터 10 완료: 200개 링크
2025-07-30 14:19:18 - INFO - app - 🔹 클러스터 11 처리 중... (링크 수: 226)
2025-07-30 14:19:21 - INFO - app - ✅ 클러스터 11 완료: 226개 링크
2025-07-30 14:19:21 - INFO - app - 🔹 클러스터 12 처리 중... (링크 수: 247)
2025-07-30 14:19:25 - INFO - app - ✅ 클러스터 12 완료: 247개 링크
2025-07-30 14:19:25 - INFO - app - 🔹 클러스터 13 처리 중... (링크 수: 238)
2025-07-30 14:19:30 - INFO - app - ✅ 클러스터 13 완료: 238개 링크
2025-07-30 14:19:30 - INFO - app - 🔹 클러스터 14 처리 중... (링크 수: 226)
2025-07-30 14:19:35 - INFO - app - ✅ 클러스터 14 완료: 226개 링크
2025-07-30 14:19:35 - INFO - app - 🔹 클러스터 15 처리 중... (링크 수: 260)
2025-07-30 14:19:41 - INFO - app - ✅ 클러스터 15 완료: 260개 링크
2025-07-30 14:19:41 - INFO - app - 🔹 클러스터 16 처리 중... (링크 수: 263)
2025-07-30 14:19:46 - INFO - app - ✅ 클러스터 16 완료: 263개 링크
2025-07-30 14:19:46 - INFO - app - 🔹 클러스터 17 처리 중... (링크 수: 221)
2025-07-30 14:19:51 - INFO - app - ✅ 클러스터 17 완료: 221개 링크
2025-07-30 14:19:51 - INFO - app - 🔹 클러스터 18 처리 중... (링크 수: 223)
2025-07-30 14:19:55 - INFO - app - ✅ 클러스터 18 완료: 223개 링크
2025-07-30 14:19:55 - INFO - app - 🔹 클러스터 19 처리 중... (링크 수: 221)
2025-07-30 14:19:58 - INFO - app - ✅ 클러스터 19 완료: 221개 링크
2025-07-30 14:19:58 - INFO - app - 🔹 클러스터 20 처리 중... (링크 수: 263)
2025-07-30 14:20:02 - INFO - app - ✅ 클러스터 20 완료: 263개 링크
2025-07-30 14:20:02 - INFO - app - 🔹 클러스터 21 처리 중... (링크 수: 219)
2025-07-30 14:20:06 - INFO - app - ✅ 클러스터 21 완료: 219개 링크
2025-07-30 14:20:06 - INFO - app - 🔹 클러스터 22 처리 중... (링크 수: 246)
2025-07-30 14:20:10 - INFO - app - ✅ 클러스터 22 완료: 246개 링크
2025-07-30 14:20:10 - INFO - app - 🔹 클러스터 23 처리 중... (링크 수: 227)
2025-07-30 14:20:13 - INFO - app - ✅ 클러스터 23 완료: 227개 링크
2025-07-30 14:20:13 - INFO - app - 🔹 클러스터 24 처리 중... (링크 수: 184)
2025-07-30 14:20:16 - INFO - app - ✅ 클러스터 24 완료: 184개 링크
2025-07-30 14:20:16 - INFO - app - 🔹 클러스터 25 처리 중... (링크 수: 249)
2025-07-30 14:20:20 - INFO - app - ✅ 클러스터 25 완료: 249개 링크
2025-07-30 14:20:20 - INFO - app - 🔹 클러스터 26 처리 중... (링크 수: 230)
2025-07-30 14:20:25 - INFO - app - ✅ 클러스터 26 완료: 230개 링크
2025-07-30 14:20:25 - INFO - app - 🔹 클러스터 27 처리 중... (링크 수: 221)
2025-07-30 14:20:29 - INFO - app - ✅ 클러스터 27 완료: 221개 링크
2025-07-30 14:20:29 - INFO - app - 🔹 클러스터 28 처리 중... (링크 수: 236)
2025-07-30 14:20:32 - INFO - app - ✅ 클러스터 28 완료: 236개 링크
2025-07-30 14:20:32 - INFO - app - 🔹 클러스터 29 처리 중... (링크 수: 214)
2025-07-30 14:20:35 - INFO - app - ✅ 클러스터 29 완료: 214개 링크
2025-07-30 14:20:35 - INFO - app - 🔹 클러스터 30 처리 중... (링크 수: 226)
2025-07-30 14:20:39 - INFO - app - ✅ 클러스터 30 완료: 226개 링크
2025-07-30 14:20:39 - INFO - app - 🔹 클러스터 31 처리 중... (링크 수: 255)
2025-07-30 14:20:43 - INFO - app - ✅ 클러스터 31 완료: 255개 링크
2025-07-30 14:20:43 - INFO - app - 🔹 클러스터 32 처리 중... (링크 수: 237)
2025-07-30 14:20:47 - INFO - app - ✅ 클러스터 32 완료: 237개 링크
2025-07-30 14:20:47 - INFO - app - 🔹 클러스터 33 처리 중... (링크 수: 221)
2025-07-30 14:20:51 - INFO - app - ✅ 클러스터 33 완료: 221개 링크
2025-07-30 14:20:51 - INFO - app - 🔹 클러스터 34 처리 중... (링크 수: 222)
2025-07-30 14:20:54 - INFO - app - ✅ 클러스터 34 완료: 222개 링크
2025-07-30 14:20:54 - INFO - app - 🔹 클러스터 35 처리 중... (링크 수: 266)
2025-07-30 14:21:01 - INFO - app - ✅ 클러스터 35 완료: 266개 링크
2025-07-30 14:21:01 - INFO - app - 🔹 클러스터 36 처리 중... (링크 수: 229)
2025-07-30 14:21:06 - INFO - app - ✅ 클러스터 36 완료: 229개 링크
2025-07-30 14:21:06 - INFO - app - 🔹 클러스터 37 처리 중... (링크 수: 218)
2025-07-30 14:21:11 - INFO - app - ✅ 클러스터 37 완료: 218개 링크
2025-07-30 14:21:11 - INFO - app - 🔹 클러스터 38 처리 중... (링크 수: 235)
2025-07-30 14:21:15 - INFO - app - ✅ 클러스터 38 완료: 235개 링크
2025-07-30 14:21:16 - INFO - app - ✅ Raw 데이터에서 클러스터 텐서 생성 완료: Model/v0에 저장됨
