2025-07-19 13:35:31 - INFO - app - 📆 date_range 모드: 총 81일 간 데이터 조회 예정 → [datetime.datetime(2025, 3, 11, 0, 0), datetime.datetime(2025, 3, 12, 0, 0), datetime.datetime(2025, 3, 13, 0, 0), datetime.datetime(2025, 3, 14, 0, 0), datetime.datetime(2025, 3, 15, 0, 0), datetime.datetime(2025, 3, 16, 0, 0), datetime.datetime(2025, 3, 17, 0, 0), datetime.datetime(2025, 3, 18, 0, 0), datetime.datetime(2025, 3, 19, 0, 0), datetime.datetime(2025, 3, 20, 0, 0), datetime.datetime(2025, 3, 21, 0, 0), datetime.datetime(2025, 3, 22, 0, 0), datetime.datetime(2025, 3, 23, 0, 0), datetime.datetime(2025, 3, 24, 0, 0), datetime.datetime(2025, 3, 25, 0, 0), datetime.datetime(2025, 3, 26, 0, 0), datetime.datetime(2025, 3, 27, 0, 0), datetime.datetime(2025, 3, 28, 0, 0), datetime.datetime(2025, 3, 29, 0, 0), datetime.datetime(2025, 3, 30, 0, 0), datetime.datetime(2025, 3, 31, 0, 0), datetime.datetime(2025, 4, 1, 0, 0), datetime.datetime(2025, 4, 2, 0, 0), datetime.datetime(2025, 4, 3, 0, 0), datetime.datetime(2025, 4, 4, 0, 0), datetime.datetime(2025, 4, 5, 0, 0), datetime.datetime(2025, 4, 6, 0, 0), datetime.datetime(2025, 4, 7, 0, 0), datetime.datetime(2025, 4, 8, 0, 0), datetime.datetime(2025, 4, 9, 0, 0), datetime.datetime(2025, 4, 10, 0, 0), datetime.datetime(2025, 4, 11, 0, 0), datetime.datetime(2025, 4, 12, 0, 0), datetime.datetime(2025, 4, 13, 0, 0), datetime.datetime(2025, 4, 14, 0, 0), datetime.datetime(2025, 4, 15, 0, 0), datetime.datetime(2025, 4, 16, 0, 0), datetime.datetime(2025, 4, 17, 0, 0), datetime.datetime(2025, 4, 18, 0, 0), datetime.datetime(2025, 4, 19, 0, 0), datetime.datetime(2025, 4, 20, 0, 0), datetime.datetime(2025, 4, 21, 0, 0), datetime.datetime(2025, 4, 22, 0, 0), datetime.datetime(2025, 4, 23, 0, 0), datetime.datetime(2025, 4, 24, 0, 0), datetime.datetime(2025, 4, 25, 0, 0), datetime.datetime(2025, 4, 26, 0, 0), datetime.datetime(2025, 4, 27, 0, 0), datetime.datetime(2025, 4, 28, 0, 0), datetime.datetime(2025, 4, 29, 0, 0), datetime.datetime(2025, 4, 30, 0, 0), datetime.datetime(2025, 5, 1, 0, 0), datetime.datetime(2025, 5, 2, 0, 0), datetime.datetime(2025, 5, 3, 0, 0), datetime.datetime(2025, 5, 4, 0, 0), datetime.datetime(2025, 5, 5, 0, 0), datetime.datetime(2025, 5, 6, 0, 0), datetime.datetime(2025, 5, 7, 0, 0), datetime.datetime(2025, 5, 8, 0, 0), datetime.datetime(2025, 5, 9, 0, 0), datetime.datetime(2025, 5, 10, 0, 0), datetime.datetime(2025, 5, 11, 0, 0), datetime.datetime(2025, 5, 12, 0, 0), datetime.datetime(2025, 5, 13, 0, 0), datetime.datetime(2025, 5, 14, 0, 0), datetime.datetime(2025, 5, 15, 0, 0), datetime.datetime(2025, 5, 16, 0, 0), datetime.datetime(2025, 5, 17, 0, 0), datetime.datetime(2025, 5, 18, 0, 0), datetime.datetime(2025, 5, 19, 0, 0), datetime.datetime(2025, 5, 20, 0, 0), datetime.datetime(2025, 5, 21, 0, 0), datetime.datetime(2025, 5, 22, 0, 0), datetime.datetime(2025, 5, 23, 0, 0), datetime.datetime(2025, 5, 24, 0, 0), datetime.datetime(2025, 5, 25, 0, 0), datetime.datetime(2025, 5, 26, 0, 0), datetime.datetime(2025, 5, 27, 0, 0), datetime.datetime(2025, 5, 28, 0, 0), datetime.datetime(2025, 5, 29, 0, 0), datetime.datetime(2025, 5, 30, 0, 0)]
2025-07-19 13:35:31 - INFO - app - 🚀 시작 – Postgres DB → Parquet 스트리밍
2025-07-19 13:35:31 - INFO - app - 📡 [2025-03-11 00:00:00] 컬렉션 already done
2025-07-19 13:35:31 - INFO - app - 📡 [2025-03-12 00:00:00] 컬렉션 already done
2025-07-19 13:35:31 - INFO - app - 📡 [2025-03-13 00:00:00] 컬렉션 already done
2025-07-19 13:35:31 - INFO - app - 📡 [2025-03-14 00:00:00] 컬렉션 already done
2025-07-19 13:35:31 - INFO - app - 📡 [2025-03-15 00:00:00] 컬렉션 already done
2025-07-19 13:35:31 - INFO - app - 📡 [2025-03-16 00:00:00] 컬렉션 already done
2025-07-19 13:35:31 - INFO - app - 📡 [2025-03-17 00:00:00] 컬렉션 already done
2025-07-19 13:35:31 - INFO - app - 📡 [2025-03-18 00:00:00] 컬렉션 already done
2025-07-19 13:35:31 - INFO - app - 📡 [2025-03-19 00:00:00] 컬렉션 already done
2025-07-19 13:35:31 - INFO - app - 📡 [2025-03-20 00:00:00] 컬렉션 already done
2025-07-19 13:35:31 - INFO - app - 📡 [2025-03-21 00:00:00] 컬렉션 already done
2025-07-19 13:35:31 - INFO - app - 📡 [2025-03-22 00:00:00] 컬렉션 already done
2025-07-19 13:35:31 - INFO - app - 📡 [2025-03-23 00:00:00] 컬렉션 already done
2025-07-19 13:35:31 - INFO - app - 📡 [2025-03-24 00:00:00] 컬렉션 already done
2025-07-19 13:35:31 - INFO - app - 📡 [2025-03-25 00:00:00] 컬렉션 already done
2025-07-19 13:35:31 - INFO - app - 📡 [2025-03-26 00:00:00] 컬렉션 already done
2025-07-19 13:35:31 - INFO - app - 📡 [2025-03-27 00:00:00] 컬렉션 already done
2025-07-19 13:35:31 - INFO - app - 📡 [2025-03-28 00:00:00] 컬렉션 already done
2025-07-19 13:35:31 - INFO - app - 📡 [2025-03-29 00:00:00] 컬렉션 already done
2025-07-19 13:35:31 - INFO - app - 📡 [2025-03-30 00:00:00] 컬렉션 already done
2025-07-19 13:35:31 - INFO - app - 📡 [2025-03-31 00:00:00] 컬렉션 already done
2025-07-19 13:35:31 - INFO - app - 📡 [2025-04-01 00:00:00] 컬렉션 already done
2025-07-19 13:35:31 - INFO - app - 📡 [2025-04-02 00:00:00] 컬렉션 already done
2025-07-19 13:37:38 - INFO - app - [2025-04-03] chunk 0-20000: write_table
2025-07-19 13:39:30 - INFO - app - [2025-04-03] chunk 20000-40000: write_table
2025-07-19 13:41:22 - INFO - app - [2025-04-03] chunk 40000-60000: write_table
2025-07-19 13:43:11 - INFO - app - [2025-04-03] chunk 60000-80000: write_table
2025-07-19 13:45:00 - INFO - app - [2025-04-03] chunk 80000-100000: write_table
2025-07-19 13:46:57 - INFO - app - [2025-04-03] chunk 100000-120000: write_table
2025-07-19 13:48:48 - INFO - app - [2025-04-03] chunk 120000-140000: write_table
2025-07-19 13:50:37 - INFO - app - [2025-04-03] chunk 140000-160000: write_table
2025-07-19 13:52:26 - INFO - app - [2025-04-03] chunk 160000-180000: write_table
2025-07-19 13:54:15 - INFO - app - [2025-04-03] chunk 180000-200000: write_table
2025-07-19 13:56:13 - INFO - app - [2025-04-03] chunk 200000-220000: write_table
2025-07-19 13:58:04 - INFO - app - [2025-04-03] chunk 220000-240000: write_table
2025-07-19 13:59:52 - INFO - app - [2025-04-03] chunk 240000-260000: write_table
2025-07-19 14:01:42 - INFO - app - [2025-04-03] chunk 260000-280000: write_table
2025-07-19 14:03:29 - INFO - app - [2025-04-03] chunk 280000-300000: write_table
2025-07-19 14:05:20 - INFO - app - [2025-04-03] chunk 300000-320000: write_table
2025-07-19 14:07:11 - INFO - app - [2025-04-03] chunk 320000-340000: write_table
2025-07-19 14:08:56 - INFO - app - [2025-04-03] chunk 340000-360000: write_table
2025-07-19 14:10:43 - INFO - app - [2025-04-03] chunk 360000-380000: write_table
2025-07-19 14:12:27 - INFO - app - [2025-04-03] chunk 380000-400000: write_table
2025-07-19 14:14:09 - INFO - app - [2025-04-03] chunk 400000-420000: write_table
2025-07-19 14:15:59 - INFO - app - [2025-04-03] chunk 420000-440000: write_table
2025-07-19 14:17:43 - INFO - app - [2025-04-03] chunk 440000-460000: write_table
2025-07-19 14:19:25 - INFO - app - [2025-04-03] chunk 460000-480000: write_table
2025-07-19 14:21:13 - INFO - app - [2025-04-03] chunk 480000-500000: write_table
2025-07-19 14:23:02 - INFO - app - [2025-04-03] chunk 500000-520000: write_table
2025-07-19 14:24:45 - INFO - app - [2025-04-03] chunk 520000-540000: write_table
2025-07-19 14:25:31 - INFO - app - [2025-04-03] chunk 540000-560000: write_table
2025-07-19 14:25:31 - INFO - app - [2025-04-03] parquet file completed: Data/Raw/20250403.parquet
2025-07-19 14:27:07 - INFO - app - [2025-04-04] chunk 0-20000: write_table
2025-07-19 14:28:47 - INFO - app - [2025-04-04] chunk 20000-40000: write_table
2025-07-19 14:30:28 - INFO - app - [2025-04-04] chunk 40000-60000: write_table
2025-07-19 14:32:09 - INFO - app - [2025-04-04] chunk 60000-80000: write_table
2025-07-19 14:33:48 - INFO - app - [2025-04-04] chunk 80000-100000: write_table
2025-07-19 14:35:27 - INFO - app - [2025-04-04] chunk 100000-120000: write_table
2025-07-19 14:37:10 - INFO - app - [2025-04-04] chunk 120000-140000: write_table
2025-07-19 14:38:50 - INFO - app - [2025-04-04] chunk 140000-160000: write_table
2025-07-19 14:40:30 - INFO - app - [2025-04-04] chunk 160000-180000: write_table
2025-07-19 14:42:09 - INFO - app - [2025-04-04] chunk 180000-200000: write_table
2025-07-19 14:43:47 - INFO - app - [2025-04-04] chunk 200000-220000: write_table
2025-07-19 14:45:29 - INFO - app - [2025-04-04] chunk 220000-240000: write_table
2025-07-19 14:47:12 - INFO - app - [2025-04-04] chunk 240000-260000: write_table
2025-07-19 14:48:51 - INFO - app - [2025-04-04] chunk 260000-280000: write_table
2025-07-19 14:50:32 - INFO - app - [2025-04-04] chunk 280000-300000: write_table
2025-07-19 14:52:14 - INFO - app - [2025-04-04] chunk 300000-320000: write_table
2025-07-19 14:53:53 - INFO - app - [2025-04-04] chunk 320000-340000: write_table
2025-07-19 14:55:33 - INFO - app - [2025-04-04] chunk 340000-360000: write_table
2025-07-19 14:57:23 - INFO - app - [2025-04-04] chunk 360000-380000: write_table
2025-07-19 14:59:02 - INFO - app - [2025-04-04] chunk 380000-400000: write_table
2025-07-19 15:00:39 - INFO - app - [2025-04-04] chunk 400000-420000: write_table
2025-07-19 15:02:16 - INFO - app - [2025-04-04] chunk 420000-440000: write_table
2025-07-19 15:03:56 - INFO - app - [2025-04-04] chunk 440000-460000: write_table
2025-07-19 15:05:36 - INFO - app - [2025-04-04] chunk 460000-480000: write_table
2025-07-19 15:07:21 - INFO - app - [2025-04-04] chunk 480000-500000: write_table
2025-07-19 15:09:02 - INFO - app - [2025-04-04] chunk 500000-520000: write_table
2025-07-19 15:10:42 - INFO - app - [2025-04-04] chunk 520000-540000: write_table
2025-07-19 15:11:26 - INFO - app - [2025-04-04] chunk 540000-560000: write_table
2025-07-19 15:11:26 - INFO - app - [2025-04-04] parquet file completed: Data/Raw/20250404.parquet
2025-07-19 15:13:08 - INFO - app - [2025-04-05] chunk 0-20000: write_table
2025-07-19 15:14:56 - INFO - app - [2025-04-05] chunk 20000-40000: write_table
2025-07-19 15:16:50 - INFO - app - [2025-04-05] chunk 40000-60000: write_table
2025-07-19 15:18:43 - INFO - app - [2025-04-05] chunk 60000-80000: write_table
2025-07-19 15:20:32 - INFO - app - [2025-04-05] chunk 80000-100000: write_table
2025-07-19 15:22:22 - INFO - app - [2025-04-05] chunk 100000-120000: write_table
2025-07-19 15:24:10 - INFO - app - [2025-04-05] chunk 120000-140000: write_table
2025-07-19 15:26:03 - INFO - app - [2025-04-05] chunk 140000-160000: write_table
2025-07-19 15:27:51 - INFO - app - [2025-04-05] chunk 160000-180000: write_table
2025-07-19 15:29:40 - INFO - app - [2025-04-05] chunk 180000-200000: write_table
2025-07-19 15:31:34 - INFO - app - [2025-04-05] chunk 200000-220000: write_table
2025-07-19 15:33:23 - INFO - app - [2025-04-05] chunk 220000-240000: write_table
2025-07-19 15:35:11 - INFO - app - [2025-04-05] chunk 240000-260000: write_table
2025-07-19 15:37:03 - INFO - app - [2025-04-05] chunk 260000-280000: write_table
2025-07-19 15:38:54 - INFO - app - [2025-04-05] chunk 280000-300000: write_table
2025-07-19 15:40:45 - INFO - app - [2025-04-05] chunk 300000-320000: write_table
2025-07-19 15:42:32 - INFO - app - [2025-04-05] chunk 320000-340000: write_table
2025-07-19 15:44:20 - INFO - app - [2025-04-05] chunk 340000-360000: write_table
2025-07-19 15:46:06 - INFO - app - [2025-04-05] chunk 360000-380000: write_table
2025-07-19 15:47:54 - INFO - app - [2025-04-05] chunk 380000-400000: write_table
2025-07-19 15:49:40 - INFO - app - [2025-04-05] chunk 400000-420000: write_table
2025-07-19 15:51:26 - INFO - app - [2025-04-05] chunk 420000-440000: write_table
2025-07-19 15:53:16 - INFO - app - [2025-04-05] chunk 440000-460000: write_table
2025-07-19 15:55:05 - INFO - app - [2025-04-05] chunk 460000-480000: write_table
2025-07-19 15:56:59 - INFO - app - [2025-04-05] chunk 480000-500000: write_table
2025-07-19 15:58:48 - INFO - app - [2025-04-05] chunk 500000-520000: write_table
2025-07-19 16:00:38 - INFO - app - [2025-04-05] chunk 520000-540000: write_table
2025-07-19 16:01:25 - INFO - app - [2025-04-05] chunk 540000-560000: write_table
2025-07-19 16:01:25 - INFO - app - [2025-04-05] parquet file completed: Data/Raw/20250405.parquet
2025-07-19 16:03:08 - INFO - app - [2025-04-06] chunk 0-20000: write_table
2025-07-19 16:04:56 - INFO - app - [2025-04-06] chunk 20000-40000: write_table
2025-07-19 16:06:48 - INFO - app - [2025-04-06] chunk 40000-60000: write_table
2025-07-19 16:08:39 - INFO - app - [2025-04-06] chunk 60000-80000: write_table
2025-07-19 16:10:29 - INFO - app - [2025-04-06] chunk 80000-100000: write_table
2025-07-19 16:12:19 - INFO - app - [2025-04-06] chunk 100000-120000: write_table
2025-07-19 16:14:06 - INFO - app - [2025-04-06] chunk 120000-140000: write_table
2025-07-19 16:15:54 - INFO - app - [2025-04-06] chunk 140000-160000: write_table
2025-07-19 16:17:50 - INFO - app - [2025-04-06] chunk 160000-180000: write_table
2025-07-19 16:19:38 - INFO - app - [2025-04-06] chunk 180000-200000: write_table
2025-07-19 16:21:26 - INFO - app - [2025-04-06] chunk 200000-220000: write_table
2025-07-19 16:23:14 - INFO - app - [2025-04-06] chunk 220000-240000: write_table
2025-07-19 16:25:01 - INFO - app - [2025-04-06] chunk 240000-260000: write_table
2025-07-19 16:26:55 - INFO - app - [2025-04-06] chunk 260000-280000: write_table
2025-07-19 16:28:44 - INFO - app - [2025-04-06] chunk 280000-300000: write_table
2025-07-19 16:30:31 - INFO - app - [2025-04-06] chunk 300000-320000: write_table
2025-07-19 16:32:20 - INFO - app - [2025-04-06] chunk 320000-340000: write_table
2025-07-19 16:34:10 - INFO - app - [2025-04-06] chunk 340000-360000: write_table
2025-07-19 16:35:59 - INFO - app - [2025-04-06] chunk 360000-380000: write_table
2025-07-19 16:37:50 - INFO - app - [2025-04-06] chunk 380000-400000: write_table
2025-07-19 16:39:35 - INFO - app - [2025-04-06] chunk 400000-420000: write_table
2025-07-19 16:41:20 - INFO - app - [2025-04-06] chunk 420000-440000: write_table
2025-07-19 16:43:08 - INFO - app - [2025-04-06] chunk 440000-460000: write_table
2025-07-19 16:44:56 - INFO - app - [2025-04-06] chunk 460000-480000: write_table
2025-07-19 16:46:51 - INFO - app - [2025-04-06] chunk 480000-500000: write_table
2025-07-19 16:48:40 - INFO - app - [2025-04-06] chunk 500000-520000: write_table
2025-07-19 16:50:28 - INFO - app - [2025-04-06] chunk 520000-540000: write_table
2025-07-19 16:51:19 - INFO - app - [2025-04-06] chunk 540000-560000: write_table
2025-07-19 16:51:19 - INFO - app - [2025-04-06] parquet file completed: Data/Raw/20250406.parquet
2025-07-19 16:52:53 - INFO - app - [2025-04-07] chunk 0-20000: write_table
2025-07-19 16:54:33 - INFO - app - [2025-04-07] chunk 20000-40000: write_table
2025-07-19 16:56:13 - INFO - app - [2025-04-07] chunk 40000-60000: write_table
2025-07-19 16:57:55 - INFO - app - [2025-04-07] chunk 60000-80000: write_table
2025-07-19 16:59:35 - INFO - app - [2025-04-07] chunk 80000-100000: write_table
2025-07-19 17:01:14 - INFO - app - [2025-04-07] chunk 100000-120000: write_table
2025-07-19 17:02:56 - INFO - app - [2025-04-07] chunk 120000-140000: write_table
2025-07-19 17:04:36 - INFO - app - [2025-04-07] chunk 140000-160000: write_table
2025-07-19 17:06:15 - INFO - app - [2025-04-07] chunk 160000-180000: write_table
2025-07-19 17:07:58 - INFO - app - [2025-04-07] chunk 180000-200000: write_table
2025-07-19 17:09:36 - INFO - app - [2025-04-07] chunk 200000-220000: write_table
2025-07-19 17:11:13 - INFO - app - [2025-04-07] chunk 220000-240000: write_table
2025-07-19 17:12:51 - INFO - app - [2025-04-07] chunk 240000-260000: write_table
2025-07-19 17:14:28 - INFO - app - [2025-04-07] chunk 260000-280000: write_table
2025-07-19 17:16:08 - INFO - app - [2025-04-07] chunk 280000-300000: write_table
2025-07-19 17:17:55 - INFO - app - [2025-04-07] chunk 300000-320000: write_table
2025-07-19 17:19:33 - INFO - app - [2025-04-07] chunk 320000-340000: write_table
2025-07-19 17:21:10 - INFO - app - [2025-04-07] chunk 340000-360000: write_table
2025-07-19 17:22:51 - INFO - app - [2025-04-07] chunk 360000-380000: write_table
2025-07-19 17:24:32 - INFO - app - [2025-04-07] chunk 380000-400000: write_table
2025-07-19 17:26:08 - INFO - app - [2025-04-07] chunk 400000-420000: write_table
2025-07-19 17:27:56 - INFO - app - [2025-04-07] chunk 420000-440000: write_table
2025-07-19 17:29:36 - INFO - app - [2025-04-07] chunk 440000-460000: write_table
2025-07-19 17:31:16 - INFO - app - [2025-04-07] chunk 460000-480000: write_table
2025-07-19 17:32:58 - INFO - app - [2025-04-07] chunk 480000-500000: write_table
2025-07-19 17:34:38 - INFO - app - [2025-04-07] chunk 500000-520000: write_table
2025-07-19 17:36:22 - INFO - app - [2025-04-07] chunk 520000-540000: write_table
2025-07-19 17:37:15 - INFO - app - [2025-04-07] chunk 540000-560000: write_table
2025-07-19 17:37:16 - INFO - app - [2025-04-07] parquet file completed: Data/Raw/20250407.parquet
2025-07-19 17:38:59 - INFO - app - [2025-04-08] chunk 0-20000: write_table
2025-07-19 17:40:49 - INFO - app - [2025-04-08] chunk 20000-40000: write_table
2025-07-19 17:42:39 - INFO - app - [2025-04-08] chunk 40000-60000: write_table
2025-07-19 17:44:27 - INFO - app - [2025-04-08] chunk 60000-80000: write_table
2025-07-19 17:46:17 - INFO - app - [2025-04-08] chunk 80000-100000: write_table
2025-07-19 17:48:11 - INFO - app - [2025-04-08] chunk 100000-120000: write_table
2025-07-19 17:49:55 - INFO - app - [2025-04-08] chunk 120000-140000: write_table
2025-07-19 17:51:43 - INFO - app - [2025-04-08] chunk 140000-160000: write_table
2025-07-19 17:53:29 - INFO - app - [2025-04-08] chunk 160000-180000: write_table
2025-07-19 17:55:24 - INFO - app - [2025-04-08] chunk 180000-200000: write_table
2025-07-19 17:57:32 - INFO - app - [2025-04-08] chunk 200000-220000: write_table
2025-07-19 17:59:33 - INFO - app - [2025-04-08] chunk 220000-240000: write_table
2025-07-19 18:01:33 - INFO - app - [2025-04-08] chunk 240000-260000: write_table
2025-07-19 18:03:35 - INFO - app - [2025-04-08] chunk 260000-280000: write_table
2025-07-19 18:05:36 - INFO - app - [2025-04-08] chunk 280000-300000: write_table
2025-07-19 18:07:42 - INFO - app - [2025-04-08] chunk 300000-320000: write_table
2025-07-19 18:09:43 - INFO - app - [2025-04-08] chunk 320000-340000: write_table
2025-07-19 18:11:44 - INFO - app - [2025-04-08] chunk 340000-360000: write_table
2025-07-19 18:13:47 - INFO - app - [2025-04-08] chunk 360000-380000: write_table
2025-07-19 18:15:47 - INFO - app - [2025-04-08] chunk 380000-400000: write_table
2025-07-19 18:17:49 - INFO - app - [2025-04-08] chunk 400000-420000: write_table
2025-07-19 18:19:47 - INFO - app - [2025-04-08] chunk 420000-440000: write_table
2025-07-19 18:21:51 - INFO - app - [2025-04-08] chunk 440000-460000: write_table
2025-07-19 18:23:50 - INFO - app - [2025-04-08] chunk 460000-480000: write_table
2025-07-19 18:25:52 - INFO - app - [2025-04-08] chunk 480000-500000: write_table
2025-07-19 18:27:58 - INFO - app - [2025-04-08] chunk 500000-520000: write_table
2025-07-19 18:30:00 - INFO - app - [2025-04-08] chunk 520000-540000: write_table
2025-07-19 18:30:55 - INFO - app - [2025-04-08] chunk 540000-560000: write_table
2025-07-19 18:30:55 - INFO - app - [2025-04-08] parquet file completed: Data/Raw/20250408.parquet
2025-07-19 18:32:48 - INFO - app - [2025-04-09] chunk 0-20000: write_table
2025-07-19 18:34:45 - INFO - app - [2025-04-09] chunk 20000-40000: write_table
2025-07-19 18:36:44 - INFO - app - [2025-04-09] chunk 40000-60000: write_table
2025-07-19 18:38:53 - INFO - app - [2025-04-09] chunk 60000-80000: write_table
2025-07-19 18:40:52 - INFO - app - [2025-04-09] chunk 80000-100000: write_table
2025-07-19 18:42:50 - INFO - app - [2025-04-09] chunk 100000-120000: write_table
2025-07-19 18:44:53 - INFO - app - [2025-04-09] chunk 120000-140000: write_table
2025-07-19 18:46:54 - INFO - app - [2025-04-09] chunk 140000-160000: write_table
2025-07-19 18:48:56 - INFO - app - [2025-04-09] chunk 160000-180000: write_table
2025-07-19 18:50:56 - INFO - app - [2025-04-09] chunk 180000-200000: write_table
2025-07-19 18:52:59 - INFO - app - [2025-04-09] chunk 200000-220000: write_table
2025-07-19 18:54:59 - INFO - app - [2025-04-09] chunk 220000-240000: write_table
2025-07-19 18:56:56 - INFO - app - [2025-04-09] chunk 240000-260000: write_table
2025-07-19 18:58:58 - INFO - app - [2025-04-09] chunk 260000-280000: write_table
2025-07-19 19:00:59 - INFO - app - [2025-04-09] chunk 280000-300000: write_table
2025-07-19 19:02:59 - INFO - app - [2025-04-09] chunk 300000-320000: write_table
2025-07-19 19:05:00 - INFO - app - [2025-04-09] chunk 320000-340000: write_table
2025-07-19 19:06:59 - INFO - app - [2025-04-09] chunk 340000-360000: write_table
2025-07-19 19:09:03 - INFO - app - [2025-04-09] chunk 360000-380000: write_table
2025-07-19 19:11:01 - INFO - app - [2025-04-09] chunk 380000-400000: write_table
2025-07-19 19:12:57 - INFO - app - [2025-04-09] chunk 400000-420000: write_table
2025-07-19 19:14:54 - INFO - app - [2025-04-09] chunk 420000-440000: write_table
2025-07-19 19:16:51 - INFO - app - [2025-04-09] chunk 440000-460000: write_table
2025-07-19 19:19:02 - INFO - app - [2025-04-09] chunk 460000-480000: write_table
2025-07-19 19:21:01 - INFO - app - [2025-04-09] chunk 480000-500000: write_table
2025-07-19 19:23:04 - INFO - app - [2025-04-09] chunk 500000-520000: write_table
2025-07-19 19:25:02 - INFO - app - [2025-04-09] chunk 520000-540000: write_table
2025-07-19 19:25:55 - INFO - app - [2025-04-09] chunk 540000-560000: write_table
2025-07-19 19:25:55 - INFO - app - [2025-04-09] parquet file completed: Data/Raw/20250409.parquet
2025-07-19 19:28:00 - INFO - app - [2025-04-10] chunk 0-20000: write_table
2025-07-19 19:29:59 - INFO - app - [2025-04-10] chunk 20000-40000: write_table
2025-07-19 19:32:04 - INFO - app - [2025-04-10] chunk 40000-60000: write_table
2025-07-19 19:34:07 - INFO - app - [2025-04-10] chunk 60000-80000: write_table
2025-07-19 19:36:11 - INFO - app - [2025-04-10] chunk 80000-100000: write_table
2025-07-19 19:38:20 - INFO - app - [2025-04-10] chunk 100000-120000: write_table
2025-07-19 19:40:23 - INFO - app - [2025-04-10] chunk 120000-140000: write_table
2025-07-19 19:42:28 - INFO - app - [2025-04-10] chunk 140000-160000: write_table
2025-07-19 19:44:29 - INFO - app - [2025-04-10] chunk 160000-180000: write_table
2025-07-19 19:46:32 - INFO - app - [2025-04-10] chunk 180000-200000: write_table
2025-07-19 19:48:42 - INFO - app - [2025-04-10] chunk 200000-220000: write_table
2025-07-19 19:50:41 - INFO - app - [2025-04-10] chunk 220000-240000: write_table
2025-07-19 19:52:44 - INFO - app - [2025-04-10] chunk 240000-260000: write_table
2025-07-19 19:54:45 - INFO - app - [2025-04-10] chunk 260000-280000: write_table
2025-07-19 19:56:48 - INFO - app - [2025-04-10] chunk 280000-300000: write_table
2025-07-19 19:58:58 - INFO - app - [2025-04-10] chunk 300000-320000: write_table
2025-07-19 20:00:58 - INFO - app - [2025-04-10] chunk 320000-340000: write_table
2025-07-19 20:03:01 - INFO - app - [2025-04-10] chunk 340000-360000: write_table
2025-07-19 20:05:04 - INFO - app - [2025-04-10] chunk 360000-380000: write_table
2025-07-19 20:07:07 - INFO - app - [2025-04-10] chunk 380000-400000: write_table
2025-07-19 20:09:12 - INFO - app - [2025-04-10] chunk 400000-420000: write_table
2025-07-19 20:11:14 - INFO - app - [2025-04-10] chunk 420000-440000: write_table
2025-07-19 20:13:22 - INFO - app - [2025-04-10] chunk 440000-460000: write_table
2025-07-19 20:15:26 - INFO - app - [2025-04-10] chunk 460000-480000: write_table
2025-07-19 20:17:30 - INFO - app - [2025-04-10] chunk 480000-500000: write_table
2025-07-19 20:19:33 - INFO - app - [2025-04-10] chunk 500000-520000: write_table
2025-07-19 20:21:40 - INFO - app - [2025-04-10] chunk 520000-540000: write_table
2025-07-19 20:22:31 - INFO - app - [2025-04-10] chunk 540000-560000: write_table
2025-07-19 20:22:31 - INFO - app - [2025-04-10] parquet file completed: Data/Raw/20250410.parquet
2025-07-19 20:24:27 - INFO - app - [2025-04-11] chunk 0-20000: write_table
2025-07-19 20:26:30 - INFO - app - [2025-04-11] chunk 20000-40000: write_table
2025-07-19 20:28:40 - INFO - app - [2025-04-11] chunk 40000-60000: write_table
2025-07-19 20:30:45 - INFO - app - [2025-04-11] chunk 60000-80000: write_table
2025-07-19 20:32:48 - INFO - app - [2025-04-11] chunk 80000-100000: write_table
2025-07-19 20:34:52 - INFO - app - [2025-04-11] chunk 100000-120000: write_table
2025-07-19 20:36:51 - INFO - app - [2025-04-11] chunk 120000-140000: write_table
2025-07-19 20:39:02 - INFO - app - [2025-04-11] chunk 140000-160000: write_table
2025-07-19 20:41:08 - INFO - app - [2025-04-11] chunk 160000-180000: write_table
2025-07-19 20:43:11 - INFO - app - [2025-04-11] chunk 180000-200000: write_table
2025-07-19 20:45:13 - INFO - app - [2025-04-11] chunk 200000-220000: write_table
2025-07-19 20:47:15 - INFO - app - [2025-04-11] chunk 220000-240000: write_table
2025-07-19 20:49:22 - INFO - app - [2025-04-11] chunk 240000-260000: write_table
2025-07-19 20:51:24 - INFO - app - [2025-04-11] chunk 260000-280000: write_table
2025-07-19 20:53:28 - INFO - app - [2025-04-11] chunk 280000-300000: write_table
2025-07-19 20:55:29 - INFO - app - [2025-04-11] chunk 300000-320000: write_table
2025-07-19 20:57:33 - INFO - app - [2025-04-11] chunk 320000-340000: write_table
2025-07-19 20:59:44 - INFO - app - [2025-04-11] chunk 340000-360000: write_table
2025-07-19 21:01:44 - INFO - app - [2025-04-11] chunk 360000-380000: write_table
2025-07-19 21:03:50 - INFO - app - [2025-04-11] chunk 380000-400000: write_table
2025-07-19 21:05:49 - INFO - app - [2025-04-11] chunk 400000-420000: write_table
2025-07-19 21:07:52 - INFO - app - [2025-04-11] chunk 420000-440000: write_table
2025-07-19 21:09:54 - INFO - app - [2025-04-11] chunk 440000-460000: write_table
2025-07-19 21:11:58 - INFO - app - [2025-04-11] chunk 460000-480000: write_table
2025-07-19 21:14:01 - INFO - app - [2025-04-11] chunk 480000-500000: write_table
2025-07-19 21:16:05 - INFO - app - [2025-04-11] chunk 500000-520000: write_table
2025-07-19 21:18:12 - INFO - app - [2025-04-11] chunk 520000-540000: write_table
2025-07-19 21:19:13 - INFO - app - [2025-04-11] chunk 540000-560000: write_table
2025-07-19 21:19:13 - INFO - app - [2025-04-11] parquet file completed: Data/Raw/20250411.parquet
2025-07-19 21:21:10 - INFO - app - [2025-04-12] chunk 0-20000: write_table
2025-07-19 21:23:15 - INFO - app - [2025-04-12] chunk 20000-40000: write_table
2025-07-19 21:25:16 - INFO - app - [2025-04-12] chunk 40000-60000: write_table
2025-07-19 21:27:20 - INFO - app - [2025-04-12] chunk 60000-80000: write_table
2025-07-19 21:29:31 - INFO - app - [2025-04-12] chunk 80000-100000: write_table
2025-07-19 21:31:39 - INFO - app - [2025-04-12] chunk 100000-120000: write_table
2025-07-19 21:33:47 - INFO - app - [2025-04-12] chunk 120000-140000: write_table
2025-07-19 21:35:54 - INFO - app - [2025-04-12] chunk 140000-160000: write_table
2025-07-19 21:38:00 - INFO - app - [2025-04-12] chunk 160000-180000: write_table
2025-07-19 21:40:05 - INFO - app - [2025-04-12] chunk 180000-200000: write_table
2025-07-19 21:42:09 - INFO - app - [2025-04-12] chunk 200000-220000: write_table
2025-07-19 21:44:11 - INFO - app - [2025-04-12] chunk 220000-240000: write_table
2025-07-19 21:46:18 - INFO - app - [2025-04-12] chunk 240000-260000: write_table
2025-07-19 21:48:31 - INFO - app - [2025-04-12] chunk 260000-280000: write_table
2025-07-19 21:50:20 - INFO - app - [2025-04-12] chunk 280000-300000: write_table
2025-07-19 21:52:09 - INFO - app - [2025-04-12] chunk 300000-320000: write_table
2025-07-19 21:53:56 - INFO - app - [2025-04-12] chunk 320000-340000: write_table
2025-07-19 21:55:43 - INFO - app - [2025-04-12] chunk 340000-360000: write_table
2025-07-19 21:57:32 - INFO - app - [2025-04-12] chunk 360000-380000: write_table
2025-07-19 21:59:27 - INFO - app - [2025-04-12] chunk 380000-400000: write_table
2025-07-19 22:01:35 - INFO - app - [2025-04-12] chunk 400000-420000: write_table
2025-07-19 22:03:17 - INFO - app - [2025-04-12] chunk 420000-440000: write_table
2025-07-19 22:05:13 - INFO - app - [2025-04-12] chunk 440000-460000: write_table
2025-07-19 22:07:15 - INFO - app - [2025-04-12] chunk 460000-480000: write_table
2025-07-19 22:09:24 - INFO - app - [2025-04-12] chunk 480000-500000: write_table
2025-07-19 22:11:38 - INFO - app - [2025-04-12] chunk 500000-520000: write_table
2025-07-19 22:13:42 - INFO - app - [2025-04-12] chunk 520000-540000: write_table
2025-07-19 22:14:37 - INFO - app - [2025-04-12] chunk 540000-560000: write_table
2025-07-19 22:14:37 - INFO - app - [2025-04-12] parquet file completed: Data/Raw/20250412.parquet
2025-07-19 22:16:20 - INFO - app - [2025-04-13] chunk 0-20000: write_table
2025-07-19 22:18:12 - INFO - app - [2025-04-13] chunk 20000-40000: write_table
2025-07-19 22:20:03 - INFO - app - [2025-04-13] chunk 40000-60000: write_table
2025-07-19 22:21:53 - INFO - app - [2025-04-13] chunk 60000-80000: write_table
2025-07-19 22:23:45 - INFO - app - [2025-04-13] chunk 80000-100000: write_table
2025-07-19 22:25:32 - INFO - app - [2025-04-13] chunk 100000-120000: write_table
2025-07-19 22:27:20 - INFO - app - [2025-04-13] chunk 120000-140000: write_table
2025-07-19 22:29:18 - INFO - app - [2025-04-13] chunk 140000-160000: write_table
2025-07-19 22:31:06 - INFO - app - [2025-04-13] chunk 160000-180000: write_table
2025-07-19 22:32:54 - INFO - app - [2025-04-13] chunk 180000-200000: write_table
2025-07-19 22:34:43 - INFO - app - [2025-04-13] chunk 200000-220000: write_table
2025-07-19 22:36:31 - INFO - app - [2025-04-13] chunk 220000-240000: write_table
2025-07-19 22:38:18 - INFO - app - [2025-04-13] chunk 240000-260000: write_table
2025-07-19 22:40:09 - INFO - app - [2025-04-13] chunk 260000-280000: write_table
2025-07-19 22:42:00 - INFO - app - [2025-04-13] chunk 280000-300000: write_table
2025-07-19 22:43:49 - INFO - app - [2025-04-13] chunk 300000-320000: write_table
2025-07-19 22:45:37 - INFO - app - [2025-04-13] chunk 320000-340000: write_table
2025-07-19 22:47:25 - INFO - app - [2025-04-13] chunk 340000-360000: write_table
2025-07-19 22:49:16 - INFO - app - [2025-04-13] chunk 360000-380000: write_table
2025-07-19 22:51:04 - INFO - app - [2025-04-13] chunk 380000-400000: write_table
2025-07-19 22:52:49 - INFO - app - [2025-04-13] chunk 400000-420000: write_table
2025-07-19 22:54:37 - INFO - app - [2025-04-13] chunk 420000-440000: write_table
2025-07-19 22:56:27 - INFO - app - [2025-04-13] chunk 440000-460000: write_table
2025-07-19 22:58:16 - INFO - app - [2025-04-13] chunk 460000-480000: write_table
2025-07-19 23:00:13 - INFO - app - [2025-04-13] chunk 480000-500000: write_table
2025-07-19 23:02:01 - INFO - app - [2025-04-13] chunk 500000-520000: write_table
2025-07-19 23:03:49 - INFO - app - [2025-04-13] chunk 520000-540000: write_table
2025-07-19 23:04:39 - INFO - app - [2025-04-13] chunk 540000-560000: write_table
2025-07-19 23:04:39 - INFO - app - [2025-04-13] parquet file completed: Data/Raw/20250413.parquet
2025-07-19 23:06:33 - INFO - app - [2025-04-14] chunk 0-20000: write_table
2025-07-19 23:08:34 - INFO - app - [2025-04-14] chunk 20000-40000: write_table
2025-07-19 23:10:37 - INFO - app - [2025-04-14] chunk 40000-60000: write_table
2025-07-19 23:12:26 - INFO - app - [2025-04-14] chunk 60000-80000: write_table
2025-07-19 23:14:13 - INFO - app - [2025-04-14] chunk 80000-100000: write_table
2025-07-19 23:16:01 - INFO - app - [2025-04-14] chunk 100000-120000: write_table
2025-07-19 23:17:45 - INFO - app - [2025-04-14] chunk 120000-140000: write_table
2025-07-19 23:19:31 - INFO - app - [2025-04-14] chunk 140000-160000: write_table
2025-07-19 23:21:17 - INFO - app - [2025-04-14] chunk 160000-180000: write_table
2025-07-19 23:23:04 - INFO - app - [2025-04-14] chunk 180000-200000: write_table
2025-07-19 23:24:46 - INFO - app - [2025-04-14] chunk 200000-220000: write_table
2025-07-19 23:26:35 - INFO - app - [2025-04-14] chunk 220000-240000: write_table
2025-07-19 23:28:16 - INFO - app - [2025-04-14] chunk 240000-260000: write_table
2025-07-19 23:30:05 - INFO - app - [2025-04-14] chunk 260000-280000: write_table
2025-07-19 23:31:59 - INFO - app - [2025-04-14] chunk 280000-300000: write_table
2025-07-19 23:33:58 - INFO - app - [2025-04-14] chunk 300000-320000: write_table
2025-07-19 23:35:59 - INFO - app - [2025-04-14] chunk 320000-340000: write_table
2025-07-19 23:38:08 - INFO - app - [2025-04-14] chunk 340000-360000: write_table
2025-07-19 23:40:19 - INFO - app - [2025-04-14] chunk 360000-380000: write_table
2025-07-19 23:42:22 - INFO - app - [2025-04-14] chunk 380000-400000: write_table
2025-07-19 23:44:19 - INFO - app - [2025-04-14] chunk 400000-420000: write_table
2025-07-19 23:46:19 - INFO - app - [2025-04-14] chunk 420000-440000: write_table
2025-07-19 23:48:22 - INFO - app - [2025-04-14] chunk 440000-460000: write_table
2025-07-19 23:50:30 - INFO - app - [2025-04-14] chunk 460000-480000: write_table
2025-07-19 23:52:31 - INFO - app - [2025-04-14] chunk 480000-500000: write_table
2025-07-19 23:54:33 - INFO - app - [2025-04-14] chunk 500000-520000: write_table
2025-07-19 23:56:37 - INFO - app - [2025-04-14] chunk 520000-540000: write_table
2025-07-19 23:57:31 - INFO - app - [2025-04-14] chunk 540000-560000: write_table
2025-07-19 23:57:31 - INFO - app - [2025-04-14] parquet file completed: Data/Raw/20250414.parquet
2025-07-19 23:59:33 - INFO - app - [2025-04-15] chunk 0-20000: write_table
2025-07-20 00:01:43 - INFO - app - [2025-04-15] chunk 20000-40000: write_table
2025-07-20 00:03:47 - INFO - app - [2025-04-15] chunk 40000-60000: write_table
2025-07-20 00:05:49 - INFO - app - [2025-04-15] chunk 60000-80000: write_table
2025-07-20 00:07:53 - INFO - app - [2025-04-15] chunk 80000-100000: write_table
2025-07-20 00:09:54 - INFO - app - [2025-04-15] chunk 100000-120000: write_table
2025-07-20 00:11:55 - INFO - app - [2025-04-15] chunk 120000-140000: write_table
2025-07-20 00:14:00 - INFO - app - [2025-04-15] chunk 140000-160000: write_table
2025-07-20 00:16:06 - INFO - app - [2025-04-15] chunk 160000-180000: write_table
2025-07-20 00:18:13 - INFO - app - [2025-04-15] chunk 180000-200000: write_table
2025-07-20 00:20:13 - INFO - app - [2025-04-15] chunk 200000-220000: write_table
2025-07-20 00:22:00 - INFO - app - [2025-04-15] chunk 220000-240000: write_table
2025-07-20 00:23:45 - INFO - app - [2025-04-15] chunk 240000-260000: write_table
2025-07-20 00:25:30 - INFO - app - [2025-04-15] chunk 260000-280000: write_table
2025-07-20 00:27:17 - INFO - app - [2025-04-15] chunk 280000-300000: write_table
2025-07-20 00:28:59 - INFO - app - [2025-04-15] chunk 300000-320000: write_table
2025-07-20 00:30:43 - INFO - app - [2025-04-15] chunk 320000-340000: write_table
2025-07-20 00:32:30 - INFO - app - [2025-04-15] chunk 340000-360000: write_table
2025-07-20 00:34:16 - INFO - app - [2025-04-15] chunk 360000-380000: write_table
2025-07-20 00:36:02 - INFO - app - [2025-04-15] chunk 380000-400000: write_table
2025-07-20 00:37:43 - INFO - app - [2025-04-15] chunk 400000-420000: write_table
2025-07-20 00:39:32 - INFO - app - [2025-04-15] chunk 420000-440000: write_table
2025-07-20 00:41:21 - INFO - app - [2025-04-15] chunk 440000-460000: write_table
2025-07-20 00:43:05 - INFO - app - [2025-04-15] chunk 460000-480000: write_table
2025-07-20 00:44:53 - INFO - app - [2025-04-15] chunk 480000-500000: write_table
2025-07-20 00:46:43 - INFO - app - [2025-04-15] chunk 500000-520000: write_table
2025-07-20 00:48:28 - INFO - app - [2025-04-15] chunk 520000-540000: write_table
2025-07-20 00:49:20 - INFO - app - [2025-04-15] chunk 540000-560000: write_table
2025-07-20 00:49:21 - INFO - app - [2025-04-15] parquet file completed: Data/Raw/20250415.parquet
2025-07-20 00:51:03 - INFO - app - [2025-04-16] chunk 0-20000: write_table
2025-07-20 00:52:49 - INFO - app - [2025-04-16] chunk 20000-40000: write_table
2025-07-20 00:54:37 - INFO - app - [2025-04-16] chunk 40000-60000: write_table
2025-07-20 00:56:41 - INFO - app - [2025-04-16] chunk 60000-80000: write_table
2025-07-20 00:58:43 - INFO - app - [2025-04-16] chunk 80000-100000: write_table
2025-07-20 01:00:55 - INFO - app - [2025-04-16] chunk 100000-120000: write_table
2025-07-20 01:02:53 - INFO - app - [2025-04-16] chunk 120000-140000: write_table
2025-07-20 01:04:57 - INFO - app - [2025-04-16] chunk 140000-160000: write_table
2025-07-20 01:06:56 - INFO - app - [2025-04-16] chunk 160000-180000: write_table
2025-07-20 01:09:01 - INFO - app - [2025-04-16] chunk 180000-200000: write_table
2025-07-20 01:11:07 - INFO - app - [2025-04-16] chunk 200000-220000: write_table
2025-07-20 01:13:08 - INFO - app - [2025-04-16] chunk 220000-240000: write_table
2025-07-20 01:15:12 - INFO - app - [2025-04-16] chunk 240000-260000: write_table
2025-07-20 01:17:10 - INFO - app - [2025-04-16] chunk 260000-280000: write_table
2025-07-20 01:19:10 - INFO - app - [2025-04-16] chunk 280000-300000: write_table
2025-07-20 01:21:11 - INFO - app - [2025-04-16] chunk 300000-320000: write_table
2025-07-20 01:23:16 - INFO - app - [2025-04-16] chunk 320000-340000: write_table
2025-07-20 01:25:17 - INFO - app - [2025-04-16] chunk 340000-360000: write_table
2025-07-20 01:27:17 - INFO - app - [2025-04-16] chunk 360000-380000: write_table
2025-07-20 01:29:17 - INFO - app - [2025-04-16] chunk 380000-400000: write_table
2025-07-20 01:31:12 - INFO - app - [2025-04-16] chunk 400000-420000: write_table
2025-07-20 01:33:13 - INFO - app - [2025-04-16] chunk 420000-440000: write_table
2025-07-20 01:35:13 - INFO - app - [2025-04-16] chunk 440000-460000: write_table
2025-07-20 01:37:13 - INFO - app - [2025-04-16] chunk 460000-480000: write_table
2025-07-20 01:39:13 - INFO - app - [2025-04-16] chunk 480000-500000: write_table
2025-07-20 01:41:22 - INFO - app - [2025-04-16] chunk 500000-520000: write_table
2025-07-20 01:43:24 - INFO - app - [2025-04-16] chunk 520000-540000: write_table
2025-07-20 01:44:16 - INFO - app - [2025-04-16] chunk 540000-560000: write_table
2025-07-20 01:44:17 - INFO - app - [2025-04-16] parquet file completed: Data/Raw/20250416.parquet
2025-07-20 01:46:13 - INFO - app - [2025-04-17] chunk 0-20000: write_table
2025-07-20 01:48:15 - INFO - app - [2025-04-17] chunk 20000-40000: write_table
2025-07-20 01:50:24 - INFO - app - [2025-04-17] chunk 40000-60000: write_table
2025-07-20 01:52:26 - INFO - app - [2025-04-17] chunk 60000-80000: write_table
2025-07-20 01:54:30 - INFO - app - [2025-04-17] chunk 80000-100000: write_table
2025-07-20 01:56:31 - INFO - app - [2025-04-17] chunk 100000-120000: write_table
2025-07-20 01:58:33 - INFO - app - [2025-04-17] chunk 120000-140000: write_table
2025-07-20 02:00:32 - INFO - app - [2025-04-17] chunk 140000-160000: write_table
2025-07-20 02:02:18 - INFO - app - [2025-04-17] chunk 160000-180000: write_table
2025-07-20 02:04:02 - INFO - app - [2025-04-17] chunk 180000-200000: write_table
2025-07-20 02:05:50 - INFO - app - [2025-04-17] chunk 200000-220000: write_table
2025-07-20 02:07:51 - INFO - app - [2025-04-17] chunk 220000-240000: write_table
