2025-08-08 09:28:52 - INFO - app - π“† date_range λ¨λ“: μ΄ 56μΌ κ°„ λ°μ΄ν„° μ΅°ν μμ • β†’ [datetime.datetime(2025, 4, 1, 0, 0), datetime.datetime(2025, 4, 2, 0, 0), datetime.datetime(2025, 4, 3, 0, 0), datetime.datetime(2025, 4, 4, 0, 0), datetime.datetime(2025, 4, 5, 0, 0), datetime.datetime(2025, 4, 6, 0, 0), datetime.datetime(2025, 4, 7, 0, 0), datetime.datetime(2025, 4, 8, 0, 0), datetime.datetime(2025, 4, 9, 0, 0), datetime.datetime(2025, 4, 10, 0, 0), datetime.datetime(2025, 4, 11, 0, 0), datetime.datetime(2025, 4, 12, 0, 0), datetime.datetime(2025, 4, 13, 0, 0), datetime.datetime(2025, 4, 14, 0, 0), datetime.datetime(2025, 4, 15, 0, 0), datetime.datetime(2025, 4, 16, 0, 0), datetime.datetime(2025, 4, 17, 0, 0), datetime.datetime(2025, 4, 18, 0, 0), datetime.datetime(2025, 4, 19, 0, 0), datetime.datetime(2025, 4, 20, 0, 0), datetime.datetime(2025, 4, 21, 0, 0), datetime.datetime(2025, 4, 22, 0, 0), datetime.datetime(2025, 4, 23, 0, 0), datetime.datetime(2025, 4, 24, 0, 0), datetime.datetime(2025, 4, 25, 0, 0), datetime.datetime(2025, 4, 26, 0, 0), datetime.datetime(2025, 4, 27, 0, 0), datetime.datetime(2025, 4, 28, 0, 0), datetime.datetime(2025, 4, 29, 0, 0), datetime.datetime(2025, 4, 30, 0, 0), datetime.datetime(2025, 5, 1, 0, 0), datetime.datetime(2025, 5, 2, 0, 0), datetime.datetime(2025, 5, 3, 0, 0), datetime.datetime(2025, 5, 4, 0, 0), datetime.datetime(2025, 5, 5, 0, 0), datetime.datetime(2025, 5, 6, 0, 0), datetime.datetime(2025, 5, 7, 0, 0), datetime.datetime(2025, 5, 8, 0, 0), datetime.datetime(2025, 5, 9, 0, 0), datetime.datetime(2025, 5, 10, 0, 0), datetime.datetime(2025, 5, 11, 0, 0), datetime.datetime(2025, 5, 12, 0, 0), datetime.datetime(2025, 5, 13, 0, 0), datetime.datetime(2025, 5, 14, 0, 0), datetime.datetime(2025, 5, 15, 0, 0), datetime.datetime(2025, 5, 16, 0, 0), datetime.datetime(2025, 5, 17, 0, 0), datetime.datetime(2025, 5, 18, 0, 0), datetime.datetime(2025, 5, 19, 0, 0), datetime.datetime(2025, 5, 20, 0, 0), datetime.datetime(2025, 5, 21, 0, 0), datetime.datetime(2025, 5, 22, 0, 0), datetime.datetime(2025, 5, 23, 0, 0), datetime.datetime(2025, 5, 24, 0, 0), datetime.datetime(2025, 5, 25, 0, 0), datetime.datetime(2025, 5, 26, 0, 0)]
2025-08-08 09:28:52 - INFO - app - π“ ν™•μ¥λ λ²”μ„: 2025-03-24 ~ 2025-05-26 (μ΄ 64κ° νμΌ)
2025-08-08 09:28:52 - INFO - app - π” μµλ€ lookback: 8μΌ (10135λ¶„)
2025-08-08 09:28:52 - INFO - app - β… Data load skip: μ΄ 64κ° νμΌ μ €μ¥λ¨
2025-08-08 09:28:52 - INFO - app - π”Ή pivot λ°©λ²•: Raw β†’ ν΄λ¬μ¤ν„° ν…μ„ (κ³ μ†Β·μ €λ©”λ¨λ¦¬)
2025-08-08 09:29:01 - INFO - app - π― pivot λ°©μ‹: μ „μ²΄ νƒ€μ„μ¤νƒ¬ν”„ 15840 (interval=5λ¶„)
2025-08-08 09:29:01 - INFO - app - π”Ή train μ„ΈνΈ μ²λ¦¬: 9504 ts
2025-08-08 09:29:32 - INFO - app -   β–¶ train 20250325 λ°μ μ™„λ£
2025-08-08 09:29:59 - INFO - app -   β–¶ train 20250326 λ°μ μ™„λ£
2025-08-08 09:30:29 - INFO - app -   β–¶ train 20250327 λ°μ μ™„λ£
2025-08-08 09:30:57 - INFO - app -   β–¶ train 20250328 λ°μ μ™„λ£
2025-08-08 09:31:27 - INFO - app -   β–¶ train 20250329 λ°μ μ™„λ£
2025-08-08 09:31:54 - INFO - app -   β–¶ train 20250330 λ°μ μ™„λ£
2025-08-08 09:32:32 - INFO - app -   β–¶ train 20250331 λ°μ μ™„λ£
2025-08-08 09:33:22 - INFO - app -   β–¶ train 20250401 λ°μ μ™„λ£
2025-08-08 09:34:10 - INFO - app -   β–¶ train 20250402 λ°μ μ™„λ£
2025-08-08 09:35:01 - INFO - app -   β–¶ train 20250403 λ°μ μ™„λ£
2025-08-08 09:35:50 - INFO - app -   β–¶ train 20250404 λ°μ μ™„λ£
2025-08-08 09:36:41 - INFO - app -   β–¶ train 20250405 λ°μ μ™„λ£
2025-08-08 09:37:30 - INFO - app -   β–¶ train 20250406 λ°μ μ™„λ£
2025-08-08 09:38:18 - INFO - app -   β–¶ train 20250407 λ°μ μ™„λ£
2025-08-08 09:39:08 - INFO - app -   β–¶ train 20250408 λ°μ μ™„λ£
2025-08-08 09:39:58 - INFO - app -   β–¶ train 20250409 λ°μ μ™„λ£
2025-08-08 09:40:50 - INFO - app -   β–¶ train 20250410 λ°μ μ™„λ£
2025-08-08 09:41:40 - INFO - app -   β–¶ train 20250411 λ°μ μ™„λ£
2025-08-08 09:42:32 - INFO - app -   β–¶ train 20250412 λ°μ μ™„λ£
2025-08-08 09:43:18 - INFO - app -   β–¶ train 20250413 λ°μ μ™„λ£
2025-08-08 09:44:10 - INFO - app -   β–¶ train 20250414 λ°μ μ™„λ£
2025-08-08 09:45:01 - INFO - app -   β–¶ train 20250415 λ°μ μ™„λ£
2025-08-08 09:45:51 - INFO - app -   β–¶ train 20250416 λ°μ μ™„λ£
2025-08-08 09:46:43 - INFO - app -   β–¶ train 20250417 λ°μ μ™„λ£
2025-08-08 09:47:32 - INFO - app -   β–¶ train 20250418 λ°μ μ™„λ£
2025-08-08 09:48:23 - INFO - app -   β–¶ train 20250419 λ°μ μ™„λ£
2025-08-08 09:48:50 - INFO - app -   β–¶ train 20250420 λ°μ μ™„λ£
2025-08-08 09:49:34 - INFO - app -   β–¶ train 20250421 λ°μ μ™„λ£
2025-08-08 09:50:24 - INFO - app -   β–¶ train 20250422 λ°μ μ™„λ£
2025-08-08 09:51:14 - INFO - app -   β–¶ train 20250423 λ°μ μ™„λ£
2025-08-08 09:52:04 - INFO - app -   β–¶ train 20250424 λ°μ μ™„λ£
2025-08-08 09:52:52 - INFO - app -   β–¶ train 20250425 λ°μ μ™„λ£
2025-08-08 09:53:41 - INFO - app -   β–¶ train 20250426 λ°μ μ™„λ£
2025-08-08 09:54:21 - INFO - app -   β–¶ train 20250427 λ°μ μ™„λ£
2025-08-08 09:55:06 - INFO - app -   β–¶ train 20250428 λ°μ μ™„λ£
2025-08-08 09:55:46 - INFO - app -   β–¶ train 20250429 λ°μ μ™„λ£
2025-08-08 09:56:29 - INFO - app -   β–¶ train 20250430 λ°μ μ™„λ£
2025-08-08 09:57:09 - INFO - app -   β–¶ train 20250501 λ°μ μ™„λ£
2025-08-08 09:57:53 - INFO - app -   β–¶ train 20250502 λ°μ μ™„λ£
2025-08-08 09:58:27 - INFO - app -   β–¶ train 20250503 λ°μ μ™„λ£
2025-08-08 09:58:48 - INFO - app -   β–¶ train 20250504 λ°μ μ™„λ£
2025-08-08 09:58:48 - INFO - app - β… train μ„ΈνΈ μ™„λ£
2025-08-08 09:58:48 - INFO - app - π”Ή val μ„ΈνΈ μ²λ¦¬: 3168 ts
2025-08-08 09:59:14 - INFO - app -   β–¶ val 20250427 λ°μ μ™„λ£
2025-08-08 09:59:43 - INFO - app -   β–¶ val 20250428 λ°μ μ™„λ£
2025-08-08 10:00:10 - INFO - app -   β–¶ val 20250429 λ°μ μ™„λ£
2025-08-08 10:00:40 - INFO - app -   β–¶ val 20250430 λ°μ μ™„λ£
2025-08-08 10:01:06 - INFO - app -   β–¶ val 20250501 λ°μ μ™„λ£
2025-08-08 10:01:36 - INFO - app -   β–¶ val 20250502 λ°μ μ™„λ£
2025-08-08 10:02:11 - INFO - app -   β–¶ val 20250503 λ°μ μ™„λ£
2025-08-08 10:03:01 - INFO - app -   β–¶ val 20250504 λ°μ μ™„λ£
2025-08-08 10:03:51 - INFO - app -   β–¶ val 20250505 λ°μ μ™„λ£
2025-08-08 10:04:40 - INFO - app -   β–¶ val 20250506 λ°μ μ™„λ£
2025-08-08 10:05:16 - INFO - app -   β–¶ val 20250507 λ°μ μ™„λ£
2025-08-08 10:05:39 - INFO - app -   β–¶ val 20250508 λ°μ μ™„λ£
2025-08-08 10:06:22 - INFO - app -   β–¶ val 20250509 λ°μ μ™„λ£
2025-08-08 10:07:07 - INFO - app -   β–¶ val 20250510 λ°μ μ™„λ£
2025-08-08 10:07:50 - INFO - app -   β–¶ val 20250511 λ°μ μ™„λ£
2025-08-08 10:08:35 - INFO - app -   β–¶ val 20250512 λ°μ μ™„λ£
2025-08-08 10:09:17 - INFO - app -   β–¶ val 20250513 λ°μ μ™„λ£
2025-08-08 10:09:56 - INFO - app -   β–¶ val 20250514 λ°μ μ™„λ£
2025-08-08 10:10:16 - INFO - app -   β–¶ val 20250515 λ°μ μ™„λ£
2025-08-08 10:10:16 - INFO - app - β… val μ„ΈνΈ μ™„λ£
2025-08-08 10:10:16 - INFO - app - π”Ή test μ„ΈνΈ μ²λ¦¬: 3168 ts
2025-08-08 10:10:24 - INFO - app -   β–¶ test 20250508 λ°μ μ™„λ£
2025-08-08 10:10:52 - INFO - app -   β–¶ test 20250509 λ°μ μ™„λ£
2025-08-08 10:11:20 - INFO - app -   β–¶ test 20250510 λ°μ μ™„λ£
2025-08-08 10:11:48 - INFO - app -   β–¶ test 20250511 λ°μ μ™„λ£
2025-08-08 10:12:18 - INFO - app -   β–¶ test 20250512 λ°μ μ™„λ£
2025-08-08 10:12:45 - INFO - app -   β–¶ test 20250513 λ°μ μ™„λ£
2025-08-08 10:13:23 - INFO - app -   β–¶ test 20250514 λ°μ μ™„λ£
2025-08-08 10:14:15 - INFO - app -   β–¶ test 20250515 λ°μ μ™„λ£
2025-08-08 10:15:07 - INFO - app -   β–¶ test 20250516 λ°μ μ™„λ£
2025-08-08 10:15:57 - INFO - app -   β–¶ test 20250517 λ°μ μ™„λ£
2025-08-08 10:16:47 - INFO - app -   β–¶ test 20250518 λ°μ μ™„λ£
2025-08-08 10:17:32 - INFO - app -   β–¶ test 20250519 λ°μ μ™„λ£
2025-08-08 10:18:18 - INFO - app -   β–¶ test 20250520 λ°μ μ™„λ£
2025-08-08 10:19:00 - INFO - app -   β–¶ test 20250521 λ°μ μ™„λ£
2025-08-08 10:19:44 - INFO - app -   β–¶ test 20250522 λ°μ μ™„λ£
2025-08-08 10:20:27 - INFO - app -   β–¶ test 20250523 λ°μ μ™„λ£
2025-08-08 10:21:09 - INFO - app -   β–¶ test 20250524 λ°μ μ™„λ£
2025-08-08 10:21:45 - INFO - app -   β–¶ test 20250525 λ°μ μ™„λ£
2025-08-08 10:22:08 - INFO - app -   β–¶ test 20250526 λ°μ μ™„λ£
2025-08-08 10:22:08 - INFO - app - β… test μ„ΈνΈ μ™„λ£
2025-08-08 10:22:08 - INFO - app - π‰ pivot κΈ°λ° tensor μƒμ„± μ™„λ£
2025-08-08 10:22:08 - INFO - app - β… Raw λ°μ΄ν„°μ—μ„ ν΄λ¬μ¤ν„° ν…μ„ μƒμ„± μ™„λ£: Model/v0μ— μ €μ¥λ¨
2025-08-08 10:22:08 - INFO - app - β… MAPE for model 0 loaded from cache: 0.1289
2025-08-08 10:22:08 - INFO - app - β… MAPE for model 1 loaded from cache: 0.2293
2025-08-08 10:22:08 - INFO - app - β… MAPE for model 2 loaded from cache: 0.1434
2025-08-08 10:22:08 - INFO - app - β… MAPE for model 3 loaded from cache: 0.1488
2025-08-08 10:22:08 - INFO - app - β… MAPE for model 4 loaded from cache: 0.5011
2025-08-08 10:22:08 - INFO - app - β… MAPE for model 5 loaded from cache: 0.1871
2025-08-08 10:22:08 - INFO - app - β… MAPE for model 6 loaded from cache: 0.5571
2025-08-08 10:22:08 - INFO - app - β… MAPE for model 7 loaded from cache: 0.5819
2025-08-08 10:22:08 - INFO - app - β… MAPE for model 8 loaded from cache: 0.5773
2025-08-08 10:22:08 - INFO - app - β… MAPE for model 9 loaded from cache: 0.3641
2025-08-08 10:22:08 - INFO - app - β… MAPE for model 10 loaded from cache: 0.2689
2025-08-08 10:22:08 - INFO - app - β… MAPE for model 11 loaded from cache: 0.2629
2025-08-08 10:22:08 - INFO - app - β… MAPE for model 12 loaded from cache: 0.4317
2025-08-08 10:22:08 - INFO - app - β… MAPE for model 13 loaded from cache: 0.4431
2025-08-08 10:22:08 - INFO - app - β… MAPE for model 14 loaded from cache: 0.1575
2025-08-08 10:22:08 - INFO - app - β… MAPE for model 15 loaded from cache: 0.2049
2025-08-08 10:22:08 - INFO - app - β… MAPE for model 16 loaded from cache: 0.1332
2025-08-08 10:22:08 - INFO - app - β… MAPE for model 17 loaded from cache: 0.2421
2025-08-08 10:22:08 - INFO - app - β… MAPE for model 18 loaded from cache: 0.2097
2025-08-08 10:22:08 - INFO - app - β… MAPE for model 19 loaded from cache: 0.6253
2025-08-08 10:22:08 - INFO - app - β… MAPE for model 20 loaded from cache: 0.4859
2025-08-08 10:22:08 - INFO - app - β… MAPE for model 21 loaded from cache: 0.6686
2025-08-08 10:22:08 - INFO - app - β… MAPE for model 22 loaded from cache: 0.7378
2025-08-08 10:22:08 - INFO - app - β… MAPE for model 23 loaded from cache: 0.6341
2025-08-08 10:22:08 - INFO - app - β… MAPE for model 24 loaded from cache: 0.1661
2025-08-08 10:22:08 - INFO - app - β… MAPE for model 25 loaded from cache: 0.3429
2025-08-08 10:22:08 - INFO - app - β… MAPE for model 26 loaded from cache: 0.1499
2025-08-08 10:22:08 - INFO - app - β… MAPE for model 27 loaded from cache: 0.5924
2025-08-08 10:22:08 - INFO - app - β… MAPE for model 28 loaded from cache: 0.1072
2025-08-08 10:22:08 - INFO - app - β… MAPE for model 29 loaded from cache: 0.3842
2025-08-08 10:22:08 - INFO - app - β… MAPE for model 30 loaded from cache: 0.3956
2025-08-08 10:22:08 - INFO - app - β… MAPE for model 31 loaded from cache: 0.3519
2025-08-08 10:22:08 - INFO - app - β… MAPE for model 32 loaded from cache: 0.4808
2025-08-08 10:22:08 - INFO - app - β… MAPE for model 33 loaded from cache: 0.5287
2025-08-08 10:22:08 - INFO - app - β… MAPE for model 34 loaded from cache: 0.6446
2025-08-08 10:22:08 - INFO - app - β… MAPE for model 35 loaded from cache: 0.6397
2025-08-08 10:22:08 - INFO - app - β… MAPE for model 36 loaded from cache: 0.5155
2025-08-08 10:22:08 - INFO - app - β… MAPE for model 37 loaded from cache: 0.3706
2025-08-08 10:22:09 - INFO - app - β… MAPE for model 38 loaded from cache: 0.3693
