2025-07-21 08:49:05 - INFO - app - 📆 date_range 모드: 총 81일 간 데이터 조회 예정 → [datetime.datetime(2025, 3, 11, 0, 0), datetime.datetime(2025, 3, 12, 0, 0), datetime.datetime(2025, 3, 13, 0, 0), datetime.datetime(2025, 3, 14, 0, 0), datetime.datetime(2025, 3, 15, 0, 0), datetime.datetime(2025, 3, 16, 0, 0), datetime.datetime(2025, 3, 17, 0, 0), datetime.datetime(2025, 3, 18, 0, 0), datetime.datetime(2025, 3, 19, 0, 0), datetime.datetime(2025, 3, 20, 0, 0), datetime.datetime(2025, 3, 21, 0, 0), datetime.datetime(2025, 3, 22, 0, 0), datetime.datetime(2025, 3, 23, 0, 0), datetime.datetime(2025, 3, 24, 0, 0), datetime.datetime(2025, 3, 25, 0, 0), datetime.datetime(2025, 3, 26, 0, 0), datetime.datetime(2025, 3, 27, 0, 0), datetime.datetime(2025, 3, 28, 0, 0), datetime.datetime(2025, 3, 29, 0, 0), datetime.datetime(2025, 3, 30, 0, 0), datetime.datetime(2025, 3, 31, 0, 0), datetime.datetime(2025, 4, 1, 0, 0), datetime.datetime(2025, 4, 2, 0, 0), datetime.datetime(2025, 4, 3, 0, 0), datetime.datetime(2025, 4, 4, 0, 0), datetime.datetime(2025, 4, 5, 0, 0), datetime.datetime(2025, 4, 6, 0, 0), datetime.datetime(2025, 4, 7, 0, 0), datetime.datetime(2025, 4, 8, 0, 0), datetime.datetime(2025, 4, 9, 0, 0), datetime.datetime(2025, 4, 10, 0, 0), datetime.datetime(2025, 4, 11, 0, 0), datetime.datetime(2025, 4, 12, 0, 0), datetime.datetime(2025, 4, 13, 0, 0), datetime.datetime(2025, 4, 14, 0, 0), datetime.datetime(2025, 4, 15, 0, 0), datetime.datetime(2025, 4, 16, 0, 0), datetime.datetime(2025, 4, 17, 0, 0), datetime.datetime(2025, 4, 18, 0, 0), datetime.datetime(2025, 4, 19, 0, 0), datetime.datetime(2025, 4, 20, 0, 0), datetime.datetime(2025, 4, 21, 0, 0), datetime.datetime(2025, 4, 22, 0, 0), datetime.datetime(2025, 4, 23, 0, 0), datetime.datetime(2025, 4, 24, 0, 0), datetime.datetime(2025, 4, 25, 0, 0), datetime.datetime(2025, 4, 26, 0, 0), datetime.datetime(2025, 4, 27, 0, 0), datetime.datetime(2025, 4, 28, 0, 0), datetime.datetime(2025, 4, 29, 0, 0), datetime.datetime(2025, 4, 30, 0, 0), datetime.datetime(2025, 5, 1, 0, 0), datetime.datetime(2025, 5, 2, 0, 0), datetime.datetime(2025, 5, 3, 0, 0), datetime.datetime(2025, 5, 4, 0, 0), datetime.datetime(2025, 5, 5, 0, 0), datetime.datetime(2025, 5, 6, 0, 0), datetime.datetime(2025, 5, 7, 0, 0), datetime.datetime(2025, 5, 8, 0, 0), datetime.datetime(2025, 5, 9, 0, 0), datetime.datetime(2025, 5, 10, 0, 0), datetime.datetime(2025, 5, 11, 0, 0), datetime.datetime(2025, 5, 12, 0, 0), datetime.datetime(2025, 5, 13, 0, 0), datetime.datetime(2025, 5, 14, 0, 0), datetime.datetime(2025, 5, 15, 0, 0), datetime.datetime(2025, 5, 16, 0, 0), datetime.datetime(2025, 5, 17, 0, 0), datetime.datetime(2025, 5, 18, 0, 0), datetime.datetime(2025, 5, 19, 0, 0), datetime.datetime(2025, 5, 20, 0, 0), datetime.datetime(2025, 5, 21, 0, 0), datetime.datetime(2025, 5, 22, 0, 0), datetime.datetime(2025, 5, 23, 0, 0), datetime.datetime(2025, 5, 24, 0, 0), datetime.datetime(2025, 5, 25, 0, 0), datetime.datetime(2025, 5, 26, 0, 0), datetime.datetime(2025, 5, 27, 0, 0), datetime.datetime(2025, 5, 28, 0, 0), datetime.datetime(2025, 5, 29, 0, 0), datetime.datetime(2025, 5, 30, 0, 0)]
2025-07-21 08:49:05 - INFO - app - 🚀 시작 – Postgres DB → Parquet 스트리밍
2025-07-21 08:49:05 - INFO - app - 📡 [2025-03-11 00:00:00] 컬렉션 already done
2025-07-21 08:49:05 - INFO - app - 📡 [2025-03-12 00:00:00] 컬렉션 already done
2025-07-21 08:49:05 - INFO - app - 📡 [2025-03-13 00:00:00] 컬렉션 already done
2025-07-21 08:49:05 - INFO - app - 📡 [2025-03-14 00:00:00] 컬렉션 already done
2025-07-21 08:49:05 - INFO - app - 📡 [2025-03-15 00:00:00] 컬렉션 already done
2025-07-21 08:49:05 - INFO - app - 📡 [2025-03-16 00:00:00] 컬렉션 already done
2025-07-21 08:49:05 - INFO - app - 📡 [2025-03-17 00:00:00] 컬렉션 already done
2025-07-21 08:49:05 - INFO - app - 📡 [2025-03-18 00:00:00] 컬렉션 already done
2025-07-21 08:49:05 - INFO - app - 📡 [2025-03-19 00:00:00] 컬렉션 already done
2025-07-21 08:49:05 - INFO - app - 📡 [2025-03-20 00:00:00] 컬렉션 already done
2025-07-21 08:49:05 - INFO - app - 📡 [2025-03-21 00:00:00] 컬렉션 already done
2025-07-21 08:49:05 - INFO - app - 📡 [2025-03-22 00:00:00] 컬렉션 already done
2025-07-21 08:49:05 - INFO - app - 📡 [2025-03-23 00:00:00] 컬렉션 already done
2025-07-21 08:49:05 - INFO - app - 📡 [2025-03-24 00:00:00] 컬렉션 already done
2025-07-21 08:49:05 - INFO - app - 📡 [2025-03-25 00:00:00] 컬렉션 already done
2025-07-21 08:49:05 - INFO - app - 📡 [2025-03-26 00:00:00] 컬렉션 already done
2025-07-21 08:49:05 - INFO - app - 📡 [2025-03-27 00:00:00] 컬렉션 already done
2025-07-21 08:49:05 - INFO - app - 📡 [2025-03-28 00:00:00] 컬렉션 already done
2025-07-21 08:49:05 - INFO - app - 📡 [2025-03-29 00:00:00] 컬렉션 already done
2025-07-21 08:49:05 - INFO - app - 📡 [2025-03-30 00:00:00] 컬렉션 already done
2025-07-21 08:49:05 - INFO - app - 📡 [2025-03-31 00:00:00] 컬렉션 already done
2025-07-21 08:49:05 - INFO - app - 📡 [2025-04-01 00:00:00] 컬렉션 already done
2025-07-21 08:49:05 - INFO - app - 📡 [2025-04-02 00:00:00] 컬렉션 already done
2025-07-21 08:49:05 - INFO - app - 📡 [2025-04-03 00:00:00] 컬렉션 already done
2025-07-21 08:49:05 - INFO - app - 📡 [2025-04-04 00:00:00] 컬렉션 already done
2025-07-21 08:49:05 - INFO - app - 📡 [2025-04-05 00:00:00] 컬렉션 already done
2025-07-21 08:49:05 - INFO - app - 📡 [2025-04-06 00:00:00] 컬렉션 already done
2025-07-21 08:49:05 - INFO - app - 📡 [2025-04-07 00:00:00] 컬렉션 already done
2025-07-21 08:49:05 - INFO - app - 📡 [2025-04-08 00:00:00] 컬렉션 already done
2025-07-21 08:49:05 - INFO - app - 📡 [2025-04-09 00:00:00] 컬렉션 already done
2025-07-21 08:49:05 - INFO - app - 📡 [2025-04-10 00:00:00] 컬렉션 already done
2025-07-21 08:49:05 - INFO - app - 📡 [2025-04-11 00:00:00] 컬렉션 already done
2025-07-21 08:49:05 - INFO - app - 📡 [2025-04-12 00:00:00] 컬렉션 already done
2025-07-21 08:49:05 - INFO - app - 📡 [2025-04-13 00:00:00] 컬렉션 already done
2025-07-21 08:49:05 - INFO - app - 📡 [2025-04-14 00:00:00] 컬렉션 already done
2025-07-21 08:49:05 - INFO - app - 📡 [2025-04-15 00:00:00] 컬렉션 already done
2025-07-21 08:49:05 - INFO - app - 📡 [2025-04-16 00:00:00] 컬렉션 already done
2025-07-21 08:49:05 - INFO - app - 📡 [2025-04-17 00:00:00] 컬렉션 already done
2025-07-21 08:49:05 - INFO - app - 📡 [2025-04-18 00:00:00] 컬렉션 already done
2025-07-21 08:49:05 - INFO - app - 📡 [2025-04-19 00:00:00] 컬렉션 already done
2025-07-21 08:49:05 - INFO - app - 📡 [2025-04-20 00:00:00] 컬렉션 already done
2025-07-21 08:49:05 - INFO - app - 📡 [2025-04-21 00:00:00] 컬렉션 already done
2025-07-21 08:49:05 - INFO - app - 📡 [2025-04-22 00:00:00] 컬렉션 already done
2025-07-21 08:49:05 - INFO - app - 📡 [2025-04-23 00:00:00] 컬렉션 already done
2025-07-21 08:49:05 - INFO - app - 📡 [2025-04-24 00:00:00] 컬렉션 already done
2025-07-21 08:49:05 - INFO - app - 📡 [2025-04-25 00:00:00] 컬렉션 already done
2025-07-21 08:49:05 - INFO - app - 📡 [2025-04-26 00:00:00] 컬렉션 already done
2025-07-21 08:49:05 - INFO - app - 📡 [2025-04-27 00:00:00] 컬렉션 already done
2025-07-21 08:49:05 - INFO - app - 📡 [2025-04-28 00:00:00] 컬렉션 already done
2025-07-21 08:49:05 - INFO - app - 📡 [2025-04-29 00:00:00] 컬렉션 already done
2025-07-21 08:49:05 - INFO - app - 📡 [2025-04-30 00:00:00] 컬렉션 already done
2025-07-21 08:49:05 - INFO - app - 📡 [2025-05-01 00:00:00] 컬렉션 already done
2025-07-21 08:51:38 - INFO - app - [2025-05-02] chunk 0-25000: write_table
2025-07-21 08:53:59 - INFO - app - [2025-05-02] chunk 25000-50000: write_table
2025-07-21 08:56:20 - INFO - app - [2025-05-02] chunk 50000-75000: write_table
2025-07-21 08:59:35 - INFO - app - [2025-05-02] chunk 75000-100000: write_table
2025-07-21 09:01:59 - INFO - app - [2025-05-02] chunk 100000-125000: write_table
2025-07-21 09:04:21 - INFO - app - [2025-05-02] chunk 125000-150000: write_table
2025-07-21 09:06:52 - INFO - app - [2025-05-02] chunk 150000-175000: write_table
2025-07-21 09:09:29 - INFO - app - [2025-05-02] chunk 175000-200000: write_table
2025-07-21 09:11:58 - INFO - app - [2025-05-02] chunk 200000-225000: write_table
2025-07-21 09:14:19 - INFO - app - [2025-05-02] chunk 225000-250000: write_table
2025-07-21 09:16:39 - INFO - app - [2025-05-02] chunk 250000-275000: write_table
2025-07-21 09:19:00 - INFO - app - [2025-05-02] chunk 275000-300000: write_table
2025-07-21 09:21:26 - INFO - app - [2025-05-02] chunk 300000-325000: write_table
2025-07-21 09:23:45 - INFO - app - [2025-05-02] chunk 325000-350000: write_table
2025-07-21 09:26:05 - INFO - app - [2025-05-02] chunk 350000-375000: write_table
2025-07-21 09:28:25 - INFO - app - [2025-05-02] chunk 375000-400000: write_table
2025-07-21 09:30:39 - INFO - app - [2025-05-02] chunk 400000-425000: write_table
2025-07-21 09:32:59 - INFO - app - [2025-05-02] chunk 425000-450000: write_table
2025-07-21 09:35:19 - INFO - app - [2025-05-02] chunk 450000-475000: write_table
2025-07-21 09:37:46 - INFO - app - [2025-05-02] chunk 475000-500000: write_table
2025-07-21 09:40:05 - INFO - app - [2025-05-02] chunk 500000-525000: write_table
2025-07-21 09:42:26 - INFO - app - [2025-05-02] chunk 525000-550000: write_table
2025-07-21 09:42:26 - INFO - app - [2025-05-02] parquet file completed: Data/Raw/20250502.parquet
2025-07-21 09:44:28 - INFO - app - [2025-05-03] chunk 0-25000: write_table
2025-07-21 09:46:34 - INFO - app - [2025-05-03] chunk 25000-50000: write_table
2025-07-21 09:48:41 - INFO - app - [2025-05-03] chunk 50000-75000: write_table
2025-07-21 09:50:49 - INFO - app - [2025-05-03] chunk 75000-100000: write_table
2025-07-21 09:52:56 - INFO - app - [2025-05-03] chunk 100000-125000: write_table
2025-07-21 09:55:03 - INFO - app - [2025-05-03] chunk 125000-150000: write_table
2025-07-21 09:57:16 - INFO - app - [2025-05-03] chunk 150000-175000: write_table
2025-07-21 09:59:23 - INFO - app - [2025-05-03] chunk 175000-200000: write_table
2025-07-21 10:01:33 - INFO - app - [2025-05-03] chunk 200000-225000: write_table
2025-07-21 10:03:40 - INFO - app - [2025-05-03] chunk 225000-250000: write_table
2025-07-21 10:05:47 - INFO - app - [2025-05-03] chunk 250000-275000: write_table
2025-07-21 10:07:56 - INFO - app - [2025-05-03] chunk 275000-300000: write_table
2025-07-21 10:10:03 - INFO - app - [2025-05-03] chunk 300000-325000: write_table
2025-07-21 10:12:22 - INFO - app - [2025-05-03] chunk 325000-350000: write_table
2025-07-21 10:14:30 - INFO - app - [2025-05-03] chunk 350000-375000: write_table
2025-07-21 10:16:39 - INFO - app - [2025-05-03] chunk 375000-400000: write_table
2025-07-21 10:18:41 - INFO - app - [2025-05-03] chunk 400000-425000: write_table
2025-07-21 10:20:49 - INFO - app - [2025-05-03] chunk 425000-450000: write_table
2025-07-21 10:22:59 - INFO - app - [2025-05-03] chunk 450000-475000: write_table
2025-07-21 10:25:07 - INFO - app - [2025-05-03] chunk 475000-500000: write_table
2025-07-21 10:27:18 - INFO - app - [2025-05-03] chunk 500000-525000: write_table
2025-07-21 10:29:17 - INFO - app - [2025-05-03] chunk 525000-550000: write_table
2025-07-21 10:29:18 - INFO - app - [2025-05-03] parquet file completed: Data/Raw/20250503.parquet
2025-07-21 10:31:32 - INFO - app - [2025-05-04] chunk 0-25000: write_table
2025-07-21 10:33:43 - INFO - app - [2025-05-04] chunk 25000-50000: write_table
2025-07-21 10:35:57 - INFO - app - [2025-05-04] chunk 50000-75000: write_table
2025-07-21 10:38:08 - INFO - app - [2025-05-04] chunk 75000-100000: write_table
2025-07-21 10:40:20 - INFO - app - [2025-05-04] chunk 100000-125000: write_table
2025-07-21 10:42:39 - INFO - app - [2025-05-04] chunk 125000-150000: write_table
2025-07-21 10:44:52 - INFO - app - [2025-05-04] chunk 150000-175000: write_table
2025-07-21 10:47:10 - INFO - app - [2025-05-04] chunk 175000-200000: write_table
2025-07-21 10:49:22 - INFO - app - [2025-05-04] chunk 200000-225000: write_table
2025-07-21 10:51:38 - INFO - app - [2025-05-04] chunk 225000-250000: write_table
2025-07-21 10:53:49 - INFO - app - [2025-05-04] chunk 250000-275000: write_table
2025-07-21 10:56:03 - INFO - app - [2025-05-04] chunk 275000-300000: write_table
2025-07-21 10:58:15 - INFO - app - [2025-05-04] chunk 300000-325000: write_table
2025-07-21 11:00:26 - INFO - app - [2025-05-04] chunk 325000-350000: write_table
2025-07-21 11:02:49 - INFO - app - [2025-05-04] chunk 350000-375000: write_table
2025-07-21 11:05:03 - INFO - app - [2025-05-04] chunk 375000-400000: write_table
2025-07-21 11:07:16 - INFO - app - [2025-05-04] chunk 400000-425000: write_table
2025-07-21 11:09:36 - INFO - app - [2025-05-04] chunk 425000-450000: write_table
2025-07-21 11:12:02 - INFO - app - [2025-05-04] chunk 450000-475000: write_table
2025-07-21 11:14:25 - INFO - app - [2025-05-04] chunk 475000-500000: write_table
2025-07-21 11:16:51 - INFO - app - [2025-05-04] chunk 500000-525000: write_table
2025-07-21 11:19:06 - INFO - app - [2025-05-04] chunk 525000-550000: write_table
2025-07-21 11:19:07 - INFO - app - [2025-05-04] parquet file completed: Data/Raw/20250504.parquet
2025-07-21 11:21:15 - INFO - app - [2025-05-05] chunk 0-25000: write_table
2025-07-21 11:23:29 - INFO - app - [2025-05-05] chunk 25000-50000: write_table
2025-07-21 11:25:43 - INFO - app - [2025-05-05] chunk 50000-75000: write_table
2025-07-21 11:27:54 - INFO - app - [2025-05-05] chunk 75000-100000: write_table
2025-07-21 11:30:07 - INFO - app - [2025-05-05] chunk 100000-125000: write_table
2025-07-21 11:32:21 - INFO - app - [2025-05-05] chunk 125000-150000: write_table
2025-07-21 11:34:34 - INFO - app - [2025-05-05] chunk 150000-175000: write_table
2025-07-21 11:36:46 - INFO - app - [2025-05-05] chunk 175000-200000: write_table
2025-07-21 11:38:55 - INFO - app - [2025-05-05] chunk 200000-225000: write_table
2025-07-21 11:41:06 - INFO - app - [2025-05-05] chunk 225000-250000: write_table
2025-07-21 11:43:21 - INFO - app - [2025-05-05] chunk 250000-275000: write_table
2025-07-21 11:45:33 - INFO - app - [2025-05-05] chunk 275000-300000: write_table
2025-07-21 11:47:42 - INFO - app - [2025-05-05] chunk 300000-325000: write_table
2025-07-21 11:49:53 - INFO - app - [2025-05-05] chunk 325000-350000: write_table
2025-07-21 11:52:08 - INFO - app - [2025-05-05] chunk 350000-375000: write_table
2025-07-21 11:54:20 - INFO - app - [2025-05-05] chunk 375000-400000: write_table
2025-07-21 11:56:28 - INFO - app - [2025-05-05] chunk 400000-425000: write_table
2025-07-21 11:58:37 - INFO - app - [2025-05-05] chunk 425000-450000: write_table
2025-07-21 12:01:15 - INFO - app - [2025-05-05] chunk 450000-475000: write_table
2025-07-21 12:03:30 - INFO - app - [2025-05-05] chunk 475000-500000: write_table
2025-07-21 12:05:43 - INFO - app - [2025-05-05] chunk 500000-525000: write_table
2025-07-21 12:07:46 - INFO - app - [2025-05-05] chunk 525000-550000: write_table
2025-07-21 12:07:46 - INFO - app - [2025-05-05] parquet file completed: Data/Raw/20250505.parquet
2025-07-21 12:09:46 - INFO - app - [2025-05-06] chunk 0-25000: write_table
2025-07-21 12:11:56 - INFO - app - [2025-05-06] chunk 25000-50000: write_table
2025-07-21 12:13:57 - INFO - app - [2025-05-06] chunk 50000-75000: write_table
2025-07-21 12:16:04 - INFO - app - [2025-05-06] chunk 75000-100000: write_table
2025-07-21 12:18:07 - INFO - app - [2025-05-06] chunk 100000-125000: write_table
2025-07-21 12:20:08 - INFO - app - [2025-05-06] chunk 125000-150000: write_table
2025-07-21 12:22:17 - INFO - app - [2025-05-06] chunk 150000-175000: write_table
2025-07-21 12:24:20 - INFO - app - [2025-05-06] chunk 175000-200000: write_table
2025-07-21 12:26:23 - INFO - app - [2025-05-06] chunk 200000-225000: write_table
2025-07-21 12:28:27 - INFO - app - [2025-05-06] chunk 225000-250000: write_table
2025-07-21 12:30:29 - INFO - app - [2025-05-06] chunk 250000-275000: write_table
2025-07-21 12:32:37 - INFO - app - [2025-05-06] chunk 275000-300000: write_table
2025-07-21 12:34:39 - INFO - app - [2025-05-06] chunk 300000-325000: write_table
2025-07-21 12:36:41 - INFO - app - [2025-05-06] chunk 325000-350000: write_table
2025-07-21 12:38:41 - INFO - app - [2025-05-06] chunk 350000-375000: write_table
2025-07-21 12:40:40 - INFO - app - [2025-05-06] chunk 375000-400000: write_table
2025-07-21 12:42:35 - INFO - app - [2025-05-06] chunk 400000-425000: write_table
2025-07-21 12:44:31 - INFO - app - [2025-05-06] chunk 425000-450000: write_table
2025-07-21 12:46:31 - INFO - app - [2025-05-06] chunk 450000-475000: write_table
2025-07-21 12:48:35 - INFO - app - [2025-05-06] chunk 475000-500000: write_table
2025-07-21 12:50:37 - INFO - app - [2025-05-06] chunk 500000-525000: write_table
2025-07-21 12:52:38 - INFO - app - [2025-05-06] chunk 525000-550000: write_table
2025-07-21 12:52:38 - INFO - app - [2025-05-06] parquet file completed: Data/Raw/20250506.parquet
2025-07-21 12:53:11 - INFO - app - [2025-05-07] chunk 0-25000: write_table
2025-07-21 12:53:42 - INFO - app - [2025-05-07] chunk 25000-50000: write_table
2025-07-21 12:54:16 - INFO - app - [2025-05-07] chunk 50000-75000: write_table
2025-07-21 12:54:50 - INFO - app - [2025-05-07] chunk 75000-100000: write_table
2025-07-21 12:55:26 - INFO - app - [2025-05-07] chunk 100000-125000: write_table
2025-07-21 12:55:59 - INFO - app - [2025-05-07] chunk 125000-150000: write_table
2025-07-21 12:56:31 - INFO - app - [2025-05-07] chunk 150000-175000: write_table
2025-07-21 12:57:02 - INFO - app - [2025-05-07] chunk 175000-200000: write_table
2025-07-21 12:57:35 - INFO - app - [2025-05-07] chunk 200000-225000: write_table
2025-07-21 12:58:10 - INFO - app - [2025-05-07] chunk 225000-250000: write_table
2025-07-21 12:58:41 - INFO - app - [2025-05-07] chunk 250000-275000: write_table
2025-07-21 12:59:14 - INFO - app - [2025-05-07] chunk 275000-300000: write_table
2025-07-21 12:59:47 - INFO - app - [2025-05-07] chunk 300000-325000: write_table
2025-07-21 13:00:18 - INFO - app - [2025-05-07] chunk 325000-350000: write_table
2025-07-21 13:00:53 - INFO - app - [2025-05-07] chunk 350000-375000: write_table
2025-07-21 13:01:26 - INFO - app - [2025-05-07] chunk 375000-400000: write_table
2025-07-21 13:02:04 - INFO - app - [2025-05-07] chunk 400000-425000: write_table
2025-07-21 13:02:37 - INFO - app - [2025-05-07] chunk 425000-450000: write_table
2025-07-21 13:03:11 - INFO - app - [2025-05-07] chunk 450000-475000: write_table
2025-07-21 13:03:45 - INFO - app - [2025-05-07] chunk 475000-500000: write_table
2025-07-21 13:04:19 - INFO - app - [2025-05-07] chunk 500000-525000: write_table
2025-07-21 13:04:53 - INFO - app - [2025-05-07] chunk 525000-550000: write_table
2025-07-21 13:04:53 - INFO - app - [2025-05-07] parquet file completed: Data/Raw/20250507.parquet
2025-07-21 13:07:59 - WARNING - app - ⚠️ [2025-05-08 00:00:00] 전체 데이터 없음, 다음 날짜로
2025-07-21 13:08:00 - WARNING - app - ⚠️ [2025-05-08 00:00:00] 전체 데이터 없음, 다음 날짜로
2025-07-21 13:08:01 - WARNING - app - ⚠️ [2025-05-08 00:00:00] 전체 데이터 없음, 다음 날짜로
2025-07-21 13:08:02 - WARNING - app - ⚠️ [2025-05-08 00:00:00] 전체 데이터 없음, 다음 날짜로
2025-07-21 13:08:02 - WARNING - app - ⚠️ [2025-05-08 00:00:00] 전체 데이터 없음, 다음 날짜로
2025-07-21 13:08:03 - WARNING - app - ⚠️ [2025-05-08 00:00:00] 전체 데이터 없음, 다음 날짜로
2025-07-21 13:08:04 - WARNING - app - ⚠️ [2025-05-08 00:00:00] 전체 데이터 없음, 다음 날짜로
2025-07-21 13:08:05 - WARNING - app - ⚠️ [2025-05-08 00:00:00] 전체 데이터 없음, 다음 날짜로
2025-07-21 13:08:05 - WARNING - app - ⚠️ [2025-05-08 00:00:00] 전체 데이터 없음, 다음 날짜로
2025-07-21 13:08:06 - WARNING - app - ⚠️ [2025-05-08 00:00:00] 전체 데이터 없음, 다음 날짜로
2025-07-21 13:08:07 - WARNING - app - ⚠️ [2025-05-08 00:00:00] 전체 데이터 없음, 다음 날짜로
2025-07-21 13:08:07 - WARNING - app - ⚠️ [2025-05-08 00:00:00] 전체 데이터 없음, 다음 날짜로
2025-07-21 13:08:08 - WARNING - app - ⚠️ [2025-05-08 00:00:00] 전체 데이터 없음, 다음 날짜로
2025-07-21 13:08:09 - WARNING - app - ⚠️ [2025-05-08 00:00:00] 전체 데이터 없음, 다음 날짜로
2025-07-21 13:08:09 - WARNING - app - ⚠️ [2025-05-08 00:00:00] 전체 데이터 없음, 다음 날짜로
2025-07-21 13:08:10 - WARNING - app - ⚠️ [2025-05-08 00:00:00] 전체 데이터 없음, 다음 날짜로
2025-07-21 13:08:11 - WARNING - app - ⚠️ [2025-05-08 00:00:00] 전체 데이터 없음, 다음 날짜로
2025-07-21 13:08:12 - WARNING - app - ⚠️ [2025-05-08 00:00:00] 전체 데이터 없음, 다음 날짜로
2025-07-21 13:08:12 - WARNING - app - ⚠️ [2025-05-08 00:00:00] 전체 데이터 없음, 다음 날짜로
2025-07-21 13:08:13 - WARNING - app - ⚠️ [2025-05-08 00:00:00] 전체 데이터 없음, 다음 날짜로
2025-07-21 13:08:15 - WARNING - app - ⚠️ [2025-05-08 00:00:00] 전체 데이터 없음, 다음 날짜로
2025-07-21 13:08:15 - WARNING - app - ⚠️ [2025-05-08 00:00:00] 전체 데이터 없음, 다음 날짜로
2025-07-21 13:08:15 - WARNING - app - [2025-05-08] 전체 데이터 없음, parquet 파일 미생성
2025-07-21 13:10:22 - INFO - app - [2025-05-09] chunk 0-25000: write_table
2025-07-21 13:12:38 - INFO - app - [2025-05-09] chunk 25000-50000: write_table
2025-07-21 13:14:50 - INFO - app - [2025-05-09] chunk 50000-75000: write_table
2025-07-21 13:17:02 - INFO - app - [2025-05-09] chunk 75000-100000: write_table
2025-07-21 13:19:14 - INFO - app - [2025-05-09] chunk 100000-125000: write_table
2025-07-21 13:21:26 - INFO - app - [2025-05-09] chunk 125000-150000: write_table
2025-07-21 13:23:40 - INFO - app - [2025-05-09] chunk 150000-175000: write_table
2025-07-21 13:25:53 - INFO - app - [2025-05-09] chunk 175000-200000: write_table
2025-07-21 13:28:03 - INFO - app - [2025-05-09] chunk 200000-225000: write_table
2025-07-21 13:30:16 - INFO - app - [2025-05-09] chunk 225000-250000: write_table
2025-07-21 13:32:32 - INFO - app - [2025-05-09] chunk 250000-275000: write_table
2025-07-21 13:34:45 - INFO - app - [2025-05-09] chunk 275000-300000: write_table
2025-07-21 13:36:59 - INFO - app - [2025-05-09] chunk 300000-325000: write_table
2025-07-21 13:39:12 - INFO - app - [2025-05-09] chunk 325000-350000: write_table
2025-07-21 13:41:26 - INFO - app - [2025-05-09] chunk 350000-375000: write_table
2025-07-21 13:43:43 - INFO - app - [2025-05-09] chunk 375000-400000: write_table
2025-07-21 13:45:51 - INFO - app - [2025-05-09] chunk 400000-425000: write_table
2025-07-21 13:48:02 - INFO - app - [2025-05-09] chunk 425000-450000: write_table
2025-07-21 13:50:09 - INFO - app - [2025-05-09] chunk 450000-475000: write_table
2025-07-21 13:52:26 - INFO - app - [2025-05-09] chunk 475000-500000: write_table
2025-07-21 13:54:41 - INFO - app - [2025-05-09] chunk 500000-525000: write_table
2025-07-21 13:56:46 - INFO - app - [2025-05-09] chunk 525000-550000: write_table
2025-07-21 13:56:47 - INFO - app - [2025-05-09] parquet file completed: Data/Raw/20250509.parquet
2025-07-21 13:59:00 - INFO - app - [2025-05-10] chunk 0-25000: write_table
2025-07-21 14:01:22 - INFO - app - [2025-05-10] chunk 25000-50000: write_table
2025-07-21 14:03:51 - INFO - app - [2025-05-10] chunk 50000-75000: write_table
2025-07-21 14:06:21 - INFO - app - [2025-05-10] chunk 75000-100000: write_table
2025-07-21 14:08:43 - INFO - app - [2025-05-10] chunk 100000-125000: write_table
2025-07-21 14:11:13 - INFO - app - [2025-05-10] chunk 125000-150000: write_table
2025-07-21 14:13:50 - INFO - app - [2025-05-10] chunk 150000-175000: write_table
2025-07-21 14:16:18 - INFO - app - [2025-05-10] chunk 175000-200000: write_table
2025-07-21 14:18:46 - INFO - app - [2025-05-10] chunk 200000-225000: write_table
2025-07-21 14:21:15 - INFO - app - [2025-05-10] chunk 225000-250000: write_table
2025-07-21 14:23:46 - INFO - app - [2025-05-10] chunk 250000-275000: write_table
2025-07-21 14:26:16 - INFO - app - [2025-05-10] chunk 275000-300000: write_table
2025-07-21 14:28:47 - INFO - app - [2025-05-10] chunk 300000-325000: write_table
2025-07-21 14:31:15 - INFO - app - [2025-05-10] chunk 325000-350000: write_table
2025-07-21 14:33:44 - INFO - app - [2025-05-10] chunk 350000-375000: write_table
2025-07-21 14:36:10 - INFO - app - [2025-05-10] chunk 375000-400000: write_table
2025-07-21 14:38:29 - INFO - app - [2025-05-10] chunk 400000-425000: write_table
2025-07-21 14:40:51 - INFO - app - [2025-05-10] chunk 425000-450000: write_table
2025-07-21 14:43:24 - INFO - app - [2025-05-10] chunk 450000-475000: write_table
2025-07-21 14:45:54 - INFO - app - [2025-05-10] chunk 475000-500000: write_table
2025-07-21 14:48:19 - INFO - app - [2025-05-10] chunk 500000-525000: write_table
2025-07-21 14:50:36 - INFO - app - [2025-05-10] chunk 525000-550000: write_table
2025-07-21 14:50:37 - INFO - app - [2025-05-10] parquet file completed: Data/Raw/20250510.parquet
2025-07-21 14:53:19 - INFO - app - [2025-05-11] chunk 0-25000: write_table
2025-07-21 14:55:33 - INFO - app - [2025-05-11] chunk 25000-50000: write_table
2025-07-21 14:57:50 - INFO - app - [2025-05-11] chunk 50000-75000: write_table
2025-07-21 15:00:13 - INFO - app - [2025-05-11] chunk 75000-100000: write_table
2025-07-21 15:02:32 - INFO - app - [2025-05-11] chunk 100000-125000: write_table
2025-07-21 15:04:51 - INFO - app - [2025-05-11] chunk 125000-150000: write_table
2025-07-21 15:07:11 - INFO - app - [2025-05-11] chunk 150000-175000: write_table
2025-07-21 15:09:28 - INFO - app - [2025-05-11] chunk 175000-200000: write_table
2025-07-21 15:11:49 - INFO - app - [2025-05-11] chunk 200000-225000: write_table
2025-07-21 15:14:17 - INFO - app - [2025-05-11] chunk 225000-250000: write_table
2025-07-21 15:16:35 - INFO - app - [2025-05-11] chunk 250000-275000: write_table
2025-07-21 15:18:52 - INFO - app - [2025-05-11] chunk 275000-300000: write_table
2025-07-21 15:21:11 - INFO - app - [2025-05-11] chunk 300000-325000: write_table
2025-07-21 15:23:37 - INFO - app - [2025-05-11] chunk 325000-350000: write_table
2025-07-21 15:25:57 - INFO - app - [2025-05-11] chunk 350000-375000: write_table
2025-07-21 15:28:15 - INFO - app - [2025-05-11] chunk 375000-400000: write_table
2025-07-21 15:30:25 - INFO - app - [2025-05-11] chunk 400000-425000: write_table
2025-07-21 15:32:42 - INFO - app - [2025-05-11] chunk 425000-450000: write_table
2025-07-21 15:35:05 - INFO - app - [2025-05-11] chunk 450000-475000: write_table
2025-07-21 15:37:23 - INFO - app - [2025-05-11] chunk 475000-500000: write_table
2025-07-21 15:39:44 - INFO - app - [2025-05-11] chunk 500000-525000: write_table
2025-07-21 15:41:54 - INFO - app - [2025-05-11] chunk 525000-550000: write_table
2025-07-21 15:41:55 - INFO - app - [2025-05-11] parquet file completed: Data/Raw/20250511.parquet
2025-07-21 15:44:24 - INFO - app - [2025-05-12] chunk 0-25000: write_table
2025-07-21 15:46:47 - INFO - app - [2025-05-12] chunk 25000-50000: write_table
2025-07-21 15:49:18 - INFO - app - [2025-05-12] chunk 50000-75000: write_table
2025-07-21 15:51:47 - INFO - app - [2025-05-12] chunk 75000-100000: write_table
2025-07-21 15:54:30 - INFO - app - [2025-05-12] chunk 100000-125000: write_table
2025-07-21 15:57:06 - INFO - app - [2025-05-12] chunk 125000-150000: write_table
2025-07-21 15:59:36 - INFO - app - [2025-05-12] chunk 150000-175000: write_table
2025-07-21 16:02:07 - INFO - app - [2025-05-12] chunk 175000-200000: write_table
2025-07-21 16:04:43 - INFO - app - [2025-05-12] chunk 200000-225000: write_table
2025-07-21 16:07:13 - INFO - app - [2025-05-12] chunk 225000-250000: write_table
2025-07-21 16:09:37 - INFO - app - [2025-05-12] chunk 250000-275000: write_table
2025-07-21 16:12:04 - INFO - app - [2025-05-12] chunk 275000-300000: write_table
2025-07-21 16:14:36 - INFO - app - [2025-05-12] chunk 300000-325000: write_table
2025-07-21 16:17:05 - INFO - app - [2025-05-12] chunk 325000-350000: write_table
2025-07-21 16:19:35 - INFO - app - [2025-05-12] chunk 350000-375000: write_table
2025-07-21 16:22:11 - INFO - app - [2025-05-12] chunk 375000-400000: write_table
2025-07-21 16:24:47 - INFO - app - [2025-05-12] chunk 400000-425000: write_table
2025-07-21 16:27:25 - INFO - app - [2025-05-12] chunk 425000-450000: write_table
2025-07-21 16:29:52 - INFO - app - [2025-05-12] chunk 450000-475000: write_table
2025-07-21 16:32:24 - INFO - app - [2025-05-12] chunk 475000-500000: write_table
2025-07-21 16:34:59 - INFO - app - [2025-05-12] chunk 500000-525000: write_table
2025-07-21 16:37:20 - INFO - app - [2025-05-12] chunk 525000-550000: write_table
2025-07-21 16:37:20 - INFO - app - [2025-05-12] parquet file completed: Data/Raw/20250512.parquet
2025-07-21 16:39:26 - INFO - app - [2025-05-13] chunk 0-25000: write_table
2025-07-21 16:41:37 - INFO - app - [2025-05-13] chunk 25000-50000: write_table
2025-07-21 16:43:49 - INFO - app - [2025-05-13] chunk 50000-75000: write_table
2025-07-21 16:46:05 - INFO - app - [2025-05-13] chunk 75000-100000: write_table
2025-07-21 16:48:15 - INFO - app - [2025-05-13] chunk 100000-125000: write_table
2025-07-21 16:50:28 - INFO - app - [2025-05-13] chunk 125000-150000: write_table
2025-07-21 16:52:43 - INFO - app - [2025-05-13] chunk 150000-175000: write_table
2025-07-21 16:55:01 - INFO - app - [2025-05-13] chunk 175000-200000: write_table
2025-07-21 16:57:22 - INFO - app - [2025-05-13] chunk 200000-225000: write_table
2025-07-21 16:59:34 - INFO - app - [2025-05-13] chunk 225000-250000: write_table
2025-07-21 17:01:47 - INFO - app - [2025-05-13] chunk 250000-275000: write_table
2025-07-21 17:04:02 - INFO - app - [2025-05-13] chunk 275000-300000: write_table
2025-07-21 17:06:22 - INFO - app - [2025-05-13] chunk 300000-325000: write_table
2025-07-21 17:08:34 - INFO - app - [2025-05-13] chunk 325000-350000: write_table
2025-07-21 17:10:44 - INFO - app - [2025-05-13] chunk 350000-375000: write_table
2025-07-21 17:12:57 - INFO - app - [2025-05-13] chunk 375000-400000: write_table
2025-07-21 17:15:10 - INFO - app - [2025-05-13] chunk 400000-425000: write_table
2025-07-21 17:17:28 - INFO - app - [2025-05-13] chunk 425000-450000: write_table
2025-07-21 17:19:39 - INFO - app - [2025-05-13] chunk 450000-475000: write_table
2025-07-21 17:21:57 - INFO - app - [2025-05-13] chunk 475000-500000: write_table
2025-07-21 17:24:12 - INFO - app - [2025-05-13] chunk 500000-525000: write_table
2025-07-21 17:26:35 - INFO - app - [2025-05-13] chunk 525000-550000: write_table
2025-07-21 17:26:35 - INFO - app - [2025-05-13] parquet file completed: Data/Raw/20250513.parquet
2025-07-21 17:29:02 - INFO - app - [2025-05-14] chunk 0-25000: write_table
2025-07-21 17:31:37 - INFO - app - [2025-05-14] chunk 25000-50000: write_table
2025-07-21 17:34:09 - INFO - app - [2025-05-14] chunk 50000-75000: write_table
2025-07-21 17:36:48 - INFO - app - [2025-05-14] chunk 75000-100000: write_table
2025-07-21 17:39:14 - INFO - app - [2025-05-14] chunk 100000-125000: write_table
2025-07-21 17:41:41 - INFO - app - [2025-05-14] chunk 125000-150000: write_table
2025-07-21 17:44:10 - INFO - app - [2025-05-14] chunk 150000-175000: write_table
2025-07-21 17:47:15 - INFO - app - [2025-05-14] chunk 175000-200000: write_table
2025-07-21 17:49:41 - INFO - app - [2025-05-14] chunk 200000-225000: write_table
2025-07-21 17:52:16 - INFO - app - [2025-05-14] chunk 225000-250000: write_table
2025-07-21 17:54:45 - INFO - app - [2025-05-14] chunk 250000-275000: write_table
2025-07-21 17:57:16 - INFO - app - [2025-05-14] chunk 275000-300000: write_table
2025-07-21 17:59:57 - INFO - app - [2025-05-14] chunk 300000-325000: write_table
2025-07-21 18:02:36 - INFO - app - [2025-05-14] chunk 325000-350000: write_table
2025-07-21 18:05:06 - INFO - app - [2025-05-14] chunk 350000-375000: write_table
2025-07-21 18:07:32 - INFO - app - [2025-05-14] chunk 375000-400000: write_table
2025-07-21 18:09:57 - INFO - app - [2025-05-14] chunk 400000-425000: write_table
2025-07-21 18:12:25 - INFO - app - [2025-05-14] chunk 425000-450000: write_table
2025-07-21 18:14:54 - INFO - app - [2025-05-14] chunk 450000-475000: write_table
2025-07-21 18:17:16 - INFO - app - [2025-05-14] chunk 475000-500000: write_table
2025-07-21 18:19:41 - INFO - app - [2025-05-14] chunk 500000-525000: write_table
2025-07-21 18:22:01 - INFO - app - [2025-05-14] chunk 525000-550000: write_table
2025-07-21 18:22:02 - INFO - app - [2025-05-14] parquet file completed: Data/Raw/20250514.parquet
2025-07-21 18:24:18 - INFO - app - [2025-05-15] chunk 0-25000: write_table
2025-07-21 18:26:45 - INFO - app - [2025-05-15] chunk 25000-50000: write_table
2025-07-21 18:29:11 - INFO - app - [2025-05-15] chunk 50000-75000: write_table
2025-07-21 18:31:38 - INFO - app - [2025-05-15] chunk 75000-100000: write_table
2025-07-21 18:33:56 - INFO - app - [2025-05-15] chunk 100000-125000: write_table
2025-07-21 18:36:16 - INFO - app - [2025-05-15] chunk 125000-150000: write_table
2025-07-21 18:38:36 - INFO - app - [2025-05-15] chunk 150000-175000: write_table
2025-07-21 18:40:54 - INFO - app - [2025-05-15] chunk 175000-200000: write_table
2025-07-21 18:43:13 - INFO - app - [2025-05-15] chunk 200000-225000: write_table
2025-07-21 18:45:36 - INFO - app - [2025-05-15] chunk 225000-250000: write_table
2025-07-21 18:47:54 - INFO - app - [2025-05-15] chunk 250000-275000: write_table
2025-07-21 18:50:12 - INFO - app - [2025-05-15] chunk 275000-300000: write_table
2025-07-21 18:52:29 - INFO - app - [2025-05-15] chunk 300000-325000: write_table
2025-07-21 18:54:47 - INFO - app - [2025-05-15] chunk 325000-350000: write_table
2025-07-21 18:57:08 - INFO - app - [2025-05-15] chunk 350000-375000: write_table
2025-07-21 18:59:28 - INFO - app - [2025-05-15] chunk 375000-400000: write_table
2025-07-21 19:01:41 - INFO - app - [2025-05-15] chunk 400000-425000: write_table
2025-07-21 19:03:58 - INFO - app - [2025-05-15] chunk 425000-450000: write_table
2025-07-21 19:06:19 - INFO - app - [2025-05-15] chunk 450000-475000: write_table
2025-07-21 19:08:40 - INFO - app - [2025-05-15] chunk 475000-500000: write_table
2025-07-21 19:10:58 - INFO - app - [2025-05-15] chunk 500000-525000: write_table
2025-07-21 19:13:08 - INFO - app - [2025-05-15] chunk 525000-550000: write_table
2025-07-21 19:13:08 - INFO - app - [2025-05-15] parquet file completed: Data/Raw/20250515.parquet
2025-07-21 19:15:16 - INFO - app - [2025-05-16] chunk 0-25000: write_table
2025-07-21 19:17:29 - INFO - app - [2025-05-16] chunk 25000-50000: write_table
2025-07-21 19:19:44 - INFO - app - [2025-05-16] chunk 50000-75000: write_table
2025-07-21 19:21:59 - INFO - app - [2025-05-16] chunk 75000-100000: write_table
2025-07-21 19:24:12 - INFO - app - [2025-05-16] chunk 100000-125000: write_table
2025-07-21 19:26:26 - INFO - app - [2025-05-16] chunk 125000-150000: write_table
2025-07-21 19:28:40 - INFO - app - [2025-05-16] chunk 150000-175000: write_table
2025-07-21 19:30:56 - INFO - app - [2025-05-16] chunk 175000-200000: write_table
2025-07-21 19:33:09 - INFO - app - [2025-05-16] chunk 200000-225000: write_table
2025-07-21 19:35:20 - INFO - app - [2025-05-16] chunk 225000-250000: write_table
2025-07-21 19:37:31 - INFO - app - [2025-05-16] chunk 250000-275000: write_table
2025-07-21 19:39:48 - INFO - app - [2025-05-16] chunk 275000-300000: write_table
2025-07-21 19:42:05 - INFO - app - [2025-05-16] chunk 300000-325000: write_table
2025-07-21 19:44:19 - INFO - app - [2025-05-16] chunk 325000-350000: write_table
2025-07-21 19:46:33 - INFO - app - [2025-05-16] chunk 350000-375000: write_table
2025-07-21 19:48:51 - INFO - app - [2025-05-16] chunk 375000-400000: write_table
2025-07-21 19:50:57 - INFO - app - [2025-05-16] chunk 400000-425000: write_table
2025-07-21 19:53:10 - INFO - app - [2025-05-16] chunk 425000-450000: write_table
2025-07-21 19:55:25 - INFO - app - [2025-05-16] chunk 450000-475000: write_table
2025-07-21 19:57:38 - INFO - app - [2025-05-16] chunk 475000-500000: write_table
2025-07-21 19:59:47 - INFO - app - [2025-05-16] chunk 500000-525000: write_table
2025-07-21 20:01:51 - INFO - app - [2025-05-16] chunk 525000-550000: write_table
2025-07-21 20:01:52 - INFO - app - [2025-05-16] parquet file completed: Data/Raw/20250516.parquet
2025-07-21 20:04:03 - INFO - app - [2025-05-17] chunk 0-25000: write_table
2025-07-21 20:06:19 - INFO - app - [2025-05-17] chunk 25000-50000: write_table
2025-07-21 20:08:33 - INFO - app - [2025-05-17] chunk 50000-75000: write_table
2025-07-21 20:10:46 - INFO - app - [2025-05-17] chunk 75000-100000: write_table
2025-07-21 20:13:01 - INFO - app - [2025-05-17] chunk 100000-125000: write_table
2025-07-21 20:15:14 - INFO - app - [2025-05-17] chunk 125000-150000: write_table
2025-07-21 20:17:35 - INFO - app - [2025-05-17] chunk 150000-175000: write_table
2025-07-21 20:19:49 - INFO - app - [2025-05-17] chunk 175000-200000: write_table
2025-07-21 20:22:05 - INFO - app - [2025-05-17] chunk 200000-225000: write_table
2025-07-21 20:24:19 - INFO - app - [2025-05-17] chunk 225000-250000: write_table
2025-07-21 20:26:46 - INFO - app - [2025-05-17] chunk 250000-275000: write_table
2025-07-21 20:29:00 - INFO - app - [2025-05-17] chunk 275000-300000: write_table
2025-07-21 20:31:15 - INFO - app - [2025-05-17] chunk 300000-325000: write_table
2025-07-21 20:33:28 - INFO - app - [2025-05-17] chunk 325000-350000: write_table
2025-07-21 20:35:44 - INFO - app - [2025-05-17] chunk 350000-375000: write_table
2025-07-21 20:37:57 - INFO - app - [2025-05-17] chunk 375000-400000: write_table
2025-07-21 20:40:06 - INFO - app - [2025-05-17] chunk 400000-425000: write_table
2025-07-21 20:42:19 - INFO - app - [2025-05-17] chunk 425000-450000: write_table
2025-07-21 20:44:34 - INFO - app - [2025-05-17] chunk 450000-475000: write_table
2025-07-21 20:46:50 - INFO - app - [2025-05-17] chunk 475000-500000: write_table
2025-07-21 20:49:07 - INFO - app - [2025-05-17] chunk 500000-525000: write_table
2025-07-21 20:51:19 - INFO - app - [2025-05-17] chunk 525000-550000: write_table
2025-07-21 20:51:19 - INFO - app - [2025-05-17] parquet file completed: Data/Raw/20250517.parquet
2025-07-21 20:53:22 - INFO - app - [2025-05-18] chunk 0-25000: write_table
2025-07-21 20:55:34 - INFO - app - [2025-05-18] chunk 25000-50000: write_table
2025-07-21 20:57:47 - INFO - app - [2025-05-18] chunk 50000-75000: write_table
2025-07-21 20:59:58 - INFO - app - [2025-05-18] chunk 75000-100000: write_table
2025-07-21 21:02:08 - INFO - app - [2025-05-18] chunk 100000-125000: write_table
2025-07-21 21:04:28 - INFO - app - [2025-05-18] chunk 125000-150000: write_table
2025-07-21 21:06:49 - INFO - app - [2025-05-18] chunk 150000-175000: write_table
2025-07-21 21:09:05 - INFO - app - [2025-05-18] chunk 175000-200000: write_table
2025-07-21 21:11:18 - INFO - app - [2025-05-18] chunk 200000-225000: write_table
2025-07-21 21:13:35 - INFO - app - [2025-05-18] chunk 225000-250000: write_table
2025-07-21 21:15:50 - INFO - app - [2025-05-18] chunk 250000-275000: write_table
2025-07-21 21:18:08 - INFO - app - [2025-05-18] chunk 275000-300000: write_table
2025-07-21 21:20:21 - INFO - app - [2025-05-18] chunk 300000-325000: write_table
2025-07-21 21:22:39 - INFO - app - [2025-05-18] chunk 325000-350000: write_table
2025-07-21 21:24:57 - INFO - app - [2025-05-18] chunk 350000-375000: write_table
2025-07-21 21:27:21 - INFO - app - [2025-05-18] chunk 375000-400000: write_table
2025-07-21 21:29:31 - INFO - app - [2025-05-18] chunk 400000-425000: write_table
2025-07-21 21:31:48 - INFO - app - [2025-05-18] chunk 425000-450000: write_table
2025-07-21 21:34:03 - INFO - app - [2025-05-18] chunk 450000-475000: write_table
2025-07-21 21:37:03 - INFO - app - [2025-05-18] chunk 475000-500000: write_table
2025-07-21 21:39:54 - INFO - app - [2025-05-18] chunk 500000-525000: write_table
2025-07-21 21:42:40 - INFO - app - [2025-05-18] chunk 525000-550000: write_table
2025-07-21 21:42:40 - INFO - app - [2025-05-18] parquet file completed: Data/Raw/20250518.parquet
2025-07-21 21:45:35 - INFO - app - [2025-05-19] chunk 0-25000: write_table
2025-07-21 21:48:45 - INFO - app - [2025-05-19] chunk 25000-50000: write_table
2025-07-21 21:51:46 - INFO - app - [2025-05-19] chunk 50000-75000: write_table
2025-07-21 21:54:54 - INFO - app - [2025-05-19] chunk 75000-100000: write_table
2025-07-21 21:57:57 - INFO - app - [2025-05-19] chunk 100000-125000: write_table
2025-07-21 22:01:04 - INFO - app - [2025-05-19] chunk 125000-150000: write_table
2025-07-21 22:04:06 - INFO - app - [2025-05-19] chunk 150000-175000: write_table
2025-07-21 22:07:18 - INFO - app - [2025-05-19] chunk 175000-200000: write_table
2025-07-21 22:10:31 - INFO - app - [2025-05-19] chunk 200000-225000: write_table
2025-07-21 22:13:37 - INFO - app - [2025-05-19] chunk 225000-250000: write_table
2025-07-21 22:16:37 - INFO - app - [2025-05-19] chunk 250000-275000: write_table
2025-07-21 22:19:42 - INFO - app - [2025-05-19] chunk 275000-300000: write_table
2025-07-21 22:22:44 - INFO - app - [2025-05-19] chunk 300000-325000: write_table
2025-07-21 22:25:59 - INFO - app - [2025-05-19] chunk 325000-350000: write_table
2025-07-21 22:29:09 - INFO - app - [2025-05-19] chunk 350000-375000: write_table
2025-07-21 22:32:10 - INFO - app - [2025-05-19] chunk 375000-400000: write_table
2025-07-21 22:35:12 - INFO - app - [2025-05-19] chunk 400000-425000: write_table
2025-07-21 22:37:53 - INFO - app - [2025-05-19] chunk 425000-450000: write_table
2025-07-21 22:40:10 - INFO - app - [2025-05-19] chunk 450000-475000: write_table
2025-07-21 22:42:30 - INFO - app - [2025-05-19] chunk 475000-500000: write_table
2025-07-21 22:44:49 - INFO - app - [2025-05-19] chunk 500000-525000: write_table
2025-07-21 22:47:11 - INFO - app - [2025-05-19] chunk 525000-550000: write_table
2025-07-21 22:47:11 - INFO - app - [2025-05-19] parquet file completed: Data/Raw/20250519.parquet
2025-07-21 22:49:22 - INFO - app - [2025-05-20] chunk 0-25000: write_table
2025-07-21 22:51:45 - INFO - app - [2025-05-20] chunk 25000-50000: write_table
2025-07-21 22:54:10 - INFO - app - [2025-05-20] chunk 50000-75000: write_table
2025-07-21 22:56:32 - INFO - app - [2025-05-20] chunk 75000-100000: write_table
2025-07-21 22:58:52 - INFO - app - [2025-05-20] chunk 100000-125000: write_table
2025-07-21 23:01:12 - INFO - app - [2025-05-20] chunk 125000-150000: write_table
2025-07-21 23:03:31 - INFO - app - [2025-05-20] chunk 150000-175000: write_table
2025-07-21 23:05:50 - INFO - app - [2025-05-20] chunk 175000-200000: write_table
2025-07-21 23:08:11 - INFO - app - [2025-05-20] chunk 200000-225000: write_table
2025-07-21 23:10:30 - INFO - app - [2025-05-20] chunk 225000-250000: write_table
2025-07-21 23:12:50 - INFO - app - [2025-05-20] chunk 250000-275000: write_table
2025-07-21 23:15:07 - INFO - app - [2025-05-20] chunk 275000-300000: write_table
2025-07-21 23:17:34 - INFO - app - [2025-05-20] chunk 300000-325000: write_table
2025-07-21 23:19:51 - INFO - app - [2025-05-20] chunk 325000-350000: write_table
2025-07-21 23:22:12 - INFO - app - [2025-05-20] chunk 350000-375000: write_table
2025-07-21 23:24:50 - INFO - app - [2025-05-20] chunk 375000-400000: write_table
2025-07-21 23:27:09 - INFO - app - [2025-05-20] chunk 400000-425000: write_table
2025-07-21 23:29:28 - INFO - app - [2025-05-20] chunk 425000-450000: write_table
2025-07-21 23:31:56 - INFO - app - [2025-05-20] chunk 450000-475000: write_table
2025-07-21 23:34:15 - INFO - app - [2025-05-20] chunk 475000-500000: write_table
2025-07-21 23:36:38 - INFO - app - [2025-05-20] chunk 500000-525000: write_table
2025-07-21 23:38:49 - INFO - app - [2025-05-20] chunk 525000-550000: write_table
2025-07-21 23:38:49 - INFO - app - [2025-05-20] parquet file completed: Data/Raw/20250520.parquet
2025-07-21 23:40:56 - INFO - app - [2025-05-21] chunk 0-25000: write_table
2025-07-21 23:43:08 - INFO - app - [2025-05-21] chunk 25000-50000: write_table
2025-07-21 23:45:23 - INFO - app - [2025-05-21] chunk 50000-75000: write_table
2025-07-21 23:47:40 - INFO - app - [2025-05-21] chunk 75000-100000: write_table
2025-07-21 23:49:49 - INFO - app - [2025-05-21] chunk 100000-125000: write_table
2025-07-21 23:52:04 - INFO - app - [2025-05-21] chunk 125000-150000: write_table
2025-07-21 23:54:15 - INFO - app - [2025-05-21] chunk 150000-175000: write_table
2025-07-21 23:56:28 - INFO - app - [2025-05-21] chunk 175000-200000: write_table
2025-07-21 23:58:46 - INFO - app - [2025-05-21] chunk 200000-225000: write_table
2025-07-22 00:01:01 - INFO - app - [2025-05-21] chunk 225000-250000: write_table
2025-07-22 00:03:12 - INFO - app - [2025-05-21] chunk 250000-275000: write_table
2025-07-22 00:05:26 - INFO - app - [2025-05-21] chunk 275000-300000: write_table
2025-07-22 00:07:44 - INFO - app - [2025-05-21] chunk 300000-325000: write_table
2025-07-22 00:09:57 - INFO - app - [2025-05-21] chunk 325000-350000: write_table
2025-07-22 00:12:13 - INFO - app - [2025-05-21] chunk 350000-375000: write_table
2025-07-22 00:14:27 - INFO - app - [2025-05-21] chunk 375000-400000: write_table
2025-07-22 00:16:38 - INFO - app - [2025-05-21] chunk 400000-425000: write_table
2025-07-22 00:18:53 - INFO - app - [2025-05-21] chunk 425000-450000: write_table
2025-07-22 00:21:10 - INFO - app - [2025-05-21] chunk 450000-475000: write_table
2025-07-22 00:23:22 - INFO - app - [2025-05-21] chunk 475000-500000: write_table
2025-07-22 00:25:36 - INFO - app - [2025-05-21] chunk 500000-525000: write_table
2025-07-22 00:27:47 - INFO - app - [2025-05-21] chunk 525000-550000: write_table
2025-07-22 00:27:47 - INFO - app - [2025-05-21] parquet file completed: Data/Raw/20250521.parquet
2025-07-22 00:29:58 - INFO - app - [2025-05-22] chunk 0-25000: write_table
2025-07-22 00:32:16 - INFO - app - [2025-05-22] chunk 25000-50000: write_table
2025-07-22 00:34:27 - INFO - app - [2025-05-22] chunk 50000-75000: write_table
2025-07-22 00:36:42 - INFO - app - [2025-05-22] chunk 75000-100000: write_table
2025-07-22 00:39:01 - INFO - app - [2025-05-22] chunk 100000-125000: write_table
2025-07-22 00:41:14 - INFO - app - [2025-05-22] chunk 125000-150000: write_table
2025-07-22 00:43:26 - INFO - app - [2025-05-22] chunk 150000-175000: write_table
2025-07-22 00:45:42 - INFO - app - [2025-05-22] chunk 175000-200000: write_table
2025-07-22 00:47:57 - INFO - app - [2025-05-22] chunk 200000-225000: write_table
2025-07-22 00:50:06 - INFO - app - [2025-05-22] chunk 225000-250000: write_table
2025-07-22 00:52:23 - INFO - app - [2025-05-22] chunk 250000-275000: write_table
2025-07-22 00:54:39 - INFO - app - [2025-05-22] chunk 275000-300000: write_table
2025-07-22 00:56:56 - INFO - app - [2025-05-22] chunk 300000-325000: write_table
2025-07-22 00:59:13 - INFO - app - [2025-05-22] chunk 325000-350000: write_table
2025-07-22 01:01:24 - INFO - app - [2025-05-22] chunk 350000-375000: write_table
2025-07-22 01:03:39 - INFO - app - [2025-05-22] chunk 375000-400000: write_table
2025-07-22 01:05:48 - INFO - app - [2025-05-22] chunk 400000-425000: write_table
2025-07-22 01:08:05 - INFO - app - [2025-05-22] chunk 425000-450000: write_table
2025-07-22 01:10:19 - INFO - app - [2025-05-22] chunk 450000-475000: write_table
2025-07-22 01:12:34 - INFO - app - [2025-05-22] chunk 475000-500000: write_table
2025-07-22 01:14:46 - INFO - app - [2025-05-22] chunk 500000-525000: write_table
2025-07-22 01:16:54 - INFO - app - [2025-05-22] chunk 525000-550000: write_table
2025-07-22 01:16:54 - INFO - app - [2025-05-22] parquet file completed: Data/Raw/20250522.parquet
2025-07-22 01:19:11 - INFO - app - [2025-05-23] chunk 0-25000: write_table
2025-07-22 01:21:30 - INFO - app - [2025-05-23] chunk 25000-50000: write_table
2025-07-22 01:23:50 - INFO - app - [2025-05-23] chunk 50000-75000: write_table
2025-07-22 01:26:11 - INFO - app - [2025-05-23] chunk 75000-100000: write_table
2025-07-22 01:28:29 - INFO - app - [2025-05-23] chunk 100000-125000: write_table
2025-07-22 01:30:50 - INFO - app - [2025-05-23] chunk 125000-150000: write_table
2025-07-22 01:33:10 - INFO - app - [2025-05-23] chunk 150000-175000: write_table
2025-07-22 01:35:28 - INFO - app - [2025-05-23] chunk 175000-200000: write_table
2025-07-22 01:37:48 - INFO - app - [2025-05-23] chunk 200000-225000: write_table
2025-07-22 01:40:15 - INFO - app - [2025-05-23] chunk 225000-250000: write_table
2025-07-22 01:42:34 - INFO - app - [2025-05-23] chunk 250000-275000: write_table
2025-07-22 01:44:54 - INFO - app - [2025-05-23] chunk 275000-300000: write_table
2025-07-22 01:47:14 - INFO - app - [2025-05-23] chunk 300000-325000: write_table
2025-07-22 01:49:38 - INFO - app - [2025-05-23] chunk 325000-350000: write_table
2025-07-22 01:52:01 - INFO - app - [2025-05-23] chunk 350000-375000: write_table
2025-07-22 01:54:22 - INFO - app - [2025-05-23] chunk 375000-400000: write_table
2025-07-22 01:56:38 - INFO - app - [2025-05-23] chunk 400000-425000: write_table
2025-07-22 01:59:02 - INFO - app - [2025-05-23] chunk 425000-450000: write_table
2025-07-22 02:01:27 - INFO - app - [2025-05-23] chunk 450000-475000: write_table
2025-07-22 02:03:45 - INFO - app - [2025-05-23] chunk 475000-500000: write_table
2025-07-22 02:06:12 - INFO - app - [2025-05-23] chunk 500000-525000: write_table
2025-07-22 02:08:48 - INFO - app - [2025-05-23] chunk 525000-550000: write_table
2025-07-22 02:08:48 - INFO - app - [2025-05-23] parquet file completed: Data/Raw/20250523.parquet
2025-07-22 02:11:16 - INFO - app - [2025-05-24] chunk 0-25000: write_table
2025-07-22 02:13:47 - INFO - app - [2025-05-24] chunk 25000-50000: write_table
2025-07-22 02:16:19 - INFO - app - [2025-05-24] chunk 50000-75000: write_table
2025-07-22 02:18:53 - INFO - app - [2025-05-24] chunk 75000-100000: write_table
2025-07-22 02:21:30 - INFO - app - [2025-05-24] chunk 100000-125000: write_table
2025-07-22 02:23:59 - INFO - app - [2025-05-24] chunk 125000-150000: write_table
2025-07-22 02:26:34 - INFO - app - [2025-05-24] chunk 150000-175000: write_table
2025-07-22 02:29:11 - INFO - app - [2025-05-24] chunk 175000-200000: write_table
2025-07-22 02:31:38 - INFO - app - [2025-05-24] chunk 200000-225000: write_table
2025-07-22 02:34:06 - INFO - app - [2025-05-24] chunk 225000-250000: write_table
2025-07-22 02:36:36 - INFO - app - [2025-05-24] chunk 250000-275000: write_table
2025-07-22 02:39:14 - INFO - app - [2025-05-24] chunk 275000-300000: write_table
2025-07-22 02:42:01 - INFO - app - [2025-05-24] chunk 300000-325000: write_table
2025-07-22 02:44:34 - INFO - app - [2025-05-24] chunk 325000-350000: write_table
2025-07-22 02:47:08 - INFO - app - [2025-05-24] chunk 350000-375000: write_table
2025-07-22 02:49:50 - INFO - app - [2025-05-24] chunk 375000-400000: write_table
2025-07-22 02:52:22 - INFO - app - [2025-05-24] chunk 400000-425000: write_table
2025-07-22 02:54:53 - INFO - app - [2025-05-24] chunk 425000-450000: write_table
2025-07-22 02:57:29 - INFO - app - [2025-05-24] chunk 450000-475000: write_table
2025-07-22 03:00:05 - INFO - app - [2025-05-24] chunk 475000-500000: write_table
2025-07-22 03:02:36 - INFO - app - [2025-05-24] chunk 500000-525000: write_table
2025-07-22 03:05:05 - INFO - app - [2025-05-24] chunk 525000-550000: write_table
2025-07-22 03:05:06 - INFO - app - [2025-05-24] parquet file completed: Data/Raw/20250524.parquet
2025-07-22 03:07:35 - INFO - app - [2025-05-25] chunk 0-25000: write_table
2025-07-22 03:10:23 - INFO - app - [2025-05-25] chunk 25000-50000: write_table
2025-07-22 03:13:01 - INFO - app - [2025-05-25] chunk 50000-75000: write_table
2025-07-22 03:15:45 - INFO - app - [2025-05-25] chunk 75000-100000: write_table
2025-07-22 03:18:32 - INFO - app - [2025-05-25] chunk 100000-125000: write_table
2025-07-22 03:21:14 - INFO - app - [2025-05-25] chunk 125000-150000: write_table
2025-07-22 03:23:54 - INFO - app - [2025-05-25] chunk 150000-175000: write_table
2025-07-22 03:26:37 - INFO - app - [2025-05-25] chunk 175000-200000: write_table
2025-07-22 03:29:07 - INFO - app - [2025-05-25] chunk 200000-225000: write_table
2025-07-22 03:31:27 - INFO - app - [2025-05-25] chunk 225000-250000: write_table
2025-07-22 03:33:44 - INFO - app - [2025-05-25] chunk 250000-275000: write_table
2025-07-22 03:36:02 - INFO - app - [2025-05-25] chunk 275000-300000: write_table
2025-07-22 03:38:20 - INFO - app - [2025-05-25] chunk 300000-325000: write_table
2025-07-22 03:40:41 - INFO - app - [2025-05-25] chunk 325000-350000: write_table
2025-07-22 03:43:03 - INFO - app - [2025-05-25] chunk 350000-375000: write_table
2025-07-22 03:45:33 - INFO - app - [2025-05-25] chunk 375000-400000: write_table
2025-07-22 03:48:04 - INFO - app - [2025-05-25] chunk 400000-425000: write_table
2025-07-22 03:50:49 - INFO - app - [2025-05-25] chunk 425000-450000: write_table
2025-07-22 03:53:31 - INFO - app - [2025-05-25] chunk 450000-475000: write_table
2025-07-22 03:56:13 - INFO - app - [2025-05-25] chunk 475000-500000: write_table
2025-07-22 03:58:58 - INFO - app - [2025-05-25] chunk 500000-525000: write_table
2025-07-22 04:01:32 - INFO - app - [2025-05-25] chunk 525000-550000: write_table
2025-07-22 04:01:33 - INFO - app - [2025-05-25] parquet file completed: Data/Raw/20250525.parquet
2025-07-22 04:04:08 - INFO - app - [2025-05-26] chunk 0-25000: write_table
2025-07-22 04:06:51 - INFO - app - [2025-05-26] chunk 25000-50000: write_table
2025-07-22 04:09:36 - INFO - app - [2025-05-26] chunk 50000-75000: write_table
2025-07-22 04:12:26 - INFO - app - [2025-05-26] chunk 75000-100000: write_table
2025-07-22 04:15:09 - INFO - app - [2025-05-26] chunk 100000-125000: write_table
2025-07-22 04:17:54 - INFO - app - [2025-05-26] chunk 125000-150000: write_table
2025-07-22 04:20:49 - INFO - app - [2025-05-26] chunk 150000-175000: write_table
2025-07-22 04:23:23 - INFO - app - [2025-05-26] chunk 175000-200000: write_table
2025-07-22 04:26:00 - INFO - app - [2025-05-26] chunk 200000-225000: write_table
2025-07-22 04:28:36 - INFO - app - [2025-05-26] chunk 225000-250000: write_table
2025-07-22 04:31:16 - INFO - app - [2025-05-26] chunk 250000-275000: write_table
2025-07-22 04:33:53 - INFO - app - [2025-05-26] chunk 275000-300000: write_table
2025-07-22 04:36:29 - INFO - app - [2025-05-26] chunk 300000-325000: write_table
2025-07-22 04:39:08 - INFO - app - [2025-05-26] chunk 325000-350000: write_table
2025-07-22 04:41:50 - INFO - app - [2025-05-26] chunk 350000-375000: write_table
2025-07-22 04:44:08 - INFO - app - [2025-05-26] chunk 375000-400000: write_table
2025-07-22 04:46:32 - INFO - app - [2025-05-26] chunk 400000-425000: write_table
2025-07-22 04:48:53 - INFO - app - [2025-05-26] chunk 425000-450000: write_table
2025-07-22 04:51:18 - INFO - app - [2025-05-26] chunk 450000-475000: write_table
2025-07-22 04:53:37 - INFO - app - [2025-05-26] chunk 475000-500000: write_table
2025-07-22 04:55:55 - INFO - app - [2025-05-26] chunk 500000-525000: write_table
2025-07-22 04:58:08 - INFO - app - [2025-05-26] chunk 525000-550000: write_table
2025-07-22 04:58:08 - INFO - app - [2025-05-26] parquet file completed: Data/Raw/20250526.parquet
2025-07-22 04:58:11 - INFO - app - [2025-05-27] chunk 0-25000: write_table
2025-07-22 04:58:12 - INFO - app - [2025-05-27] chunk 25000-50000: write_table
