2025-07-11 13:46:14 - INFO - app - 📆 date_range 모드: 총 37일 간 데이터 조회 예정 → ['20250525', '20250526', '20250527', '20250528', '20250529', '20250530', '20250531', '20250601', '20250602', '20250603', '20250604', '20250605', '20250606', '20250607', '20250608', '20250609', '20250610', '20250611', '20250612', '20250613', '20250614', '20250615', '20250616', '20250617', '20250618', '20250619', '20250620', '20250621', '20250622', '20250623', '20250624', '20250625', '20250626', '20250627', '20250628', '20250629', '20250630']
2025-07-11 13:46:14 - INFO - app - ✅ Data load skip: 총 37개 파일 저장됨
2025-07-11 13:46:22 - INFO - app - ✅ 날짜 20250525: 정상 변환되었습니다..
2025-07-11 13:46:29 - INFO - app - ✅ 날짜 20250526: 정상 변환되었습니다..
2025-07-11 13:46:35 - INFO - app - ✅ 날짜 20250527: 정상 변환되었습니다..
2025-07-11 13:46:41 - INFO - app - ✅ 날짜 20250528: 정상 변환되었습니다..
2025-07-11 13:46:47 - INFO - app - ✅ 날짜 20250529: 정상 변환되었습니다..
2025-07-11 13:46:55 - INFO - app - ✅ 날짜 20250530: 정상 변환되었습니다..
2025-07-11 13:47:01 - INFO - app - ✅ 날짜 20250531: 정상 변환되었습니다..
2025-07-11 13:47:08 - INFO - app - ✅ 날짜 20250601: 정상 변환되었습니다..
2025-07-11 13:47:14 - INFO - app - ✅ 날짜 20250602: 정상 변환되었습니다..
2025-07-11 13:47:20 - INFO - app - ✅ 날짜 20250603: 정상 변환되었습니다..
2025-07-11 13:47:27 - INFO - app - ✅ 날짜 20250604: 정상 변환되었습니다..
2025-07-11 13:47:34 - INFO - app - ✅ 날짜 20250605: 정상 변환되었습니다..
2025-07-11 13:47:40 - INFO - app - ✅ 날짜 20250606: 정상 변환되었습니다..
2025-07-11 13:47:46 - INFO - app - ✅ 날짜 20250607: 정상 변환되었습니다..
2025-07-11 13:47:52 - INFO - app - ✅ 날짜 20250608: 정상 변환되었습니다..
2025-07-11 13:48:00 - INFO - app - ✅ 날짜 20250609: 정상 변환되었습니다..
2025-07-11 13:48:06 - INFO - app - ✅ 날짜 20250610: 정상 변환되었습니다..
2025-07-11 13:48:12 - INFO - app - ✅ 날짜 20250611: 정상 변환되었습니다..
2025-07-11 13:48:18 - INFO - app - ✅ 날짜 20250612: 정상 변환되었습니다..
2025-07-11 13:48:25 - INFO - app - ✅ 날짜 20250613: 정상 변환되었습니다..
2025-07-11 13:48:31 - INFO - app - ✅ 날짜 20250614: 정상 변환되었습니다..
2025-07-11 13:48:31 - ERROR - app - ❌ 날짜 20250615 처리 중 오류 발생: [Errno 2] No such file or directory: 'Data/Raw/20250615.parquet'
2025-07-11 13:48:38 - INFO - app - ✅ 날짜 20250616: 정상 변환되었습니다..
2025-07-11 13:48:45 - INFO - app - ✅ 날짜 20250617: 정상 변환되었습니다..
2025-07-11 13:48:51 - INFO - app - ✅ 날짜 20250618: 정상 변환되었습니다..
2025-07-11 13:48:57 - INFO - app - ✅ 날짜 20250619: 정상 변환되었습니다..
2025-07-11 13:49:03 - INFO - app - ✅ 날짜 20250620: 정상 변환되었습니다..
2025-07-11 13:49:11 - INFO - app - ✅ 날짜 20250621: 정상 변환되었습니다..
2025-07-11 13:49:17 - INFO - app - ✅ 날짜 20250622: 정상 변환되었습니다..
2025-07-11 13:49:24 - INFO - app - ✅ 날짜 20250623: 정상 변환되었습니다..
2025-07-11 13:49:30 - INFO - app - ✅ 날짜 20250624: 정상 변환되었습니다..
2025-07-11 13:49:36 - INFO - app - ✅ 날짜 20250625: 정상 변환되었습니다..
2025-07-11 13:49:44 - INFO - app - ✅ 날짜 20250626: 정상 변환되었습니다..
2025-07-11 13:49:50 - INFO - app - ✅ 날짜 20250627: 정상 변환되었습니다..
2025-07-11 13:49:56 - INFO - app - ✅ 날짜 20250628: 정상 변환되었습니다..
2025-07-11 13:50:02 - INFO - app - ✅ 날짜 20250629: 정상 변환되었습니다..
2025-07-11 13:50:09 - INFO - app - ✅ 날짜 20250630: 정상 변환되었습니다..
2025-07-11 13:50:09 - INFO - app - ✅ 데이터 전처리(x) skip: Model/v0에 저장됨
