2025-08-05 13:37:17 - INFO - app - 📆 date_range 모드: 총 56일 간 데이터 조회 예정 → [datetime.datetime(2025, 4, 1, 0, 0), datetime.datetime(2025, 4, 2, 0, 0), datetime.datetime(2025, 4, 3, 0, 0), datetime.datetime(2025, 4, 4, 0, 0), datetime.datetime(2025, 4, 5, 0, 0), datetime.datetime(2025, 4, 6, 0, 0), datetime.datetime(2025, 4, 7, 0, 0), datetime.datetime(2025, 4, 8, 0, 0), datetime.datetime(2025, 4, 9, 0, 0), datetime.datetime(2025, 4, 10, 0, 0), datetime.datetime(2025, 4, 11, 0, 0), datetime.datetime(2025, 4, 12, 0, 0), datetime.datetime(2025, 4, 13, 0, 0), datetime.datetime(2025, 4, 14, 0, 0), datetime.datetime(2025, 4, 15, 0, 0), datetime.datetime(2025, 4, 16, 0, 0), datetime.datetime(2025, 4, 17, 0, 0), datetime.datetime(2025, 4, 18, 0, 0), datetime.datetime(2025, 4, 19, 0, 0), datetime.datetime(2025, 4, 20, 0, 0), datetime.datetime(2025, 4, 21, 0, 0), datetime.datetime(2025, 4, 22, 0, 0), datetime.datetime(2025, 4, 23, 0, 0), datetime.datetime(2025, 4, 24, 0, 0), datetime.datetime(2025, 4, 25, 0, 0), datetime.datetime(2025, 4, 26, 0, 0), datetime.datetime(2025, 4, 27, 0, 0), datetime.datetime(2025, 4, 28, 0, 0), datetime.datetime(2025, 4, 29, 0, 0), datetime.datetime(2025, 4, 30, 0, 0), datetime.datetime(2025, 5, 1, 0, 0), datetime.datetime(2025, 5, 2, 0, 0), datetime.datetime(2025, 5, 3, 0, 0), datetime.datetime(2025, 5, 4, 0, 0), datetime.datetime(2025, 5, 5, 0, 0), datetime.datetime(2025, 5, 6, 0, 0), datetime.datetime(2025, 5, 7, 0, 0), datetime.datetime(2025, 5, 8, 0, 0), datetime.datetime(2025, 5, 9, 0, 0), datetime.datetime(2025, 5, 10, 0, 0), datetime.datetime(2025, 5, 11, 0, 0), datetime.datetime(2025, 5, 12, 0, 0), datetime.datetime(2025, 5, 13, 0, 0), datetime.datetime(2025, 5, 14, 0, 0), datetime.datetime(2025, 5, 15, 0, 0), datetime.datetime(2025, 5, 16, 0, 0), datetime.datetime(2025, 5, 17, 0, 0), datetime.datetime(2025, 5, 18, 0, 0), datetime.datetime(2025, 5, 19, 0, 0), datetime.datetime(2025, 5, 20, 0, 0), datetime.datetime(2025, 5, 21, 0, 0), datetime.datetime(2025, 5, 22, 0, 0), datetime.datetime(2025, 5, 23, 0, 0), datetime.datetime(2025, 5, 24, 0, 0), datetime.datetime(2025, 5, 25, 0, 0), datetime.datetime(2025, 5, 26, 0, 0)]
2025-08-05 13:37:17 - INFO - app - 📊 확장된 범위: 2025-03-24 ~ 2025-05-26 (총 64개 파일)
2025-08-05 13:37:17 - INFO - app - 🔍 최대 lookback: 8일 (10135분)
2025-08-05 13:37:17 - INFO - app - ✅ Data load skip: 총 64개 파일 저장됨
2025-08-05 13:37:17 - INFO - app - ✅ 데이터 전처리 skip: Model/v0에 저장됨
2025-08-05 13:37:17 - INFO - app - ✅ 데이터 전처리(y) skip: Model/v0에 저장됨
2025-08-05 13:37:17 - INFO - app - ✅ map 형성 skip
2025-08-05 13:37:17 - INFO - app - Model/v0/0/valid_link_id.npy
2025-08-05 13:37:17 - INFO - app - [get_device] GPUSet from config = RTX
2025-08-05 13:37:17 - INFO - app - [get_device] → using GPU, device=cuda:0, ddpSet=False
2025-08-05 13:37:17 - INFO - app - ▶️ 클러스터 0 처리 중... 링크 수: 232
2025-08-05 13:37:17 - INFO - app - 📂 Loading .h5 file: Model/v0/0/train_data.h5
2025-08-05 13:37:17 - INFO - app - 📂 Loading .h5 file: Model/v0/0/train_data.h5
2025-08-05 13:37:17 - INFO - app - 📂 Loading .h5 file: Model/v0/0/val_data.h5
2025-08-05 13:37:17 - INFO - app - 📂 Loading .h5 file: Model/v0/0/val_data.h5
2025-08-05 13:37:17 - INFO - app - 📂 Loading .h5 file: Model/v0/0/test_data.h5
2025-08-05 13:37:17 - INFO - app - 📂 Loading .h5 file: Model/v0/0/test_data.h5
2025-08-05 13:37:17 - INFO - app - 📊 Dataset shapes:
   • train: x=(9504, 1, 232, 36), y=(9504, 1, 232, 12)
   • val:   x=(3168, 1, 232, 36), y=(3168, 1, 232, 12)
   • test:  x=(3168, 1, 232, 36), y=(3168, 1, 232, 12)
2025-08-05 13:37:18 - INFO - app - [GPU 체크] model parameter device = cuda:0
2025-08-05 13:37:19 - INFO - app - x,y shape : (128, 1, 232, 36),(128, 1, 232, 12)
2025-08-05 13:37:20 - INFO - app - x,y shape : (128, 1, 232, 36),(128, 1, 232, 12)
2025-08-05 13:37:20 - INFO - app - x,y shape : (128, 1, 232, 36),(128, 1, 232, 12)
2025-08-05 13:37:20 - INFO - app - x,y shape : (128, 1, 232, 36),(128, 1, 232, 12)
2025-08-05 13:37:20 - INFO - app - x,y shape : (128, 1, 232, 36),(128, 1, 232, 12)
2025-08-05 13:37:21 - INFO - app - x,y shape : (128, 1, 232, 36),(128, 1, 232, 12)
2025-08-05 13:37:21 - INFO - app - x,y shape : (128, 1, 232, 36),(128, 1, 232, 12)
2025-08-05 13:37:21 - INFO - app - x,y shape : (128, 1, 232, 36),(128, 1, 232, 12)
2025-08-05 13:37:21 - INFO - app - x,y shape : (128, 1, 232, 36),(128, 1, 232, 12)
2025-08-05 13:37:22 - INFO - app - x,y shape : (128, 1, 232, 36),(128, 1, 232, 12)
2025-08-05 13:37:22 - INFO - app - x,y shape : (128, 1, 232, 36),(128, 1, 232, 12)
2025-08-05 13:37:22 - INFO - app - x,y shape : (128, 1, 232, 36),(128, 1, 232, 12)
2025-08-05 13:37:22 - INFO - app - x,y shape : (128, 1, 232, 36),(128, 1, 232, 12)
2025-08-05 13:37:23 - INFO - app - x,y shape : (128, 1, 232, 36),(128, 1, 232, 12)
2025-08-05 13:37:23 - INFO - app - x,y shape : (128, 1, 232, 36),(128, 1, 232, 12)
2025-08-05 13:37:23 - INFO - app - x,y shape : (128, 1, 232, 36),(128, 1, 232, 12)
2025-08-05 13:37:23 - INFO - app - x,y shape : (128, 1, 232, 36),(128, 1, 232, 12)
2025-08-05 13:37:24 - INFO - app - x,y shape : (128, 1, 232, 36),(128, 1, 232, 12)
2025-08-05 13:37:24 - INFO - app - x,y shape : (128, 1, 232, 36),(128, 1, 232, 12)
2025-08-05 13:37:24 - INFO - app - x,y shape : (128, 1, 232, 36),(128, 1, 232, 12)
2025-08-05 13:37:24 - INFO - app - x,y shape : (128, 1, 232, 36),(128, 1, 232, 12)
2025-08-05 13:37:25 - INFO - app - x,y shape : (128, 1, 232, 36),(128, 1, 232, 12)
2025-08-05 13:37:25 - INFO - app - x,y shape : (128, 1, 232, 36),(128, 1, 232, 12)
2025-08-05 13:37:25 - INFO - app - x,y shape : (128, 1, 232, 36),(128, 1, 232, 12)
2025-08-05 13:37:25 - INFO - app - x,y shape : (128, 1, 232, 36),(128, 1, 232, 12)
2025-08-05 13:37:26 - INFO - app - x,y shape : (128, 1, 232, 36),(128, 1, 232, 12)
2025-08-05 13:37:26 - INFO - app - x,y shape : (128, 1, 232, 36),(128, 1, 232, 12)
2025-08-05 13:37:26 - INFO - app - x,y shape : (128, 1, 232, 36),(128, 1, 232, 12)
2025-08-05 13:37:26 - INFO - app - x,y shape : (128, 1, 232, 36),(128, 1, 232, 12)
2025-08-05 13:37:27 - INFO - app - x,y shape : (128, 1, 232, 36),(128, 1, 232, 12)
2025-08-05 13:37:27 - INFO - app - x,y shape : (128, 1, 232, 36),(128, 1, 232, 12)
2025-08-05 13:37:27 - INFO - app - x,y shape : (128, 1, 232, 36),(128, 1, 232, 12)
2025-08-05 13:37:27 - INFO - app - x,y shape : (128, 1, 232, 36),(128, 1, 232, 12)
2025-08-05 13:37:28 - INFO - app - x,y shape : (128, 1, 232, 36),(128, 1, 232, 12)
2025-08-05 13:37:28 - INFO - app - x,y shape : (128, 1, 232, 36),(128, 1, 232, 12)
2025-08-05 13:37:28 - INFO - app - x,y shape : (128, 1, 232, 36),(128, 1, 232, 12)
2025-08-05 13:37:28 - INFO - app - x,y shape : (128, 1, 232, 36),(128, 1, 232, 12)
2025-08-05 13:37:29 - INFO - app - x,y shape : (128, 1, 232, 36),(128, 1, 232, 12)
2025-08-05 13:37:29 - INFO - app - x,y shape : (128, 1, 232, 36),(128, 1, 232, 12)
2025-08-05 13:37:29 - INFO - app - x,y shape : (128, 1, 232, 36),(128, 1, 232, 12)
2025-08-05 13:37:29 - INFO - app - x,y shape : (128, 1, 232, 36),(128, 1, 232, 12)
2025-08-05 13:37:30 - INFO - app - x,y shape : (128, 1, 232, 36),(128, 1, 232, 12)
2025-08-05 13:37:30 - INFO - app - x,y shape : (128, 1, 232, 36),(128, 1, 232, 12)
2025-08-05 13:37:30 - INFO - app - x,y shape : (128, 1, 232, 36),(128, 1, 232, 12)
2025-08-05 13:37:30 - INFO - app - x,y shape : (128, 1, 232, 36),(128, 1, 232, 12)
2025-08-05 13:37:31 - INFO - app - x,y shape : (128, 1, 232, 36),(128, 1, 232, 12)
2025-08-05 13:37:31 - INFO - app - x,y shape : (128, 1, 232, 36),(128, 1, 232, 12)
2025-08-05 13:37:31 - INFO - app - x,y shape : (128, 1, 232, 36),(128, 1, 232, 12)
2025-08-05 13:37:31 - INFO - app - x,y shape : (128, 1, 232, 36),(128, 1, 232, 12)
2025-08-05 13:37:32 - INFO - app - x,y shape : (128, 1, 232, 36),(128, 1, 232, 12)
2025-08-05 13:37:32 - INFO - app - x,y shape : (128, 1, 232, 36),(128, 1, 232, 12)
2025-08-05 13:37:32 - INFO - app - x,y shape : (128, 1, 232, 36),(128, 1, 232, 12)
2025-08-05 13:37:32 - INFO - app - x,y shape : (128, 1, 232, 36),(128, 1, 232, 12)
2025-08-05 13:37:33 - INFO - app - x,y shape : (128, 1, 232, 36),(128, 1, 232, 12)
2025-08-05 13:37:33 - INFO - app - x,y shape : (128, 1, 232, 36),(128, 1, 232, 12)
2025-08-05 13:37:33 - INFO - app - x,y shape : (128, 1, 232, 36),(128, 1, 232, 12)
2025-08-05 13:37:33 - INFO - app - x,y shape : (128, 1, 232, 36),(128, 1, 232, 12)
2025-08-05 13:37:34 - INFO - app - x,y shape : (128, 1, 232, 36),(128, 1, 232, 12)
2025-08-05 13:37:34 - INFO - app - x,y shape : (128, 1, 232, 36),(128, 1, 232, 12)
2025-08-05 13:37:34 - INFO - app - x,y shape : (128, 1, 232, 36),(128, 1, 232, 12)
2025-08-05 13:37:34 - INFO - app - x,y shape : (128, 1, 232, 36),(128, 1, 232, 12)
2025-08-05 13:37:35 - INFO - app - x,y shape : (128, 1, 232, 36),(128, 1, 232, 12)
2025-08-05 13:37:35 - INFO - app - x,y shape : (128, 1, 232, 36),(128, 1, 232, 12)
2025-08-05 13:37:35 - INFO - app - x,y shape : (128, 1, 232, 36),(128, 1, 232, 12)
2025-08-05 13:37:36 - INFO - app - x,y shape : (128, 1, 232, 36),(128, 1, 232, 12)
2025-08-05 13:37:36 - INFO - app - x,y shape : (128, 1, 232, 36),(128, 1, 232, 12)
2025-08-05 13:37:36 - INFO - app - x,y shape : (128, 1, 232, 36),(128, 1, 232, 12)
2025-08-05 13:37:36 - INFO - app - x,y shape : (128, 1, 232, 36),(128, 1, 232, 12)
2025-08-05 13:37:37 - INFO - app - x,y shape : (128, 1, 232, 36),(128, 1, 232, 12)
2025-08-05 13:37:37 - INFO - app - x,y shape : (128, 1, 232, 36),(128, 1, 232, 12)
2025-08-05 13:37:37 - INFO - app - x,y shape : (128, 1, 232, 36),(128, 1, 232, 12)
2025-08-05 13:37:37 - INFO - app - x,y shape : (128, 1, 232, 36),(128, 1, 232, 12)
2025-08-05 13:37:38 - INFO - app - x,y shape : (128, 1, 232, 36),(128, 1, 232, 12)
2025-08-05 13:37:38 - INFO - app - x,y shape : (128, 1, 232, 36),(128, 1, 232, 12)
2025-08-05 13:37:40 - INFO - app - Epoch: 001, Inference Time: 1.9858 secs
2025-08-05 13:37:40 - INFO - app - Epoch: 001, Train Loss: 14.1182, Train MAPE: 0.3719, Train RMSE: 19.1183 
 Valid Loss: 6.8204, Valid MAPE: 0.1687, Valid RMSE: 9.4269, Training Time: 19.2430/epoch
2025-08-05 13:37:40 - INFO - app - x,y shape : (128, 1, 232, 36),(128, 1, 232, 12)
2025-08-05 13:37:40 - INFO - app - x,y shape : (128, 1, 232, 36),(128, 1, 232, 12)
2025-08-05 13:37:41 - INFO - app - x,y shape : (128, 1, 232, 36),(128, 1, 232, 12)
2025-08-05 13:37:41 - INFO - app - x,y shape : (128, 1, 232, 36),(128, 1, 232, 12)
2025-08-05 13:37:41 - INFO - app - x,y shape : (128, 1, 232, 36),(128, 1, 232, 12)
2025-08-05 13:37:41 - INFO - app - x,y shape : (128, 1, 232, 36),(128, 1, 232, 12)
2025-08-05 13:37:42 - INFO - app - x,y shape : (128, 1, 232, 36),(128, 1, 232, 12)
2025-08-05 13:37:42 - INFO - app - x,y shape : (128, 1, 232, 36),(128, 1, 232, 12)
2025-08-05 13:37:42 - INFO - app - x,y shape : (128, 1, 232, 36),(128, 1, 232, 12)
2025-08-05 13:37:42 - INFO - app - x,y shape : (128, 1, 232, 36),(128, 1, 232, 12)
2025-08-05 13:37:43 - INFO - app - x,y shape : (128, 1, 232, 36),(128, 1, 232, 12)
2025-08-05 13:37:43 - INFO - app - x,y shape : (128, 1, 232, 36),(128, 1, 232, 12)
2025-08-05 13:37:43 - INFO - app - x,y shape : (128, 1, 232, 36),(128, 1, 232, 12)
2025-08-05 13:37:43 - INFO - app - x,y shape : (128, 1, 232, 36),(128, 1, 232, 12)
2025-08-05 13:37:44 - INFO - app - x,y shape : (128, 1, 232, 36),(128, 1, 232, 12)
2025-08-05 13:37:44 - INFO - app - x,y shape : (128, 1, 232, 36),(128, 1, 232, 12)
2025-08-05 13:37:44 - INFO - app - x,y shape : (128, 1, 232, 36),(128, 1, 232, 12)
2025-08-05 13:37:44 - INFO - app - x,y shape : (128, 1, 232, 36),(128, 1, 232, 12)
2025-08-05 13:37:45 - INFO - app - x,y shape : (128, 1, 232, 36),(128, 1, 232, 12)
2025-08-05 13:37:45 - INFO - app - x,y shape : (128, 1, 232, 36),(128, 1, 232, 12)
2025-08-05 13:37:45 - INFO - app - x,y shape : (128, 1, 232, 36),(128, 1, 232, 12)
2025-08-05 13:37:45 - INFO - app - x,y shape : (128, 1, 232, 36),(128, 1, 232, 12)
2025-08-05 13:37:46 - INFO - app - x,y shape : (128, 1, 232, 36),(128, 1, 232, 12)
2025-08-05 13:37:46 - INFO - app - x,y shape : (128, 1, 232, 36),(128, 1, 232, 12)
2025-08-05 13:37:46 - INFO - app - x,y shape : (128, 1, 232, 36),(128, 1, 232, 12)
2025-08-05 13:37:46 - INFO - app - x,y shape : (128, 1, 232, 36),(128, 1, 232, 12)
2025-08-05 13:37:47 - INFO - app - x,y shape : (128, 1, 232, 36),(128, 1, 232, 12)
2025-08-05 13:37:47 - INFO - app - x,y shape : (128, 1, 232, 36),(128, 1, 232, 12)
2025-08-05 13:37:47 - INFO - app - x,y shape : (128, 1, 232, 36),(128, 1, 232, 12)
2025-08-05 13:37:47 - INFO - app - x,y shape : (128, 1, 232, 36),(128, 1, 232, 12)
2025-08-05 13:37:48 - INFO - app - x,y shape : (128, 1, 232, 36),(128, 1, 232, 12)
2025-08-05 13:37:48 - INFO - app - x,y shape : (128, 1, 232, 36),(128, 1, 232, 12)
2025-08-05 13:37:48 - INFO - app - x,y shape : (128, 1, 232, 36),(128, 1, 232, 12)
2025-08-05 13:37:48 - INFO - app - x,y shape : (128, 1, 232, 36),(128, 1, 232, 12)
2025-08-05 13:37:49 - INFO - app - x,y shape : (128, 1, 232, 36),(128, 1, 232, 12)
2025-08-05 13:37:49 - INFO - app - x,y shape : (128, 1, 232, 36),(128, 1, 232, 12)
2025-08-05 13:37:49 - INFO - app - x,y shape : (128, 1, 232, 36),(128, 1, 232, 12)
2025-08-05 13:37:49 - INFO - app - x,y shape : (128, 1, 232, 36),(128, 1, 232, 12)
2025-08-05 13:37:50 - INFO - app - x,y shape : (128, 1, 232, 36),(128, 1, 232, 12)
2025-08-05 13:37:50 - INFO - app - x,y shape : (128, 1, 232, 36),(128, 1, 232, 12)
2025-08-05 13:37:50 - INFO - app - x,y shape : (128, 1, 232, 36),(128, 1, 232, 12)
2025-08-05 13:37:50 - INFO - app - x,y shape : (128, 1, 232, 36),(128, 1, 232, 12)
2025-08-05 13:37:51 - INFO - app - x,y shape : (128, 1, 232, 36),(128, 1, 232, 12)
2025-08-05 13:37:51 - INFO - app - x,y shape : (128, 1, 232, 36),(128, 1, 232, 12)
2025-08-05 13:37:51 - INFO - app - x,y shape : (128, 1, 232, 36),(128, 1, 232, 12)
2025-08-05 13:37:51 - INFO - app - x,y shape : (128, 1, 232, 36),(128, 1, 232, 12)
