2025-09-11 16:49:30 - INFO - app - π“† date_range λ¨λ“: μ΄ 53μΌ κ°„ λ°μ΄ν„° μ΅°ν μμ • β†’ [datetime.datetime(2025, 4, 8, 0, 0), datetime.datetime(2025, 4, 9, 0, 0), datetime.datetime(2025, 4, 10, 0, 0), datetime.datetime(2025, 4, 11, 0, 0), datetime.datetime(2025, 4, 12, 0, 0), datetime.datetime(2025, 4, 13, 0, 0), datetime.datetime(2025, 4, 14, 0, 0), datetime.datetime(2025, 4, 15, 0, 0), datetime.datetime(2025, 4, 16, 0, 0), datetime.datetime(2025, 4, 17, 0, 0), datetime.datetime(2025, 4, 18, 0, 0), datetime.datetime(2025, 4, 19, 0, 0), datetime.datetime(2025, 4, 20, 0, 0), datetime.datetime(2025, 4, 21, 0, 0), datetime.datetime(2025, 4, 22, 0, 0), datetime.datetime(2025, 4, 23, 0, 0), datetime.datetime(2025, 4, 24, 0, 0), datetime.datetime(2025, 4, 25, 0, 0), datetime.datetime(2025, 4, 26, 0, 0), datetime.datetime(2025, 4, 27, 0, 0), datetime.datetime(2025, 4, 28, 0, 0), datetime.datetime(2025, 4, 29, 0, 0), datetime.datetime(2025, 4, 30, 0, 0), datetime.datetime(2025, 5, 1, 0, 0), datetime.datetime(2025, 5, 2, 0, 0), datetime.datetime(2025, 5, 3, 0, 0), datetime.datetime(2025, 5, 4, 0, 0), datetime.datetime(2025, 5, 5, 0, 0), datetime.datetime(2025, 5, 6, 0, 0), datetime.datetime(2025, 5, 7, 0, 0), datetime.datetime(2025, 5, 8, 0, 0), datetime.datetime(2025, 5, 9, 0, 0), datetime.datetime(2025, 5, 10, 0, 0), datetime.datetime(2025, 5, 11, 0, 0), datetime.datetime(2025, 5, 12, 0, 0), datetime.datetime(2025, 5, 13, 0, 0), datetime.datetime(2025, 5, 14, 0, 0), datetime.datetime(2025, 5, 15, 0, 0), datetime.datetime(2025, 5, 16, 0, 0), datetime.datetime(2025, 5, 17, 0, 0), datetime.datetime(2025, 5, 18, 0, 0), datetime.datetime(2025, 5, 19, 0, 0), datetime.datetime(2025, 5, 20, 0, 0), datetime.datetime(2025, 5, 21, 0, 0), datetime.datetime(2025, 5, 22, 0, 0), datetime.datetime(2025, 5, 23, 0, 0), datetime.datetime(2025, 5, 24, 0, 0), datetime.datetime(2025, 5, 25, 0, 0), datetime.datetime(2025, 5, 26, 0, 0), datetime.datetime(2025, 5, 27, 0, 0), datetime.datetime(2025, 5, 28, 0, 0), datetime.datetime(2025, 5, 29, 0, 0), datetime.datetime(2025, 5, 30, 0, 0)]
2025-09-11 16:49:30 - INFO - app - π“ ν™•μ¥λ λ²”μ„: 2025-04-01 ~ 2025-05-30 (μ΄ 60κ° νμΌ)
2025-09-11 16:49:30 - INFO - app - π” μµλ€ lookback: 7μΌ (10080λ¶„)
2025-09-11 16:49:30 - INFO - app - β… Data load skip: μ΄ 60κ° νμΌ μ €μ¥λ¨
2025-09-11 16:49:30 - INFO - app - π”Ή pivot λ°©λ²•: Raw β†’ ν΄λ¬μ¤ν„° ν…μ„ (κ³ μ†Β·μ €λ©”λ¨λ¦¬)
2025-09-11 16:49:39 - INFO - app - π― pivot λ°©μ‹: μ „μ²΄ νƒ€μ„μ¤νƒ¬ν”„ 14976 (interval=5λ¶„)
2025-09-11 16:49:39 - INFO - app - π”Ή train μ„ΈνΈ μ²λ¦¬: 8985 ts
2025-09-11 16:50:24 - INFO - app -   β–¶ train 20250401 λ°μ μ™„λ£
2025-09-11 16:51:02 - INFO - app -   β–¶ train 20250402 λ°μ μ™„λ£
2025-09-11 16:51:42 - INFO - app -   β–¶ train 20250403 λ°μ μ™„λ£
2025-09-11 16:52:20 - INFO - app -   β–¶ train 20250404 λ°μ μ™„λ£
2025-09-11 16:53:03 - INFO - app -   β–¶ train 20250405 λ°μ μ™„λ£
2025-09-11 16:53:46 - INFO - app -   β–¶ train 20250406 λ°μ μ™„λ£
2025-09-11 16:54:29 - INFO - app -   β–¶ train 20250407 λ°μ μ™„λ£
2025-09-11 16:55:24 - INFO - app -   β–¶ train 20250408 λ°μ μ™„λ£
2025-09-11 16:56:16 - INFO - app -   β–¶ train 20250409 λ°μ μ™„λ£
2025-09-11 16:57:12 - INFO - app -   β–¶ train 20250410 λ°μ μ™„λ£
2025-09-11 16:58:06 - INFO - app -   β–¶ train 20250411 λ°μ μ™„λ£
2025-09-11 16:58:59 - INFO - app -   β–¶ train 20250412 λ°μ μ™„λ£
2025-09-11 16:59:47 - INFO - app -   β–¶ train 20250413 λ°μ μ™„λ£
2025-09-11 17:00:39 - INFO - app -   β–¶ train 20250414 λ°μ μ™„λ£
2025-09-11 17:01:33 - INFO - app -   β–¶ train 20250415 λ°μ μ™„λ£
2025-09-11 17:02:25 - INFO - app -   β–¶ train 20250416 λ°μ μ™„λ£
2025-09-11 17:03:20 - INFO - app -   β–¶ train 20250417 λ°μ μ™„λ£
2025-09-11 17:04:14 - INFO - app -   β–¶ train 20250418 λ°μ μ™„λ£
2025-09-11 17:05:05 - INFO - app -   β–¶ train 20250419 λ°μ μ™„λ£
2025-09-11 17:05:37 - INFO - app -   β–¶ train 20250420 λ°μ μ™„λ£
2025-09-11 17:06:16 - INFO - app -   β–¶ train 20250421 λ°μ μ™„λ£
2025-09-11 17:07:09 - INFO - app -   β–¶ train 20250422 λ°μ μ™„λ£
2025-09-11 17:08:36 - INFO - app -   β–¶ train 20250423 λ°μ μ™„λ£
2025-09-11 17:09:55 - INFO - app -   β–¶ train 20250424 λ°μ μ™„λ£
2025-09-11 17:10:44 - INFO - app -   β–¶ train 20250425 λ°μ μ™„λ£
2025-09-11 17:11:38 - INFO - app -   β–¶ train 20250426 λ°μ μ™„λ£
2025-09-11 17:12:24 - INFO - app -   β–¶ train 20250427 λ°μ μ™„λ£
2025-09-11 17:13:19 - INFO - app -   β–¶ train 20250428 λ°μ μ™„λ£
2025-09-11 17:14:08 - INFO - app -   β–¶ train 20250429 λ°μ μ™„λ£
2025-09-11 17:15:03 - INFO - app -   β–¶ train 20250430 λ°μ μ™„λ£
2025-09-11 17:15:52 - INFO - app -   β–¶ train 20250501 λ°μ μ™„λ£
2025-09-11 17:16:42 - INFO - app -   β–¶ train 20250502 λ°μ μ™„λ£
2025-09-11 17:17:29 - INFO - app -   β–¶ train 20250503 λ°μ μ™„λ£
2025-09-11 17:18:17 - INFO - app -   β–¶ train 20250504 λ°μ μ™„λ£
2025-09-11 17:19:02 - INFO - app -   β–¶ train 20250505 λ°μ μ™„λ£
2025-09-11 17:19:47 - INFO - app -   β–¶ train 20250506 λ°μ μ™„λ£
2025-09-11 17:20:37 - INFO - app -   β–¶ train 20250507 λ°μ μ™„λ£
2025-09-11 17:21:23 - INFO - app -   β–¶ train 20250508 λ°μ μ™„λ£
2025-09-11 17:21:57 - INFO - app -   β–¶ train 20250509 λ°μ μ™„λ£
2025-09-11 17:21:59 - INFO - app - β… train μ„ΈνΈ μ™„λ£
2025-09-11 17:21:59 - INFO - app - π”Ή val μ„ΈνΈ μ²λ¦¬: 2995 ts
2025-09-11 17:22:42 - INFO - app -   β–¶ val 20250502 λ°μ μ™„λ£
2025-09-11 17:23:21 - INFO - app -   β–¶ val 20250503 λ°μ μ™„λ£
2025-09-11 17:24:02 - INFO - app -   β–¶ val 20250504 λ°μ μ™„λ£
2025-09-11 17:24:40 - INFO - app -   β–¶ val 20250505 λ°μ μ™„λ£
2025-09-11 17:25:17 - INFO - app -   β–¶ val 20250506 λ°μ μ™„λ£
2025-09-11 17:26:00 - INFO - app -   β–¶ val 20250507 λ°μ μ™„λ£
2025-09-11 17:26:43 - INFO - app -   β–¶ val 20250508 λ°μ μ™„λ£
2025-09-11 17:27:31 - INFO - app -   β–¶ val 20250509 λ°μ μ™„λ£
2025-09-11 17:28:23 - INFO - app -   β–¶ val 20250510 λ°μ μ™„λ£
2025-09-11 17:29:14 - INFO - app -   β–¶ val 20250511 λ°μ μ™„λ£
2025-09-11 17:30:07 - INFO - app -   β–¶ val 20250512 λ°μ μ™„λ£
2025-09-11 17:30:53 - INFO - app -   β–¶ val 20250513 λ°μ μ™„λ£
2025-09-11 17:31:43 - INFO - app -   β–¶ val 20250514 λ°μ μ™„λ£
2025-09-11 17:32:32 - INFO - app -   β–¶ val 20250515 λ°μ μ™„λ£
2025-09-11 17:33:18 - INFO - app -   β–¶ val 20250516 λ°μ μ™„λ£
2025-09-11 17:34:07 - INFO - app -   β–¶ val 20250517 λ°μ μ™„λ£
2025-09-11 17:34:52 - INFO - app -   β–¶ val 20250518 λ°μ μ™„λ£
2025-09-11 17:35:35 - INFO - app -   β–¶ val 20250519 λ°μ μ™„λ£
2025-09-11 17:35:38 - INFO - app - β… val μ„ΈνΈ μ™„λ£
2025-09-11 17:35:38 - INFO - app - π”Ή test μ„ΈνΈ μ²λ¦¬: 2996 ts
2025-09-11 17:36:19 - INFO - app -   β–¶ test 20250512 λ°μ μ™„λ£
2025-09-11 17:36:56 - INFO - app -   β–¶ test 20250513 λ°μ μ™„λ£
2025-09-11 17:37:40 - INFO - app -   β–¶ test 20250514 λ°μ μ™„λ£
2025-09-11 17:38:21 - INFO - app -   β–¶ test 20250515 λ°μ μ™„λ£
2025-09-11 17:39:01 - INFO - app -   β–¶ test 20250516 λ°μ μ™„λ£
2025-09-11 17:39:42 - INFO - app -   β–¶ test 20250517 λ°μ μ™„λ£
2025-09-11 17:40:22 - INFO - app -   β–¶ test 20250518 λ°μ μ™„λ£
2025-09-11 17:41:11 - INFO - app -   β–¶ test 20250519 λ°μ μ™„λ£
2025-09-11 17:42:05 - INFO - app -   β–¶ test 20250520 λ°μ μ™„λ£
2025-09-11 17:42:56 - INFO - app -   β–¶ test 20250521 λ°μ μ™„λ£
2025-09-11 17:43:47 - INFO - app -   β–¶ test 20250522 λ°μ μ™„λ£
2025-09-11 17:44:38 - INFO - app -   β–¶ test 20250523 λ°μ μ™„λ£
2025-09-11 17:45:24 - INFO - app -   β–¶ test 20250524 λ°μ μ™„λ£
2025-09-11 17:46:14 - INFO - app -   β–¶ test 20250525 λ°μ μ™„λ£
2025-09-11 17:47:05 - INFO - app -   β–¶ test 20250526 λ°μ μ™„λ£
2025-09-11 17:47:47 - INFO - app -   β–¶ test 20250527 λ°μ μ™„λ£
2025-09-11 17:48:31 - INFO - app -   β–¶ test 20250528 λ°μ μ™„λ£
2025-09-11 17:49:07 - INFO - app -   β–¶ test 20250529 λ°μ μ™„λ£
2025-09-11 17:49:43 - INFO - app -   β–¶ test 20250530 λ°μ μ™„λ£
2025-09-11 17:49:45 - INFO - app - β… test μ„ΈνΈ μ™„λ£
2025-09-11 17:49:45 - INFO - app - π‰ pivot κΈ°λ° tensor μƒμ„± μ™„λ£
2025-09-11 17:49:45 - INFO - app - β… Raw λ°μ΄ν„°μ—μ„ train/val/test ν΄λ¬μ¤ν„° ν…μ„ μƒμ„± μ™„λ£: Model/v1μ— μ €μ¥λ¨
2025-09-11 17:49:45 - INFO - app - β… map ν•μ„± skip
2025-09-11 17:50:08 - INFO - app - π“‚ Loading .h5 file: Model/v1/0/train_data.h5
2025-09-11 17:50:09 - INFO - app - π“‚ Loading .h5 file: Model/v1/0/train_data.h5
2025-09-11 17:50:09 - INFO - app - π“‚ Loading .h5 file: Model/v1/0/val_data.h5
2025-09-11 17:50:10 - INFO - app - π“‚ Loading .h5 file: Model/v1/0/val_data.h5
2025-09-11 17:50:10 - INFO - app - π“‚ Loading .h5 file: Model/v1/0/test_data.h5
2025-09-11 17:50:11 - INFO - app - π“‚ Loading .h5 file: Model/v1/0/test_data.h5
2025-09-11 17:50:11 - INFO - app - π“ Dataset shapes:
   β€Ά train: x=(8985, 1, 864, 36), y=(8985, 1, 864, 12)
   β€Ά val:   x=(2995, 1, 864, 36), y=(2995, 1, 864, 12)
   β€Ά test:  x=(2996, 1, 864, 36), y=(2996, 1, 864, 12)
