2025-07-18 13:45:40 - INFO - app - 📆 date_range 모드: 총 81일 간 데이터 조회 예정 → [datetime.datetime(2025, 3, 11, 0, 0), datetime.datetime(2025, 3, 12, 0, 0), datetime.datetime(2025, 3, 13, 0, 0), datetime.datetime(2025, 3, 14, 0, 0), datetime.datetime(2025, 3, 15, 0, 0), datetime.datetime(2025, 3, 16, 0, 0), datetime.datetime(2025, 3, 17, 0, 0), datetime.datetime(2025, 3, 18, 0, 0), datetime.datetime(2025, 3, 19, 0, 0), datetime.datetime(2025, 3, 20, 0, 0), datetime.datetime(2025, 3, 21, 0, 0), datetime.datetime(2025, 3, 22, 0, 0), datetime.datetime(2025, 3, 23, 0, 0), datetime.datetime(2025, 3, 24, 0, 0), datetime.datetime(2025, 3, 25, 0, 0), datetime.datetime(2025, 3, 26, 0, 0), datetime.datetime(2025, 3, 27, 0, 0), datetime.datetime(2025, 3, 28, 0, 0), datetime.datetime(2025, 3, 29, 0, 0), datetime.datetime(2025, 3, 30, 0, 0), datetime.datetime(2025, 3, 31, 0, 0), datetime.datetime(2025, 4, 1, 0, 0), datetime.datetime(2025, 4, 2, 0, 0), datetime.datetime(2025, 4, 3, 0, 0), datetime.datetime(2025, 4, 4, 0, 0), datetime.datetime(2025, 4, 5, 0, 0), datetime.datetime(2025, 4, 6, 0, 0), datetime.datetime(2025, 4, 7, 0, 0), datetime.datetime(2025, 4, 8, 0, 0), datetime.datetime(2025, 4, 9, 0, 0), datetime.datetime(2025, 4, 10, 0, 0), datetime.datetime(2025, 4, 11, 0, 0), datetime.datetime(2025, 4, 12, 0, 0), datetime.datetime(2025, 4, 13, 0, 0), datetime.datetime(2025, 4, 14, 0, 0), datetime.datetime(2025, 4, 15, 0, 0), datetime.datetime(2025, 4, 16, 0, 0), datetime.datetime(2025, 4, 17, 0, 0), datetime.datetime(2025, 4, 18, 0, 0), datetime.datetime(2025, 4, 19, 0, 0), datetime.datetime(2025, 4, 20, 0, 0), datetime.datetime(2025, 4, 21, 0, 0), datetime.datetime(2025, 4, 22, 0, 0), datetime.datetime(2025, 4, 23, 0, 0), datetime.datetime(2025, 4, 24, 0, 0), datetime.datetime(2025, 4, 25, 0, 0), datetime.datetime(2025, 4, 26, 0, 0), datetime.datetime(2025, 4, 27, 0, 0), datetime.datetime(2025, 4, 28, 0, 0), datetime.datetime(2025, 4, 29, 0, 0), datetime.datetime(2025, 4, 30, 0, 0), datetime.datetime(2025, 5, 1, 0, 0), datetime.datetime(2025, 5, 2, 0, 0), datetime.datetime(2025, 5, 3, 0, 0), datetime.datetime(2025, 5, 4, 0, 0), datetime.datetime(2025, 5, 5, 0, 0), datetime.datetime(2025, 5, 6, 0, 0), datetime.datetime(2025, 5, 7, 0, 0), datetime.datetime(2025, 5, 8, 0, 0), datetime.datetime(2025, 5, 9, 0, 0), datetime.datetime(2025, 5, 10, 0, 0), datetime.datetime(2025, 5, 11, 0, 0), datetime.datetime(2025, 5, 12, 0, 0), datetime.datetime(2025, 5, 13, 0, 0), datetime.datetime(2025, 5, 14, 0, 0), datetime.datetime(2025, 5, 15, 0, 0), datetime.datetime(2025, 5, 16, 0, 0), datetime.datetime(2025, 5, 17, 0, 0), datetime.datetime(2025, 5, 18, 0, 0), datetime.datetime(2025, 5, 19, 0, 0), datetime.datetime(2025, 5, 20, 0, 0), datetime.datetime(2025, 5, 21, 0, 0), datetime.datetime(2025, 5, 22, 0, 0), datetime.datetime(2025, 5, 23, 0, 0), datetime.datetime(2025, 5, 24, 0, 0), datetime.datetime(2025, 5, 25, 0, 0), datetime.datetime(2025, 5, 26, 0, 0), datetime.datetime(2025, 5, 27, 0, 0), datetime.datetime(2025, 5, 28, 0, 0), datetime.datetime(2025, 5, 29, 0, 0), datetime.datetime(2025, 5, 30, 0, 0)]
2025-07-18 13:45:40 - INFO - app - 🚀 시작 – Postgres DB → Parquet 스트리밍
2025-07-18 13:45:40 - INFO - app - 📡 [2025-03-11 00:00:00] 컬렉션 already done
2025-07-18 13:45:40 - INFO - app - 📡 [2025-03-12 00:00:00] 컬렉션 already done
2025-07-18 13:45:40 - INFO - app - 📡 [2025-03-13 00:00:00] 컬렉션 already done
2025-07-18 13:45:40 - INFO - app - 📡 [2025-03-14 00:00:00] 컬렉션 already done
2025-07-18 13:45:40 - INFO - app - 📡 [2025-03-15 00:00:00] 컬렉션 already done
2025-07-18 13:45:40 - INFO - app - 📡 [2025-03-16 00:00:00] 컬렉션 already done
2025-07-18 13:45:40 - INFO - app - 📡 [2025-03-17 00:00:00] 컬렉션 already done
2025-07-18 13:45:40 - INFO - app - 📡 [2025-03-18 00:00:00] 컬렉션 already done
2025-07-18 13:45:40 - INFO - app - 📡 [2025-03-19 00:00:00] 컬렉션 already done
2025-07-18 13:45:40 - INFO - app - 📡 [2025-03-20 00:00:00] 컬렉션 already done
2025-07-18 13:48:09 - INFO - app - [2025-03-21] chunk 0-25000: write_table
2025-07-18 13:50:41 - INFO - app - [2025-03-21] chunk 25000-50000: write_table
2025-07-18 13:53:12 - INFO - app - [2025-03-21] chunk 50000-75000: write_table
2025-07-18 13:55:40 - INFO - app - [2025-03-21] chunk 75000-100000: write_table
2025-07-18 13:58:25 - INFO - app - [2025-03-21] chunk 100000-125000: write_table
2025-07-18 14:00:58 - INFO - app - [2025-03-21] chunk 125000-150000: write_table
2025-07-18 14:03:31 - INFO - app - [2025-03-21] chunk 150000-175000: write_table
2025-07-18 14:06:13 - INFO - app - [2025-03-21] chunk 175000-200000: write_table
2025-07-18 14:08:41 - INFO - app - [2025-03-21] chunk 200000-225000: write_table
2025-07-18 14:11:04 - INFO - app - [2025-03-21] chunk 225000-250000: write_table
2025-07-18 14:13:33 - INFO - app - [2025-03-21] chunk 250000-275000: write_table
2025-07-18 14:16:10 - INFO - app - [2025-03-21] chunk 275000-300000: write_table
2025-07-18 14:18:39 - INFO - app - [2025-03-21] chunk 300000-325000: write_table
2025-07-18 14:21:11 - INFO - app - [2025-03-21] chunk 325000-350000: write_table
2025-07-18 14:23:40 - INFO - app - [2025-03-21] chunk 350000-375000: write_table
2025-07-18 14:26:21 - INFO - app - [2025-03-21] chunk 375000-400000: write_table
2025-07-18 14:28:46 - INFO - app - [2025-03-21] chunk 400000-425000: write_table
2025-07-18 14:31:16 - INFO - app - [2025-03-21] chunk 425000-450000: write_table
2025-07-18 14:33:44 - INFO - app - [2025-03-21] chunk 450000-475000: write_table
2025-07-18 14:36:13 - INFO - app - [2025-03-21] chunk 475000-500000: write_table
2025-07-18 14:38:35 - INFO - app - [2025-03-21] chunk 500000-525000: write_table
2025-07-18 14:40:58 - INFO - app - [2025-03-21] chunk 525000-550000: write_table
2025-07-18 14:40:58 - INFO - app - [2025-03-21] parquet file completed: Data/Raw/20250321.parquet
2025-07-18 14:43:09 - INFO - app - [2025-03-22] chunk 0-25000: write_table
2025-07-18 14:45:28 - INFO - app - [2025-03-22] chunk 25000-50000: write_table
2025-07-18 14:47:53 - INFO - app - [2025-03-22] chunk 50000-75000: write_table
2025-07-18 14:50:11 - INFO - app - [2025-03-22] chunk 75000-100000: write_table
2025-07-18 14:52:25 - INFO - app - [2025-03-22] chunk 100000-125000: write_table
2025-07-18 14:54:39 - INFO - app - [2025-03-22] chunk 125000-150000: write_table
2025-07-18 14:57:02 - INFO - app - [2025-03-22] chunk 150000-175000: write_table
2025-07-18 14:59:20 - INFO - app - [2025-03-22] chunk 175000-200000: write_table
2025-07-18 15:01:38 - INFO - app - [2025-03-22] chunk 200000-225000: write_table
2025-07-18 15:03:54 - INFO - app - [2025-03-22] chunk 225000-250000: write_table
2025-07-18 15:06:09 - INFO - app - [2025-03-22] chunk 250000-275000: write_table
2025-07-18 15:08:23 - INFO - app - [2025-03-22] chunk 275000-300000: write_table
2025-07-18 15:10:35 - INFO - app - [2025-03-22] chunk 300000-325000: write_table
2025-07-18 15:12:46 - INFO - app - [2025-03-22] chunk 325000-350000: write_table
2025-07-18 15:15:01 - INFO - app - [2025-03-22] chunk 350000-375000: write_table
2025-07-18 15:17:23 - INFO - app - [2025-03-22] chunk 375000-400000: write_table
2025-07-18 15:19:29 - INFO - app - [2025-03-22] chunk 400000-425000: write_table
2025-07-18 15:21:42 - INFO - app - [2025-03-22] chunk 425000-450000: write_table
2025-07-18 15:23:58 - INFO - app - [2025-03-22] chunk 450000-475000: write_table
2025-07-18 15:26:16 - INFO - app - [2025-03-22] chunk 475000-500000: write_table
2025-07-18 15:28:38 - INFO - app - [2025-03-22] chunk 500000-525000: write_table
2025-07-18 15:30:47 - INFO - app - [2025-03-22] chunk 525000-550000: write_table
2025-07-18 15:30:47 - INFO - app - [2025-03-22] parquet file completed: Data/Raw/20250322.parquet
2025-07-18 15:33:11 - INFO - app - [2025-03-23] chunk 0-25000: write_table
2025-07-18 15:35:38 - INFO - app - [2025-03-23] chunk 25000-50000: write_table
2025-07-18 15:38:16 - INFO - app - [2025-03-23] chunk 50000-75000: write_table
2025-07-18 15:40:43 - INFO - app - [2025-03-23] chunk 75000-100000: write_table
2025-07-18 15:43:11 - INFO - app - [2025-03-23] chunk 100000-125000: write_table
2025-07-18 15:45:40 - INFO - app - [2025-03-23] chunk 125000-150000: write_table
2025-07-18 15:48:26 - INFO - app - [2025-03-23] chunk 150000-175000: write_table
2025-07-18 15:51:27 - INFO - app - [2025-03-23] chunk 175000-200000: write_table
2025-07-18 15:54:11 - INFO - app - [2025-03-23] chunk 200000-225000: write_table
2025-07-18 15:56:49 - INFO - app - [2025-03-23] chunk 225000-250000: write_table
2025-07-18 15:59:07 - INFO - app - [2025-03-23] chunk 250000-275000: write_table
2025-07-18 16:01:31 - INFO - app - [2025-03-23] chunk 275000-300000: write_table
2025-07-18 16:03:56 - INFO - app - [2025-03-23] chunk 300000-325000: write_table
2025-07-18 16:06:34 - INFO - app - [2025-03-23] chunk 325000-350000: write_table
2025-07-18 16:09:07 - INFO - app - [2025-03-23] chunk 350000-375000: write_table
2025-07-18 16:11:40 - INFO - app - [2025-03-23] chunk 375000-400000: write_table
2025-07-18 16:13:59 - INFO - app - [2025-03-23] chunk 400000-425000: write_table
2025-07-18 16:16:28 - INFO - app - [2025-03-23] chunk 425000-450000: write_table
2025-07-18 16:19:01 - INFO - app - [2025-03-23] chunk 450000-475000: write_table
2025-07-18 16:21:51 - INFO - app - [2025-03-23] chunk 475000-500000: write_table
2025-07-18 16:24:41 - INFO - app - [2025-03-23] chunk 500000-525000: write_table
2025-07-18 16:26:59 - INFO - app - [2025-03-23] chunk 525000-550000: write_table
2025-07-18 16:26:59 - INFO - app - [2025-03-23] parquet file completed: Data/Raw/20250323.parquet
2025-07-18 16:29:20 - INFO - app - [2025-03-24] chunk 0-25000: write_table
2025-07-18 16:31:28 - INFO - app - [2025-03-24] chunk 25000-50000: write_table
2025-07-18 16:33:33 - INFO - app - [2025-03-24] chunk 50000-75000: write_table
2025-07-18 16:35:38 - INFO - app - [2025-03-24] chunk 75000-100000: write_table
2025-07-18 16:37:49 - INFO - app - [2025-03-24] chunk 100000-125000: write_table
2025-07-18 16:39:55 - INFO - app - [2025-03-24] chunk 125000-150000: write_table
2025-07-18 16:42:01 - INFO - app - [2025-03-24] chunk 150000-175000: write_table
2025-07-18 16:44:13 - INFO - app - [2025-03-24] chunk 175000-200000: write_table
2025-07-18 16:46:14 - INFO - app - [2025-03-24] chunk 200000-225000: write_table
2025-07-18 16:48:26 - INFO - app - [2025-03-24] chunk 225000-250000: write_table
2025-07-18 16:50:29 - INFO - app - [2025-03-24] chunk 250000-275000: write_table
2025-07-18 16:52:34 - INFO - app - [2025-03-24] chunk 275000-300000: write_table
2025-07-18 16:54:42 - INFO - app - [2025-03-24] chunk 300000-325000: write_table
2025-07-18 16:56:46 - INFO - app - [2025-03-24] chunk 325000-350000: write_table
2025-07-18 16:59:00 - INFO - app - [2025-03-24] chunk 350000-375000: write_table
2025-07-18 17:01:11 - INFO - app - [2025-03-24] chunk 375000-400000: write_table
2025-07-18 17:03:10 - INFO - app - [2025-03-24] chunk 400000-425000: write_table
2025-07-18 17:05:16 - INFO - app - [2025-03-24] chunk 425000-450000: write_table
2025-07-18 17:07:22 - INFO - app - [2025-03-24] chunk 450000-475000: write_table
2025-07-18 17:09:38 - INFO - app - [2025-03-24] chunk 475000-500000: write_table
2025-07-18 17:11:44 - INFO - app - [2025-03-24] chunk 500000-525000: write_table
2025-07-18 17:13:47 - INFO - app - [2025-03-24] chunk 525000-550000: write_table
2025-07-18 17:13:47 - INFO - app - [2025-03-24] parquet file completed: Data/Raw/20250324.parquet
2025-07-18 17:16:07 - INFO - app - [2025-03-25] chunk 0-25000: write_table
2025-07-18 17:18:38 - INFO - app - [2025-03-25] chunk 25000-50000: write_table
2025-07-18 17:21:03 - INFO - app - [2025-03-25] chunk 50000-75000: write_table
2025-07-18 17:23:36 - INFO - app - [2025-03-25] chunk 75000-100000: write_table
2025-07-18 17:26:06 - INFO - app - [2025-03-25] chunk 100000-125000: write_table
2025-07-18 17:28:46 - INFO - app - [2025-03-25] chunk 125000-150000: write_table
2025-07-18 17:31:18 - INFO - app - [2025-03-25] chunk 150000-175000: write_table
2025-07-18 17:33:48 - INFO - app - [2025-03-25] chunk 175000-200000: write_table
2025-07-18 17:36:14 - INFO - app - [2025-03-25] chunk 200000-225000: write_table
2025-07-18 17:38:52 - INFO - app - [2025-03-25] chunk 225000-250000: write_table
2025-07-18 17:41:24 - INFO - app - [2025-03-25] chunk 250000-275000: write_table
2025-07-18 17:43:58 - INFO - app - [2025-03-25] chunk 275000-300000: write_table
2025-07-18 17:46:26 - INFO - app - [2025-03-25] chunk 300000-325000: write_table
2025-07-18 17:49:04 - INFO - app - [2025-03-25] chunk 325000-350000: write_table
2025-07-18 17:51:34 - INFO - app - [2025-03-25] chunk 350000-375000: write_table
2025-07-18 17:54:02 - INFO - app - [2025-03-25] chunk 375000-400000: write_table
2025-07-18 17:56:29 - INFO - app - [2025-03-25] chunk 400000-425000: write_table
2025-07-18 17:59:05 - INFO - app - [2025-03-25] chunk 425000-450000: write_table
2025-07-18 18:01:32 - INFO - app - [2025-03-25] chunk 450000-475000: write_table
2025-07-18 18:03:57 - INFO - app - [2025-03-25] chunk 475000-500000: write_table
2025-07-18 18:06:25 - INFO - app - [2025-03-25] chunk 500000-525000: write_table
2025-07-18 18:08:49 - INFO - app - [2025-03-25] chunk 525000-550000: write_table
2025-07-18 18:08:49 - INFO - app - [2025-03-25] parquet file completed: Data/Raw/20250325.parquet
2025-07-18 18:11:04 - INFO - app - [2025-03-26] chunk 0-25000: write_table
2025-07-18 18:13:16 - INFO - app - [2025-03-26] chunk 25000-50000: write_table
2025-07-18 18:15:27 - INFO - app - [2025-03-26] chunk 50000-75000: write_table
2025-07-18 18:17:38 - INFO - app - [2025-03-26] chunk 75000-100000: write_table
2025-07-18 18:19:52 - INFO - app - [2025-03-26] chunk 100000-125000: write_table
2025-07-18 18:22:03 - INFO - app - [2025-03-26] chunk 125000-150000: write_table
2025-07-18 18:24:18 - INFO - app - [2025-03-26] chunk 150000-175000: write_table
2025-07-18 18:26:30 - INFO - app - [2025-03-26] chunk 175000-200000: write_table
2025-07-18 18:28:38 - INFO - app - [2025-03-26] chunk 200000-225000: write_table
2025-07-18 18:30:57 - INFO - app - [2025-03-26] chunk 225000-250000: write_table
2025-07-18 18:33:06 - INFO - app - [2025-03-26] chunk 250000-275000: write_table
2025-07-18 18:35:17 - INFO - app - [2025-03-26] chunk 275000-300000: write_table
2025-07-18 18:37:26 - INFO - app - [2025-03-26] chunk 300000-325000: write_table
2025-07-18 18:39:34 - INFO - app - [2025-03-26] chunk 325000-350000: write_table
2025-07-18 18:41:38 - INFO - app - [2025-03-26] chunk 350000-375000: write_table
2025-07-18 18:43:41 - INFO - app - [2025-03-26] chunk 375000-400000: write_table
2025-07-18 18:45:40 - INFO - app - [2025-03-26] chunk 400000-425000: write_table
2025-07-18 18:47:42 - INFO - app - [2025-03-26] chunk 425000-450000: write_table
2025-07-18 18:49:53 - INFO - app - [2025-03-26] chunk 450000-475000: write_table
2025-07-18 18:51:56 - INFO - app - [2025-03-26] chunk 475000-500000: write_table
2025-07-18 18:54:00 - INFO - app - [2025-03-26] chunk 500000-525000: write_table
2025-07-18 18:56:00 - INFO - app - [2025-03-26] chunk 525000-550000: write_table
2025-07-18 18:56:01 - INFO - app - [2025-03-26] parquet file completed: Data/Raw/20250326.parquet
2025-07-18 18:58:08 - INFO - app - [2025-03-27] chunk 0-25000: write_table
2025-07-18 19:00:25 - INFO - app - [2025-03-27] chunk 25000-50000: write_table
2025-07-18 19:02:40 - INFO - app - [2025-03-27] chunk 50000-75000: write_table
2025-07-18 19:05:08 - INFO - app - [2025-03-27] chunk 75000-100000: write_table
2025-07-18 19:07:41 - INFO - app - [2025-03-27] chunk 100000-125000: write_table
2025-07-18 19:10:26 - INFO - app - [2025-03-27] chunk 125000-150000: write_table
2025-07-18 19:13:02 - INFO - app - [2025-03-27] chunk 150000-175000: write_table
2025-07-18 19:15:42 - INFO - app - [2025-03-27] chunk 175000-200000: write_table
2025-07-18 19:18:14 - INFO - app - [2025-03-27] chunk 200000-225000: write_table
2025-07-18 19:20:57 - INFO - app - [2025-03-27] chunk 225000-250000: write_table
2025-07-18 19:23:32 - INFO - app - [2025-03-27] chunk 250000-275000: write_table
2025-07-18 19:26:02 - INFO - app - [2025-03-27] chunk 275000-300000: write_table
2025-07-18 19:28:36 - INFO - app - [2025-03-27] chunk 300000-325000: write_table
2025-07-18 19:31:18 - INFO - app - [2025-03-27] chunk 325000-350000: write_table
2025-07-18 19:33:50 - INFO - app - [2025-03-27] chunk 350000-375000: write_table
2025-07-18 19:36:26 - INFO - app - [2025-03-27] chunk 375000-400000: write_table
2025-07-18 19:38:53 - INFO - app - [2025-03-27] chunk 400000-425000: write_table
2025-07-18 19:41:25 - INFO - app - [2025-03-27] chunk 425000-450000: write_table
2025-07-18 19:44:00 - INFO - app - [2025-03-27] chunk 450000-475000: write_table
2025-07-18 19:46:32 - INFO - app - [2025-03-27] chunk 475000-500000: write_table
2025-07-18 19:49:06 - INFO - app - [2025-03-27] chunk 500000-525000: write_table
2025-07-18 19:51:30 - INFO - app - [2025-03-27] chunk 525000-550000: write_table
2025-07-18 19:51:31 - INFO - app - [2025-03-27] parquet file completed: Data/Raw/20250327.parquet
2025-07-18 19:53:33 - INFO - app - [2025-03-28] chunk 0-25000: write_table
2025-07-18 19:55:43 - INFO - app - [2025-03-28] chunk 25000-50000: write_table
2025-07-18 19:57:52 - INFO - app - [2025-03-28] chunk 50000-75000: write_table
2025-07-18 20:00:05 - INFO - app - [2025-03-28] chunk 75000-100000: write_table
2025-07-18 20:02:15 - INFO - app - [2025-03-28] chunk 100000-125000: write_table
2025-07-18 20:04:22 - INFO - app - [2025-03-28] chunk 125000-150000: write_table
2025-07-18 20:06:32 - INFO - app - [2025-03-28] chunk 150000-175000: write_table
2025-07-18 20:08:38 - INFO - app - [2025-03-28] chunk 175000-200000: write_table
2025-07-18 20:10:53 - INFO - app - [2025-03-28] chunk 200000-225000: write_table
2025-07-18 20:12:58 - INFO - app - [2025-03-28] chunk 225000-250000: write_table
2025-07-18 20:15:05 - INFO - app - [2025-03-28] chunk 250000-275000: write_table
2025-07-18 20:17:30 - INFO - app - [2025-03-28] chunk 275000-300000: write_table
2025-07-18 20:19:40 - INFO - app - [2025-03-28] chunk 300000-325000: write_table
2025-07-18 20:21:50 - INFO - app - [2025-03-28] chunk 325000-350000: write_table
2025-07-18 20:24:15 - INFO - app - [2025-03-28] chunk 350000-375000: write_table
2025-07-18 20:26:40 - INFO - app - [2025-03-28] chunk 375000-400000: write_table
2025-07-18 20:29:01 - INFO - app - [2025-03-28] chunk 400000-425000: write_table
2025-07-18 20:31:39 - INFO - app - [2025-03-28] chunk 425000-450000: write_table
2025-07-18 20:34:11 - INFO - app - [2025-03-28] chunk 450000-475000: write_table
2025-07-18 20:36:43 - INFO - app - [2025-03-28] chunk 475000-500000: write_table
2025-07-18 20:39:13 - INFO - app - [2025-03-28] chunk 500000-525000: write_table
2025-07-18 20:41:34 - INFO - app - [2025-03-28] chunk 525000-550000: write_table
2025-07-18 20:41:34 - INFO - app - [2025-03-28] parquet file completed: Data/Raw/20250328.parquet
2025-07-18 20:44:02 - INFO - app - [2025-03-29] chunk 0-25000: write_table
2025-07-18 20:46:25 - INFO - app - [2025-03-29] chunk 25000-50000: write_table
2025-07-18 20:48:38 - INFO - app - [2025-03-29] chunk 50000-75000: write_table
2025-07-18 20:50:59 - INFO - app - [2025-03-29] chunk 75000-100000: write_table
2025-07-18 20:53:13 - INFO - app - [2025-03-29] chunk 100000-125000: write_table
2025-07-18 20:55:25 - INFO - app - [2025-03-29] chunk 125000-150000: write_table
2025-07-18 20:57:39 - INFO - app - [2025-03-29] chunk 150000-175000: write_table
2025-07-18 20:59:59 - INFO - app - [2025-03-29] chunk 175000-200000: write_table
2025-07-18 21:02:11 - INFO - app - [2025-03-29] chunk 200000-225000: write_table
2025-07-18 21:04:36 - INFO - app - [2025-03-29] chunk 225000-250000: write_table
2025-07-18 21:07:09 - INFO - app - [2025-03-29] chunk 250000-275000: write_table
2025-07-18 21:09:44 - INFO - app - [2025-03-29] chunk 275000-300000: write_table
2025-07-18 21:12:27 - INFO - app - [2025-03-29] chunk 300000-325000: write_table
2025-07-18 21:15:00 - INFO - app - [2025-03-29] chunk 325000-350000: write_table
2025-07-18 21:17:18 - INFO - app - [2025-03-29] chunk 350000-375000: write_table
2025-07-18 21:19:30 - INFO - app - [2025-03-29] chunk 375000-400000: write_table
2025-07-18 21:21:40 - INFO - app - [2025-03-29] chunk 400000-425000: write_table
2025-07-18 21:23:49 - INFO - app - [2025-03-29] chunk 425000-450000: write_table
2025-07-18 21:26:02 - INFO - app - [2025-03-29] chunk 450000-475000: write_table
2025-07-18 21:28:13 - INFO - app - [2025-03-29] chunk 475000-500000: write_table
2025-07-18 21:30:30 - INFO - app - [2025-03-29] chunk 500000-525000: write_table
2025-07-18 21:32:34 - INFO - app - [2025-03-29] chunk 525000-550000: write_table
2025-07-18 21:32:34 - INFO - app - [2025-03-29] parquet file completed: Data/Raw/20250329.parquet
2025-07-18 21:34:29 - INFO - app - [2025-03-30] chunk 0-25000: write_table
2025-07-18 21:36:33 - INFO - app - [2025-03-30] chunk 25000-50000: write_table
2025-07-18 21:38:33 - INFO - app - [2025-03-30] chunk 50000-75000: write_table
2025-07-18 21:40:39 - INFO - app - [2025-03-30] chunk 75000-100000: write_table
2025-07-18 21:42:36 - INFO - app - [2025-03-30] chunk 100000-125000: write_table
2025-07-18 21:44:37 - INFO - app - [2025-03-30] chunk 125000-150000: write_table
2025-07-18 21:46:36 - INFO - app - [2025-03-30] chunk 150000-175000: write_table
2025-07-18 21:48:37 - INFO - app - [2025-03-30] chunk 175000-200000: write_table
2025-07-18 21:50:39 - INFO - app - [2025-03-30] chunk 200000-225000: write_table
2025-07-18 21:52:38 - INFO - app - [2025-03-30] chunk 225000-250000: write_table
2025-07-18 21:54:35 - INFO - app - [2025-03-30] chunk 250000-275000: write_table
2025-07-18 21:56:34 - INFO - app - [2025-03-30] chunk 275000-300000: write_table
2025-07-18 21:58:33 - INFO - app - [2025-03-30] chunk 300000-325000: write_table
2025-07-18 22:00:37 - INFO - app - [2025-03-30] chunk 325000-350000: write_table
2025-07-18 22:02:33 - INFO - app - [2025-03-30] chunk 350000-375000: write_table
2025-07-18 22:04:38 - INFO - app - [2025-03-30] chunk 375000-400000: write_table
2025-07-18 22:06:33 - INFO - app - [2025-03-30] chunk 400000-425000: write_table
2025-07-18 22:08:30 - INFO - app - [2025-03-30] chunk 425000-450000: write_table
2025-07-18 22:10:37 - INFO - app - [2025-03-30] chunk 450000-475000: write_table
2025-07-18 22:12:34 - INFO - app - [2025-03-30] chunk 475000-500000: write_table
2025-07-18 22:14:34 - INFO - app - [2025-03-30] chunk 500000-525000: write_table
2025-07-18 22:16:27 - INFO - app - [2025-03-30] chunk 525000-550000: write_table
2025-07-18 22:16:27 - INFO - app - [2025-03-30] parquet file completed: Data/Raw/20250330.parquet
2025-07-18 22:18:36 - INFO - app - [2025-03-31] chunk 0-25000: write_table
2025-07-18 22:20:58 - INFO - app - [2025-03-31] chunk 25000-50000: write_table
2025-07-18 22:23:13 - INFO - app - [2025-03-31] chunk 50000-75000: write_table
2025-07-18 22:25:24 - INFO - app - [2025-03-31] chunk 75000-100000: write_table
2025-07-18 22:27:38 - INFO - app - [2025-03-31] chunk 100000-125000: write_table
2025-07-18 22:29:51 - INFO - app - [2025-03-31] chunk 125000-150000: write_table
2025-07-18 22:32:09 - INFO - app - [2025-03-31] chunk 150000-175000: write_table
2025-07-18 22:34:22 - INFO - app - [2025-03-31] chunk 175000-200000: write_table
2025-07-18 22:36:33 - INFO - app - [2025-03-31] chunk 200000-225000: write_table
2025-07-18 22:38:47 - INFO - app - [2025-03-31] chunk 225000-250000: write_table
2025-07-18 22:41:11 - INFO - app - [2025-03-31] chunk 250000-275000: write_table
2025-07-18 22:43:28 - INFO - app - [2025-03-31] chunk 275000-300000: write_table
2025-07-18 22:45:45 - INFO - app - [2025-03-31] chunk 300000-325000: write_table
2025-07-18 22:47:59 - INFO - app - [2025-03-31] chunk 325000-350000: write_table
2025-07-18 22:50:11 - INFO - app - [2025-03-31] chunk 350000-375000: write_table
2025-07-18 22:52:29 - INFO - app - [2025-03-31] chunk 375000-400000: write_table
2025-07-18 22:54:39 - INFO - app - [2025-03-31] chunk 400000-425000: write_table
2025-07-18 22:56:56 - INFO - app - [2025-03-31] chunk 425000-450000: write_table
2025-07-18 22:59:12 - INFO - app - [2025-03-31] chunk 450000-475000: write_table
2025-07-18 23:01:35 - INFO - app - [2025-03-31] chunk 475000-500000: write_table
2025-07-18 23:03:50 - INFO - app - [2025-03-31] chunk 500000-525000: write_table
2025-07-18 23:06:01 - INFO - app - [2025-03-31] chunk 525000-550000: write_table
2025-07-18 23:06:02 - INFO - app - [2025-03-31] parquet file completed: Data/Raw/20250331.parquet
2025-07-18 23:08:32 - INFO - app - [2025-04-01] chunk 0-25000: write_table
2025-07-18 23:10:54 - INFO - app - [2025-04-01] chunk 25000-50000: write_table
2025-07-18 23:13:21 - INFO - app - [2025-04-01] chunk 50000-75000: write_table
2025-07-18 23:15:52 - INFO - app - [2025-04-01] chunk 75000-100000: write_table
2025-07-18 23:18:35 - INFO - app - [2025-04-01] chunk 100000-125000: write_table
2025-07-18 23:21:11 - INFO - app - [2025-04-01] chunk 125000-150000: write_table
2025-07-18 23:23:36 - INFO - app - [2025-04-01] chunk 150000-175000: write_table
2025-07-18 23:25:49 - INFO - app - [2025-04-01] chunk 175000-200000: write_table
2025-07-18 23:28:01 - INFO - app - [2025-04-01] chunk 200000-225000: write_table
2025-07-18 23:30:13 - INFO - app - [2025-04-01] chunk 225000-250000: write_table
2025-07-18 23:32:30 - INFO - app - [2025-04-01] chunk 250000-275000: write_table
2025-07-18 23:35:05 - INFO - app - [2025-04-01] chunk 275000-300000: write_table
2025-07-18 23:37:41 - INFO - app - [2025-04-01] chunk 300000-325000: write_table
2025-07-18 23:40:13 - INFO - app - [2025-04-01] chunk 325000-350000: write_table
2025-07-18 23:42:51 - INFO - app - [2025-04-01] chunk 350000-375000: write_table
2025-07-18 23:45:22 - INFO - app - [2025-04-01] chunk 375000-400000: write_table
2025-07-18 23:47:51 - INFO - app - [2025-04-01] chunk 400000-425000: write_table
2025-07-18 23:50:26 - INFO - app - [2025-04-01] chunk 425000-450000: write_table
2025-07-18 23:52:59 - INFO - app - [2025-04-01] chunk 450000-475000: write_table
2025-07-18 23:55:33 - INFO - app - [2025-04-01] chunk 475000-500000: write_table
2025-07-18 23:58:07 - INFO - app - [2025-04-01] chunk 500000-525000: write_table
2025-07-19 00:00:33 - INFO - app - [2025-04-01] chunk 525000-550000: write_table
2025-07-19 00:00:33 - INFO - app - [2025-04-01] parquet file completed: Data/Raw/20250401.parquet
2025-07-19 00:02:46 - INFO - app - [2025-04-02] chunk 0-25000: write_table
2025-07-19 00:04:51 - INFO - app - [2025-04-02] chunk 25000-50000: write_table
2025-07-19 00:06:55 - INFO - app - [2025-04-02] chunk 50000-75000: write_table
2025-07-19 00:08:55 - INFO - app - [2025-04-02] chunk 75000-100000: write_table
2025-07-19 00:11:03 - INFO - app - [2025-04-02] chunk 100000-125000: write_table
2025-07-19 00:13:03 - INFO - app - [2025-04-02] chunk 125000-150000: write_table
2025-07-19 00:15:07 - INFO - app - [2025-04-02] chunk 150000-175000: write_table
2025-07-19 00:17:18 - INFO - app - [2025-04-02] chunk 175000-200000: write_table
2025-07-19 00:19:36 - INFO - app - [2025-04-02] chunk 200000-225000: write_table
2025-07-19 00:21:58 - INFO - app - [2025-04-02] chunk 225000-250000: write_table
2025-07-19 00:24:14 - INFO - app - [2025-04-02] chunk 250000-275000: write_table
2025-07-19 00:26:32 - INFO - app - [2025-04-02] chunk 275000-300000: write_table
2025-07-19 00:28:50 - INFO - app - [2025-04-02] chunk 300000-325000: write_table
2025-07-19 00:31:17 - INFO - app - [2025-04-02] chunk 325000-350000: write_table
2025-07-19 00:33:33 - INFO - app - [2025-04-02] chunk 350000-375000: write_table
2025-07-19 00:35:50 - INFO - app - [2025-04-02] chunk 375000-400000: write_table
2025-07-19 00:38:01 - INFO - app - [2025-04-02] chunk 400000-425000: write_table
2025-07-19 00:40:17 - INFO - app - [2025-04-02] chunk 425000-450000: write_table
2025-07-19 00:42:43 - INFO - app - [2025-04-02] chunk 450000-475000: write_table
2025-07-19 00:45:01 - INFO - app - [2025-04-02] chunk 475000-500000: write_table
2025-07-19 00:47:21 - INFO - app - [2025-04-02] chunk 500000-525000: write_table
2025-07-19 00:49:31 - INFO - app - [2025-04-02] chunk 525000-550000: write_table
2025-07-19 00:49:32 - INFO - app - [2025-04-02] parquet file completed: Data/Raw/20250402.parquet
2025-07-19 00:52:01 - INFO - app - [2025-04-03] chunk 0-25000: write_table
2025-07-19 00:54:30 - INFO - app - [2025-04-03] chunk 25000-50000: write_table
2025-07-19 00:56:58 - INFO - app - [2025-04-03] chunk 50000-75000: write_table
2025-07-19 00:59:28 - INFO - app - [2025-04-03] chunk 75000-100000: write_table
2025-07-19 01:02:04 - INFO - app - [2025-04-03] chunk 100000-125000: write_table
2025-07-19 01:04:35 - INFO - app - [2025-04-03] chunk 125000-150000: write_table
2025-07-19 01:07:06 - INFO - app - [2025-04-03] chunk 150000-175000: write_table
2025-07-19 01:09:34 - INFO - app - [2025-04-03] chunk 175000-200000: write_table
2025-07-19 01:12:10 - INFO - app - [2025-04-03] chunk 200000-225000: write_table
2025-07-19 01:14:35 - INFO - app - [2025-04-03] chunk 225000-250000: write_table
2025-07-19 01:17:00 - INFO - app - [2025-04-03] chunk 250000-275000: write_table
2025-07-19 01:19:26 - INFO - app - [2025-04-03] chunk 275000-300000: write_table
2025-07-19 01:22:01 - INFO - app - [2025-04-03] chunk 300000-325000: write_table
2025-07-19 01:24:10 - INFO - app - [2025-04-03] chunk 325000-350000: write_table
