2025-09-11 15:45:20 - INFO - app - π“† date_range λ¨λ“: μ΄ 53μΌ κ°„ λ°μ΄ν„° μ΅°ν μμ • β†’ [datetime.datetime(2025, 4, 8, 0, 0), datetime.datetime(2025, 4, 9, 0, 0), datetime.datetime(2025, 4, 10, 0, 0), datetime.datetime(2025, 4, 11, 0, 0), datetime.datetime(2025, 4, 12, 0, 0), datetime.datetime(2025, 4, 13, 0, 0), datetime.datetime(2025, 4, 14, 0, 0), datetime.datetime(2025, 4, 15, 0, 0), datetime.datetime(2025, 4, 16, 0, 0), datetime.datetime(2025, 4, 17, 0, 0), datetime.datetime(2025, 4, 18, 0, 0), datetime.datetime(2025, 4, 19, 0, 0), datetime.datetime(2025, 4, 20, 0, 0), datetime.datetime(2025, 4, 21, 0, 0), datetime.datetime(2025, 4, 22, 0, 0), datetime.datetime(2025, 4, 23, 0, 0), datetime.datetime(2025, 4, 24, 0, 0), datetime.datetime(2025, 4, 25, 0, 0), datetime.datetime(2025, 4, 26, 0, 0), datetime.datetime(2025, 4, 27, 0, 0), datetime.datetime(2025, 4, 28, 0, 0), datetime.datetime(2025, 4, 29, 0, 0), datetime.datetime(2025, 4, 30, 0, 0), datetime.datetime(2025, 5, 1, 0, 0), datetime.datetime(2025, 5, 2, 0, 0), datetime.datetime(2025, 5, 3, 0, 0), datetime.datetime(2025, 5, 4, 0, 0), datetime.datetime(2025, 5, 5, 0, 0), datetime.datetime(2025, 5, 6, 0, 0), datetime.datetime(2025, 5, 7, 0, 0), datetime.datetime(2025, 5, 8, 0, 0), datetime.datetime(2025, 5, 9, 0, 0), datetime.datetime(2025, 5, 10, 0, 0), datetime.datetime(2025, 5, 11, 0, 0), datetime.datetime(2025, 5, 12, 0, 0), datetime.datetime(2025, 5, 13, 0, 0), datetime.datetime(2025, 5, 14, 0, 0), datetime.datetime(2025, 5, 15, 0, 0), datetime.datetime(2025, 5, 16, 0, 0), datetime.datetime(2025, 5, 17, 0, 0), datetime.datetime(2025, 5, 18, 0, 0), datetime.datetime(2025, 5, 19, 0, 0), datetime.datetime(2025, 5, 20, 0, 0), datetime.datetime(2025, 5, 21, 0, 0), datetime.datetime(2025, 5, 22, 0, 0), datetime.datetime(2025, 5, 23, 0, 0), datetime.datetime(2025, 5, 24, 0, 0), datetime.datetime(2025, 5, 25, 0, 0), datetime.datetime(2025, 5, 26, 0, 0), datetime.datetime(2025, 5, 27, 0, 0), datetime.datetime(2025, 5, 28, 0, 0), datetime.datetime(2025, 5, 29, 0, 0), datetime.datetime(2025, 5, 30, 0, 0)]
2025-09-11 15:45:20 - INFO - app - π“ ν™•μ¥λ λ²”μ„: 2025-04-01 ~ 2025-05-30 (μ΄ 60κ° νμΌ)
2025-09-11 15:45:20 - INFO - app - π” μµλ€ lookback: 7μΌ (10080λ¶„)
2025-09-11 15:45:20 - INFO - app - β… Data load skip: μ΄ 60κ° νμΌ μ €μ¥λ¨
2025-09-11 15:45:20 - INFO - app - π”Ή pivot λ°©λ²•: Raw β†’ ν΄λ¬μ¤ν„° ν…μ„ (κ³ μ†Β·μ €λ©”λ¨λ¦¬)
2025-09-11 15:45:28 - INFO - app - π― pivot λ°©μ‹: μ „μ²΄ νƒ€μ„μ¤νƒ¬ν”„ 14976 (interval=5λ¶„)
2025-09-11 15:45:28 - INFO - app - π”Ή train μ„ΈνΈ μ²λ¦¬: 8985 ts
2025-09-11 15:46:12 - INFO - app -   β–¶ train 20250401 λ°μ μ™„λ£
2025-09-11 15:46:49 - INFO - app -   β–¶ train 20250402 λ°μ μ™„λ£
2025-09-11 15:47:30 - INFO - app -   β–¶ train 20250403 λ°μ μ™„λ£
2025-09-11 15:48:07 - INFO - app -   β–¶ train 20250404 λ°μ μ™„λ£
2025-09-11 15:48:50 - INFO - app -   β–¶ train 20250405 λ°μ μ™„λ£
2025-09-11 15:49:32 - INFO - app -   β–¶ train 20250406 λ°μ μ™„λ£
2025-09-11 15:50:14 - INFO - app -   β–¶ train 20250407 λ°μ μ™„λ£
2025-09-11 15:51:07 - INFO - app -   β–¶ train 20250408 λ°μ μ™„λ£
2025-09-11 15:51:59 - INFO - app -   β–¶ train 20250409 λ°μ μ™„λ£
2025-09-11 15:52:52 - INFO - app -   β–¶ train 20250410 λ°μ μ™„λ£
2025-09-11 15:53:45 - INFO - app -   β–¶ train 20250411 λ°μ μ™„λ£
2025-09-11 15:54:40 - INFO - app -   β–¶ train 20250412 λ°μ μ™„λ£
2025-09-11 15:55:29 - INFO - app -   β–¶ train 20250413 λ°μ μ™„λ£
2025-09-11 15:56:23 - INFO - app -   β–¶ train 20250414 λ°μ μ™„λ£
2025-09-11 15:57:17 - INFO - app -   β–¶ train 20250415 λ°μ μ™„λ£
2025-09-11 15:58:08 - INFO - app -   β–¶ train 20250416 λ°μ μ™„λ£
2025-09-11 15:59:02 - INFO - app -   β–¶ train 20250417 λ°μ μ™„λ£
2025-09-11 15:59:55 - INFO - app -   β–¶ train 20250418 λ°μ μ™„λ£
2025-09-11 16:00:47 - INFO - app -   β–¶ train 20250419 λ°μ μ™„λ£
2025-09-11 16:01:20 - INFO - app -   β–¶ train 20250420 λ°μ μ™„λ£
2025-09-11 16:01:59 - INFO - app -   β–¶ train 20250421 λ°μ μ™„λ£
2025-09-11 16:02:53 - INFO - app -   β–¶ train 20250422 λ°μ μ™„λ£
2025-09-11 16:03:43 - INFO - app -   β–¶ train 20250423 λ°μ μ™„λ£
2025-09-11 16:04:37 - INFO - app -   β–¶ train 20250424 λ°μ μ™„λ£
2025-09-11 16:05:25 - INFO - app -   β–¶ train 20250425 λ°μ μ™„λ£
2025-09-11 16:06:18 - INFO - app -   β–¶ train 20250426 λ°μ μ™„λ£
2025-09-11 16:07:05 - INFO - app -   β–¶ train 20250427 λ°μ μ™„λ£
2025-09-11 16:07:58 - INFO - app -   β–¶ train 20250428 λ°μ μ™„λ£
2025-09-11 16:08:46 - INFO - app -   β–¶ train 20250429 λ°μ μ™„λ£
2025-09-11 16:09:39 - INFO - app -   β–¶ train 20250430 λ°μ μ™„λ£
2025-09-11 16:10:28 - INFO - app -   β–¶ train 20250501 λ°μ μ™„λ£
2025-09-11 16:11:19 - INFO - app -   β–¶ train 20250502 λ°μ μ™„λ£
2025-09-11 16:12:06 - INFO - app -   β–¶ train 20250503 λ°μ μ™„λ£
2025-09-11 16:12:54 - INFO - app -   β–¶ train 20250504 λ°μ μ™„λ£
2025-09-11 16:13:39 - INFO - app -   β–¶ train 20250505 λ°μ μ™„λ£
2025-09-11 16:14:23 - INFO - app -   β–¶ train 20250506 λ°μ μ™„λ£
2025-09-11 16:15:13 - INFO - app -   β–¶ train 20250507 λ°μ μ™„λ£
2025-09-11 16:15:58 - INFO - app -   β–¶ train 20250508 λ°μ μ™„λ£
2025-09-11 16:16:34 - INFO - app -   β–¶ train 20250509 λ°μ μ™„λ£
2025-09-11 16:16:36 - INFO - app - β… train μ„ΈνΈ μ™„λ£
2025-09-11 16:16:36 - INFO - app - π”Ή val μ„ΈνΈ μ²λ¦¬: 2995 ts
2025-09-11 16:17:18 - INFO - app -   β–¶ val 20250502 λ°μ μ™„λ£
2025-09-11 16:17:57 - INFO - app -   β–¶ val 20250503 λ°μ μ™„λ£
2025-09-11 16:18:39 - INFO - app -   β–¶ val 20250504 λ°μ μ™„λ£
2025-09-11 16:19:17 - INFO - app -   β–¶ val 20250505 λ°μ μ™„λ£
2025-09-11 16:19:53 - INFO - app -   β–¶ val 20250506 λ°μ μ™„λ£
2025-09-11 16:20:36 - INFO - app -   β–¶ val 20250507 λ°μ μ™„λ£
2025-09-11 16:21:19 - INFO - app -   β–¶ val 20250508 λ°μ μ™„λ£
2025-09-11 16:22:13 - INFO - app -   β–¶ val 20250509 λ°μ μ™„λ£
2025-09-11 16:23:54 - INFO - app -   β–¶ val 20250510 λ°μ μ™„λ£
2025-09-11 16:24:49 - INFO - app -   β–¶ val 20250511 λ°μ μ™„λ£
2025-09-11 16:25:42 - INFO - app -   β–¶ val 20250512 λ°μ μ™„λ£
2025-09-11 16:26:27 - INFO - app -   β–¶ val 20250513 λ°μ μ™„λ£
2025-09-11 16:27:18 - INFO - app -   β–¶ val 20250514 λ°μ μ™„λ£
2025-09-11 16:28:07 - INFO - app -   β–¶ val 20250515 λ°μ μ™„λ£
2025-09-11 16:28:52 - INFO - app -   β–¶ val 20250516 λ°μ μ™„λ£
2025-09-11 16:29:41 - INFO - app -   β–¶ val 20250517 λ°μ μ™„λ£
2025-09-11 16:30:27 - INFO - app -   β–¶ val 20250518 λ°μ μ™„λ£
2025-09-11 16:31:10 - INFO - app -   β–¶ val 20250519 λ°μ μ™„λ£
2025-09-11 16:31:13 - INFO - app - β… val μ„ΈνΈ μ™„λ£
2025-09-11 16:31:13 - INFO - app - π”Ή test μ„ΈνΈ μ²λ¦¬: 2996 ts
2025-09-11 16:31:55 - INFO - app -   β–¶ test 20250512 λ°μ μ™„λ£
2025-09-11 16:32:33 - INFO - app -   β–¶ test 20250513 λ°μ μ™„λ£
2025-09-11 16:33:16 - INFO - app -   β–¶ test 20250514 λ°μ μ™„λ£
2025-09-11 16:33:57 - INFO - app -   β–¶ test 20250515 λ°μ μ™„λ£
2025-09-11 16:34:36 - INFO - app -   β–¶ test 20250516 λ°μ μ™„λ£
2025-09-11 16:35:16 - INFO - app -   β–¶ test 20250517 λ°μ μ™„λ£
2025-09-11 16:35:57 - INFO - app -   β–¶ test 20250518 λ°μ μ™„λ£
2025-09-11 16:36:48 - INFO - app -   β–¶ test 20250519 λ°μ μ™„λ£
2025-09-11 16:37:42 - INFO - app -   β–¶ test 20250520 λ°μ μ™„λ£
2025-09-11 16:38:33 - INFO - app -   β–¶ test 20250521 λ°μ μ™„λ£
2025-09-11 16:39:25 - INFO - app -   β–¶ test 20250522 λ°μ μ™„λ£
2025-09-11 16:40:15 - INFO - app -   β–¶ test 20250523 λ°μ μ™„λ£
2025-09-11 16:41:02 - INFO - app -   β–¶ test 20250524 λ°μ μ™„λ£
2025-09-11 16:41:51 - INFO - app -   β–¶ test 20250525 λ°μ μ™„λ£
2025-09-11 16:42:41 - INFO - app -   β–¶ test 20250526 λ°μ μ™„λ£
2025-09-11 16:43:25 - INFO - app -   β–¶ test 20250527 λ°μ μ™„λ£
2025-09-11 16:44:07 - INFO - app -   β–¶ test 20250528 λ°μ μ™„λ£
2025-09-11 16:44:43 - INFO - app -   β–¶ test 20250529 λ°μ μ™„λ£
2025-09-11 16:45:18 - INFO - app -   β–¶ test 20250530 λ°μ μ™„λ£
2025-09-11 16:45:20 - INFO - app - β… test μ„ΈνΈ μ™„λ£
2025-09-11 16:45:20 - INFO - app - π‰ pivot κΈ°λ° tensor μƒμ„± μ™„λ£
2025-09-11 16:45:20 - INFO - app - β… Raw λ°μ΄ν„°μ—μ„ train/val/test ν΄λ¬μ¤ν„° ν…μ„ μƒμ„± μ™„λ£: Model/v1μ— μ €μ¥λ¨
2025-09-11 16:45:20 - INFO - app - β… map ν•μ„± skip
2025-09-11 16:45:30 - INFO - app - π“‚ Loading .h5 file: Model/v1/0/train_data.h5
2025-09-11 16:45:31 - INFO - app - π“‚ Loading .h5 file: Model/v1/0/train_data.h5
2025-09-11 16:45:31 - INFO - app - π“‚ Loading .h5 file: Model/v1/0/val_data.h5
2025-09-11 16:45:32 - INFO - app - π“‚ Loading .h5 file: Model/v1/0/val_data.h5
2025-09-11 16:45:32 - INFO - app - π“‚ Loading .h5 file: Model/v1/0/test_data.h5
2025-09-11 16:45:32 - INFO - app - π“‚ Loading .h5 file: Model/v1/0/test_data.h5
2025-09-11 16:45:32 - INFO - app - π“ Dataset shapes:
   β€Ά train: x=(8985, 1, 864, 36), y=(8985, 1, 864, 12)
   β€Ά val:   x=(2995, 1, 864, 36), y=(2995, 1, 864, 12)
   β€Ά test:  x=(2996, 1, 864, 36), y=(2996, 1, 864, 12)
