2025-09-09 13:32:51 - INFO - app - π“† date_range λ¨λ“: μ΄ 53μΌ κ°„ λ°μ΄ν„° μ΅°ν μμ • β†’ [datetime.datetime(2025, 4, 8, 0, 0), datetime.datetime(2025, 4, 9, 0, 0), datetime.datetime(2025, 4, 10, 0, 0), datetime.datetime(2025, 4, 11, 0, 0), datetime.datetime(2025, 4, 12, 0, 0), datetime.datetime(2025, 4, 13, 0, 0), datetime.datetime(2025, 4, 14, 0, 0), datetime.datetime(2025, 4, 15, 0, 0), datetime.datetime(2025, 4, 16, 0, 0), datetime.datetime(2025, 4, 17, 0, 0), datetime.datetime(2025, 4, 18, 0, 0), datetime.datetime(2025, 4, 19, 0, 0), datetime.datetime(2025, 4, 20, 0, 0), datetime.datetime(2025, 4, 21, 0, 0), datetime.datetime(2025, 4, 22, 0, 0), datetime.datetime(2025, 4, 23, 0, 0), datetime.datetime(2025, 4, 24, 0, 0), datetime.datetime(2025, 4, 25, 0, 0), datetime.datetime(2025, 4, 26, 0, 0), datetime.datetime(2025, 4, 27, 0, 0), datetime.datetime(2025, 4, 28, 0, 0), datetime.datetime(2025, 4, 29, 0, 0), datetime.datetime(2025, 4, 30, 0, 0), datetime.datetime(2025, 5, 1, 0, 0), datetime.datetime(2025, 5, 2, 0, 0), datetime.datetime(2025, 5, 3, 0, 0), datetime.datetime(2025, 5, 4, 0, 0), datetime.datetime(2025, 5, 5, 0, 0), datetime.datetime(2025, 5, 6, 0, 0), datetime.datetime(2025, 5, 7, 0, 0), datetime.datetime(2025, 5, 8, 0, 0), datetime.datetime(2025, 5, 9, 0, 0), datetime.datetime(2025, 5, 10, 0, 0), datetime.datetime(2025, 5, 11, 0, 0), datetime.datetime(2025, 5, 12, 0, 0), datetime.datetime(2025, 5, 13, 0, 0), datetime.datetime(2025, 5, 14, 0, 0), datetime.datetime(2025, 5, 15, 0, 0), datetime.datetime(2025, 5, 16, 0, 0), datetime.datetime(2025, 5, 17, 0, 0), datetime.datetime(2025, 5, 18, 0, 0), datetime.datetime(2025, 5, 19, 0, 0), datetime.datetime(2025, 5, 20, 0, 0), datetime.datetime(2025, 5, 21, 0, 0), datetime.datetime(2025, 5, 22, 0, 0), datetime.datetime(2025, 5, 23, 0, 0), datetime.datetime(2025, 5, 24, 0, 0), datetime.datetime(2025, 5, 25, 0, 0), datetime.datetime(2025, 5, 26, 0, 0), datetime.datetime(2025, 5, 27, 0, 0), datetime.datetime(2025, 5, 28, 0, 0), datetime.datetime(2025, 5, 29, 0, 0), datetime.datetime(2025, 5, 30, 0, 0)]
2025-09-09 13:32:51 - INFO - app - π“ ν™•μ¥λ λ²”μ„: 2025-04-01 ~ 2025-05-30 (μ΄ 60κ° νμΌ)
2025-09-09 13:32:51 - INFO - app - π” μµλ€ lookback: 7μΌ (10080λ¶„)
2025-09-09 13:32:51 - INFO - app - β… Data load skip: μ΄ 60κ° νμΌ μ €μ¥λ¨
2025-09-09 13:32:51 - INFO - app - π”Ή pivot λ°©λ²•: Raw β†’ ν΄λ¬μ¤ν„° ν…μ„ (κ³ μ†Β·μ €λ©”λ¨λ¦¬)
2025-09-09 13:33:02 - INFO - app - π― pivot λ°©μ‹: μ „μ²΄ νƒ€μ„μ¤νƒ¬ν”„ 14976 (interval=5λ¶„)
2025-09-09 13:33:02 - INFO - app - π”Ή train μ„ΈνΈ μ²λ¦¬: 8985 ts
2025-09-09 13:33:44 - INFO - app -   β–¶ train 20250401 λ°μ μ™„λ£
2025-09-09 13:34:23 - INFO - app -   β–¶ train 20250402 λ°μ μ™„λ£
2025-09-09 13:35:04 - INFO - app -   β–¶ train 20250403 λ°μ μ™„λ£
2025-09-09 13:35:43 - INFO - app -   β–¶ train 20250404 λ°μ μ™„λ£
2025-09-09 13:36:22 - INFO - app -   β–¶ train 20250405 λ°μ μ™„λ£
2025-09-09 13:37:01 - INFO - app -   β–¶ train 20250406 λ°μ μ™„λ£
2025-09-09 13:37:42 - INFO - app -   β–¶ train 20250407 λ°μ μ™„λ£
2025-09-09 13:38:34 - INFO - app -   β–¶ train 20250408 λ°μ μ™„λ£
2025-09-09 13:39:25 - INFO - app -   β–¶ train 20250409 λ°μ μ™„λ£
2025-09-09 13:40:18 - INFO - app -   β–¶ train 20250410 λ°μ μ™„λ£
2025-09-09 13:41:12 - INFO - app -   β–¶ train 20250411 λ°μ μ™„λ£
2025-09-09 13:42:05 - INFO - app -   β–¶ train 20250412 λ°μ μ™„λ£
2025-09-09 13:42:52 - INFO - app -   β–¶ train 20250413 λ°μ μ™„λ£
2025-09-09 13:43:44 - INFO - app -   β–¶ train 20250414 λ°μ μ™„λ£
2025-09-09 13:44:37 - INFO - app -   β–¶ train 20250415 λ°μ μ™„λ£
2025-09-09 13:45:28 - INFO - app -   β–¶ train 20250416 λ°μ μ™„λ£
2025-09-09 13:46:21 - INFO - app -   β–¶ train 20250417 λ°μ μ™„λ£
2025-09-09 13:47:11 - INFO - app -   β–¶ train 20250418 λ°μ μ™„λ£
2025-09-09 13:48:03 - INFO - app -   β–¶ train 20250419 λ°μ μ™„λ£
2025-09-09 13:48:35 - INFO - app -   β–¶ train 20250420 λ°μ μ™„λ£
2025-09-09 13:49:14 - INFO - app -   β–¶ train 20250421 λ°μ μ™„λ£
2025-09-09 13:50:12 - INFO - app -   β–¶ train 20250422 λ°μ μ™„λ£
2025-09-09 13:51:06 - INFO - app -   β–¶ train 20250423 λ°μ μ™„λ£
2025-09-09 13:52:03 - INFO - app -   β–¶ train 20250424 λ°μ μ™„λ£
2025-09-09 13:52:55 - INFO - app -   β–¶ train 20250425 λ°μ μ™„λ£
2025-09-09 13:53:51 - INFO - app -   β–¶ train 20250426 λ°μ μ™„λ£
2025-09-09 13:54:41 - INFO - app -   β–¶ train 20250427 λ°μ μ™„λ£
2025-09-09 13:55:38 - INFO - app -   β–¶ train 20250428 λ°μ μ™„λ£
2025-09-09 13:56:29 - INFO - app -   β–¶ train 20250429 λ°μ μ™„λ£
2025-09-09 13:57:26 - INFO - app -   β–¶ train 20250430 λ°μ μ™„λ£
2025-09-09 13:58:16 - INFO - app -   β–¶ train 20250501 λ°μ μ™„λ£
2025-09-09 13:59:09 - INFO - app -   β–¶ train 20250502 λ°μ μ™„λ£
2025-09-09 13:59:57 - INFO - app -   β–¶ train 20250503 λ°μ μ™„λ£
2025-09-09 14:00:48 - INFO - app -   β–¶ train 20250504 λ°μ μ™„λ£
2025-09-09 14:01:35 - INFO - app -   β–¶ train 20250505 λ°μ μ™„λ£
2025-09-09 14:02:22 - INFO - app -   β–¶ train 20250506 λ°μ μ™„λ£
2025-09-09 14:03:13 - INFO - app -   β–¶ train 20250507 λ°μ μ™„λ£
2025-09-09 14:03:59 - INFO - app -   β–¶ train 20250508 λ°μ μ™„λ£
2025-09-09 14:04:36 - INFO - app -   β–¶ train 20250509 λ°μ μ™„λ£
2025-09-09 14:04:38 - INFO - app - β… train μ„ΈνΈ μ™„λ£
2025-09-09 14:04:38 - INFO - app - π”Ή val μ„ΈνΈ μ²λ¦¬: 2995 ts
2025-09-09 14:05:23 - INFO - app -   β–¶ val 20250502 λ°μ μ™„λ£
2025-09-09 14:06:03 - INFO - app -   β–¶ val 20250503 λ°μ μ™„λ£
2025-09-09 14:06:47 - INFO - app -   β–¶ val 20250504 λ°μ μ™„λ£
2025-09-09 14:07:27 - INFO - app -   β–¶ val 20250505 λ°μ μ™„λ£
2025-09-09 14:08:05 - INFO - app -   β–¶ val 20250506 λ°μ μ™„λ£
2025-09-09 14:08:47 - INFO - app -   β–¶ val 20250507 λ°μ μ™„λ£
2025-09-09 14:09:33 - INFO - app -   β–¶ val 20250508 λ°μ μ™„λ£
2025-09-09 14:10:22 - INFO - app -   β–¶ val 20250509 λ°μ μ™„λ£
2025-09-09 14:11:18 - INFO - app -   β–¶ val 20250510 λ°μ μ™„λ£
2025-09-09 14:12:11 - INFO - app -   β–¶ val 20250511 λ°μ μ™„λ£
2025-09-09 14:13:06 - INFO - app -   β–¶ val 20250512 λ°μ μ™„λ£
2025-09-09 14:13:54 - INFO - app -   β–¶ val 20250513 λ°μ μ™„λ£
2025-09-09 14:14:47 - INFO - app -   β–¶ val 20250514 λ°μ μ™„λ£
2025-09-09 14:15:38 - INFO - app -   β–¶ val 20250515 λ°μ μ™„λ£
2025-09-09 14:16:26 - INFO - app -   β–¶ val 20250516 λ°μ μ™„λ£
2025-09-09 14:17:17 - INFO - app -   β–¶ val 20250517 λ°μ μ™„λ£
2025-09-09 14:18:04 - INFO - app -   β–¶ val 20250518 λ°μ μ™„λ£
2025-09-09 14:18:49 - INFO - app -   β–¶ val 20250519 λ°μ μ™„λ£
2025-09-09 14:18:52 - INFO - app - β… val μ„ΈνΈ μ™„λ£
2025-09-09 14:18:52 - INFO - app - π”Ή test μ„ΈνΈ μ²λ¦¬: 2996 ts
2025-09-09 14:19:34 - INFO - app -   β–¶ test 20250512 λ°μ μ™„λ£
2025-09-09 14:20:13 - INFO - app -   β–¶ test 20250513 λ°μ μ™„λ£
2025-09-09 14:20:58 - INFO - app -   β–¶ test 20250514 λ°μ μ™„λ£
2025-09-09 14:21:40 - INFO - app -   β–¶ test 20250515 λ°μ μ™„λ£
2025-09-09 14:22:21 - INFO - app -   β–¶ test 20250516 λ°μ μ™„λ£
2025-09-09 14:23:03 - INFO - app -   β–¶ test 20250517 λ°μ μ™„λ£
2025-09-09 14:23:45 - INFO - app -   β–¶ test 20250518 λ°μ μ™„λ£
2025-09-09 14:24:38 - INFO - app -   β–¶ test 20250519 λ°μ μ™„λ£
2025-09-09 14:25:34 - INFO - app -   β–¶ test 20250520 λ°μ μ™„λ£
2025-09-09 14:26:27 - INFO - app -   β–¶ test 20250521 λ°μ μ™„λ£
2025-09-09 14:27:22 - INFO - app -   β–¶ test 20250522 λ°μ μ™„λ£
2025-09-09 14:28:14 - INFO - app -   β–¶ test 20250523 λ°μ μ™„λ£
2025-09-09 14:29:02 - INFO - app -   β–¶ test 20250524 λ°μ μ™„λ£
2025-09-09 14:29:54 - INFO - app -   β–¶ test 20250525 λ°μ μ™„λ£
2025-09-09 14:30:46 - INFO - app -   β–¶ test 20250526 λ°μ μ™„λ£
2025-09-09 14:31:31 - INFO - app -   β–¶ test 20250527 λ°μ μ™„λ£
2025-09-09 14:32:16 - INFO - app -   β–¶ test 20250528 λ°μ μ™„λ£
2025-09-09 14:32:53 - INFO - app -   β–¶ test 20250529 λ°μ μ™„λ£
2025-09-09 14:33:29 - INFO - app -   β–¶ test 20250530 λ°μ μ™„λ£
2025-09-09 14:33:31 - INFO - app - β… test μ„ΈνΈ μ™„λ£
2025-09-09 14:33:31 - INFO - app - π‰ pivot κΈ°λ° tensor μƒμ„± μ™„λ£
2025-09-09 14:33:31 - INFO - app - β… Raw λ°μ΄ν„°μ—μ„ train/val/test ν΄λ¬μ¤ν„° ν…μ„ μƒμ„± μ™„λ£: Model/v1μ— μ €μ¥λ¨
2025-09-09 14:33:31 - INFO - app - β… map ν•μ„± skip
2025-09-09 15:52:00 - INFO - app - Model/v1/0/valid_link_id.npy
2025-09-09 15:52:03 - INFO - app - [get_device] GPUSet from config = RTX
2025-09-09 15:52:07 - INFO - app - [get_device] β†’ using GPU, device=cuda:0, ddpSet=False
2025-09-09 15:52:07 - INFO - app - β–¶οΈ ν΄λ¬μ¤ν„° 0 μ²λ¦¬ μ¤‘... λ§ν¬ μ: 864
