2025-07-30 11:34:01 - INFO - app - 📆 date_range 모드: 총 77일 간 데이터 조회 예정 → [datetime.datetime(2025, 3, 11, 0, 0), datetime.datetime(2025, 3, 12, 0, 0), datetime.datetime(2025, 3, 13, 0, 0), datetime.datetime(2025, 3, 14, 0, 0), datetime.datetime(2025, 3, 15, 0, 0), datetime.datetime(2025, 3, 16, 0, 0), datetime.datetime(2025, 3, 17, 0, 0), datetime.datetime(2025, 3, 18, 0, 0), datetime.datetime(2025, 3, 19, 0, 0), datetime.datetime(2025, 3, 20, 0, 0), datetime.datetime(2025, 3, 21, 0, 0), datetime.datetime(2025, 3, 22, 0, 0), datetime.datetime(2025, 3, 23, 0, 0), datetime.datetime(2025, 3, 24, 0, 0), datetime.datetime(2025, 3, 25, 0, 0), datetime.datetime(2025, 3, 26, 0, 0), datetime.datetime(2025, 3, 27, 0, 0), datetime.datetime(2025, 3, 28, 0, 0), datetime.datetime(2025, 3, 29, 0, 0), datetime.datetime(2025, 3, 30, 0, 0), datetime.datetime(2025, 3, 31, 0, 0), datetime.datetime(2025, 4, 1, 0, 0), datetime.datetime(2025, 4, 2, 0, 0), datetime.datetime(2025, 4, 3, 0, 0), datetime.datetime(2025, 4, 4, 0, 0), datetime.datetime(2025, 4, 5, 0, 0), datetime.datetime(2025, 4, 6, 0, 0), datetime.datetime(2025, 4, 7, 0, 0), datetime.datetime(2025, 4, 8, 0, 0), datetime.datetime(2025, 4, 9, 0, 0), datetime.datetime(2025, 4, 10, 0, 0), datetime.datetime(2025, 4, 11, 0, 0), datetime.datetime(2025, 4, 12, 0, 0), datetime.datetime(2025, 4, 13, 0, 0), datetime.datetime(2025, 4, 14, 0, 0), datetime.datetime(2025, 4, 15, 0, 0), datetime.datetime(2025, 4, 16, 0, 0), datetime.datetime(2025, 4, 17, 0, 0), datetime.datetime(2025, 4, 18, 0, 0), datetime.datetime(2025, 4, 19, 0, 0), datetime.datetime(2025, 4, 20, 0, 0), datetime.datetime(2025, 4, 21, 0, 0), datetime.datetime(2025, 4, 22, 0, 0), datetime.datetime(2025, 4, 23, 0, 0), datetime.datetime(2025, 4, 24, 0, 0), datetime.datetime(2025, 4, 25, 0, 0), datetime.datetime(2025, 4, 26, 0, 0), datetime.datetime(2025, 4, 27, 0, 0), datetime.datetime(2025, 4, 28, 0, 0), datetime.datetime(2025, 4, 29, 0, 0), datetime.datetime(2025, 4, 30, 0, 0), datetime.datetime(2025, 5, 1, 0, 0), datetime.datetime(2025, 5, 2, 0, 0), datetime.datetime(2025, 5, 3, 0, 0), datetime.datetime(2025, 5, 4, 0, 0), datetime.datetime(2025, 5, 5, 0, 0), datetime.datetime(2025, 5, 6, 0, 0), datetime.datetime(2025, 5, 7, 0, 0), datetime.datetime(2025, 5, 8, 0, 0), datetime.datetime(2025, 5, 9, 0, 0), datetime.datetime(2025, 5, 10, 0, 0), datetime.datetime(2025, 5, 11, 0, 0), datetime.datetime(2025, 5, 12, 0, 0), datetime.datetime(2025, 5, 13, 0, 0), datetime.datetime(2025, 5, 14, 0, 0), datetime.datetime(2025, 5, 15, 0, 0), datetime.datetime(2025, 5, 16, 0, 0), datetime.datetime(2025, 5, 17, 0, 0), datetime.datetime(2025, 5, 18, 0, 0), datetime.datetime(2025, 5, 19, 0, 0), datetime.datetime(2025, 5, 20, 0, 0), datetime.datetime(2025, 5, 21, 0, 0), datetime.datetime(2025, 5, 22, 0, 0), datetime.datetime(2025, 5, 23, 0, 0), datetime.datetime(2025, 5, 24, 0, 0), datetime.datetime(2025, 5, 25, 0, 0), datetime.datetime(2025, 5, 26, 0, 0)]
2025-07-30 11:34:01 - INFO - app - ✅ Data load skip: 총 77개 파일 저장됨
2025-07-30 11:34:01 - INFO - app - ✅ 데이터 전처리(x) skip: Model/v3에 저장됨
2025-07-30 11:34:01 - INFO - app - ✅ 데이터 전처리(y) skip: Model/v3에 저장됨
2025-07-30 11:35:30 - INFO - app - Step 000 → RMSE=7.369, MAE=4.059, MAPE=0.1360, R2=0.865
2025-07-30 11:37:00 - INFO - app - Step 001 → RMSE=7.469, MAE=4.093, MAPE=0.1355, R2=0.861
2025-07-30 11:38:31 - INFO - app - Step 002 → RMSE=7.344, MAE=3.802, MAPE=0.1242, R2=0.866
2025-07-30 11:40:02 - INFO - app - Step 003 → RMSE=6.977, MAE=3.599, MAPE=0.1152, R2=0.879
2025-07-30 11:41:34 - INFO - app - Step 004 → RMSE=6.973, MAE=3.599, MAPE=0.1165, R2=0.880
2025-07-30 11:43:05 - INFO - app - Step 005 → RMSE=7.349, MAE=3.802, MAPE=0.1237, R2=0.866
2025-07-30 11:44:36 - INFO - app - Step 006 → RMSE=6.919, MAE=3.478, MAPE=0.1118, R2=0.882
2025-07-30 11:46:07 - INFO - app - Step 007 → RMSE=7.295, MAE=4.053, MAPE=0.1365, R2=0.869
2025-07-30 11:47:37 - INFO - app - Step 008 → RMSE=7.215, MAE=3.744, MAPE=0.1470, R2=0.873
2025-07-30 11:49:09 - INFO - app - Step 009 → RMSE=3.873, MAE=2.402, MAPE=0.0894, R2=0.963
2025-07-30 11:50:43 - INFO - app - Step 010 → RMSE=3.564, MAE=2.063, MAPE=0.0748, R2=0.969
2025-07-30 11:52:17 - INFO - app - Step 011 → RMSE=7.273, MAE=3.613, MAPE=0.1157, R2=0.870
2025-07-30 11:53:47 - INFO - app - Step 012 → RMSE=3.973, MAE=2.379, MAPE=0.0891, R2=0.962
2025-07-30 11:55:17 - INFO - app - Step 013 → RMSE=5.458, MAE=3.070, MAPE=0.1185, R2=0.927
2025-07-30 11:56:47 - INFO - app - Step 014 → RMSE=4.418, MAE=2.636, MAPE=0.0990, R2=0.953
2025-07-30 11:58:18 - INFO - app - Step 015 → RMSE=7.736, MAE=4.310, MAPE=0.1723, R2=0.854
2025-07-30 11:59:49 - INFO - app - Step 016 → RMSE=3.830, MAE=2.495, MAPE=0.0942, R2=0.964
2025-07-30 12:01:21 - INFO - app - Step 017 → RMSE=6.456, MAE=3.385, MAPE=0.1105, R2=0.898
2025-07-30 12:02:56 - INFO - app - Step 018 → RMSE=3.807, MAE=2.426, MAPE=0.0936, R2=0.965
2025-07-30 12:04:29 - INFO - app - Step 019 → RMSE=4.196, MAE=2.724, MAPE=0.1063, R2=0.957
2025-07-30 12:06:02 - INFO - app - Step 020 → RMSE=4.374, MAE=2.803, MAPE=0.1116, R2=0.953
2025-07-30 12:07:33 - INFO - app - Step 021 → RMSE=3.462, MAE=2.130, MAPE=0.0799, R2=0.971
2025-07-30 12:09:04 - INFO - app - Step 022 → RMSE=3.441, MAE=2.149, MAPE=0.0822, R2=0.971
2025-07-30 12:10:35 - INFO - app - Step 023 → RMSE=4.253, MAE=2.442, MAPE=0.0928, R2=0.956
2025-07-30 12:12:05 - INFO - app - Step 024 → RMSE=3.783, MAE=2.582, MAPE=0.1005, R2=0.965
2025-07-30 12:13:35 - INFO - app - Step 025 → RMSE=5.822, MAE=3.318, MAPE=0.1118, R2=0.916
2025-07-30 12:15:09 - INFO - app - Step 026 → RMSE=3.997, MAE=2.655, MAPE=0.1034, R2=0.961
2025-07-30 12:16:44 - INFO - app - Step 027 → RMSE=3.582, MAE=2.405, MAPE=0.0917, R2=0.968
2025-07-30 12:18:17 - INFO - app - Step 028 → RMSE=4.106, MAE=2.904, MAPE=0.1139, R2=0.959
2025-07-30 12:19:52 - INFO - app - Step 029 → RMSE=3.536, MAE=2.255, MAPE=0.0851, R2=0.969
2025-07-30 12:21:27 - INFO - app - Step 030 → RMSE=3.581, MAE=2.304, MAPE=0.0874, R2=0.968
2025-07-30 12:23:01 - INFO - app - Step 031 → RMSE=3.742, MAE=2.582, MAPE=0.0986, R2=0.965
2025-07-30 12:24:35 - INFO - app - Step 032 → RMSE=5.019, MAE=3.610, MAPE=0.1421, R2=0.938
2025-07-30 12:26:04 - INFO - app - Step 033 → RMSE=3.596, MAE=2.420, MAPE=0.0913, R2=0.968
2025-07-30 12:27:35 - INFO - app - Step 034 → RMSE=4.396, MAE=3.040, MAPE=0.1184, R2=0.952
2025-07-30 12:29:05 - INFO - app - Step 035 → RMSE=4.133, MAE=2.880, MAPE=0.1113, R2=0.958
2025-07-30 12:30:37 - INFO - app - Step 036 → RMSE=3.865, MAE=2.681, MAPE=0.1022, R2=0.963
2025-07-30 12:32:05 - INFO - app - Step 037 → RMSE=4.022, MAE=2.844, MAPE=0.1093, R2=0.960
2025-07-30 12:33:36 - INFO - app - Step 038 → RMSE=4.147, MAE=2.860, MAPE=0.1108, R2=0.957
2025-07-30 12:35:07 - INFO - app - Step 039 → RMSE=3.947, MAE=2.732, MAPE=0.1045, R2=0.961
2025-07-30 12:36:37 - INFO - app - Step 040 → RMSE=4.604, MAE=3.266, MAPE=0.1269, R2=0.947
2025-07-30 12:38:08 - INFO - app - Step 041 → RMSE=3.671, MAE=2.377, MAPE=0.0890, R2=0.967
2025-07-30 12:39:39 - INFO - app - Step 042 → RMSE=4.227, MAE=2.808, MAPE=0.1075, R2=0.956
2025-07-30 12:41:09 - INFO - app - Step 043 → RMSE=3.996, MAE=2.780, MAPE=0.1058, R2=0.960
2025-07-30 12:42:40 - INFO - app - Step 044 → RMSE=4.420, MAE=3.116, MAPE=0.1206, R2=0.952
2025-07-30 12:44:10 - INFO - app - Step 045 → RMSE=3.565, MAE=2.374, MAPE=0.0880, R2=0.968
2025-07-30 12:45:39 - INFO - app - Step 046 → RMSE=3.254, MAE=1.980, MAPE=0.0714, R2=0.974
2025-07-30 12:47:10 - INFO - app - Step 047 → RMSE=3.968, MAE=2.635, MAPE=0.0994, R2=0.961
2025-07-30 12:48:41 - INFO - app - Step 048 → RMSE=3.258, MAE=1.969, MAPE=0.0709, R2=0.974
2025-07-30 12:50:11 - INFO - app - Step 049 → RMSE=3.310, MAE=2.020, MAPE=0.0729, R2=0.973
2025-07-30 12:51:41 - INFO - app - Step 050 → RMSE=3.690, MAE=2.465, MAPE=0.0905, R2=0.966
2025-07-30 12:53:12 - INFO - app - Step 051 → RMSE=4.392, MAE=2.890, MAPE=0.1090, R2=0.952
2025-07-30 12:54:44 - INFO - app - Step 052 → RMSE=4.424, MAE=2.925, MAPE=0.1101, R2=0.951
2025-07-30 12:56:13 - INFO - app - Step 053 → RMSE=4.419, MAE=2.913, MAPE=0.1091, R2=0.952
2025-07-30 12:57:44 - INFO - app - Step 054 → RMSE=4.202, MAE=2.807, MAPE=0.1043, R2=0.956
2025-07-30 12:59:15 - INFO - app - Step 055 → RMSE=5.109, MAE=3.280, MAPE=0.1239, R2=0.935
2025-07-30 13:00:47 - INFO - app - Step 056 → RMSE=4.778, MAE=3.072, MAPE=0.1156, R2=0.943
2025-07-30 13:02:16 - INFO - app - Step 057 → RMSE=3.885, MAE=2.579, MAPE=0.0946, R2=0.963
2025-07-30 13:03:48 - INFO - app - Step 058 → RMSE=4.108, MAE=2.703, MAPE=0.0998, R2=0.958
2025-07-30 13:05:20 - INFO - app - Step 059 → RMSE=4.020, MAE=2.679, MAPE=0.1003, R2=0.960
2025-07-30 13:06:52 - INFO - app - Step 060 → RMSE=3.961, MAE=2.555, MAPE=0.0951, R2=0.961
2025-07-30 13:08:24 - INFO - app - Step 061 → RMSE=3.795, MAE=2.425, MAPE=0.0893, R2=0.965
2025-07-30 13:09:57 - INFO - app - Step 062 → RMSE=4.258, MAE=2.860, MAPE=0.1093, R2=0.955
2025-07-30 13:11:32 - INFO - app - Step 063 → RMSE=5.806, MAE=3.624, MAPE=0.1254, R2=0.916
2025-07-30 13:13:06 - INFO - app - Step 064 → RMSE=4.725, MAE=3.024, MAPE=0.1171, R2=0.945
2025-07-30 13:14:38 - INFO - app - Step 065 → RMSE=7.271, MAE=4.109, MAPE=0.1386, R2=0.869
2025-07-30 13:16:14 - INFO - app - Step 066 → RMSE=4.857, MAE=2.982, MAPE=0.1158, R2=0.942
2025-07-30 13:17:49 - INFO - app - Step 067 → RMSE=3.979, MAE=2.537, MAPE=0.0952, R2=0.961
2025-07-30 13:19:23 - INFO - app - Step 068 → RMSE=6.399, MAE=3.531, MAPE=0.1186, R2=0.899
2025-07-30 13:20:55 - INFO - app - Step 069 → RMSE=3.807, MAE=2.403, MAPE=0.0901, R2=0.964
2025-07-30 13:22:27 - INFO - app - Step 070 → RMSE=3.804, MAE=2.407, MAPE=0.0907, R2=0.965
2025-07-30 13:24:00 - INFO - app - Step 071 → RMSE=3.941, MAE=2.488, MAPE=0.0942, R2=0.962
2025-07-30 13:25:32 - INFO - app - Step 072 → RMSE=6.033, MAE=3.010, MAPE=0.0975, R2=0.910
2025-07-30 13:27:05 - INFO - app - Step 073 → RMSE=6.317, MAE=3.063, MAPE=0.0979, R2=0.902
2025-07-30 13:28:38 - INFO - app - Step 074 → RMSE=6.009, MAE=3.288, MAPE=0.1119, R2=0.911
2025-07-30 13:30:12 - INFO - app - Step 075 → RMSE=6.010, MAE=3.271, MAPE=0.1106, R2=0.911
2025-07-30 13:31:46 - INFO - app - Step 076 → RMSE=6.325, MAE=3.693, MAPE=0.1302, R2=0.902
2025-07-30 13:33:19 - INFO - app - Step 077 → RMSE=4.559, MAE=2.651, MAPE=0.1008, R2=0.949
2025-07-30 13:34:54 - INFO - app - Step 078 → RMSE=6.470, MAE=3.286, MAPE=0.1101, R2=0.897
2025-07-30 13:36:27 - INFO - app - Step 079 → RMSE=5.916, MAE=3.003, MAPE=0.0992, R2=0.914
2025-07-30 13:37:59 - INFO - app - Step 080 → RMSE=8.891, MAE=4.650, MAPE=0.1401, R2=0.803
2025-07-30 13:39:29 - INFO - app - Step 081 → RMSE=8.891, MAE=4.333, MAPE=0.1249, R2=0.802
2025-07-30 13:41:01 - INFO - app - Step 082 → RMSE=8.919, MAE=4.470, MAPE=0.1299, R2=0.801
2025-07-30 13:42:30 - INFO - app - Step 083 → RMSE=8.619, MAE=4.361, MAPE=0.1272, R2=0.814
2025-07-30 13:43:58 - INFO - app - Step 084 → RMSE=8.806, MAE=4.286, MAPE=0.1236, R2=0.805
2025-07-30 13:45:26 - INFO - app - Step 085 → RMSE=8.848, MAE=4.472, MAPE=0.1304, R2=0.803
2025-07-30 13:46:54 - INFO - app - Step 086 → RMSE=8.811, MAE=4.486, MAPE=0.1314, R2=0.805
2025-07-30 13:48:22 - INFO - app - Step 087 → RMSE=10.796, MAE=5.802, MAPE=0.1866, R2=0.706
2025-07-30 13:49:51 - INFO - app - Step 088 → RMSE=8.840, MAE=4.558, MAPE=0.1341, R2=0.803
2025-07-30 13:51:20 - INFO - app - Step 089 → RMSE=8.814, MAE=4.469, MAPE=0.1299, R2=0.804
2025-07-30 13:52:52 - INFO - app - Step 090 → RMSE=8.805, MAE=4.480, MAPE=0.1304, R2=0.804
2025-07-30 13:54:23 - INFO - app - Step 091 → RMSE=8.763, MAE=4.583, MAPE=0.1362, R2=0.806
2025-07-30 13:55:55 - INFO - app - Step 092 → RMSE=8.748, MAE=4.466, MAPE=0.1309, R2=0.807
2025-07-30 13:57:24 - INFO - app - Step 093 → RMSE=5.949, MAE=3.030, MAPE=0.0985, R2=0.912
2025-07-30 13:58:53 - INFO - app - Step 094 → RMSE=6.005, MAE=2.995, MAPE=0.0966, R2=0.910
2025-07-30 14:00:22 - INFO - app - Step 095 → RMSE=6.154, MAE=2.866, MAPE=0.0898, R2=0.905
2025-07-30 14:01:50 - INFO - app - Step 096 → RMSE=6.151, MAE=2.859, MAPE=0.0892, R2=0.905
2025-07-30 14:03:19 - INFO - app - Step 097 → RMSE=6.173, MAE=2.867, MAPE=0.0889, R2=0.905
2025-07-30 14:04:49 - INFO - app - Step 098 → RMSE=6.047, MAE=3.050, MAPE=0.0974, R2=0.908
2025-07-30 14:06:18 - INFO - app - Step 099 → RMSE=5.973, MAE=3.295, MAPE=0.1092, R2=0.911
2025-07-30 14:07:48 - INFO - app - Step 100 → RMSE=10.905, MAE=5.751, MAPE=0.1816, R2=0.699
2025-07-30 14:09:18 - INFO - app - Step 101 → RMSE=8.675, MAE=4.107, MAPE=0.1401, R2=0.812
2025-07-30 14:10:48 - INFO - app - Step 102 → RMSE=6.084, MAE=2.796, MAPE=0.0865, R2=0.907
2025-07-30 14:12:17 - INFO - app - Step 103 → RMSE=6.108, MAE=2.835, MAPE=0.0877, R2=0.907
2025-07-30 14:13:48 - INFO - app - Step 104 → RMSE=6.068, MAE=2.832, MAPE=0.0880, R2=0.908
2025-07-30 14:15:16 - INFO - app - Step 105 → RMSE=6.254, MAE=2.714, MAPE=0.0824, R2=0.902
2025-07-30 14:16:46 - INFO - app - Step 106 → RMSE=6.332, MAE=2.788, MAPE=0.0846, R2=0.900
2025-07-30 14:18:15 - INFO - app - Step 107 → RMSE=6.385, MAE=2.902, MAPE=0.0894, R2=0.898
2025-07-30 14:19:45 - INFO - app - Step 108 → RMSE=6.328, MAE=2.825, MAPE=0.0859, R2=0.900
2025-07-30 14:21:16 - INFO - app - Step 109 → RMSE=5.964, MAE=3.058, MAPE=0.0980, R2=0.911
2025-07-30 14:22:46 - INFO - app - Step 110 → RMSE=6.181, MAE=2.964, MAPE=0.0922, R2=0.904
2025-07-30 14:24:17 - INFO - app - Step 111 → RMSE=6.016, MAE=3.059, MAPE=0.0972, R2=0.909
2025-07-30 14:25:46 - INFO - app - Step 112 → RMSE=6.160, MAE=2.981, MAPE=0.0930, R2=0.905
